18.0156 	WARNING 	Font Manager failed to load file /System/Library/PrivateFrameworks/FontServices.framework/Resources/Reserved/PingFangUI.ttc
18.2286 	WARNING 	Font Manager failed to load file /System/Library/PrivateFrameworks/FontServices.framework/Resources/Reserved/PingFangUI.ttc
21.6897 	INFO 	Loaded monitor calibration from ['2025_06_12 14:42']
21.8265 	INFO 	Using renderer 'Apple M1 Pro' for graphics
21.8265 	INFO 	OpenGL version supported by driver is 2..
21.8602 	EXP 	Created window1 = Window(allowGUI=True, allowStencil=False, autoLog=True, backendConf=UNKNOWN, backgroundFit=<method-wrapper '__getattribute__' of attributeSetter object at 0x158e4dc00>, backgroundImage=<method-wrapper '__getattribute__' of attributeSetter object at 0x158e4dc60>, bitsMode=UNKNOWN, blendMode='avg', bpc=(8, 8, 8), color=array([0, 0, 0]), colorSpace='rgb', depthBits=8, fullscr=False, gamma=None, gammaErrorPolicy='raise', infoMsg=UNKNOWN, lms=UNKNOWN, monitor=<psychopy.monitors.calibTools.Monitor object at 0x158999060>, multiSample=False, name='window1', numSamples=2, pos=[np.float64(260.0), np.float64(224.5)], screen=0, size=array([2560, 1440]), stencilBits=0, stereo=False, title='PsychoPy', units='height', useFBO=True, useRetina=True, viewOri=0.0, viewPos=None, viewScale=None, waitBlanking=True, winType='pyglet')
21.8603 	EXP 	window1: backgroundImage = ''
21.8603 	EXP 	window1: backgroundFit = 'none'
22.4316 	INFO 	keyboard.Keyboard is using ptb backend.
22.6020 	INFO 	keyboard.Keyboard is using ptb backend.
22.6893 	INFO 	keyboard.Keyboard is using ptb backend.
22.6894 	EXP 	pilot_study: status = STARTED
22.7368 	EXP 	Created welcome_message = TextStim(__class__=<class 'psychopy.visual.text.TextStim'>, alignHoriz=method-wrapper(...), alignText='center', alignVert=method-wrapper(...), anchorHoriz='center', anchorVert='center', antialias=True, autoDraw=False, autoLog=True, bold=False, color=array([1., 1., 1.]), colorSpace='rgb', contrast=1.0, depth=0.0, draggable=False, flipHoriz=False, flipVert=False, font='Arial', fontFiles=[], height=np.float64(0.05), italic=False, languageStyle='LTR', name='welcome_message', opacity=1, ori=0.0, pos=array([0., 0.]), rgb=UNKNOWN, text=str(...), units='height', win=Window(...), wrapWidth=1)
22.7552 	EXP 	Created M_query = ImageStim(__class__=<class 'psychopy.visual.image.ImageStim'>, anchor=('center', 'center'), autoLog=True, color=array([1., 1., 1.]), colorSpace='rgb', contrast=1.0, depth=0.0, draggable=False, flipHoriz=np.False_, flipVert=np.False_, image='default.png', interpolate=True, mask=None, maskParams=None, name='M_query', opacity=1, ori=0.0, pos=array([0. , 0.3]), size=array([1., 1.]), texRes=128.0, units='height', win=Window(...))
22.7584 	EXP 	Created M_top_left = ImageStim(__class__=<class 'psychopy.visual.image.ImageStim'>, anchor=('center', 'center'), autoLog=True, color=array([1., 1., 1.]), colorSpace='rgb', contrast=1.0, depth=-1.0, draggable=False, flipHoriz=np.False_, flipVert=np.False_, image='default.png', interpolate=True, mask=None, maskParams=None, name='M_top_left', opacity=1, ori=0.0, pos=array([0., 0.]), size=array([1., 1.]), texRes=128.0, units='height', win=Window(...))
22.7615 	EXP 	Created M_top_mid = ImageStim(__class__=<class 'psychopy.visual.image.ImageStim'>, anchor=('center', 'center'), autoLog=True, color=array([1., 1., 1.]), colorSpace='rgb', contrast=1.0, depth=-2.0, draggable=False, flipHoriz=np.False_, flipVert=np.False_, image='default.png', interpolate=True, mask=None, maskParams=None, name='M_top_mid', opacity=1, ori=0.0, pos=array([0., 0.]), size=array([1., 1.]), texRes=128.0, units='height', win=Window(...))
22.7645 	EXP 	Created M_top_right = ImageStim(__class__=<class 'psychopy.visual.image.ImageStim'>, anchor=('center', 'center'), autoLog=True, color=array([1., 1., 1.]), colorSpace='rgb', contrast=1.0, depth=-3.0, draggable=True, flipHoriz=np.False_, flipVert=np.False_, image='default.png', interpolate=True, mask=None, maskParams=None, name='M_top_right', opacity=1, ori=0.0, pos=array([0., 0.]), size=array([1., 1.]), texRes=128.0, units='height', win=Window(...))
22.7675 	EXP 	Created M_bot_left = ImageStim(__class__=<class 'psychopy.visual.image.ImageStim'>, anchor=('center', 'center'), autoLog=True, color=array([1., 1., 1.]), colorSpace='rgb', contrast=1.0, depth=-4.0, draggable=False, flipHoriz=np.False_, flipVert=np.False_, image='default.png', interpolate=True, mask=None, maskParams=None, name='M_bot_left', opacity=1, ori=0.0, pos=array([-0.55, -0.35]), size=array([1., 1.]), texRes=128.0, units='height', win=Window(...))
22.7705 	EXP 	Created M_bot_mid = ImageStim(__class__=<class 'psychopy.visual.image.ImageStim'>, anchor=('center', 'center'), autoLog=True, color=array([1., 1., 1.]), colorSpace='rgb', contrast=1.0, depth=-5.0, draggable=False, flipHoriz=np.False_, flipVert=np.False_, image='default.png', interpolate=True, mask=None, maskParams=None, name='M_bot_mid', opacity=1, ori=0.0, pos=array([ 0.  , -0.35]), size=array([1., 1.]), texRes=128.0, units='height', win=Window(...))
22.7735 	EXP 	Created M_bot_right = ImageStim(__class__=<class 'psychopy.visual.image.ImageStim'>, anchor=('center', 'center'), autoLog=True, color=array([1., 1., 1.]), colorSpace='rgb', contrast=1.0, depth=-6.0, draggable=False, flipHoriz=np.False_, flipVert=np.False_, image='default.png', interpolate=True, mask=None, maskParams=None, name='M_bot_right', opacity=1, ori=0.0, pos=array([ 0.55, -0.35]), size=array([1., 1.]), texRes=128.0, units='height', win=Window(...))
22.7778 	EXP 	Created end_message = TextStim(__class__=<class 'psychopy.visual.text.TextStim'>, alignHoriz=method-wrapper(...), alignText='center', alignVert=method-wrapper(...), anchorHoriz='center', anchorVert='center', antialias=True, autoDraw=False, autoLog=True, bold=False, color=array([1., 1., 1.]), colorSpace='rgb', contrast=1.0, depth=0.0, draggable=False, flipHoriz=False, flipVert=False, font='Arial', fontFiles=[], height=np.float64(0.05), italic=False, languageStyle='LTR', name='end_message', opacity=1, ori=0.0, pos=array([0., 0.]), rgb=UNKNOWN, text=str(...), units='height', win=Window(...), wrapWidth=1)
0.0577 	EXP 	welcome_message: autoDraw = True
0.6262 	DATA 	Mouse: Left button down, pos=(631,457)
0.7424 	DATA 	Mouse:  Left button up, pos=(631,457)
1.1248 	EXP 	Device response: <KeyPress from None: t=0.9399334580011782, value=space, duration=None>
1.1251 	EXP 	Device response: <KeyPress from None: t=0.9399334580011782, value=space, duration=0.11611404200084507>
1.1321 	EXP 	Imported resources/midLoop.csv as conditions, 5 conditions, 41 params
1.1324 	EXP 	New trial (rep=0, index=0): <Trial 0 (0 in rep 0) data={'img_query': 'resources/images/medium/med_Q2.jpg', 'img_query_w': np.int64(1024), 'img_query_h': np.int64(768), 'img_query_disp_w': np.float64(0.25), 'img_query_disp_h': np.float64(0.1875), 'sam_1': 'resources/images/medium/med_S1_2.jpg', 'sam_1_w': np.int64(4032), 'sam_1_h': np.int64(3024), 'sam_1_disp_w': np.float64(0.25), 'sam_1_disp_h': np.float64(0.1875), 'sam_2': 'resources/images/medium/med_S2_2.jpg', 'sam_2_w': np.int64(250), 'sam_2_h': np.int64(233), 'sam_2_disp_w': np.float64(0.25), 'sam_2_disp_h': np.float64(0.233), 'sam_3': 'resources/images/medium/med_S3_2.jpg', 'sam_3_w': np.int64(1024), 'sam_3_h': np.int64(768), 'sam_3_disp_w': np.float64(0.25), 'sam_3_disp_h': np.float64(0.1875), 'sam_4': 'resources/images/medium/med_S4_2.jpg', 'sam_4_w': np.int64(350), 'sam_4_h': np.int64(233), 'sam_4_disp_w': np.float64(0.25), 'sam_4_disp_h': np.float64(0.166428571), 'sam_5': 'resources/images/medium/med_S5_2.jpg', 'sam_5_w': np.int64(350), 'sam_5_h': np.int64(233), 'sam_5_disp_w': np.float64(0.25), 'sam_5_disp_h': np.float64(0.166428571), 'img_targ': 'resources/images/medium/med_T2.jpg', 'targ_w': np.int64(4032), 'targ_h': np.int64(2268), 'targ_disp_w': np.float64(0.25), 'targ_disp_h': np.float64(0.140625), 'top_left_x': np.float64(-0.55), 'top_left_y': np.int64(0), 'top_mid_x': np.int64(0), 'top_mid_y': np.int64(0), 'top_right_x': np.float64(0.55), 'top_right_y': np.int64(0), 'thisN': 0, 'thisTrialN': 0, 'thisRepN': 0}>
1.4599 	DATA 	Keypress: space
1.4650 	INFO 	Keyboard events cleared
1.4649 	EXP 	welcome_message: autoDraw = False
1.4649 	EXP 	M_query: image = 'resources/images/medium/med_Q2.jpg'
1.4649 	EXP 	M_top_left: image = 'resources/images/medium/med_S1_2.jpg'
1.4649 	EXP 	M_top_mid: image = 'resources/images/medium/med_S2_2.jpg'
1.4649 	EXP 	M_top_right: image = 'resources/images/medium/med_S3_2.jpg'
1.4649 	EXP 	M_bot_left: image = 'resources/images/medium/med_S4_2.jpg'
1.4649 	EXP 	M_bot_mid: image = 'resources/images/medium/med_S5_2.jpg'
1.4649 	EXP 	M_bot_right: image = 'resources/images/medium/med_T2.jpg'
1.4649 	EXP 	M_query: autoDraw = True
1.4649 	EXP 	M_top_left: autoDraw = True
1.4649 	EXP 	M_top_mid: autoDraw = True
1.4649 	EXP 	M_top_right: autoDraw = True
1.4649 	EXP 	M_bot_left: autoDraw = True
1.4649 	EXP 	M_bot_mid: autoDraw = True
1.4649 	EXP 	M_bot_right: autoDraw = True
2.6528 	DATA 	Mouse: Left button down, pos=(642,377)
2.6571 	DATA 	Mouse:  Left button up, pos=(642,377)
3.7049 	DATA 	Mouse: Left button down, pos=(183,627)
3.7964 	DATA 	Mouse:  Left button up, pos=(183,627)
4.1576 	EXP 	Device response: <KeyPress from None: t=4.152907374998904, value=escape, duration=None>
4.1941 	DATA 	Keypress: escape
4.2285 	EXP 	Device response: <KeyPress from None: t=4.152907374998904, value=escape, duration=0.06787925000389805>
4.2285 	EXP 	pilot_study: status = STOPPED
4.2362 	EXP 	M_query: autoDraw = False
4.2362 	EXP 	M_top_left: autoDraw = False
4.2362 	EXP 	M_top_mid: autoDraw = False
4.2362 	EXP 	M_top_right: autoDraw = False
4.2362 	EXP 	M_bot_left: autoDraw = False
4.2362 	EXP 	M_bot_mid: autoDraw = False
4.2362 	EXP 	M_bot_right: autoDraw = False
4.2363 	EXP 	pilot_study: status = STOPPED
4.2379 	INFO 	saved data to '/Users/marcogiven/Desktop/projects/S25_SURE/colorStudyPilot/data/_pilot_study_2025-06-26_16h23.53.596.csv'
4.2388 	INFO 	saved data to /Users/marcogiven/Desktop/projects/S25_SURE/colorStudyPilot/data/_pilot_study_2025-06-26_16h23.53.596.psydat
4.3612 	WARNING 	Stopping key buffers but this could be dangerous ifother keyboards rely on the same.
4.3612 	WARNING 	Stopping key buffers but this could be dangerous ifother keyboards rely on the same.
4.3612 	WARNING 	Stopping key buffers but this could be dangerous ifother keyboards rely on the same.
