17.4265 	WARNING 	Font Manager failed to load file /System/Library/PrivateFrameworks/FontServices.framework/Resources/Reserved/PingFangUI.ttc
17.6655 	WARNING 	Font Manager failed to load file /System/Library/PrivateFrameworks/FontServices.framework/Resources/Reserved/PingFangUI.ttc
19.9771 	INFO 	Loaded monitor calibration from ['2025_06_12 14:42']
20.1135 	INFO 	Using renderer 'Apple M1 Pro' for graphics
20.1136 	INFO 	OpenGL version supported by driver is 2..
20.1469 	EXP 	Created window1 = Window(allowGUI=True, allowStencil=False, autoLog=True, backendConf=UNKNOWN, backgroundFit=<method-wrapper '__getattribute__' of attributeSetter object at 0x15a996770>, backgroundImage=<method-wrapper '__getattribute__' of attributeSetter object at 0x15a996710>, bitsMode=UNKNOWN, blendMode='avg', bpc=(8, 8, 8), color=array([0, 0, 0]), colorSpace='rgb', depthBits=8, fullscr=False, gamma=None, gammaErrorPolicy='raise', infoMsg=UNKNOWN, lms=UNKNOWN, monitor=<psychopy.monitors.calibTools.Monitor object at 0x15aa06ce0>, multiSample=False, name='window1', numSamples=2, pos=[np.float64(260.0), np.float64(224.5)], screen=0, size=array([2560, 1440]), stencilBits=0, stereo=False, title='PsychoPy', units='height', useFBO=True, useRetina=True, viewOri=0.0, viewPos=None, viewScale=None, waitBlanking=True, winType='pyglet')
20.1469 	EXP 	window1: backgroundImage = ''
20.1470 	EXP 	window1: backgroundFit = 'none'
20.8972 	INFO 	keyboard.Keyboard is using ptb backend.
21.0668 	INFO 	keyboard.Keyboard is using ptb backend.
21.0668 	EXP 	pilot_study: status = STARTED
21.1140 	EXP 	Created welcome_message = TextStim(__class__=<class 'psychopy.visual.text.TextStim'>, alignHoriz=method-wrapper(...), alignText='center', alignVert=method-wrapper(...), anchorHoriz='center', anchorVert='center', antialias=True, autoDraw=False, autoLog=True, bold=False, color=array([1., 1., 1.]), colorSpace='rgb', contrast=1.0, depth=0.0, draggable=False, flipHoriz=False, flipVert=False, font='Arial', fontFiles=[], height=np.float64(0.05), italic=False, languageStyle='LTR', name='welcome_message', opacity=1, ori=0.0, pos=array([0., 0.]), rgb=UNKNOWN, text=str(...), units='height', win=Window(...), wrapWidth=1)
21.1332 	EXP 	Created M_query = ImageStim(__class__=<class 'psychopy.visual.image.ImageStim'>, anchor=('center', 'center'), autoLog=True, color=array([1., 1., 1.]), colorSpace='rgb', contrast=1.0, depth=0.0, draggable=False, flipHoriz=np.False_, flipVert=np.False_, image='default.png', interpolate=True, mask=None, maskParams=None, name='M_query', opacity=1, ori=0.0, pos=array([0. , 0.3]), size=array([0.4, 0.3]), texRes=128.0, units='height', win=Window(...))
21.1365 	EXP 	Created M_top_left = ImageStim(__class__=<class 'psychopy.visual.image.ImageStim'>, anchor=('center', 'center'), autoLog=True, color=array([1., 1., 1.]), colorSpace='rgb', contrast=1.0, depth=-1.0, draggable=False, flipHoriz=np.False_, flipVert=np.False_, image='default.png', interpolate=True, mask=None, maskParams=None, name='M_top_left', opacity=1, ori=0.0, pos=array([-0.25,  0.1 ]), size=array([0.3, 0.4]), texRes=128.0, units='height', win=Window(...))
21.1397 	EXP 	Created M_top_mid = ImageStim(__class__=<class 'psychopy.visual.image.ImageStim'>, anchor=('center', 'center'), autoLog=True, color=array([1., 1., 1.]), colorSpace='rgb', contrast=1.0, depth=-2.0, draggable=False, flipHoriz=np.False_, flipVert=np.False_, image='default.png', interpolate=True, mask=None, maskParams=None, name='M_top_mid', opacity=1, ori=0.0, pos=array([0. , 0.1]), size=array([0.4, 0.3]), texRes=128.0, units='height', win=Window(...))
21.1428 	EXP 	Created M_top_right = ImageStim(__class__=<class 'psychopy.visual.image.ImageStim'>, anchor=('center', 'center'), autoLog=True, color=array([1., 1., 1.]), colorSpace='rgb', contrast=1.0, depth=-3.0, draggable=False, flipHoriz=np.False_, flipVert=np.False_, image='default.png', interpolate=True, mask=None, maskParams=None, name='M_top_right', opacity=1, ori=0.0, pos=array([0.25, 0.1 ]), size=array([0.4  , 0.225]), texRes=128.0, units='height', win=Window(...))
21.1458 	EXP 	Created M_bot_left = ImageStim(__class__=<class 'psychopy.visual.image.ImageStim'>, anchor=('center', 'center'), autoLog=True, color=array([1., 1., 1.]), colorSpace='rgb', contrast=1.0, depth=-4.0, draggable=False, flipHoriz=np.False_, flipVert=np.False_, image='default.png', interpolate=True, mask=None, maskParams=None, name='M_bot_left', opacity=1, ori=0.0, pos=array([-0.25, -0.25]), size=array([0.4, 0.3]), texRes=128.0, units='height', win=Window(...))
21.1489 	EXP 	Created M_bot_mid = ImageStim(__class__=<class 'psychopy.visual.image.ImageStim'>, anchor=('center', 'center'), autoLog=True, color=array([1., 1., 1.]), colorSpace='rgb', contrast=1.0, depth=-5.0, draggable=False, flipHoriz=np.False_, flipVert=np.False_, image='default.png', interpolate=True, mask=None, maskParams=None, name='M_bot_mid', opacity=1, ori=0.0, pos=array([ 0.  , -0.25]), size=array([0.4, 0.3]), texRes=128.0, units='height', win=Window(...))
21.1520 	EXP 	Created M_bot_right = ImageStim(__class__=<class 'psychopy.visual.image.ImageStim'>, anchor=('center', 'center'), autoLog=True, color=array([1., 1., 1.]), colorSpace='rgb', contrast=1.0, depth=-6.0, draggable=False, flipHoriz=np.False_, flipVert=np.False_, image='default.png', interpolate=True, mask=None, maskParams=None, name='M_bot_right', opacity=1, ori=0.0, pos=array([ 0.25, -0.25]), size=array([0.4, 0.3]), texRes=128.0, units='height', win=Window(...))
21.1564 	EXP 	Created end_message = TextStim(__class__=<class 'psychopy.visual.text.TextStim'>, alignHoriz=method-wrapper(...), alignText='center', alignVert=method-wrapper(...), anchorHoriz='center', anchorVert='center', antialias=True, autoDraw=False, autoLog=True, bold=False, color=array([1., 1., 1.]), colorSpace='rgb', contrast=1.0, depth=0.0, draggable=False, flipHoriz=False, flipVert=False, font='Arial', fontFiles=[], height=np.float64(0.05), italic=False, languageStyle='LTR', name='end_message', opacity=1, ori=0.0, pos=array([0., 0.]), rgb=UNKNOWN, text=str(...), units='height', win=Window(...), wrapWidth=1)
0.0610 	EXP 	welcome_message: autoDraw = True
3.7811 	EXP 	Device response: <KeyPress from None: t=3.583758916000079, value=space, duration=None>
3.7814 	EXP 	Device response: <KeyPress from None: t=3.583758916000079, value=space, duration=0.07118141700630076>
3.7854 	EXP 	Imported resources/midLoop.csv as conditions, 5 conditions, 7 params
3.7858 	EXP 	New trial (rep=0, index=0): <Trial 0 (0 in rep 0) data={'img_query': 'resources/images/medium/med_Q3.jpg', 'sam_1': 'resources/images/medium/med_S1_3.jpg', 'sam_2': 'resources/images/medium/med_S2_3.jpg', 'sam_3': 'resources/images/medium/med_S3_3.jpg', 'sam_4': 'resources/images/medium/med_S4_3.jpg', 'sam_5': 'resources/images/medium/med_S5_3.jpg', 'img_targ': 'resources/images/medium/med_T3.jpg', 'thisN': 0, 'thisTrialN': 0, 'thisRepN': 0}>
4.1371 	DATA 	Keypress: space
4.1414 	EXP 	welcome_message: autoDraw = False
4.1414 	EXP 	M_query: image = 'resources/images/medium/med_Q3.jpg'
4.1414 	EXP 	M_top_left: image = 'resources/images/medium/med_S1_3.jpg'
4.1414 	EXP 	M_top_mid: image = 'resources/images/medium/med_S2_3.jpg'
4.1414 	EXP 	M_top_right: image = 'resources/images/medium/med_S3_3.jpg'
4.1414 	EXP 	M_bot_left: image = 'resources/images/medium/med_S4_3.jpg'
4.1414 	EXP 	M_bot_mid: image = 'resources/images/medium/med_S5_3.jpg'
4.1414 	EXP 	M_bot_right: image = 'resources/images/medium/med_T3.jpg'
4.1414 	EXP 	M_query: autoDraw = True
4.1414 	EXP 	M_top_left: autoDraw = True
4.1414 	EXP 	M_top_mid: autoDraw = True
4.1414 	EXP 	M_top_right: autoDraw = True
4.1414 	EXP 	M_bot_left: autoDraw = True
4.1414 	EXP 	M_bot_mid: autoDraw = True
4.1414 	EXP 	M_bot_right: autoDraw = True
4.2882 	DATA 	Mouse: Left button down, pos=(691,448)
4.3522 	DATA 	Mouse:  Left button up, pos=(692,448)
9.5866 	EXP 	Device response: <KeyPress from None: t=9.5791294580049, value=escape, duration=None>
9.6269 	DATA 	Keypress: escape
9.6588 	EXP 	Device response: <KeyPress from None: t=9.5791294580049, value=escape, duration=0.07599408299574861>
9.6589 	EXP 	pilot_study: status = STOPPED
9.6754 	EXP 	M_query: autoDraw = False
9.6754 	EXP 	M_top_left: autoDraw = False
9.6754 	EXP 	M_top_mid: autoDraw = False
9.6754 	EXP 	M_top_right: autoDraw = False
9.6754 	EXP 	M_bot_left: autoDraw = False
9.6754 	EXP 	M_bot_mid: autoDraw = False
9.6754 	EXP 	M_bot_right: autoDraw = False
9.6754 	EXP 	pilot_study: status = STOPPED
9.6765 	INFO 	saved data to '/Users/marcogiven/Desktop/projects/S25_SURE/colorStudyPilot/data/_pilot_study_2025-06-26_14h33.59.507.csv'
9.6769 	INFO 	saved data to /Users/marcogiven/Desktop/projects/S25_SURE/colorStudyPilot/data/_pilot_study_2025-06-26_14h33.59.507.psydat
9.8093 	WARNING 	Stopping key buffers but this could be dangerous ifother keyboards rely on the same.
9.8094 	WARNING 	Stopping key buffers but this could be dangerous ifother keyboards rely on the same.
