17.3489 	WARNING 	Font Manager failed to load file /System/Library/PrivateFrameworks/FontServices.framework/Resources/Reserved/PingFangUI.ttc
17.5764 	WARNING 	Font Manager failed to load file /System/Library/PrivateFrameworks/FontServices.framework/Resources/Reserved/PingFangUI.ttc
24.9607 	INFO 	Loaded monitor calibration from ['2025_06_12 14:42']
25.0937 	INFO 	Using renderer 'Apple M1 Pro' for graphics
25.0938 	INFO 	OpenGL version supported by driver is 2..
25.1269 	EXP 	Created window1 = Window(allowGUI=True, allowStencil=False, autoLog=True, backendConf=UNKNOWN, backgroundFit=<method-wrapper '__getattribute__' of attributeSetter object at 0x158649720>, backgroundImage=<method-wrapper '__getattribute__' of attributeSetter object at 0x1586496c0>, bitsMode=UNKNOWN, blendMode='avg', bpc=(8, 8, 8), color=array([0, 0, 0]), colorSpace='rgb', depthBits=8, fullscr=False, gamma=None, gammaErrorPolicy='raise', infoMsg=UNKNOWN, lms=UNKNOWN, monitor=<psychopy.monitors.calibTools.Monitor object at 0x1582e95a0>, multiSample=False, name='window1', numSamples=2, pos=[np.float64(260.0), np.float64(224.5)], screen=0, size=array([2560, 1440]), stencilBits=0, stereo=False, title='PsychoPy', units='height', useFBO=True, useRetina=True, viewOri=0.0, viewPos=None, viewScale=None, waitBlanking=True, winType='pyglet')
25.1270 	EXP 	window1: backgroundImage = ''
25.1270 	EXP 	window1: backgroundFit = 'none'
25.6801 	INFO 	keyboard.Keyboard is using ptb backend.
25.8502 	INFO 	keyboard.Keyboard is using ptb backend.
25.9384 	INFO 	keyboard.Keyboard is using ptb backend.
25.9384 	EXP 	pilot_study: status = STARTED
25.9820 	EXP 	Created welcome_message = TextStim(__class__=<class 'psychopy.visual.text.TextStim'>, alignHoriz=method-wrapper(...), alignText='center', alignVert=method-wrapper(...), anchorHoriz='center', anchorVert='center', antialias=True, autoDraw=False, autoLog=True, bold=False, color=array([1., 1., 1.]), colorSpace='rgb', contrast=1.0, depth=0.0, draggable=False, flipHoriz=False, flipVert=False, font='Arial', fontFiles=[], height=np.float64(0.05), italic=False, languageStyle='LTR', name='welcome_message', opacity=1, ori=0.0, pos=array([0., 0.]), rgb=UNKNOWN, text=str(...), units='height', win=Window(...), wrapWidth=1)
25.9985 	EXP 	Created M_query = ImageStim(__class__=<class 'psychopy.visual.image.ImageStim'>, anchor=('center', 'center'), autoLog=True, color=array([1., 1., 1.]), colorSpace='rgb', contrast=1.0, depth=0.0, draggable=False, flipHoriz=np.False_, flipVert=np.False_, image='default.png', interpolate=True, mask=None, maskParams=None, name='M_query', opacity=1, ori=0.0, pos=array([0. , 0.3]), size=array([1., 1.]), texRes=128.0, units='height', win=Window(...))
26.0022 	EXP 	Created M_top_left = ImageStim(__class__=<class 'psychopy.visual.image.ImageStim'>, anchor=('center', 'center'), autoLog=True, color=array([1., 1., 1.]), colorSpace='rgb', contrast=1.0, depth=-1.0, draggable=False, flipHoriz=np.False_, flipVert=np.False_, image='default.png', interpolate=True, mask=None, maskParams=None, name='M_top_left', opacity=1, ori=0.0, pos=array([-0.55,  0.  ]), size=array([0.25, 0.25]), texRes=128.0, units='height', win=Window(...))
26.0056 	EXP 	Created M_top_mid = ImageStim(__class__=<class 'psychopy.visual.image.ImageStim'>, anchor=('center', 'center'), autoLog=True, color=array([1., 1., 1.]), colorSpace='rgb', contrast=1.0, depth=-2.0, draggable=False, flipHoriz=np.False_, flipVert=np.False_, image='default.png', interpolate=True, mask=None, maskParams=None, name='M_top_mid', opacity=1, ori=0.0, pos=array([0., 0.]), size=array([0.25, 0.25]), texRes=128.0, units='height', win=Window(...))
26.0090 	EXP 	Created M_top_right = ImageStim(__class__=<class 'psychopy.visual.image.ImageStim'>, anchor=('center', 'center'), autoLog=True, color=array([1., 1., 1.]), colorSpace='rgb', contrast=1.0, depth=-3.0, draggable=False, flipHoriz=np.False_, flipVert=np.False_, image='default.png', interpolate=True, mask=None, maskParams=None, name='M_top_right', opacity=1, ori=0.0, pos=array([0.55, 0.  ]), size=array([0.25, 0.25]), texRes=128.0, units='height', win=Window(...))
26.0125 	EXP 	Created M_bot_left = ImageStim(__class__=<class 'psychopy.visual.image.ImageStim'>, anchor=('center', 'center'), autoLog=True, color=array([1., 1., 1.]), colorSpace='rgb', contrast=1.0, depth=-4.0, draggable=False, flipHoriz=np.False_, flipVert=np.False_, image='default.png', interpolate=True, mask=None, maskParams=None, name='M_bot_left', opacity=1, ori=0.0, pos=array([-0.55, -0.35]), size=array([0.25, 0.25]), texRes=128.0, units='height', win=Window(...))
26.0160 	EXP 	Created M_bot_mid = ImageStim(__class__=<class 'psychopy.visual.image.ImageStim'>, anchor=('center', 'center'), autoLog=True, color=array([1., 1., 1.]), colorSpace='rgb', contrast=1.0, depth=-5.0, draggable=False, flipHoriz=np.False_, flipVert=np.False_, image='default.png', interpolate=True, mask=None, maskParams=None, name='M_bot_mid', opacity=1, ori=0.0, pos=array([ 0.  , -0.35]), size=array([0.25, 0.25]), texRes=128.0, units='height', win=Window(...))
26.0194 	EXP 	Created M_bot_right = ImageStim(__class__=<class 'psychopy.visual.image.ImageStim'>, anchor=('center', 'center'), autoLog=True, color=array([1., 1., 1.]), colorSpace='rgb', contrast=1.0, depth=-6.0, draggable=False, flipHoriz=np.False_, flipVert=np.False_, image='default.png', interpolate=True, mask=None, maskParams=None, name='M_bot_right', opacity=1, ori=0.0, pos=array([ 0.55, -0.35]), size=array([0.25, 0.25]), texRes=128.0, units='height', win=Window(...))
26.0241 	EXP 	Created end_message = TextStim(__class__=<class 'psychopy.visual.text.TextStim'>, alignHoriz=method-wrapper(...), alignText='center', alignVert=method-wrapper(...), anchorHoriz='center', anchorVert='center', antialias=True, autoDraw=False, autoLog=True, bold=False, color=array([1., 1., 1.]), colorSpace='rgb', contrast=1.0, depth=0.0, draggable=False, flipHoriz=False, flipVert=False, font='Arial', fontFiles=[], height=np.float64(0.05), italic=False, languageStyle='LTR', name='end_message', opacity=1, ori=0.0, pos=array([0., 0.]), rgb=UNKNOWN, text=str(...), units='height', win=Window(...), wrapWidth=1)
0.0569 	EXP 	welcome_message: autoDraw = True
1.5784 	EXP 	Device response: <KeyPress from None: t=1.3931569569977, value=space, duration=None>
1.5787 	EXP 	Device response: <KeyPress from None: t=1.3931569569977, value=space, duration=0.06816062500001863>
1.5832 	EXP 	Imported resources/midLoop.csv as conditions, 5 conditions, 11 params
1.5836 	EXP 	New trial (rep=0, index=0): <Trial 0 (0 in rep 0) data={'img_query': 'resources/images/medium/med_Q2.jpg', 'img_query_w': np.int64(1024), 'img_query_h': np.int64(768), 'img_query_disp_w': np.float64(0.25), 'img_query_disp_h': np.float64(0.1875), 'sam_1': 'resources/images/medium/med_S1_2.jpg', 'sam_2': 'resources/images/medium/med_S2_2.jpg', 'sam_3': 'resources/images/medium/med_S3_2.jpg', 'sam_4': 'resources/images/medium/med_S4_2.jpg', 'sam_5': 'resources/images/medium/med_S5_2.jpg', 'img_targ': 'resources/images/medium/med_T2.jpg', 'thisN': 0, 'thisTrialN': 0, 'thisRepN': 0}>
1.8995 	INFO 	Keyboard events cleared
1.8994 	EXP 	welcome_message: autoDraw = False
1.8994 	EXP 	M_query: image = 'resources/images/medium/med_Q2.jpg'
1.8994 	EXP 	M_top_left: image = 'resources/images/medium/med_S1_2.jpg'
1.8994 	EXP 	M_top_mid: image = 'resources/images/medium/med_S2_2.jpg'
1.8994 	EXP 	M_top_right: image = 'resources/images/medium/med_S3_2.jpg'
1.8994 	EXP 	M_bot_left: image = 'resources/images/medium/med_S4_2.jpg'
1.8994 	EXP 	M_bot_mid: image = 'resources/images/medium/med_S5_2.jpg'
1.8994 	EXP 	M_bot_right: image = 'resources/images/medium/med_T2.jpg'
1.8994 	EXP 	M_query: autoDraw = True
1.8994 	EXP 	M_top_left: autoDraw = True
1.8994 	EXP 	M_top_mid: autoDraw = True
1.8994 	EXP 	M_top_right: autoDraw = True
1.8994 	EXP 	M_bot_left: autoDraw = True
1.8994 	EXP 	M_bot_mid: autoDraw = True
1.8994 	EXP 	M_bot_right: autoDraw = True
6.0657 	EXP 	Device response: <KeyPress from None: t=6.051123416000337, value=space, duration=None>
6.0662 	EXP 	New trial (rep=0, index=1): <Trial 1 (1 in rep 0) data={'img_query': 'resources/images/medium/med_Q1.jpg', 'img_query_w': np.int64(4032), 'img_query_h': np.int64(3024), 'img_query_disp_w': np.float64(0.25), 'img_query_disp_h': np.float64(0.1875), 'sam_1': 'resources/images/medium/med_S1_1.jpg', 'sam_2': 'resources/images/medium/med_S2_1.jpg', 'sam_3': 'resources/images/medium/med_S3_1.jpg', 'sam_4': 'resources/images/medium/med_S4_1.jpg', 'sam_5': 'resources/images/medium/med_S5_1.jpg', 'img_targ': 'resources/images/medium/med_T1.jpg', 'thisN': 1, 'thisTrialN': 1, 'thisRepN': 0}>
6.3096 	EXP 	Device response: <KeyPress from None: t=6.051123416000337, value=space, duration=0.0923518330018851>
6.3214 	INFO 	Keyboard events cleared
6.3213 	EXP 	M_query: autoDraw = False
6.3213 	EXP 	M_top_left: autoDraw = False
6.3213 	EXP 	M_top_mid: autoDraw = False
6.3213 	EXP 	M_top_right: autoDraw = False
6.3213 	EXP 	M_bot_left: autoDraw = False
6.3213 	EXP 	M_bot_mid: autoDraw = False
6.3213 	EXP 	M_bot_right: autoDraw = False
6.3213 	EXP 	M_query: image = 'resources/images/medium/med_Q1.jpg'
6.3213 	EXP 	M_top_left: image = 'resources/images/medium/med_S1_1.jpg'
6.3213 	EXP 	M_top_mid: image = 'resources/images/medium/med_S2_1.jpg'
6.3213 	EXP 	M_top_right: image = 'resources/images/medium/med_S3_1.jpg'
6.3213 	EXP 	M_bot_left: image = 'resources/images/medium/med_S4_1.jpg'
6.3213 	EXP 	M_bot_mid: image = 'resources/images/medium/med_S5_1.jpg'
6.3213 	EXP 	M_bot_right: image = 'resources/images/medium/med_T1.jpg'
6.3213 	EXP 	M_query: autoDraw = True
6.3213 	EXP 	M_top_left: autoDraw = True
6.3213 	EXP 	M_top_mid: autoDraw = True
6.3213 	EXP 	M_top_right: autoDraw = True
6.3213 	EXP 	M_bot_left: autoDraw = True
6.3213 	EXP 	M_bot_mid: autoDraw = True
6.3213 	EXP 	M_bot_right: autoDraw = True
7.1812 	EXP 	Device response: <KeyPress from None: t=7.174897124001291, value=space, duration=None>
7.1816 	EXP 	New trial (rep=0, index=2): <Trial 2 (2 in rep 0) data={'img_query': 'resources/images/medium/med_Q3.jpg', 'img_query_w': np.int64(1024), 'img_query_h': np.int64(768), 'img_query_disp_w': np.float64(0.25), 'img_query_disp_h': np.float64(0.1875), 'sam_1': 'resources/images/medium/med_S1_3.jpg', 'sam_2': 'resources/images/medium/med_S2_3.jpg', 'sam_3': 'resources/images/medium/med_S3_3.jpg', 'sam_4': 'resources/images/medium/med_S4_3.jpg', 'sam_5': 'resources/images/medium/med_S5_3.jpg', 'img_targ': 'resources/images/medium/med_T3.jpg', 'thisN': 2, 'thisTrialN': 2, 'thisRepN': 0}>
7.4691 	EXP 	Device response: <KeyPress from None: t=7.174897124001291, value=space, duration=0.10396087499975692>
7.4740 	INFO 	Keyboard events cleared
7.4739 	EXP 	M_query: autoDraw = False
7.4739 	EXP 	M_top_left: autoDraw = False
7.4739 	EXP 	M_top_mid: autoDraw = False
7.4739 	EXP 	M_top_right: autoDraw = False
7.4739 	EXP 	M_bot_left: autoDraw = False
7.4739 	EXP 	M_bot_mid: autoDraw = False
7.4739 	EXP 	M_bot_right: autoDraw = False
7.4739 	EXP 	M_query: image = 'resources/images/medium/med_Q3.jpg'
7.4739 	EXP 	M_top_left: image = 'resources/images/medium/med_S1_3.jpg'
7.4739 	EXP 	M_top_mid: image = 'resources/images/medium/med_S2_3.jpg'
7.4739 	EXP 	M_top_right: image = 'resources/images/medium/med_S3_3.jpg'
7.4739 	EXP 	M_bot_left: image = 'resources/images/medium/med_S4_3.jpg'
7.4739 	EXP 	M_bot_mid: image = 'resources/images/medium/med_S5_3.jpg'
7.4739 	EXP 	M_bot_right: image = 'resources/images/medium/med_T3.jpg'
7.4739 	EXP 	M_query: autoDraw = True
7.4739 	EXP 	M_top_left: autoDraw = True
7.4739 	EXP 	M_top_mid: autoDraw = True
7.4739 	EXP 	M_top_right: autoDraw = True
7.4739 	EXP 	M_bot_left: autoDraw = True
7.4739 	EXP 	M_bot_mid: autoDraw = True
7.4739 	EXP 	M_bot_right: autoDraw = True
8.2814 	EXP 	Device response: <KeyPress from None: t=8.27000312400196, value=space, duration=None>
8.2820 	EXP 	New trial (rep=0, index=3): <Trial 3 (3 in rep 0) data={'img_query': 'resources/images/medium/med_Q5.jpg', 'img_query_w': np.int64(1024), 'img_query_h': np.int64(768), 'img_query_disp_w': np.float64(0.25), 'img_query_disp_h': np.float64(0.1875), 'sam_1': 'resources/images/medium/med_S1_5.jpg', 'sam_2': 'resources/images/medium/med_S2_5.jpg', 'sam_3': 'resources/images/medium/med_S3_5.jpg', 'sam_4': 'resources/images/medium/med_S4_5.jpg', 'sam_5': 'resources/images/medium/med_S5_5.jpg', 'img_targ': 'resources/images/medium/med_T5.jpg', 'thisN': 3, 'thisTrialN': 3, 'thisRepN': 0}>
8.4357 	EXP 	Device response: <KeyPress from None: t=8.27000312400196, value=space, duration=0.0801419999988866>
8.4406 	INFO 	Keyboard events cleared
8.4405 	EXP 	M_query: autoDraw = False
8.4405 	EXP 	M_top_left: autoDraw = False
8.4405 	EXP 	M_top_mid: autoDraw = False
8.4405 	EXP 	M_top_right: autoDraw = False
8.4405 	EXP 	M_bot_left: autoDraw = False
8.4405 	EXP 	M_bot_mid: autoDraw = False
8.4405 	EXP 	M_bot_right: autoDraw = False
8.4405 	EXP 	M_query: image = 'resources/images/medium/med_Q5.jpg'
8.4405 	EXP 	M_top_left: image = 'resources/images/medium/med_S1_5.jpg'
8.4405 	EXP 	M_top_mid: image = 'resources/images/medium/med_S2_5.jpg'
8.4405 	EXP 	M_top_right: image = 'resources/images/medium/med_S3_5.jpg'
8.4405 	EXP 	M_bot_left: image = 'resources/images/medium/med_S4_5.jpg'
8.4405 	EXP 	M_bot_mid: image = 'resources/images/medium/med_S5_5.jpg'
8.4405 	EXP 	M_bot_right: image = 'resources/images/medium/med_T5.jpg'
8.4405 	EXP 	M_query: autoDraw = True
8.4405 	EXP 	M_top_left: autoDraw = True
8.4405 	EXP 	M_top_mid: autoDraw = True
8.4405 	EXP 	M_top_right: autoDraw = True
8.4405 	EXP 	M_bot_left: autoDraw = True
8.4405 	EXP 	M_bot_mid: autoDraw = True
8.4405 	EXP 	M_bot_right: autoDraw = True
9.6563 	EXP 	Device response: <KeyPress from None: t=9.644195540997316, value=space, duration=None>
9.6567 	EXP 	New trial (rep=0, index=4): <Trial 4 (4 in rep 0) data={'img_query': 'resources/images/medium/med_Q4.jpg', 'img_query_w': np.int64(768), 'img_query_h': np.int64(1024), 'img_query_disp_w': np.float64(0.1875), 'img_query_disp_h': np.float64(0.25), 'sam_1': 'resources/images/medium/med_S1_4.jpg', 'sam_2': 'resources/images/medium/med_S2_4.jpg', 'sam_3': 'resources/images/medium/med_S3_4.jpg', 'sam_4': 'resources/images/medium/med_S4_4.jpg', 'sam_5': 'resources/images/medium/med_S5_4.jpg', 'img_targ': 'resources/images/medium/med_T4.jpg', 'thisN': 4, 'thisTrialN': 4, 'thisRepN': 0}>
9.7312 	INFO 	Keyboard events cleared
9.7312 	EXP 	M_query: autoDraw = False
9.7312 	EXP 	M_top_left: autoDraw = False
9.7312 	EXP 	M_top_mid: autoDraw = False
9.7312 	EXP 	M_top_right: autoDraw = False
9.7312 	EXP 	M_bot_left: autoDraw = False
9.7312 	EXP 	M_bot_mid: autoDraw = False
9.7312 	EXP 	M_bot_right: autoDraw = False
9.7312 	EXP 	M_query: image = 'resources/images/medium/med_Q4.jpg'
9.7312 	EXP 	M_top_left: image = 'resources/images/medium/med_S1_4.jpg'
9.7312 	EXP 	M_top_mid: image = 'resources/images/medium/med_S2_4.jpg'
9.7312 	EXP 	M_top_right: image = 'resources/images/medium/med_S3_4.jpg'
9.7312 	EXP 	M_bot_left: image = 'resources/images/medium/med_S4_4.jpg'
9.7312 	EXP 	M_bot_mid: image = 'resources/images/medium/med_S5_4.jpg'
9.7312 	EXP 	M_bot_right: image = 'resources/images/medium/med_T4.jpg'
9.7312 	EXP 	M_query: autoDraw = True
9.7312 	EXP 	M_top_left: autoDraw = True
9.7312 	EXP 	M_top_mid: autoDraw = True
9.7312 	EXP 	M_top_right: autoDraw = True
9.7312 	EXP 	M_bot_left: autoDraw = True
9.7312 	EXP 	M_bot_mid: autoDraw = True
9.7312 	EXP 	M_bot_right: autoDraw = True
9.7343 	EXP 	Device response: <KeyPress from None: t=9.644195540997316, value=space, duration=0.08804108300682856>
11.0724 	EXP 	Device response: <KeyPress from None: t=11.065359874002752, value=space, duration=None>
11.0782 	EXP 	M_query: autoDraw = False
11.0782 	EXP 	M_top_left: autoDraw = False
11.0782 	EXP 	M_top_mid: autoDraw = False
11.0782 	EXP 	M_top_right: autoDraw = False
11.0782 	EXP 	M_bot_left: autoDraw = False
11.0782 	EXP 	M_bot_mid: autoDraw = False
11.0782 	EXP 	M_bot_right: autoDraw = False
11.0782 	EXP 	end_message: autoDraw = True
11.1225 	EXP 	Device response: <KeyPress from None: t=11.065359874002752, value=space, duration=0.055777666995709296>
12.7494 	EXP 	Device response: <KeyPress from None: t=12.73813920700195, value=escape, duration=None>
12.8308 	EXP 	Device response: <KeyPress from None: t=12.73813920700195, value=escape, duration=0.07991816700086929>
12.8308 	EXP 	pilot_study: status = STOPPED
12.8382 	EXP 	end_message: autoDraw = False
12.8382 	EXP 	pilot_study: status = STOPPED
12.8414 	INFO 	saved data to '/Users/marcogiven/Desktop/projects/S25_SURE/colorStudyPilot/data/_pilot_study_2025-06-26_14h58.46.612.csv'
12.8423 	INFO 	saved data to /Users/marcogiven/Desktop/projects/S25_SURE/colorStudyPilot/data/_pilot_study_2025-06-26_14h58.46.612.psydat
12.9699 	WARNING 	Stopping key buffers but this could be dangerous ifother keyboards rely on the same.
12.9700 	WARNING 	Stopping key buffers but this could be dangerous ifother keyboards rely on the same.
12.9700 	WARNING 	Stopping key buffers but this could be dangerous ifother keyboards rely on the same.
