17.2794 	WARNING 	Font Manager failed to load file /System/Library/PrivateFrameworks/FontServices.framework/Resources/Reserved/PingFangUI.ttc
17.5297 	WARNING 	Font Manager failed to load file /System/Library/PrivateFrameworks/FontServices.framework/Resources/Reserved/PingFangUI.ttc
67.5131 	INFO 	Loaded monitor calibration from ['2025_06_12 14:42']
67.6627 	INFO 	Using renderer 'Apple M1 Pro' for graphics
67.6627 	INFO 	OpenGL version supported by driver is 2..
67.6961 	EXP 	Created window1 = Window(allowGUI=True, allowStencil=False, autoLog=True, backendConf=UNKNOWN, backgroundFit=<method-wrapper '__getattribute__' of attributeSetter object at 0x158772620>, backgroundImage=<method-wrapper '__getattribute__' of attributeSetter object at 0x158772680>, bitsMode=UNKNOWN, blendMode='avg', bpc=(8, 8, 8), color=array([0, 0, 0]), colorSpace='rgb', depthBits=8, fullscr=False, gamma=None, gammaErrorPolicy='raise', infoMsg=UNKNOWN, lms=UNKNOWN, monitor=<psychopy.monitors.calibTools.Monitor object at 0x15880fb20>, multiSample=False, name='window1', numSamples=2, pos=[np.float64(260.0), np.float64(224.5)], screen=0, size=array([2560, 1440]), stencilBits=0, stereo=False, title='PsychoPy', units='height', useFBO=True, useRetina=True, viewOri=0.0, viewPos=None, viewScale=None, waitBlanking=True, winType='pyglet')
67.6961 	EXP 	window1: backgroundImage = ''
67.6961 	EXP 	window1: backgroundFit = 'none'
68.5151 	INFO 	keyboard.Keyboard is using ptb backend.
68.6949 	INFO 	keyboard.Keyboard is using ptb backend.
68.7859 	INFO 	keyboard.Keyboard is using ptb backend.
68.7860 	EXP 	pilot_study: status = STARTED
68.8343 	EXP 	Created welcome_message = TextStim(__class__=<class 'psychopy.visual.text.TextStim'>, alignHoriz=method-wrapper(...), alignText='center', alignVert=method-wrapper(...), anchorHoriz='center', anchorVert='center', antialias=True, autoDraw=False, autoLog=True, bold=False, color=array([1., 1., 1.]), colorSpace='rgb', contrast=1.0, depth=0.0, draggable=False, flipHoriz=False, flipVert=False, font='Arial', fontFiles=[], height=np.float64(0.05), italic=False, languageStyle='LTR', name='welcome_message', opacity=1, ori=0.0, pos=array([0., 0.]), rgb=UNKNOWN, text=str(...), units='height', win=Window(...), wrapWidth=1)
68.8553 	EXP 	Created M_query = ImageStim(__class__=<class 'psychopy.visual.image.ImageStim'>, anchor=('center', 'center'), autoLog=True, color=array([1., 1., 1.]), colorSpace='rgb', contrast=1.0, depth=0.0, draggable=False, flipHoriz=np.False_, flipVert=np.False_, image='default.png', interpolate=True, mask=None, maskParams=None, name='M_query', opacity=1, ori=0.0, pos=array([0. , 0.3]), size=array([1., 1.]), texRes=128.0, units='height', win=Window(...))
68.8586 	EXP 	Created M_top_left = ImageStim(__class__=<class 'psychopy.visual.image.ImageStim'>, anchor=('center', 'center'), autoLog=True, color=array([1., 1., 1.]), colorSpace='rgb', contrast=1.0, depth=-1.0, draggable=False, flipHoriz=np.False_, flipVert=np.False_, image='default.png', interpolate=True, mask=None, maskParams=None, name='M_top_left', opacity=1, ori=0.0, pos=array([0., 0.]), size=array([1., 1.]), texRes=128.0, units='height', win=Window(...))
68.8618 	EXP 	Created M_top_mid = ImageStim(__class__=<class 'psychopy.visual.image.ImageStim'>, anchor=('center', 'center'), autoLog=True, color=array([1., 1., 1.]), colorSpace='rgb', contrast=1.0, depth=-2.0, draggable=False, flipHoriz=np.False_, flipVert=np.False_, image='default.png', interpolate=True, mask=None, maskParams=None, name='M_top_mid', opacity=1, ori=0.0, pos=array([0., 0.]), size=array([1., 1.]), texRes=128.0, units='height', win=Window(...))
68.8650 	EXP 	Created M_top_right = ImageStim(__class__=<class 'psychopy.visual.image.ImageStim'>, anchor=('center', 'center'), autoLog=True, color=array([1., 1., 1.]), colorSpace='rgb', contrast=1.0, depth=-3.0, draggable=True, flipHoriz=np.False_, flipVert=np.False_, image='default.png', interpolate=True, mask=None, maskParams=None, name='M_top_right', opacity=1, ori=0.0, pos=array([0., 0.]), size=array([1., 1.]), texRes=128.0, units='height', win=Window(...))
68.8681 	EXP 	Created M_bot_left = ImageStim(__class__=<class 'psychopy.visual.image.ImageStim'>, anchor=('center', 'center'), autoLog=True, color=array([1., 1., 1.]), colorSpace='rgb', contrast=1.0, depth=-4.0, draggable=False, flipHoriz=np.False_, flipVert=np.False_, image='default.png', interpolate=True, mask=None, maskParams=None, name='M_bot_left', opacity=1, ori=0.0, pos=array([0., 0.]), size=array([1., 1.]), texRes=128.0, units='height', win=Window(...))
68.8712 	EXP 	Created M_bot_mid = ImageStim(__class__=<class 'psychopy.visual.image.ImageStim'>, anchor=('center', 'center'), autoLog=True, color=array([1., 1., 1.]), colorSpace='rgb', contrast=1.0, depth=-5.0, draggable=False, flipHoriz=np.False_, flipVert=np.False_, image='default.png', interpolate=True, mask=None, maskParams=None, name='M_bot_mid', opacity=1, ori=0.0, pos=array([0., 0.]), size=array([1., 1.]), texRes=128.0, units='height', win=Window(...))
68.8743 	EXP 	Created M_bot_right = ImageStim(__class__=<class 'psychopy.visual.image.ImageStim'>, anchor=('center', 'center'), autoLog=True, color=array([1., 1., 1.]), colorSpace='rgb', contrast=1.0, depth=-6.0, draggable=False, flipHoriz=np.False_, flipVert=np.False_, image='default.png', interpolate=True, mask=None, maskParams=None, name='M_bot_right', opacity=1, ori=0.0, pos=array([0., 0.]), size=array([1., 1.]), texRes=128.0, units='height', win=Window(...))
68.8787 	EXP 	Created end_message = TextStim(__class__=<class 'psychopy.visual.text.TextStim'>, alignHoriz=method-wrapper(...), alignText='center', alignVert=method-wrapper(...), anchorHoriz='center', anchorVert='center', antialias=True, autoDraw=False, autoLog=True, bold=False, color=array([1., 1., 1.]), colorSpace='rgb', contrast=1.0, depth=0.0, draggable=False, flipHoriz=False, flipVert=False, font='Arial', fontFiles=[], height=np.float64(0.05), italic=False, languageStyle='LTR', name='end_message', opacity=1, ori=0.0, pos=array([0., 0.]), rgb=UNKNOWN, text=str(...), units='height', win=Window(...), wrapWidth=1)
0.0611 	EXP 	welcome_message: autoDraw = True
1.2009 	DATA 	Mouse: Left button down, pos=(961,348)
1.2048 	DATA 	Mouse:  Left button up, pos=(961,348)
2.0686 	EXP 	Device response: <KeyPress from None: t=1.871118873998057, value=space, duration=None>
2.0688 	EXP 	Device response: <KeyPress from None: t=1.871118873998057, value=space, duration=0.11208079200878274>
2.0818 	EXP 	Imported resources/positions.csv as conditions, 5 conditions, 12 params
2.0829 	EXP 	New trial (rep=0, index=0): <Trial 0 (0 in rep 0) data={'pos1_x': np.float64(0.55), 'pos1_y': np.float64(-0.35), 'pos2_x': np.float64(0.0), 'pos2_y': np.float64(-0.35), 'pos3_x': np.float64(-0.55), 'pos3_y': np.float64(-0.35), 'pos4_x': np.float64(0.55), 'pos4_y': np.float64(0.0), 'pos5_x': np.float64(-0.55), 'pos5_y': np.float64(0.0), 'pos6_x': np.float64(0.0), 'pos6_y': np.float64(0.0), 'thisN': 0, 'thisTrialN': 0, 'thisRepN': 0}>
2.0879 	EXP 	Imported resources/midLoop.csv as conditions, 5 conditions, 35 params
2.0881 	EXP 	New trial (rep=0, index=0): <Trial 0 (0 in rep 0) data={'img_query': 'resources/images/medium/med_Q3.jpg', 'img_query_w': np.int64(1024), 'img_query_h': np.int64(768), 'img_query_disp_w': np.float64(0.25), 'img_query_disp_h': np.float64(0.1875), 'sam_1': 'resources/images/medium/med_S1_3.jpg', 'sam_1_w': np.int64(4160), 'sam_1_h': np.int64(2340), 'sam_1_disp_w': np.float64(0.25), 'sam_1_disp_h': np.float64(0.140625), 'sam_2': 'resources/images/medium/med_S2_3.jpg', 'sam_2_w': np.int64(1024), 'sam_2_h': np.int64(768), 'sam_2_disp_w': np.float64(0.25), 'sam_2_disp_h': np.float64(0.1875), 'sam_3': 'resources/images/medium/med_S3_3.jpg', 'sam_3_w': np.int64(1024), 'sam_3_h': np.int64(768), 'sam_3_disp_w': np.float64(0.25), 'sam_3_disp_h': np.float64(0.1875), 'sam_4': 'resources/images/medium/med_S4_3.jpg', 'sam_4_w': np.int64(350), 'sam_4_h': np.int64(197), 'sam_4_disp_w': np.float64(0.25), 'sam_4_disp_h': np.float64(0.140714286), 'sam_5': 'resources/images/medium/med_S5_3.jpg', 'sam_5_w': np.int64(2592), 'sam_5_h': np.int64(4608), 'sam_5_disp_w': np.float64(0.140625), 'sam_5_disp_h': np.float64(0.25), 'img_targ': 'resources/images/medium/med_T3.jpg', 'targ_w': np.int64(1024), 'targ_h': np.int64(768), 'targ_disp_w': np.float64(0.25), 'targ_disp_h': np.float64(0.1875), 'thisN': 0, 'thisTrialN': 0, 'thisRepN': 0}>
2.4446 	DATA 	Keypress: space
2.4497 	INFO 	Keyboard events cleared
2.4496 	EXP 	welcome_message: autoDraw = False
2.4496 	EXP 	M_query: image = 'resources/images/medium/med_Q3.jpg'
2.4496 	EXP 	M_top_left: image = 'resources/images/medium/med_S1_3.jpg'
2.4496 	EXP 	M_top_mid: image = 'resources/images/medium/med_S2_3.jpg'
2.4496 	EXP 	M_top_right: image = 'resources/images/medium/med_S3_3.jpg'
2.4496 	EXP 	M_bot_left: image = 'resources/images/medium/med_S4_3.jpg'
2.4496 	EXP 	M_bot_mid: image = 'resources/images/medium/med_S5_3.jpg'
2.4496 	EXP 	M_bot_right: image = 'resources/images/medium/med_T3.jpg'
2.4496 	EXP 	M_query: autoDraw = True
2.4496 	EXP 	M_top_left: autoDraw = True
2.4496 	EXP 	M_top_mid: autoDraw = True
2.4496 	EXP 	M_top_right: autoDraw = True
2.4496 	EXP 	M_bot_left: autoDraw = True
2.4496 	EXP 	M_bot_mid: autoDraw = True
2.4496 	EXP 	M_bot_right: autoDraw = True
8.0138 	EXP 	Device response: <KeyPress from None: t=8.007210666008177, value=escape, duration=None>
8.0491 	DATA 	Keypress: escape
8.0641 	EXP 	Device response: <KeyPress from None: t=8.007210666008177, value=escape, duration=0.05193358298856765>
8.0642 	EXP 	pilot_study: status = STOPPED
8.0690 	EXP 	M_query: autoDraw = False
8.0690 	EXP 	M_top_left: autoDraw = False
8.0690 	EXP 	M_top_mid: autoDraw = False
8.0690 	EXP 	M_top_right: autoDraw = False
8.0690 	EXP 	M_bot_left: autoDraw = False
8.0690 	EXP 	M_bot_mid: autoDraw = False
8.0690 	EXP 	M_bot_right: autoDraw = False
8.0690 	EXP 	pilot_study: status = STOPPED
8.0708 	INFO 	saved data to '/Users/marcogiven/Desktop/projects/S25_SURE/colorStudyPilot/data/_pilot_study_2025-06-27_09h11.27.134.csv'
8.0725 	INFO 	saved data to /Users/marcogiven/Desktop/projects/S25_SURE/colorStudyPilot/data/_pilot_study_2025-06-27_09h11.27.134.psydat
8.1980 	WARNING 	Stopping key buffers but this could be dangerous ifother keyboards rely on the same.
8.1981 	WARNING 	Stopping key buffers but this could be dangerous ifother keyboards rely on the same.
8.1981 	WARNING 	Stopping key buffers but this could be dangerous ifother keyboards rely on the same.
