17.9879 	WARNING 	Font Manager failed to load file /System/Library/PrivateFrameworks/FontServices.framework/Resources/Reserved/PingFangUI.ttc
18.2302 	WARNING 	Font Manager failed to load file /System/Library/PrivateFrameworks/FontServices.framework/Resources/Reserved/PingFangUI.ttc
26.3258 	INFO 	Loaded monitor calibration from ['2025_06_12 14:42']
26.4601 	INFO 	Using renderer 'Apple M1 Pro' for graphics
26.4601 	INFO 	OpenGL version supported by driver is 2..
26.4919 	EXP 	Created window1 = Window(allowGUI=True, allowStencil=False, autoLog=True, backendConf=UNKNOWN, backgroundFit=<method-wrapper '__getattribute__' of attributeSetter object at 0x15825e830>, backgroundImage=<method-wrapper '__getattribute__' of attributeSetter object at 0x15825e890>, bitsMode=UNKNOWN, blendMode='avg', bpc=(8, 8, 8), color=array([0, 0, 0]), colorSpace='rgb', depthBits=8, fullscr=False, gamma=None, gammaErrorPolicy='raise', infoMsg=UNKNOWN, lms=UNKNOWN, monitor=<psychopy.monitors.calibTools.Monitor object at 0x1582706a0>, multiSample=False, name='window1', numSamples=2, pos=[np.float64(260.0), np.float64(224.5)], screen=0, size=array([2560, 1440]), stencilBits=0, stereo=False, title='PsychoPy', units='height', useFBO=True, useRetina=True, viewOri=0.0, viewPos=None, viewScale=None, waitBlanking=True, winType='pyglet')
26.4919 	EXP 	window1: backgroundImage = ''
26.4920 	EXP 	window1: backgroundFit = 'none'
27.1348 	INFO 	keyboard.Keyboard is using ptb backend.
27.3077 	INFO 	keyboard.Keyboard is using ptb backend.
27.3956 	INFO 	keyboard.Keyboard is using ptb backend.
27.3957 	EXP 	pilot_study: status = STARTED
27.4406 	EXP 	Created welcome_message = TextStim(__class__=<class 'psychopy.visual.text.TextStim'>, alignHoriz=method-wrapper(...), alignText='center', alignVert=method-wrapper(...), anchorHoriz='center', anchorVert='center', antialias=True, autoDraw=False, autoLog=True, bold=False, color=array([1., 1., 1.]), colorSpace='rgb', contrast=1.0, depth=0.0, draggable=False, flipHoriz=False, flipVert=False, font='Arial', fontFiles=[], height=np.float64(0.05), italic=False, languageStyle='LTR', name='welcome_message', opacity=1, ori=0.0, pos=array([0., 0.]), rgb=UNKNOWN, text=str(...), units='height', win=Window(...), wrapWidth=1)
27.4588 	EXP 	Created image = ImageStim(__class__=<class 'psychopy.visual.image.ImageStim'>, anchor=('center', 'center'), autoLog=True, color=array([1., 1., 1.]), colorSpace='rgb', contrast=1.0, depth=0.0, draggable=False, flipHoriz=np.False_, flipVert=np.False_, image='default.png', interpolate=True, mask=None, maskParams=None, name='image', opacity=1, ori=0.0, pos=array([0., 0.]), size=array([1.8, 1. ]), texRes=128.0, units='height', win=Window(...))
27.4596 	EXP 	Created text = TextStim(__class__=<class 'psychopy.visual.text.TextStim'>, alignHoriz=method-wrapper(...), alignText='center', alignVert=method-wrapper(...), anchorHoriz='center', anchorVert='center', antialias=True, autoDraw=False, autoLog=True, bold=False, color=array([1., 1., 1.]), colorSpace='rgb', contrast=1.0, depth=0.0, draggable=False, flipHoriz=False, flipVert=False, font='Arial', fontFiles=[], height=np.float64(0.05), italic=False, languageStyle='LTR', name='text', opacity=1, ori=0.0, pos=array([0., 0.]), rgb=UNKNOWN, text='', units='height', win=Window(...), wrapWidth=1)
27.4638 	EXP 	Created end_message = TextStim(__class__=<class 'psychopy.visual.text.TextStim'>, alignHoriz=method-wrapper(...), alignText='center', alignVert=method-wrapper(...), anchorHoriz='center', anchorVert='center', antialias=True, autoDraw=False, autoLog=True, bold=False, color=array([1., 1., 1.]), colorSpace='rgb', contrast=1.0, depth=0.0, draggable=False, flipHoriz=False, flipVert=False, font='Arial', fontFiles=[], height=np.float64(0.05), italic=False, languageStyle='LTR', name='end_message', opacity=1, ori=0.0, pos=array([0., 0.]), rgb=UNKNOWN, text=str(...), units='height', win=Window(...), wrapWidth=1)
0.0556 	EXP 	welcome_message: autoDraw = True
0.8346 	DATA 	Mouse: Left button down, pos=(599,484)
0.9472 	DATA 	Mouse:  Left button up, pos=(599,484)
1.4433 	EXP 	Device response: <KeyPress from None: t=1.2603784170059953, value=space, duration=None>
1.4436 	EXP 	Device response: <KeyPress from None: t=1.2603784170059953, value=space, duration=0.1479347079875879>
1.4472 	EXP 	Imported resources/loopTest.csv as conditions, 5 conditions, 2 params
1.4475 	EXP 	New trial (rep=0, index=0): <Trial 0 (0 in rep 0) data={'set_img': 'resources/images/m4.jpg', 'correct': np.int64(6), 'thisN': 0, 'thisTrialN': 0, 'thisRepN': 0}>
1.4829 	DATA 	Keypress: space
1.4867 	EXP 	welcome_message: autoDraw = False
1.4867 	EXP 	image: image = 'resources/images/m4.jpg'
1.4867 	EXP 	image: autoDraw = True
12.1400 	EXP 	Device response: <KeyPress from None: t=12.134531125004287, value=6, duration=None>
12.1454 	DATA 	Keypress: 6
12.1529 	EXP 	image: autoDraw = False
12.1529 	EXP 	text: autoDraw = True
12.2436 	EXP 	Device response: <KeyPress from None: t=12.134531125004287, value=6, duration=0.1039155420003226>
14.1385 	EXP 	New trial (rep=0, index=1): <Trial 1 (1 in rep 0) data={'set_img': 'resources/images/m3.jpg', 'correct': np.int64(3), 'thisN': 1, 'thisTrialN': 1, 'thisRepN': 0}>
14.1959 	EXP 	text: autoDraw = False
14.1959 	EXP 	text: autoDraw = False
14.1959 	EXP 	image: image = 'resources/images/m3.jpg'
14.1959 	EXP 	image: autoDraw = True
41.1799 	EXP 	Device response: <KeyPress from None: t=41.17322895799589, value=2, duration=None>
41.1819 	DATA 	Keypress: 2
41.1879 	EXP 	image: autoDraw = False
41.1879 	EXP 	text: autoDraw = True
41.2754 	EXP 	Device response: <KeyPress from None: t=41.17322895799589, value=2, duration=0.0952886250015581>
43.1736 	EXP 	New trial (rep=0, index=2): <Trial 2 (2 in rep 0) data={'set_img': 'resources/images/m1.jpg', 'correct': np.int64(3), 'thisN': 2, 'thisTrialN': 2, 'thisRepN': 0}>
43.2227 	EXP 	text: autoDraw = False
43.2227 	EXP 	text: autoDraw = False
43.2227 	EXP 	image: image = 'resources/images/m1.jpg'
43.2227 	EXP 	image: autoDraw = True
46.5610 	EXP 	Device response: <KeyPress from None: t=46.55500445800135, value=4, duration=None>
46.5638 	DATA 	Keypress: 4
46.5715 	EXP 	image: autoDraw = False
46.5715 	EXP 	text: autoDraw = True
46.7274 	EXP 	Device response: <KeyPress from None: t=46.55500445800135, value=4, duration=0.16727479199471418>
48.5562 	EXP 	New trial (rep=0, index=3): <Trial 3 (3 in rep 0) data={'set_img': 'resources/images/m5.jpg', 'correct': np.int64(4), 'thisN': 3, 'thisTrialN': 3, 'thisRepN': 0}>
48.5968 	EXP 	text: autoDraw = False
48.5968 	EXP 	text: autoDraw = False
48.5968 	EXP 	image: image = 'resources/images/m5.jpg'
48.5968 	EXP 	image: autoDraw = True
50.0752 	EXP 	Device response: <KeyPress from None: t=50.064944708006806, value=1, duration=None>
50.0809 	DATA 	Keypress: 1
50.0839 	EXP 	image: autoDraw = False
50.0839 	EXP 	text: autoDraw = True
50.2086 	EXP 	Device response: <KeyPress from None: t=50.064944708006806, value=1, duration=0.132198958992376>
52.0724 	EXP 	New trial (rep=0, index=4): <Trial 4 (4 in rep 0) data={'set_img': 'resources/images/m2.jpg', 'correct': np.int64(1), 'thisN': 4, 'thisTrialN': 4, 'thisRepN': 0}>
52.1164 	EXP 	text: autoDraw = False
52.1164 	EXP 	text: autoDraw = False
52.1164 	EXP 	image: image = 'resources/images/m2.jpg'
52.1164 	EXP 	image: autoDraw = True
53.6466 	EXP 	Device response: <KeyPress from None: t=53.64523675000237, value=1, duration=None>
53.6590 	DATA 	Keypress: 1
53.6620 	EXP 	image: autoDraw = False
53.6620 	EXP 	text: autoDraw = True
53.8247 	EXP 	Device response: <KeyPress from None: t=53.64523675000237, value=1, duration=0.1723083749966463>
55.6713 	EXP 	Imported resources/midLoop.csv as conditions, 5 conditions, 35 params
55.6719 	EXP 	New trial (rep=0, index=0): <Trial 0 (0 in rep 0) data={'img_query': 'resources/images/medium/med_Q4.jpg', 'img_query_w': np.int64(768), 'img_query_h': np.int64(1024), 'img_query_disp_w': np.float64(0.3), 'img_query_disp_h': np.float64(0.4), 'sam_1': 'resources/images/medium/med_S4_1.jpg', 'sam_1_w': np.int64(768), 'sam_1_h': np.int64(1024), 'sam_1_disp_w': np.float64(0.2625), 'sam_1_disp_h': np.float64(0.35), 'sam_2': 'resources/images/medium/med_S4_2.jpg', 'sam_2_w': np.int64(350), 'sam_2_h': np.int64(233), 'sam_2_disp_w': np.float64(0.35), 'sam_2_disp_h': np.float64(0.233), 'sam_3': 'resources/images/medium/med_S4_3.jpg', 'sam_3_w': np.int64(350), 'sam_3_h': np.int64(197), 'sam_3_disp_w': np.float64(0.35), 'sam_3_disp_h': np.float64(0.197), 'sam_4': 'resources/images/medium/med_S4_4.jpg', 'sam_4_w': np.int64(768), 'sam_4_h': np.int64(1024), 'sam_4_disp_w': np.float64(0.2625), 'sam_4_disp_h': np.float64(0.35), 'sam_5': 'resources/images/medium/med_S4_5.jpg', 'sam_5_w': np.int64(768), 'sam_5_h': np.int64(1024), 'sam_5_disp_w': np.float64(0.2625), 'sam_5_disp_h': np.float64(0.35), 'img_targ': 'resources/images/medium/med_T4.jpg', 'targ_w': np.int64(768), 'targ_h': np.int64(1024), 'targ_disp_w': np.float64(0.2625), 'targ_disp_h': np.float64(0.35), 'thisN': 0, 'thisTrialN': 0, 'thisRepN': 0}>
55.6722 	EXP 	New trial (rep=0, index=1): <Trial 1 (1 in rep 0) data={'img_query': 'resources/images/medium/med_Q2.jpg', 'img_query_w': np.int64(1024), 'img_query_h': np.int64(768), 'img_query_disp_w': np.float64(0.4), 'img_query_disp_h': np.float64(0.3), 'sam_1': 'resources/images/medium/med_S2_1.jpg', 'sam_1_w': np.int64(768), 'sam_1_h': np.int64(1024), 'sam_1_disp_w': np.float64(0.2625), 'sam_1_disp_h': np.float64(0.35), 'sam_2': 'resources/images/medium/med_S2_2.jpg', 'sam_2_w': np.int64(350), 'sam_2_h': np.int64(233), 'sam_2_disp_w': np.float64(0.35), 'sam_2_disp_h': np.float64(0.233), 'sam_3': 'resources/images/medium/med_S2_3.jpg', 'sam_3_w': np.int64(1024), 'sam_3_h': np.int64(768), 'sam_3_disp_w': np.float64(0.35), 'sam_3_disp_h': np.float64(0.2625), 'sam_4': 'resources/images/medium/med_S2_4.jpg', 'sam_4_w': np.int64(350), 'sam_4_h': np.int64(234), 'sam_4_disp_w': np.float64(0.35), 'sam_4_disp_h': np.float64(0.234), 'sam_5': 'resources/images/medium/med_S2_5.jpg', 'sam_5_w': np.int64(1024), 'sam_5_h': np.int64(768), 'sam_5_disp_w': np.float64(0.35), 'sam_5_disp_h': np.float64(0.2625), 'img_targ': 'resources/images/medium/med_T2.jpg', 'targ_w': np.int64(4032), 'targ_h': np.int64(2268), 'targ_disp_w': np.float64(0.35), 'targ_disp_h': np.float64(0.196875), 'thisN': 1, 'thisTrialN': 1, 'thisRepN': 0}>
55.6724 	EXP 	New trial (rep=0, index=2): <Trial 2 (2 in rep 0) data={'img_query': 'resources/images/medium/med_Q5.jpg', 'img_query_w': np.int64(1024), 'img_query_h': np.int64(768), 'img_query_disp_w': np.float64(0.4), 'img_query_disp_h': np.float64(0.3), 'sam_1': 'resources/images/medium/med_S5_1.jpg', 'sam_1_w': np.int64(768), 'sam_1_h': np.int64(1024), 'sam_1_disp_w': np.float64(0.2625), 'sam_1_disp_h': np.float64(0.35), 'sam_2': 'resources/images/medium/med_S5_2.jpg', 'sam_2_w': np.int64(350), 'sam_2_h': np.int64(233), 'sam_2_disp_w': np.float64(0.35), 'sam_2_disp_h': np.float64(0.233), 'sam_3': 'resources/images/medium/med_S5_3.jpg', 'sam_3_w': np.int64(2592), 'sam_3_h': np.int64(4608), 'sam_3_disp_w': np.float64(0.196875), 'sam_3_disp_h': np.float64(0.35), 'sam_4': 'resources/images/medium/med_S5_4.jpg', 'sam_4_w': np.int64(350), 'sam_4_h': np.int64(208), 'sam_4_disp_w': np.float64(0.35), 'sam_4_disp_h': np.float64(0.208), 'sam_5': 'resources/images/medium/med_S5_5.jpg', 'sam_5_w': np.int64(350), 'sam_5_h': np.int64(233), 'sam_5_disp_w': np.float64(0.35), 'sam_5_disp_h': np.float64(0.233), 'img_targ': 'resources/images/medium/med_T5.jpg', 'targ_w': np.int64(768), 'targ_h': np.int64(1024), 'targ_disp_w': np.float64(0.2625), 'targ_disp_h': np.float64(0.35), 'thisN': 2, 'thisTrialN': 2, 'thisRepN': 0}>
55.6727 	EXP 	New trial (rep=0, index=3): <Trial 3 (3 in rep 0) data={'img_query': 'resources/images/medium/med_Q1.jpg', 'img_query_w': np.int64(4032), 'img_query_h': np.int64(3024), 'img_query_disp_w': np.float64(0.4), 'img_query_disp_h': np.float64(0.3), 'sam_1': 'resources/images/medium/med_S1_1.jpg', 'sam_1_w': np.int64(768), 'sam_1_h': np.int64(1024), 'sam_1_disp_w': np.float64(0.2625), 'sam_1_disp_h': np.float64(0.35), 'sam_2': 'resources/images/medium/med_S1_2.jpg', 'sam_2_w': np.int64(4032), 'sam_2_h': np.int64(3024), 'sam_2_disp_w': np.float64(0.35), 'sam_2_disp_h': np.float64(0.2625), 'sam_3': 'resources/images/medium/med_S1_3.jpg', 'sam_3_w': np.int64(4160), 'sam_3_h': np.int64(2340), 'sam_3_disp_w': np.float64(0.35), 'sam_3_disp_h': np.float64(0.196875), 'sam_4': 'resources/images/medium/med_S1_4.jpg', 'sam_4_w': np.int64(1024), 'sam_4_h': np.int64(768), 'sam_4_disp_w': np.float64(0.35), 'sam_4_disp_h': np.float64(0.2625), 'sam_5': 'resources/images/medium/med_S1_5.jpg', 'sam_5_w': np.int64(1024), 'sam_5_h': np.int64(768), 'sam_5_disp_w': np.float64(0.35), 'sam_5_disp_h': np.float64(0.2625), 'img_targ': 'resources/images/medium/med_T1.jpg', 'targ_w': np.int64(1024), 'targ_h': np.int64(768), 'targ_disp_w': np.float64(0.35), 'targ_disp_h': np.float64(0.2625), 'thisN': 3, 'thisTrialN': 3, 'thisRepN': 0}>
55.6729 	EXP 	New trial (rep=0, index=4): <Trial 4 (4 in rep 0) data={'img_query': 'resources/images/medium/med_Q3.jpg', 'img_query_w': np.int64(1024), 'img_query_h': np.int64(768), 'img_query_disp_w': np.float64(0.4), 'img_query_disp_h': np.float64(0.3), 'sam_1': 'resources/images/medium/med_S3_1.jpg', 'sam_1_w': np.int64(350), 'sam_1_h': np.int64(233), 'sam_1_disp_w': np.float64(0.35), 'sam_1_disp_h': np.float64(0.233), 'sam_2': 'resources/images/medium/med_S3_2.jpg', 'sam_2_w': np.int64(1024), 'sam_2_h': np.int64(768), 'sam_2_disp_w': np.float64(0.35), 'sam_2_disp_h': np.float64(0.2625), 'sam_3': 'resources/images/medium/med_S3_3.jpg', 'sam_3_w': np.int64(1024), 'sam_3_h': np.int64(768), 'sam_3_disp_w': np.float64(0.35), 'sam_3_disp_h': np.float64(0.2625), 'sam_4': 'resources/images/medium/med_S3_4.jpg', 'sam_4_w': np.int64(350), 'sam_4_h': np.int64(341), 'sam_4_disp_w': np.float64(0.35), 'sam_4_disp_h': np.float64(0.341), 'sam_5': 'resources/images/medium/med_S3_5.jpg', 'sam_5_w': np.int64(3264), 'sam_5_h': np.int64(1840), 'sam_5_disp_w': np.float64(0.35), 'sam_5_disp_h': np.float64(0.197303922), 'img_targ': 'resources/images/medium/med_T3.jpg', 'targ_w': np.int64(1024), 'targ_h': np.int64(768), 'targ_disp_w': np.float64(0.35), 'targ_disp_h': np.float64(0.2625), 'thisN': 4, 'thisTrialN': 4, 'thisRepN': 0}>
55.6810 	EXP 	Imported resources/impLoop.csv as conditions, 5 conditions, 35 params
55.6813 	EXP 	New trial (rep=0, index=0): <Trial 0 (0 in rep 0) data={'imp_query': 'resources/images/impossible/imp_Q1.jpg', 'imp_query_w': np.int64(2160), 'imp_query_h': np.int64(2160), 'imp_query_disp_w': np.float64(0.4), 'imp_query_disp_h': np.float64(0.4), 'imp1': 'resources/images/impossible/imp_S1_1.jpg', 'imp1_w': np.int64(768), 'imp1_h': np.int64(1024), 'imp1_disp_w': np.float64(0.2625), 'imp1_disp_h': np.float64(0.35), 'imp2': 'resources/images/impossible/imp_S1_2.jpg', 'imp2_w': np.int64(768), 'imp2_h': np.int64(1024), 'imp2_disp_w': np.float64(0.2625), 'imp2_disp_h': np.float64(0.35), 'imp3': 'resources/images/impossible/imp_S1_3.jpg', 'imp3_w': np.int64(1024), 'imp3_h': np.int64(768), 'imp3_disp_w': np.float64(0.35), 'imp3_disp_h': np.float64(0.2625), 'imp4': 'resources/images/impossible/imp_S1_4.JPEG', 'imp4_w': np.int64(3840), 'imp4_h': np.int64(2160), 'imp4_disp_w': np.float64(0.35), 'imp4_disp_h': np.float64(0.140625), 'imp5': 'resources/images/impossible/imp_S1_5.jpg', 'imp5_w': np.int64(768), 'imp5_h': np.int64(1024), 'imp5_disp_w': np.float64(0.2625), 'imp5_disp_h': np.float64(0.35), 'imp_targ': 'resources/images/impossible/imp_T1.jpg', 'imp_targ_w': np.int64(2160), 'imp_targ_h': np.int64(2160), 'imp_targ_disp_w': np.float64(0.35), 'imp_targ_disp_h': np.float64(0.35), 'thisN': 0, 'thisTrialN': 0, 'thisRepN': 0}>
55.6816 	EXP 	New trial (rep=0, index=1): <Trial 1 (1 in rep 0) data={'imp_query': 'resources/images/impossible/imp_Q5.jpg', 'imp_query_w': np.int64(1024), 'imp_query_h': np.int64(768), 'imp_query_disp_w': np.float64(0.4), 'imp_query_disp_h': np.float64(0.3), 'imp1': 'resources/images/impossible/imp_S5_1.jpg', 'imp1_w': np.int64(1024), 'imp1_h': np.int64(768), 'imp1_disp_w': np.float64(0.35), 'imp1_disp_h': np.float64(0.2625), 'imp2': 'resources/images/impossible/imp_S5_2.jpg', 'imp2_w': np.int64(764), 'imp2_h': np.int64(1024), 'imp2_disp_w': np.float64(0.261132813), 'imp2_disp_h': np.float64(0.35), 'imp3': 'resources/images/impossible/imp_S5_3.jpg', 'imp3_w': np.int64(350), 'imp3_h': np.int64(233), 'imp3_disp_w': np.float64(0.35), 'imp3_disp_h': np.float64(0.233), 'imp4': 'resources/images/impossible/imp_S5_4.jpg', 'imp4_w': np.int64(1024), 'imp4_h': np.int64(768), 'imp4_disp_w': np.float64(0.35), 'imp4_disp_h': np.float64(0.1875), 'imp5': 'resources/images/impossible/imp_S5_5.jpg', 'imp5_w': np.int64(350), 'imp5_h': np.int64(233), 'imp5_disp_w': np.float64(0.35), 'imp5_disp_h': np.float64(0.233), 'imp_targ': 'resources/images/impossible/imp_T5.jpg', 'imp_targ_w': np.int64(1024), 'imp_targ_h': np.int64(768), 'imp_targ_disp_w': np.float64(0.35), 'imp_targ_disp_h': np.float64(0.2625), 'thisN': 1, 'thisTrialN': 1, 'thisRepN': 0}>
55.6819 	EXP 	New trial (rep=0, index=2): <Trial 2 (2 in rep 0) data={'imp_query': 'resources/images/impossible/imp_Q4.jpg', 'imp_query_w': np.int64(4032), 'imp_query_h': np.int64(3024), 'imp_query_disp_w': np.float64(0.4), 'imp_query_disp_h': np.float64(0.3), 'imp1': 'resources/images/impossible/imp_S4_1.jpg', 'imp1_w': np.int64(1024), 'imp1_h': np.int64(768), 'imp1_disp_w': np.float64(0.35), 'imp1_disp_h': np.float64(0.2625), 'imp2': 'resources/images/impossible/imp_S4_2.jpg', 'imp2_w': np.int64(768), 'imp2_h': np.int64(1024), 'imp2_disp_w': np.float64(0.2625), 'imp2_disp_h': np.float64(0.35), 'imp3': 'resources/images/impossible/imp_S4_3.jpg', 'imp3_w': np.int64(1024), 'imp3_h': np.int64(768), 'imp3_disp_w': np.float64(0.35), 'imp3_disp_h': np.float64(0.2625), 'imp4': 'resources/images/impossible/imp_S4_4.jpg', 'imp4_w': np.int64(1024), 'imp4_h': np.int64(768), 'imp4_disp_w': np.float64(0.35), 'imp4_disp_h': np.float64(0.1875), 'imp5': 'resources/images/impossible/imp_S4_5.jpg', 'imp5_w': np.int64(3024), 'imp5_h': np.int64(4032), 'imp5_disp_w': np.float64(0.2625), 'imp5_disp_h': np.float64(0.35), 'imp_targ': 'resources/images/impossible/imp_T4.jpg', 'imp_targ_w': np.int64(4032), 'imp_targ_h': np.int64(3024), 'imp_targ_disp_w': np.float64(0.35), 'imp_targ_disp_h': np.float64(0.2625), 'thisN': 2, 'thisTrialN': 2, 'thisRepN': 0}>
55.6822 	EXP 	New trial (rep=0, index=3): <Trial 3 (3 in rep 0) data={'imp_query': 'resources/images/impossible/imp_Q3.jpg', 'imp_query_w': np.int64(3840), 'imp_query_h': np.int64(2160), 'imp_query_disp_w': np.float64(0.4), 'imp_query_disp_h': np.float64(0.225), 'imp1': 'resources/images/impossible/imp_S3_1.JPEG', 'imp1_w': np.int64(1920), 'imp1_h': np.int64(1080), 'imp1_disp_w': np.float64(0.35), 'imp1_disp_h': np.float64(0.196875), 'imp2': 'resources/images/impossible/imp_S3_2.jpg', 'imp2_w': np.int64(5344), 'imp2_h': np.int64(3006), 'imp2_disp_w': np.float64(0.35), 'imp2_disp_h': np.float64(0.196875), 'imp3': 'resources/images/impossible/imp_S3_3.JPEG', 'imp3_w': np.int64(3840), 'imp3_h': np.int64(2160), 'imp3_disp_w': np.float64(0.35), 'imp3_disp_h': np.float64(0.196875), 'imp4': 'resources/images/impossible/imp_S3_4.JPEG', 'imp4_w': np.int64(3840), 'imp4_h': np.int64(2160), 'imp4_disp_w': np.float64(0.35), 'imp4_disp_h': np.float64(0.140625), 'imp5': 'resources/images/impossible/imp_S3_5.JPEG', 'imp5_w': np.int64(3840), 'imp5_h': np.int64(2160), 'imp5_disp_w': np.float64(0.35), 'imp5_disp_h': np.float64(0.196875), 'imp_targ': 'resources/images/impossible/imp_T3.jpg', 'imp_targ_w': np.int64(2160), 'imp_targ_h': np.int64(3840), 'imp_targ_disp_w': np.float64(0.196875), 'imp_targ_disp_h': np.float64(0.35), 'thisN': 3, 'thisTrialN': 3, 'thisRepN': 0}>
55.6825 	EXP 	New trial (rep=0, index=4): <Trial 4 (4 in rep 0) data={'imp_query': 'resources/images/impossible/imp_Q2.jpg', 'imp_query_w': np.int64(3024), 'imp_query_h': np.int64(4032), 'imp_query_disp_w': np.float64(0.3), 'imp_query_disp_h': np.float64(0.4), 'imp1': 'resources/images/impossible/imp_S2_1.jpg', 'imp1_w': np.int64(350), 'imp1_h': np.int64(224), 'imp1_disp_w': np.float64(0.35), 'imp1_disp_h': np.float64(0.224), 'imp2': 'resources/images/impossible/imp_S2_2.JPEG', 'imp2_w': np.int64(3840), 'imp2_h': np.int64(2160), 'imp2_disp_w': np.float64(0.35), 'imp2_disp_h': np.float64(0.196875), 'imp3': 'resources/images/impossible/imp_S2_3.jpg', 'imp3_w': np.int64(768), 'imp3_h': np.int64(1024), 'imp3_disp_w': np.float64(0.2625), 'imp3_disp_h': np.float64(0.35), 'imp4': 'resources/images/impossible/imp_S2_4.jpg', 'imp4_w': np.int64(350), 'imp4_h': np.int64(233), 'imp4_disp_w': np.float64(0.35), 'imp4_disp_h': np.float64(0.166428571), 'imp5': 'resources/images/impossible/imp_S2_5.jpg', 'imp5_w': np.int64(768), 'imp5_h': np.int64(1024), 'imp5_disp_w': np.float64(0.2625), 'imp5_disp_h': np.float64(0.35), 'imp_targ': 'resources/images/impossible/imp_T2.jpg', 'imp_targ_w': np.int64(4032), 'imp_targ_h': np.int64(3024), 'imp_targ_disp_w': np.float64(0.35), 'imp_targ_disp_h': np.float64(0.2625), 'thisN': 4, 'thisTrialN': 4, 'thisRepN': 0}>
55.6871 	EXP 	text: autoDraw = False
55.6871 	EXP 	end_message: autoDraw = True
57.4931 	EXP 	Device response: <KeyPress from None: t=57.48766670799523, value=escape, duration=None>
57.5319 	DATA 	Keypress: escape
57.5559 	EXP 	Device response: <KeyPress from None: t=57.48766670799523, value=escape, duration=0.06377308400988113>
57.5559 	EXP 	pilot_study: status = STOPPED
57.5581 	EXP 	end_message: autoDraw = False
57.5581 	EXP 	pilot_study: status = STOPPED
57.5623 	INFO 	saved data to '/Users/marcogiven/Desktop/projects/S25_SURE/colorStudyPilot/data/_pilot_study_2025-06-27_14h59.38.724.csv'
57.5637 	INFO 	saved data to /Users/marcogiven/Desktop/projects/S25_SURE/colorStudyPilot/data/_pilot_study_2025-06-27_14h59.38.724.psydat
57.6847 	WARNING 	Stopping key buffers but this could be dangerous ifother keyboards rely on the same.
57.6848 	WARNING 	Stopping key buffers but this could be dangerous ifother keyboards rely on the same.
57.6848 	WARNING 	Stopping key buffers but this could be dangerous ifother keyboards rely on the same.
