17.2897 	WARNING 	Font Manager failed to load file /System/Library/PrivateFrameworks/FontServices.framework/Resources/Reserved/PingFangUI.ttc
17.5324 	WARNING 	Font Manager failed to load file /System/Library/PrivateFrameworks/FontServices.framework/Resources/Reserved/PingFangUI.ttc
20.5044 	INFO 	Loaded monitor calibration from ['2025_06_12 14:42']
20.6402 	INFO 	Using renderer 'Apple M1 Pro' for graphics
20.6403 	INFO 	OpenGL version supported by driver is 2..
20.6729 	EXP 	Created window1 = Window(allowGUI=True, allowStencil=False, autoLog=True, backendConf=UNKNOWN, backgroundFit=<method-wrapper '__getattribute__' of attributeSetter object at 0x157fa83d0>, backgroundImage=<method-wrapper '__getattribute__' of attributeSetter object at 0x157fa8430>, bitsMode=UNKNOWN, blendMode='avg', bpc=(8, 8, 8), color=array([0, 0, 0]), colorSpace='rgb', depthBits=8, fullscr=False, gamma=None, gammaErrorPolicy='raise', infoMsg=UNKNOWN, lms=UNKNOWN, monitor=<psychopy.monitors.calibTools.Monitor object at 0x1580692a0>, multiSample=False, name='window1', numSamples=2, pos=[np.float64(260.0), np.float64(224.5)], screen=0, size=array([2560, 1440]), stencilBits=0, stereo=False, title='PsychoPy', units='height', useFBO=True, useRetina=True, viewOri=0.0, viewPos=None, viewScale=None, waitBlanking=True, winType='pyglet')
20.6730 	EXP 	window1: backgroundImage = ''
20.6730 	EXP 	window1: backgroundFit = 'none'
21.3813 	INFO 	keyboard.Keyboard is using ptb backend.
21.5525 	INFO 	keyboard.Keyboard is using ptb backend.
21.6408 	INFO 	keyboard.Keyboard is using ptb backend.
21.6408 	EXP 	pilot_study: status = STARTED
21.6838 	EXP 	Created welcome_message = TextStim(__class__=<class 'psychopy.visual.text.TextStim'>, alignHoriz=method-wrapper(...), alignText='center', alignVert=method-wrapper(...), anchorHoriz='center', anchorVert='center', antialias=True, autoDraw=False, autoLog=True, bold=False, color=array([1., 1., 1.]), colorSpace='rgb', contrast=1.0, depth=0.0, draggable=False, flipHoriz=False, flipVert=False, font='Arial', fontFiles=[], height=np.float64(0.05), italic=False, languageStyle='LTR', name='welcome_message', opacity=1, ori=0.0, pos=array([0., 0.]), rgb=UNKNOWN, text=str(...), units='height', win=Window(...), wrapWidth=1)
21.7009 	EXP 	Created M_query = ImageStim(__class__=<class 'psychopy.visual.image.ImageStim'>, anchor=('center', 'center'), autoLog=True, color=array([1., 1., 1.]), colorSpace='rgb', contrast=1.0, depth=0.0, draggable=False, flipHoriz=np.False_, flipVert=np.False_, image='default.png', interpolate=True, mask=None, maskParams=None, name='M_query', opacity=1, ori=0.0, pos=array([-0.45,  0.  ]), size=array([1., 1.]), texRes=128.0, units='height', win=Window(...))
21.7041 	EXP 	Created img1 = ImageStim(__class__=<class 'psychopy.visual.image.ImageStim'>, anchor=('center', 'center'), autoLog=True, color=array([1., 1., 1.]), colorSpace='rgb', contrast=1.0, depth=-1.0, draggable=False, flipHoriz=np.False_, flipVert=np.False_, image='default.png', interpolate=True, mask=None, maskParams=None, name='img1', opacity=1, ori=0.0, pos=array([0.  , 0.35]), size=array([1., 1.]), texRes=128.0, units='height', win=Window(...))
21.7073 	EXP 	Created img2 = ImageStim(__class__=<class 'psychopy.visual.image.ImageStim'>, anchor=('center', 'center'), autoLog=True, color=array([1., 1., 1.]), colorSpace='rgb', contrast=1.0, depth=-2.0, draggable=False, flipHoriz=np.False_, flipVert=np.False_, image='default.png', interpolate=True, mask=None, maskParams=None, name='img2', opacity=1, ori=0.0, pos=array([0.45, 0.35]), size=array([1., 1.]), texRes=128.0, units='height', win=Window(...))
21.7104 	EXP 	Created img3 = ImageStim(__class__=<class 'psychopy.visual.image.ImageStim'>, anchor=('center', 'center'), autoLog=True, color=array([1., 1., 1.]), colorSpace='rgb', contrast=1.0, depth=-3.0, draggable=True, flipHoriz=np.False_, flipVert=np.False_, image='default.png', interpolate=True, mask=None, maskParams=None, name='img3', opacity=1, ori=0.0, pos=array([0., 0.]), size=array([1., 1.]), texRes=128.0, units='height', win=Window(...))
21.7135 	EXP 	Created img4 = ImageStim(__class__=<class 'psychopy.visual.image.ImageStim'>, anchor=('center', 'center'), autoLog=True, color=array([1., 1., 1.]), colorSpace='rgb', contrast=1.0, depth=-4.0, draggable=False, flipHoriz=np.False_, flipVert=np.False_, image='default.png', interpolate=True, mask=None, maskParams=None, name='img4', opacity=1, ori=0.0, pos=array([0.45, 0.  ]), size=array([1., 1.]), texRes=128.0, units='height', win=Window(...))
21.7166 	EXP 	Created img5 = ImageStim(__class__=<class 'psychopy.visual.image.ImageStim'>, anchor=('center', 'center'), autoLog=True, color=array([1., 1., 1.]), colorSpace='rgb', contrast=1.0, depth=-5.0, draggable=False, flipHoriz=np.False_, flipVert=np.False_, image='default.png', interpolate=True, mask=None, maskParams=None, name='img5', opacity=1, ori=0.0, pos=array([ 0.  , -0.35]), size=array([1., 1.]), texRes=128.0, units='height', win=Window(...))
21.7197 	EXP 	Created img6 = ImageStim(__class__=<class 'psychopy.visual.image.ImageStim'>, anchor=('center', 'center'), autoLog=True, color=array([1., 1., 1.]), colorSpace='rgb', contrast=1.0, depth=-6.0, draggable=False, flipHoriz=np.False_, flipVert=np.False_, image='default.png', interpolate=True, mask=None, maskParams=None, name='img6', opacity=1, ori=0.0, pos=array([0., 0.]), size=array([1., 1.]), texRes=128.0, units='height', win=Window(...))
21.7240 	EXP 	Created end_message = TextStim(__class__=<class 'psychopy.visual.text.TextStim'>, alignHoriz=method-wrapper(...), alignText='center', alignVert=method-wrapper(...), anchorHoriz='center', anchorVert='center', antialias=True, autoDraw=False, autoLog=True, bold=False, color=array([1., 1., 1.]), colorSpace='rgb', contrast=1.0, depth=0.0, draggable=False, flipHoriz=False, flipVert=False, font='Arial', fontFiles=[], height=np.float64(0.05), italic=False, languageStyle='LTR', name='end_message', opacity=1, ori=0.0, pos=array([0., 0.]), rgb=UNKNOWN, text=str(...), units='height', win=Window(...), wrapWidth=1)
0.0587 	EXP 	welcome_message: autoDraw = True
9.3247 	DATA 	Mouse: Left button down, pos=(672,264)
9.4344 	DATA 	Mouse:  Left button up, pos=(672,264)
12.4846 	EXP 	Device response: <KeyPress from None: t=12.2974440830003, value=space, duration=None>
12.4848 	EXP 	Device response: <KeyPress from None: t=12.2974440830003, value=space, duration=0.1360676250042161>
12.4914 	EXP 	Imported resources/midLoop.csv as conditions, 5 conditions, 35 params
12.4920 	EXP 	New trial (rep=0, index=0): <Trial 0 (0 in rep 0) data={'img_query': 'resources/images/medium/med_Q1.jpg', 'img_query_w': np.int64(4032), 'img_query_h': np.int64(3024), 'img_query_disp_w': np.float64(0.35), 'img_query_disp_h': np.float64(0.2625), 'sam_1': 'resources/images/medium/med_S1_1.jpg', 'sam_1_w': np.int64(768), 'sam_1_h': np.int64(1024), 'sam_1_disp_w': np.float64(0.2625), 'sam_1_disp_h': np.float64(0.35), 'sam_2': 'resources/images/medium/med_S1_2.jpg', 'sam_2_w': np.int64(4032), 'sam_2_h': np.int64(3024), 'sam_2_disp_w': np.float64(0.35), 'sam_2_disp_h': np.float64(0.2625), 'sam_3': 'resources/images/medium/med_S1_3.jpg', 'sam_3_w': np.int64(4160), 'sam_3_h': np.int64(2340), 'sam_3_disp_w': np.float64(0.35), 'sam_3_disp_h': np.float64(0.196875), 'sam_4': 'resources/images/medium/med_S1_4.jpg', 'sam_4_w': np.int64(1024), 'sam_4_h': np.int64(768), 'sam_4_disp_w': np.float64(0.35), 'sam_4_disp_h': np.float64(0.2625), 'sam_5': 'resources/images/medium/med_S1_5.jpg', 'sam_5_w': np.int64(1024), 'sam_5_h': np.int64(768), 'sam_5_disp_w': np.float64(0.35), 'sam_5_disp_h': np.float64(0.2625), 'img_targ': 'resources/images/medium/med_T1.jpg', 'targ_w': np.int64(1024), 'targ_h': np.int64(768), 'targ_disp_w': np.float64(0.35), 'targ_disp_h': np.float64(0.2625), 'thisN': 0, 'thisTrialN': 0, 'thisRepN': 0}>
12.9616 	DATA 	Keypress: space
12.9682 	INFO 	Keyboard events cleared
12.9681 	EXP 	welcome_message: autoDraw = False
12.9681 	EXP 	M_query: image = 'resources/images/medium/med_Q1.jpg'
12.9681 	EXP 	img1: image = 'resources/images/medium/med_S1_1.jpg'
12.9681 	EXP 	img2: image = 'resources/images/medium/med_S1_2.jpg'
12.9681 	EXP 	img3: image = 'resources/images/medium/med_S1_3.jpg'
12.9681 	EXP 	img4: image = 'resources/images/medium/med_S1_4.jpg'
12.9681 	EXP 	img5: image = 'resources/images/medium/med_S1_5.jpg'
12.9681 	EXP 	img6: image = 'resources/images/medium/med_T1.jpg'
12.9681 	EXP 	M_query: autoDraw = True
12.9681 	EXP 	img1: autoDraw = True
12.9681 	EXP 	img2: autoDraw = True
12.9681 	EXP 	img3: autoDraw = True
12.9681 	EXP 	img4: autoDraw = True
12.9681 	EXP 	img5: autoDraw = True
12.9681 	EXP 	img6: autoDraw = True
13.1074 	DATA 	Mouse: Left button down, pos=(728,512)
13.1908 	DATA 	Mouse:  Left button up, pos=(728,512)
23.7265 	DATA 	Mouse: wheel shift=(0,0), pos=(818,468)
23.7745 	DATA 	Mouse: wheel shift=(0,0), pos=(818,468)
63.0468 	DATA 	Mouse: Left button down, pos=(1196,526)
63.1612 	DATA 	Mouse:  Left button up, pos=(1196,526)
63.9773 	EXP 	Device response: <KeyPress from None: t=63.970353166005225, value=space, duration=None>
63.9781 	EXP 	New trial (rep=0, index=1): <Trial 1 (1 in rep 0) data={'img_query': 'resources/images/medium/med_Q2.jpg', 'img_query_w': np.int64(1024), 'img_query_h': np.int64(768), 'img_query_disp_w': np.float64(0.35), 'img_query_disp_h': np.float64(0.2625), 'sam_1': 'resources/images/medium/med_S2_1.jpg', 'sam_1_w': np.int64(768), 'sam_1_h': np.int64(1024), 'sam_1_disp_w': np.float64(0.2625), 'sam_1_disp_h': np.float64(0.35), 'sam_2': 'resources/images/medium/med_S2_2.jpg', 'sam_2_w': np.int64(350), 'sam_2_h': np.int64(233), 'sam_2_disp_w': np.float64(0.35), 'sam_2_disp_h': np.float64(0.233), 'sam_3': 'resources/images/medium/med_S2_3.jpg', 'sam_3_w': np.int64(1024), 'sam_3_h': np.int64(768), 'sam_3_disp_w': np.float64(0.35), 'sam_3_disp_h': np.float64(0.2625), 'sam_4': 'resources/images/medium/med_S2_4.jpg', 'sam_4_w': np.int64(350), 'sam_4_h': np.int64(234), 'sam_4_disp_w': np.float64(0.35), 'sam_4_disp_h': np.float64(0.234), 'sam_5': 'resources/images/medium/med_S2_5.jpg', 'sam_5_w': np.int64(1024), 'sam_5_h': np.int64(768), 'sam_5_disp_w': np.float64(0.35), 'sam_5_disp_h': np.float64(0.2625), 'img_targ': 'resources/images/medium/med_T2.jpg', 'targ_w': np.int64(4032), 'targ_h': np.int64(2268), 'targ_disp_w': np.float64(0.35), 'targ_disp_h': np.float64(0.196875), 'thisN': 1, 'thisTrialN': 1, 'thisRepN': 0}>
64.1500 	EXP 	Device response: <KeyPress from None: t=63.970353166005225, value=space, duration=0.09212841700355057>
64.1554 	DATA 	Keypress: space
64.1590 	INFO 	Keyboard events cleared
64.1589 	EXP 	M_query: autoDraw = False
64.1589 	EXP 	img1: autoDraw = False
64.1589 	EXP 	img2: autoDraw = False
64.1589 	EXP 	img3: autoDraw = False
64.1589 	EXP 	img4: autoDraw = False
64.1589 	EXP 	img5: autoDraw = False
64.1589 	EXP 	img6: autoDraw = False
64.1589 	EXP 	M_query: image = 'resources/images/medium/med_Q2.jpg'
64.1589 	EXP 	img1: image = 'resources/images/medium/med_S2_1.jpg'
64.1589 	EXP 	img2: image = 'resources/images/medium/med_S2_2.jpg'
64.1589 	EXP 	img3: image = 'resources/images/medium/med_S2_3.jpg'
64.1589 	EXP 	img4: image = 'resources/images/medium/med_S2_4.jpg'
64.1589 	EXP 	img5: image = 'resources/images/medium/med_S2_5.jpg'
64.1589 	EXP 	img6: image = 'resources/images/medium/med_T2.jpg'
64.1589 	EXP 	M_query: autoDraw = True
64.1589 	EXP 	img1: autoDraw = True
64.1589 	EXP 	img2: autoDraw = True
64.1589 	EXP 	img3: autoDraw = True
64.1589 	EXP 	img4: autoDraw = True
64.1589 	EXP 	img5: autoDraw = True
64.1589 	EXP 	img6: autoDraw = True
65.9139 	EXP 	Device response: <KeyPress from None: t=65.91101954100304, value=space, duration=None>
65.9144 	EXP 	New trial (rep=0, index=2): <Trial 2 (2 in rep 0) data={'img_query': 'resources/images/medium/med_Q5.jpg', 'img_query_w': np.int64(1024), 'img_query_h': np.int64(768), 'img_query_disp_w': np.float64(0.35), 'img_query_disp_h': np.float64(0.2625), 'sam_1': 'resources/images/medium/med_S5_1.jpg', 'sam_1_w': np.int64(768), 'sam_1_h': np.int64(1024), 'sam_1_disp_w': np.float64(0.2625), 'sam_1_disp_h': np.float64(0.35), 'sam_2': 'resources/images/medium/med_S5_2.jpg', 'sam_2_w': np.int64(350), 'sam_2_h': np.int64(233), 'sam_2_disp_w': np.float64(0.35), 'sam_2_disp_h': np.float64(0.233), 'sam_3': 'resources/images/medium/med_S5_3.jpg', 'sam_3_w': np.int64(2592), 'sam_3_h': np.int64(4608), 'sam_3_disp_w': np.float64(0.196875), 'sam_3_disp_h': np.float64(0.35), 'sam_4': 'resources/images/medium/med_S5_4.jpg', 'sam_4_w': np.int64(350), 'sam_4_h': np.int64(208), 'sam_4_disp_w': np.float64(0.35), 'sam_4_disp_h': np.float64(0.208), 'sam_5': 'resources/images/medium/med_S5_5.jog', 'sam_5_w': np.int64(350), 'sam_5_h': np.int64(233), 'sam_5_disp_w': np.float64(0.35), 'sam_5_disp_h': np.float64(0.233), 'img_targ': 'resources/images/medium/med_T5.jpg', 'targ_w': np.int64(768), 'targ_h': np.int64(1024), 'targ_disp_w': np.float64(0.2625), 'targ_disp_h': np.float64(0.35), 'thisN': 2, 'thisTrialN': 2, 'thisRepN': 0}>
66.0819 	ERROR 	Couldn't find image resources/images/medium/med_S5_5.jog; check path? (tried: /Users/marcogiven/Desktop/projects/S25_SURE/colorStudyPilot/resources/images/medium/med_S5_5.jog)
66.0932 	INFO 	saved data to /Users/marcogiven/Desktop/projects/S25_SURE/colorStudyPilot/data/_pilot_study_2025-06-27_10h58.50.060.psydat
66.0937 	INFO 	saved data to '/Users/marcogiven/Desktop/projects/S25_SURE/colorStudyPilot/data/_pilot_study_2025-06-27_10h58.50.060.csv'
66.0947 	WARNING 	Stopping key buffers but this could be dangerous ifother keyboards rely on the same.
66.0948 	WARNING 	Stopping key buffers but this could be dangerous ifother keyboards rely on the same.
66.0948 	WARNING 	Stopping key buffers but this could be dangerous ifother keyboards rely on the same.
