17.3274 	WARNING 	Font Manager failed to load file /System/Library/PrivateFrameworks/FontServices.framework/Resources/Reserved/PingFangUI.ttc
17.5666 	WARNING 	Font Manager failed to load file /System/Library/PrivateFrameworks/FontServices.framework/Resources/Reserved/PingFangUI.ttc
19.7461 	INFO 	Loaded monitor calibration from ['2025_06_12 14:42']
19.8816 	INFO 	Using renderer 'Apple M1 Pro' for graphics
19.8816 	INFO 	OpenGL version supported by driver is 2..
19.9138 	EXP 	Created window1 = Window(allowGUI=True, allowStencil=False, autoLog=True, backendConf=UNKNOWN, backgroundFit=<method-wrapper '__getattribute__' of attributeSetter object at 0x157aa4880>, backgroundImage=<method-wrapper '__getattribute__' of attributeSetter object at 0x157aa48e0>, bitsMode=UNKNOWN, blendMode='avg', bpc=(8, 8, 8), color=array([0, 0, 0]), colorSpace='rgb', depthBits=8, fullscr=False, gamma=None, gammaErrorPolicy='raise', infoMsg=UNKNOWN, lms=UNKNOWN, monitor=<psychopy.monitors.calibTools.Monitor object at 0x157c34b20>, multiSample=False, name='window1', numSamples=2, pos=[np.float64(260.0), np.float64(224.5)], screen=0, size=array([2560, 1440]), stencilBits=0, stereo=False, title='PsychoPy', units='height', useFBO=True, useRetina=True, viewOri=0.0, viewPos=None, viewScale=None, waitBlanking=True, winType='pyglet')
19.9139 	EXP 	window1: backgroundImage = ''
19.9139 	EXP 	window1: backgroundFit = 'none'
20.5053 	INFO 	keyboard.Keyboard is using ptb backend.
20.6770 	INFO 	keyboard.Keyboard is using ptb backend.
20.7663 	INFO 	keyboard.Keyboard is using ptb backend.
20.8576 	INFO 	keyboard.Keyboard is using ptb backend.
20.9464 	INFO 	keyboard.Keyboard is using ptb backend.
21.0353 	INFO 	keyboard.Keyboard is using ptb backend.
21.1239 	INFO 	keyboard.Keyboard is using ptb backend.
21.2129 	INFO 	keyboard.Keyboard is using ptb backend.
21.2129 	EXP 	pilot_study: status = STARTED
21.2542 	EXP 	Created welcome_message = TextStim(__class__=<class 'psychopy.visual.text.TextStim'>, alignHoriz=method-wrapper(...), alignText='center', alignVert=method-wrapper(...), anchorHoriz='center', anchorVert='center', antialias=True, autoDraw=False, autoLog=True, bold=False, color=array([1., 1., 1.]), colorSpace='rgb', contrast=1.0, depth=0.0, draggable=False, flipHoriz=False, flipVert=False, font='Arial', fontFiles=[], height=np.float64(0.05), italic=False, languageStyle='LTR', name='welcome_message', opacity=1, ori=0.0, pos=array([0., 0.]), rgb=UNKNOWN, text=str(...), units='height', win=Window(...), wrapWidth=1)
21.2604 	EXP 	Created ask_consent = TextStim(__class__=<class 'psychopy.visual.text.TextStim'>, alignHoriz=method-wrapper(...), alignText='center', alignVert=method-wrapper(...), anchorHoriz='center', anchorVert='center', antialias=True, autoDraw=False, autoLog=True, bold=False, color=array([1., 1., 1.]), colorSpace='rgb', contrast=1.0, depth=0.0, draggable=False, flipHoriz=False, flipVert=False, font='Arial', fontFiles=[], height=np.float64(0.05), italic=False, languageStyle='LTR', name='ask_consent', opacity=1, ori=0.0, pos=array([0., 0.]), rgb=UNKNOWN, text=str(...), units='height', win=Window(...), wrapWidth=1)
21.2689 	EXP 	Created text_3 = TextStim(__class__=<class 'psychopy.visual.text.TextStim'>, alignHoriz=method-wrapper(...), alignText='center', alignVert=method-wrapper(...), anchorHoriz='center', anchorVert='center', antialias=True, autoDraw=False, autoLog=True, bold=False, color=array([1., 1., 1.]), colorSpace='rgb', contrast=1.0, depth=0.0, draggable=False, flipHoriz=False, flipVert=False, font='Arial', fontFiles=[], height=np.float64(0.05), italic=False, languageStyle='LTR', name='text_3', opacity=1, ori=0.0, pos=array([0., 0.]), rgb=UNKNOWN, text=str(...), units='height', win=Window(...), wrapWidth=1)
21.2873 	EXP 	Created imageEasy = ImageStim(__class__=<class 'psychopy.visual.image.ImageStim'>, anchor=('center', 'center'), autoLog=True, color=array([1., 1., 1.]), colorSpace='rgb', contrast=1.0, depth=0.0, draggable=False, flipHoriz=np.False_, flipVert=np.False_, image='default.png', interpolate=True, mask=None, maskParams=None, name='imageEasy', opacity=1, ori=0.0, pos=array([0., 0.]), size=array([1.8, 1. ]), texRes=128.0, units='height', win=Window(...))
21.2881 	EXP 	Created text = TextStim(__class__=<class 'psychopy.visual.text.TextStim'>, alignHoriz=method-wrapper(...), alignText='center', alignVert=method-wrapper(...), anchorHoriz='center', anchorVert='center', antialias=True, autoDraw=False, autoLog=True, bold=False, color=array([1., 1., 1.]), colorSpace='rgb', contrast=1.0, depth=0.0, draggable=False, flipHoriz=False, flipVert=False, font='Arial', fontFiles=[], height=np.float64(0.05), italic=False, languageStyle='LTR', name='text', opacity=1, ori=0.0, pos=array([0., 0.]), rgb=UNKNOWN, text='', units='height', win=Window(...), wrapWidth=1)
21.2926 	EXP 	Created text_4 = TextStim(__class__=<class 'psychopy.visual.text.TextStim'>, alignHoriz=method-wrapper(...), alignText='center', alignVert=method-wrapper(...), anchorHoriz='center', anchorVert='center', antialias=True, autoDraw=False, autoLog=True, bold=False, color=array([1., 1., 1.]), colorSpace='rgb', contrast=1.0, depth=0.0, draggable=False, flipHoriz=False, flipVert=False, font='Arial', fontFiles=[], height=np.float64(0.05), italic=False, languageStyle='LTR', name='text_4', opacity=1, ori=0.0, pos=array([0., 0.]), rgb=UNKNOWN, text='NEXT DIFFICULTY', units='height', win=Window(...), wrapWidth=1)
21.2960 	EXP 	Created image = ImageStim(__class__=<class 'psychopy.visual.image.ImageStim'>, anchor=('center', 'center'), autoLog=True, color=array([1., 1., 1.]), colorSpace='rgb', contrast=1.0, depth=0.0, draggable=False, flipHoriz=np.False_, flipVert=np.False_, image='default.png', interpolate=True, mask=None, maskParams=None, name='image', opacity=1, ori=0.0, pos=array([0., 0.]), size=array([1.8, 1. ]), texRes=128.0, units='height', win=Window(...))
21.2967 	EXP 	Created text = TextStim(__class__=<class 'psychopy.visual.text.TextStim'>, alignHoriz=method-wrapper(...), alignText='center', alignVert=method-wrapper(...), anchorHoriz='center', anchorVert='center', antialias=True, autoDraw=False, autoLog=True, bold=False, color=array([1., 1., 1.]), colorSpace='rgb', contrast=1.0, depth=0.0, draggable=False, flipHoriz=False, flipVert=False, font='Arial', fontFiles=[], height=np.float64(0.05), italic=False, languageStyle='LTR', name='text', opacity=1, ori=0.0, pos=array([0., 0.]), rgb=UNKNOWN, text='', units='height', win=Window(...), wrapWidth=1)
21.2984 	EXP 	Created text_4 = TextStim(__class__=<class 'psychopy.visual.text.TextStim'>, alignHoriz=method-wrapper(...), alignText='center', alignVert=method-wrapper(...), anchorHoriz='center', anchorVert='center', antialias=True, autoDraw=False, autoLog=True, bold=False, color=array([1., 1., 1.]), colorSpace='rgb', contrast=1.0, depth=0.0, draggable=False, flipHoriz=False, flipVert=False, font='Arial', fontFiles=[], height=np.float64(0.05), italic=False, languageStyle='LTR', name='text_4', opacity=1, ori=0.0, pos=array([0., 0.]), rgb=UNKNOWN, text='NEXT DIFFICULTY', units='height', win=Window(...), wrapWidth=1)
21.3015 	EXP 	Created imageHard = ImageStim(__class__=<class 'psychopy.visual.image.ImageStim'>, anchor=('center', 'center'), autoLog=True, color=array([1., 1., 1.]), colorSpace='rgb', contrast=1.0, depth=0.0, draggable=False, flipHoriz=np.False_, flipVert=np.False_, image='default.png', interpolate=True, mask=None, maskParams=None, name='imageHard', opacity=1, ori=0.0, pos=array([0., 0.]), size=array([1.8, 1. ]), texRes=128.0, units='height', win=Window(...))
21.3023 	EXP 	Created text = TextStim(__class__=<class 'psychopy.visual.text.TextStim'>, alignHoriz=method-wrapper(...), alignText='center', alignVert=method-wrapper(...), anchorHoriz='center', anchorVert='center', antialias=True, autoDraw=False, autoLog=True, bold=False, color=array([1., 1., 1.]), colorSpace='rgb', contrast=1.0, depth=0.0, draggable=False, flipHoriz=False, flipVert=False, font='Arial', fontFiles=[], height=np.float64(0.05), italic=False, languageStyle='LTR', name='text', opacity=1, ori=0.0, pos=array([0., 0.]), rgb=UNKNOWN, text='', units='height', win=Window(...), wrapWidth=1)
21.3039 	EXP 	Created text_4 = TextStim(__class__=<class 'psychopy.visual.text.TextStim'>, alignHoriz=method-wrapper(...), alignText='center', alignVert=method-wrapper(...), anchorHoriz='center', anchorVert='center', antialias=True, autoDraw=False, autoLog=True, bold=False, color=array([1., 1., 1.]), colorSpace='rgb', contrast=1.0, depth=0.0, draggable=False, flipHoriz=False, flipVert=False, font='Arial', fontFiles=[], height=np.float64(0.05), italic=False, languageStyle='LTR', name='text_4', opacity=1, ori=0.0, pos=array([0., 0.]), rgb=UNKNOWN, text='NEXT DIFFICULTY', units='height', win=Window(...), wrapWidth=1)
21.3070 	EXP 	Created image2 = ImageStim(__class__=<class 'psychopy.visual.image.ImageStim'>, anchor=('center', 'center'), autoLog=True, color=array([1., 1., 1.]), colorSpace='rgb', contrast=1.0, depth=0.0, draggable=False, flipHoriz=np.False_, flipVert=np.False_, image='default.png', interpolate=True, mask=None, maskParams=None, name='image2', opacity=1, ori=0.0, pos=array([0., 0.]), size=array([1.8, 1. ]), texRes=128.0, units='height', win=Window(...))
21.3077 	EXP 	Created text = TextStim(__class__=<class 'psychopy.visual.text.TextStim'>, alignHoriz=method-wrapper(...), alignText='center', alignVert=method-wrapper(...), anchorHoriz='center', anchorVert='center', antialias=True, autoDraw=False, autoLog=True, bold=False, color=array([1., 1., 1.]), colorSpace='rgb', contrast=1.0, depth=0.0, draggable=False, flipHoriz=False, flipVert=False, font='Arial', fontFiles=[], height=np.float64(0.05), italic=False, languageStyle='LTR', name='text', opacity=1, ori=0.0, pos=array([0., 0.]), rgb=UNKNOWN, text='', units='height', win=Window(...), wrapWidth=1)
21.3110 	EXP 	Created end_message = TextStim(__class__=<class 'psychopy.visual.text.TextStim'>, alignHoriz=method-wrapper(...), alignText='center', alignVert=method-wrapper(...), anchorHoriz='center', anchorVert='center', antialias=True, autoDraw=False, autoLog=True, bold=False, color=array([1., 1., 1.]), colorSpace='rgb', contrast=1.0, depth=0.0, draggable=False, flipHoriz=False, flipVert=False, font='Arial', fontFiles=[], height=np.float64(0.05), italic=False, languageStyle='LTR', name='end_message', opacity=1, ori=0.0, pos=array([0., 0.]), rgb=UNKNOWN, text=str(...), units='height', win=Window(...), wrapWidth=1)
0.0544 	EXP 	welcome_message: autoDraw = True
0.7165 	DATA 	Mouse: Left button down, pos=(700,420)
0.8257 	DATA 	Mouse:  Left button up, pos=(700,420)
1.2545 	EXP 	Device response: <KeyPress from None: t=1.062393124011578, value=space, duration=None>
1.2547 	EXP 	Device response: <KeyPress from None: t=1.062393124011578, value=space, duration=0.10404700000071898>
1.2614 	DATA 	Keypress: space
1.2650 	EXP 	welcome_message: autoDraw = False
1.2650 	EXP 	ask_consent: autoDraw = True
1.9411 	EXP 	Device response: <KeyPress from None: t=1.9347856660024263, value=y, duration=None>
1.9503 	EXP 	Imported resources/image_match.xlsx as conditions, 2 conditions, 1 params
1.9511 	EXP 	New trial (rep=0, index=0): <Trial 0 (0 in rep 0) data={'spreadsheet_to_match': 'resources/image_match_easy.xlsx', 'thisN': 0, 'thisTrialN': 0, 'thisRepN': 0}>
1.9512 	EXP 	New trial (rep=0, index=1): <Trial 1 (1 in rep 0) data={'spreadsheet_to_match': 'resources/image_match_hard.xlsx', 'thisN': 1, 'thisTrialN': 1, 'thisRepN': 0}>
1.9564 	DATA 	Keypress: y
1.9594 	EXP 	ask_consent: autoDraw = False
1.9594 	EXP 	text_3: autoDraw = True
2.0133 	EXP 	Device response: <KeyPress from None: t=1.9347856660024263, value=y, duration=0.07206999999471009>
3.1883 	EXP 	Device response: <KeyPress from None: t=3.179117916006362, value=space, duration=None>
3.1960 	EXP 	Imported resources/easyTest.csv as conditions, 5 conditions, 2 params
3.1964 	EXP 	New trial (rep=0, index=0): <Trial 0 (0 in rep 0) data={'set_img': 'resources/images/easy/easy_2.png', 'correct': np.int64(5), 'thisN': 0, 'thisTrialN': 0, 'thisRepN': 0}>
3.3017 	EXP 	Device response: <KeyPress from None: t=3.179117916006362, value=space, duration=0.09584866699879058>
3.3042 	DATA 	Keypress: space
3.3072 	EXP 	text_3: autoDraw = False
3.3072 	EXP 	imageEasy: image = 'resources/images/easy/easy_2.png'
3.3072 	EXP 	imageEasy: autoDraw = True
4.0401 	EXP 	Device response: <KeyPress from None: t=4.0332922489906196, value=4, duration=None>
4.0460 	DATA 	Keypress: 4
4.0488 	EXP 	imageEasy: autoDraw = False
4.0488 	EXP 	text: autoDraw = True
4.1489 	EXP 	Device response: <KeyPress from None: t=4.0332922489906196, value=4, duration=0.10805558401625603>
5.0391 	EXP 	New trial (rep=0, index=1): <Trial 1 (1 in rep 0) data={'set_img': 'resources/images/easy/easy_1.png', 'correct': np.int64(6), 'thisN': 1, 'thisTrialN': 1, 'thisRepN': 0}>
5.1446 	EXP 	text: autoDraw = False
5.1446 	EXP 	text: autoDraw = False
5.1446 	EXP 	imageEasy: image = 'resources/images/easy/easy_1.png'
5.1446 	EXP 	imageEasy: autoDraw = True
5.3632 	EXP 	Device response: <KeyPress from None: t=5.360940915998071, value=4, duration=None>
5.3663 	EXP 	imageEasy: autoDraw = False
5.3663 	EXP 	text: autoDraw = True
5.3743 	DATA 	Keypress: 4
5.4747 	EXP 	Device response: <KeyPress from None: t=5.360940915998071, value=4, duration=0.11180729200714268>
6.3642 	EXP 	New trial (rep=0, index=2): <Trial 2 (2 in rep 0) data={'set_img': 'resources/images/easy/easy_4.png', 'correct': np.int64(1), 'thisN': 2, 'thisTrialN': 2, 'thisRepN': 0}>
6.4661 	EXP 	text: autoDraw = False
6.4661 	EXP 	imageEasy: image = 'resources/images/easy/easy_4.png'
6.4661 	EXP 	imageEasy: autoDraw = True
6.6548 	EXP 	Device response: <KeyPress from None: t=6.646681208017981, value=3, duration=None>
6.6571 	DATA 	Keypress: 3
6.6623 	EXP 	imageEasy: autoDraw = False
6.6623 	EXP 	text: autoDraw = True
6.7548 	EXP 	Device response: <KeyPress from None: t=6.646681208017981, value=3, duration=0.09985379097633995>
7.6471 	EXP 	New trial (rep=0, index=3): <Trial 3 (3 in rep 0) data={'set_img': 'resources/images/easy/easy_5.png', 'correct': np.int64(5), 'thisN': 3, 'thisTrialN': 3, 'thisRepN': 0}>
7.7488 	EXP 	text: autoDraw = False
7.7488 	EXP 	text: autoDraw = False
7.7488 	EXP 	imageEasy: image = 'resources/images/easy/easy_5.png'
7.7488 	EXP 	imageEasy: autoDraw = True
7.9466 	EXP 	Device response: <KeyPress from None: t=7.940708041016478, value=3, duration=None>
7.9491 	DATA 	Keypress: 3
7.9519 	EXP 	imageEasy: autoDraw = False
7.9519 	EXP 	text: autoDraw = True
8.0466 	EXP 	Device response: <KeyPress from None: t=7.940708041016478, value=3, duration=0.10405420800088905>
8.9480 	EXP 	New trial (rep=0, index=4): <Trial 4 (4 in rep 0) data={'set_img': 'resources/images/easy/easy_3.png', 'correct': np.int64(3), 'thisN': 4, 'thisTrialN': 4, 'thisRepN': 0}>
9.0431 	EXP 	text: autoDraw = False
9.0431 	EXP 	imageEasy: image = 'resources/images/easy/easy_3.png'
9.0431 	EXP 	imageEasy: autoDraw = True
9.1663 	EXP 	Device response: <KeyPress from None: t=9.164877333008917, value=2, duration=None>
9.1684 	DATA 	Keypress: 2
9.1793 	EXP 	imageEasy: autoDraw = False
9.1793 	EXP 	text: autoDraw = True
9.2968 	EXP 	Device response: <KeyPress from None: t=9.164877333008917, value=2, duration=0.11981995799578726>
10.1794 	EXP 	text: autoDraw = False
10.1794 	EXP 	text_4: autoDraw = True
12.1784 	EXP 	Imported resources/loopTest.csv as conditions, 5 conditions, 2 params
12.1790 	EXP 	New trial (rep=0, index=0): <Trial 0 (0 in rep 0) data={'set_img': 'resources/images/m2.jpg', 'correct': np.int64(1), 'thisN': 0, 'thisTrialN': 0, 'thisRepN': 0}>
12.2304 	EXP 	text_4: autoDraw = False
12.2304 	EXP 	image: image = 'resources/images/m2.jpg'
12.2304 	EXP 	image: autoDraw = True
12.5470 	EXP 	Device response: <KeyPress from None: t=12.540599999018013, value=4, duration=None>
12.5507 	DATA 	Keypress: 4
12.5539 	EXP 	image: autoDraw = False
12.5539 	EXP 	text: autoDraw = True
12.6611 	EXP 	Device response: <KeyPress from None: t=12.540599999018013, value=4, duration=0.11602387498714961>
13.5391 	EXP 	New trial (rep=0, index=1): <Trial 1 (1 in rep 0) data={'set_img': 'resources/images/m1.jpg', 'correct': np.int64(3), 'thisN': 1, 'thisTrialN': 1, 'thisRepN': 0}>
13.5829 	EXP 	text: autoDraw = False
13.5829 	EXP 	text: autoDraw = False
13.5829 	EXP 	image: image = 'resources/images/m1.jpg'
13.5829 	EXP 	image: autoDraw = True
13.8219 	EXP 	Device response: <KeyPress from None: t=13.811736623989418, value=3, duration=None>
13.8256 	DATA 	Keypress: 3
13.8290 	EXP 	image: autoDraw = False
13.8290 	EXP 	text: autoDraw = True
13.9746 	EXP 	Device response: <KeyPress from None: t=13.811736623989418, value=3, duration=0.15589029202237725>
14.8136 	EXP 	New trial (rep=0, index=2): <Trial 2 (2 in rep 0) data={'set_img': 'resources/images/m4.jpg', 'correct': np.int64(6), 'thisN': 2, 'thisTrialN': 2, 'thisRepN': 0}>
14.8533 	EXP 	text: autoDraw = False
14.8533 	EXP 	text: autoDraw = False
14.8533 	EXP 	image: image = 'resources/images/m4.jpg'
14.8533 	EXP 	image: autoDraw = True
14.9716 	EXP 	Device response: <KeyPress from None: t=14.96741841599578, value=5, duration=None>
14.9745 	DATA 	Keypress: 5
14.9787 	EXP 	image: autoDraw = False
14.9787 	EXP 	text: autoDraw = True
15.1220 	EXP 	Device response: <KeyPress from None: t=14.96741841599578, value=5, duration=0.15189745801035315>
15.9645 	EXP 	New trial (rep=0, index=3): <Trial 3 (3 in rep 0) data={'set_img': 'resources/images/m3.jpg', 'correct': np.int64(3), 'thisN': 3, 'thisTrialN': 3, 'thisRepN': 0}>
16.0057 	EXP 	text: autoDraw = False
16.0057 	EXP 	text: autoDraw = False
16.0057 	EXP 	image: image = 'resources/images/m3.jpg'
16.0057 	EXP 	image: autoDraw = True
16.3234 	EXP 	Device response: <KeyPress from None: t=16.309634333010763, value=1, duration=None>
16.3281 	DATA 	Keypress: 1
16.3320 	EXP 	image: autoDraw = False
16.3320 	EXP 	text: autoDraw = True
16.4301 	EXP 	Device response: <KeyPress from None: t=16.309634333010763, value=1, duration=0.10799154097912833>
17.3182 	EXP 	New trial (rep=0, index=4): <Trial 4 (4 in rep 0) data={'set_img': 'resources/images/m5.jpg', 'correct': np.int64(4), 'thisN': 4, 'thisTrialN': 4, 'thisRepN': 0}>
17.3582 	EXP 	text: autoDraw = False
17.3582 	EXP 	text: autoDraw = False
17.3582 	EXP 	image: image = 'resources/images/m5.jpg'
17.3582 	EXP 	image: autoDraw = True
17.3798 	EXP 	Device response: <KeyPress from None: t=17.37518595799338, value=2, duration=None>
17.3829 	EXP 	image: autoDraw = False
17.3829 	EXP 	text: autoDraw = True
17.3848 	DATA 	Keypress: 2
17.4715 	EXP 	Device response: <KeyPress from None: t=17.37518595799338, value=2, duration=0.09227512500365265>
18.3743 	EXP 	text: autoDraw = False
18.3743 	EXP 	text: autoDraw = False
18.3743 	EXP 	text_4: autoDraw = True
20.3655 	EXP 	Imported resources/hardTest.csv as conditions, 5 conditions, 2 params
20.3659 	EXP 	New trial (rep=0, index=0): <Trial 0 (0 in rep 0) data={'set_img': 'resources/images/hard/hard_5.png', 'correct': np.int64(2), 'thisN': 0, 'thisTrialN': 0, 'thisRepN': 0}>
20.4650 	EXP 	text_4: autoDraw = False
20.4650 	EXP 	text_4: autoDraw = False
20.4650 	EXP 	imageHard: image = 'resources/images/hard/hard_5.png'
20.4650 	EXP 	imageHard: autoDraw = True
20.7800 	EXP 	Device response: <KeyPress from None: t=20.76668574899668, value=3, duration=None>
20.7833 	DATA 	Keypress: 3
20.7871 	EXP 	imageHard: autoDraw = False
20.7871 	EXP 	text: autoDraw = True
20.8823 	EXP 	Device response: <KeyPress from None: t=20.76668574899668, value=3, duration=0.10812124999938533>
21.7807 	EXP 	New trial (rep=0, index=1): <Trial 1 (1 in rep 0) data={'set_img': 'resources/images/hard/hard_2.png', 'correct': np.int64(2), 'thisN': 1, 'thisTrialN': 1, 'thisRepN': 0}>
21.8848 	EXP 	text: autoDraw = False
21.8848 	EXP 	text: autoDraw = False
21.8848 	EXP 	imageHard: image = 'resources/images/hard/hard_2.png'
21.8848 	EXP 	imageHard: autoDraw = True
22.2300 	EXP 	Device response: <KeyPress from None: t=22.223796748992754, value=4, duration=None>
22.2331 	DATA 	Keypress: 4
22.2360 	EXP 	imageHard: autoDraw = False
22.2360 	EXP 	text: autoDraw = True
22.3050 	EXP 	Device response: <KeyPress from None: t=22.223796748992754, value=4, duration=0.07204141700640321>
23.0574 	EXP 	Device response: <KeyPress from None: t=23.04591979100951, value=3, duration=None>
23.0607 	DATA 	Keypress: 3
23.1571 	EXP 	Device response: <KeyPress from None: t=23.04591979100951, value=3, duration=0.10797195800114423>
23.2228 	EXP 	New trial (rep=0, index=2): <Trial 2 (2 in rep 0) data={'set_img': 'resources/images/hard/hard_1.png', 'correct': np.int64(5), 'thisN': 2, 'thisTrialN': 2, 'thisRepN': 0}>
23.3248 	EXP 	text: autoDraw = False
23.3248 	EXP 	text: autoDraw = False
23.3248 	EXP 	imageHard: image = 'resources/images/hard/hard_1.png'
23.3248 	EXP 	imageHard: autoDraw = True
23.6886 	EXP 	Device response: <KeyPress from None: t=23.67856345800101, value=3, duration=None>
23.6923 	DATA 	Keypress: 3
23.6956 	EXP 	imageHard: autoDraw = False
23.6956 	EXP 	text: autoDraw = True
23.7729 	EXP 	Device response: <KeyPress from None: t=23.67856345800101, value=3, duration=0.08397291600704193>
24.6893 	EXP 	New trial (rep=0, index=3): <Trial 3 (3 in rep 0) data={'set_img': 'resources/images/hard/hard_4.png', 'correct': np.int64(4), 'thisN': 3, 'thisTrialN': 3, 'thisRepN': 0}>
24.7859 	EXP 	text: autoDraw = False
24.7859 	EXP 	text: autoDraw = False
24.7859 	EXP 	imageHard: image = 'resources/images/hard/hard_4.png'
24.7859 	EXP 	imageHard: autoDraw = True
25.1135 	EXP 	Device response: <KeyPress from None: t=25.098762498993892, value=1, duration=None>
25.1169 	DATA 	Keypress: 1
25.1205 	EXP 	imageHard: autoDraw = False
25.1205 	EXP 	text: autoDraw = True
25.2136 	EXP 	Device response: <KeyPress from None: t=25.098762498993892, value=1, duration=0.10397070902399719>
26.1055 	EXP 	New trial (rep=0, index=4): <Trial 4 (4 in rep 0) data={'set_img': 'resources/images/hard/hard_3.png', 'correct': np.int64(1), 'thisN': 4, 'thisTrialN': 4, 'thisRepN': 0}>
26.2088 	EXP 	text: autoDraw = False
26.2088 	EXP 	text: autoDraw = False
26.2088 	EXP 	imageHard: image = 'resources/images/hard/hard_3.png'
26.2088 	EXP 	imageHard: autoDraw = True
26.6115 	EXP 	Device response: <KeyPress from None: t=26.607989665993955, value=2, duration=None>
26.6162 	EXP 	imageHard: autoDraw = False
26.6162 	EXP 	text: autoDraw = True
26.6190 	DATA 	Keypress: 2
26.6975 	EXP 	Device response: <KeyPress from None: t=26.607989665993955, value=2, duration=0.08404004201292992>
27.6105 	EXP 	text: autoDraw = False
27.6105 	EXP 	text: autoDraw = False
27.6105 	EXP 	text_4: autoDraw = True
29.6106 	EXP 	Imported resources/impTest.csv as conditions, 5 conditions, 2 params
29.6110 	EXP 	New trial (rep=0, index=0): <Trial 0 (0 in rep 0) data={'set_img2': 'resources/images/i2.jpg', 'correct2': np.int64(1), 'thisN': 0, 'thisTrialN': 0, 'thisRepN': 0}>
29.6502 	EXP 	text_4: autoDraw = False
29.6502 	EXP 	text_4: autoDraw = False
29.6502 	EXP 	image2: image = 'resources/images/i2.jpg'
29.6502 	EXP 	image2: autoDraw = True
30.4744 	EXP 	Device response: <KeyPress from None: t=30.469380208000075, value=1, duration=None>
30.4780 	DATA 	Keypress: 1
30.4814 	EXP 	image2: autoDraw = False
30.4814 	EXP 	text: autoDraw = True
30.5469 	EXP 	Device response: <KeyPress from None: t=30.469380208000075, value=1, duration=0.07596312501118518>
31.4724 	EXP 	New trial (rep=0, index=1): <Trial 1 (1 in rep 0) data={'set_img2': 'resources/images/i4.jpg', 'correct2': np.int64(3), 'thisN': 1, 'thisTrialN': 1, 'thisRepN': 0}>
31.5134 	EXP 	text: autoDraw = False
31.5134 	EXP 	text: autoDraw = False
31.5134 	EXP 	image2: image = 'resources/images/i4.jpg'
31.5134 	EXP 	image2: autoDraw = True
32.0236 	EXP 	Device response: <KeyPress from None: t=32.01763904100517, value=2, duration=None>
32.0275 	DATA 	Keypress: 2
32.0315 	EXP 	image2: autoDraw = False
32.0315 	EXP 	text: autoDraw = True
32.1149 	EXP 	Device response: <KeyPress from None: t=32.01763904100517, value=2, duration=0.07978908298537135>
33.0190 	EXP 	New trial (rep=0, index=2): <Trial 2 (2 in rep 0) data={'set_img2': 'resources/images/i1.jpg', 'correct2': np.int64(2), 'thisN': 2, 'thisTrialN': 2, 'thisRepN': 0}>
33.0578 	EXP 	text: autoDraw = False
33.0578 	EXP 	text: autoDraw = False
33.0578 	EXP 	image2: image = 'resources/images/i1.jpg'
33.0578 	EXP 	image2: autoDraw = True
33.5410 	EXP 	Device response: <KeyPress from None: t=33.53541112400126, value=3, duration=None>
33.5447 	DATA 	Keypress: 3
33.5491 	EXP 	image2: autoDraw = False
33.5491 	EXP 	text: autoDraw = True
33.6345 	EXP 	Device response: <KeyPress from None: t=33.53541112400126, value=3, duration=0.0918635840062052>
34.5389 	EXP 	New trial (rep=0, index=3): <Trial 3 (3 in rep 0) data={'set_img2': 'resources/images/i3.jpg', 'correct2': np.int64(4), 'thisN': 3, 'thisTrialN': 3, 'thisRepN': 0}>
34.5788 	EXP 	text: autoDraw = False
34.5788 	EXP 	text: autoDraw = False
34.5788 	EXP 	image2: image = 'resources/images/i3.jpg'
34.5788 	EXP 	image2: autoDraw = True
35.0660 	EXP 	Device response: <KeyPress from None: t=35.06307145798928, value=2, duration=None>
35.0697 	DATA 	Keypress: 2
35.0750 	EXP 	image2: autoDraw = False
35.0750 	EXP 	text: autoDraw = True
35.1638 	EXP 	Device response: <KeyPress from None: t=35.06307145798928, value=2, duration=0.09609150001779199>
36.0716 	EXP 	New trial (rep=0, index=4): <Trial 4 (4 in rep 0) data={'set_img2': 'resources/images/i5.jpg', 'correct2': np.int64(5), 'thisN': 4, 'thisTrialN': 4, 'thisRepN': 0}>
36.0976 	EXP 	text: autoDraw = False
36.0976 	EXP 	image2: image = 'resources/images/i5.jpg'
36.0976 	EXP 	image2: autoDraw = True
36.5410 	EXP 	Device response: <KeyPress from None: t=36.534922958002426, value=3, duration=None>
36.5448 	DATA 	Keypress: 3
36.5477 	EXP 	image2: autoDraw = False
36.5477 	EXP 	text: autoDraw = True
36.6268 	EXP 	Device response: <KeyPress from None: t=36.534922958002426, value=3, duration=0.08395437500439584>
37.5387 	EXP 	text: autoDraw = False
37.5387 	EXP 	text: autoDraw = False
37.5387 	EXP 	end_message: autoDraw = True
37.9988 	EXP 	Device response: <KeyPress from None: t=37.9915357909922, value=escape, duration=None>
38.0376 	DATA 	Keypress: escape
38.0959 	EXP 	Device response: <KeyPress from None: t=37.9915357909922, value=escape, duration=0.09999929202604108>
38.0959 	EXP 	pilot_study: status = STOPPED
38.0980 	EXP 	end_message: autoDraw = False
38.0980 	EXP 	pilot_study: status = STOPPED
38.1054 	INFO 	saved data to '/Users/marcogiven/Desktop/projects/S25_SURE/colorStudyPilot/data/_pilot_study_2025-06-30_10h34.44.238.csv'
38.1062 	INFO 	saved data to /Users/marcogiven/Desktop/projects/S25_SURE/colorStudyPilot/data/_pilot_study_2025-06-30_10h34.44.238.psydat
38.2300 	WARNING 	Stopping key buffers but this could be dangerous ifother keyboards rely on the same.
38.2301 	WARNING 	Stopping key buffers but this could be dangerous ifother keyboards rely on the same.
38.2301 	WARNING 	Stopping key buffers but this could be dangerous ifother keyboards rely on the same.
38.2301 	WARNING 	Stopping key buffers but this could be dangerous ifother keyboards rely on the same.
38.2301 	WARNING 	Stopping key buffers but this could be dangerous ifother keyboards rely on the same.
38.2301 	WARNING 	Stopping key buffers but this could be dangerous ifother keyboards rely on the same.
38.2301 	WARNING 	Stopping key buffers but this could be dangerous ifother keyboards rely on the same.
38.2301 	WARNING 	Stopping key buffers but this could be dangerous ifother keyboards rely on the same.
