17.6613 	WARNING 	Font Manager failed to load file /System/Library/PrivateFrameworks/FontServices.framework/Resources/Reserved/PingFangUI.ttc
17.9152 	WARNING 	Font Manager failed to load file /System/Library/PrivateFrameworks/FontServices.framework/Resources/Reserved/PingFangUI.ttc
19.3683 	INFO 	Loaded monitor calibration from ['2025_06_12 14:42']
19.5048 	INFO 	Using renderer 'Apple M1 Pro' for graphics
19.5048 	INFO 	OpenGL version supported by driver is 2..
19.5377 	EXP 	Created window1 = Window(allowGUI=True, allowStencil=False, autoLog=True, backendConf=UNKNOWN, backgroundFit=<method-wrapper '__getattribute__' of attributeSetter object at 0x155b76620>, backgroundImage=<method-wrapper '__getattribute__' of attributeSetter object at 0x155b76680>, bitsMode=UNKNOWN, blendMode='avg', bpc=(8, 8, 8), color=array([0, 0, 0]), colorSpace='rgb', depthBits=8, fullscr=False, gamma=None, gammaErrorPolicy='raise', infoMsg=UNKNOWN, lms=UNKNOWN, monitor=<psychopy.monitors.calibTools.Monitor object at 0x155c47b20>, multiSample=False, name='window1', numSamples=2, pos=[np.float64(260.0), np.float64(224.5)], screen=0, size=array([2560, 1440]), stencilBits=0, stereo=False, title='PsychoPy', units='height', useFBO=True, useRetina=True, viewOri=0.0, viewPos=None, viewScale=None, waitBlanking=True, winType='pyglet')
19.5378 	EXP 	window1: backgroundImage = ''
19.5378 	EXP 	window1: backgroundFit = 'none'
20.1228 	INFO 	keyboard.Keyboard is using ptb backend.
20.3007 	INFO 	keyboard.Keyboard is using ptb backend.
20.3934 	INFO 	keyboard.Keyboard is using ptb backend.
20.3934 	EXP 	pilot_study: status = STARTED
20.4391 	EXP 	Created welcome_message = TextStim(__class__=<class 'psychopy.visual.text.TextStim'>, alignHoriz=method-wrapper(...), alignText='center', alignVert=method-wrapper(...), anchorHoriz='center', anchorVert='center', antialias=True, autoDraw=False, autoLog=True, bold=False, color=array([1., 1., 1.]), colorSpace='rgb', contrast=1.0, depth=0.0, draggable=False, flipHoriz=False, flipVert=False, font='Arial', fontFiles=[], height=np.float64(0.05), italic=False, languageStyle='LTR', name='welcome_message', opacity=1, ori=0.0, pos=array([0., 0.]), rgb=UNKNOWN, text=str(...), units='height', win=Window(...), wrapWidth=1)
20.4578 	EXP 	Created M_query = ImageStim(__class__=<class 'psychopy.visual.image.ImageStim'>, anchor=('center', 'center'), autoLog=True, color=array([1., 1., 1.]), colorSpace='rgb', contrast=1.0, depth=0.0, draggable=False, flipHoriz=np.False_, flipVert=np.False_, image='default.png', interpolate=True, mask=None, maskParams=None, name='M_query', opacity=1, ori=0.0, pos=array([0.  , 0.35]), size=array([1., 1.]), texRes=128.0, units='height', win=Window(...))
20.4611 	EXP 	Created M_top_left = ImageStim(__class__=<class 'psychopy.visual.image.ImageStim'>, anchor=('center', 'center'), autoLog=True, color=array([1., 1., 1.]), colorSpace='rgb', contrast=1.0, depth=-1.0, draggable=False, flipHoriz=np.False_, flipVert=np.False_, image='default.png', interpolate=True, mask=None, maskParams=None, name='M_top_left', opacity=1, ori=0.0, pos=array([0., 0.]), size=array([1., 1.]), texRes=128.0, units='height', win=Window(...))
20.4642 	EXP 	Created M_top_mid = ImageStim(__class__=<class 'psychopy.visual.image.ImageStim'>, anchor=('center', 'center'), autoLog=True, color=array([1., 1., 1.]), colorSpace='rgb', contrast=1.0, depth=-2.0, draggable=False, flipHoriz=np.False_, flipVert=np.False_, image='default.png', interpolate=True, mask=None, maskParams=None, name='M_top_mid', opacity=1, ori=0.0, pos=array([0., 0.]), size=array([1., 1.]), texRes=128.0, units='height', win=Window(...))
20.4674 	EXP 	Created M_top_right = ImageStim(__class__=<class 'psychopy.visual.image.ImageStim'>, anchor=('center', 'center'), autoLog=True, color=array([1., 1., 1.]), colorSpace='rgb', contrast=1.0, depth=-3.0, draggable=True, flipHoriz=np.False_, flipVert=np.False_, image='default.png', interpolate=True, mask=None, maskParams=None, name='M_top_right', opacity=1, ori=0.0, pos=array([0., 0.]), size=array([1., 1.]), texRes=128.0, units='height', win=Window(...))
20.4704 	EXP 	Created M_bot_left = ImageStim(__class__=<class 'psychopy.visual.image.ImageStim'>, anchor=('center', 'center'), autoLog=True, color=array([1., 1., 1.]), colorSpace='rgb', contrast=1.0, depth=-4.0, draggable=False, flipHoriz=np.False_, flipVert=np.False_, image='default.png', interpolate=True, mask=None, maskParams=None, name='M_bot_left', opacity=1, ori=0.0, pos=array([0., 0.]), size=array([1., 1.]), texRes=128.0, units='height', win=Window(...))
20.4734 	EXP 	Created M_bot_mid = ImageStim(__class__=<class 'psychopy.visual.image.ImageStim'>, anchor=('center', 'center'), autoLog=True, color=array([1., 1., 1.]), colorSpace='rgb', contrast=1.0, depth=-5.0, draggable=False, flipHoriz=np.False_, flipVert=np.False_, image='default.png', interpolate=True, mask=None, maskParams=None, name='M_bot_mid', opacity=1, ori=0.0, pos=array([0., 0.]), size=array([1., 1.]), texRes=128.0, units='height', win=Window(...))
20.4764 	EXP 	Created M_bot_right = ImageStim(__class__=<class 'psychopy.visual.image.ImageStim'>, anchor=('center', 'center'), autoLog=True, color=array([1., 1., 1.]), colorSpace='rgb', contrast=1.0, depth=-6.0, draggable=False, flipHoriz=np.False_, flipVert=np.False_, image='default.png', interpolate=True, mask=None, maskParams=None, name='M_bot_right', opacity=1, ori=0.0, pos=array([0., 0.]), size=array([1., 1.]), texRes=128.0, units='height', win=Window(...))
20.4808 	EXP 	Created end_message = TextStim(__class__=<class 'psychopy.visual.text.TextStim'>, alignHoriz=method-wrapper(...), alignText='center', alignVert=method-wrapper(...), anchorHoriz='center', anchorVert='center', antialias=True, autoDraw=False, autoLog=True, bold=False, color=array([1., 1., 1.]), colorSpace='rgb', contrast=1.0, depth=0.0, draggable=False, flipHoriz=False, flipVert=False, font='Arial', fontFiles=[], height=np.float64(0.05), italic=False, languageStyle='LTR', name='end_message', opacity=1, ori=0.0, pos=array([0., 0.]), rgb=UNKNOWN, text=str(...), units='height', win=Window(...), wrapWidth=1)
0.0539 	EXP 	welcome_message: autoDraw = True
1.3629 	EXP 	Device response: <KeyPress from None: t=1.1754613329976564, value=space, duration=None>
1.3631 	EXP 	Device response: <KeyPress from None: t=1.1754613329976564, value=space, duration=0.08801970799686387>
1.3675 	EXP 	Imported resources/positions.csv as conditions, 5 conditions, 12 params
1.3679 	EXP 	New trial (rep=0, index=0): <Trial 0 (0 in rep 0) data={'pos1_x': np.float64(0.55), 'pos1_y': np.float64(-0.35), 'pos2_x': np.float64(0.55), 'pos2_y': np.float64(0.0), 'pos3_x': np.float64(0.0), 'pos3_y': np.float64(-0.35), 'pos4_x': np.float64(-0.55), 'pos4_y': np.float64(0.0), 'pos5_x': np.float64(0.0), 'pos5_y': np.float64(0.0), 'pos6_x': np.float64(-0.55), 'pos6_y': np.float64(-0.35), 'thisN': 0, 'thisTrialN': 0, 'thisRepN': 0}>
1.3720 	EXP 	Imported resources/midLoop.csv as conditions, 5 conditions, 35 params
1.3722 	EXP 	New trial (rep=0, index=0): <Trial 0 (0 in rep 0) data={'img_query': 'resources/images/medium/med_Q4.jpg', 'img_query_w': np.int64(768), 'img_query_h': np.int64(1024), 'img_query_disp_w': np.float64(0.225), 'img_query_disp_h': np.float64(0.3), 'sam_1': 'resources/images/medium/med_S1_4.jpg', 'sam_1_w': np.int64(1024), 'sam_1_h': np.int64(768), 'sam_1_disp_w': np.float64(0.3), 'sam_1_disp_h': np.float64(0.225), 'sam_2': 'resources/images/medium/med_S2_4.jpg', 'sam_2_w': np.int64(350), 'sam_2_h': np.int64(234), 'sam_2_disp_w': np.float64(0.25), 'sam_2_disp_h': np.float64(0.167142857), 'sam_3': 'resources/images/medium/med_S3_4.jpg', 'sam_3_w': np.int64(350), 'sam_3_h': np.int64(341), 'sam_3_disp_w': np.float64(0.25), 'sam_3_disp_h': np.float64(0.243571429), 'sam_4': 'resources/images/medium/med_S4_4.jpg', 'sam_4_w': np.int64(768), 'sam_4_h': np.int64(1024), 'sam_4_disp_w': np.float64(0.1875), 'sam_4_disp_h': np.float64(0.25), 'sam_5': 'resources/images/medium/med_S5_4.jpg', 'sam_5_w': np.int64(350), 'sam_5_h': np.int64(208), 'sam_5_disp_w': np.float64(0.25), 'sam_5_disp_h': np.float64(0.148571429), 'img_targ': 'resources/images/medium/med_T4.jpg', 'targ_w': np.int64(768), 'targ_h': np.int64(1024), 'targ_disp_w': np.float64(0.1875), 'targ_disp_h': np.float64(0.25), 'thisN': 0, 'thisTrialN': 0, 'thisRepN': 0}>
1.4401 	INFO 	Keyboard events cleared
1.4400 	EXP 	welcome_message: autoDraw = False
1.4400 	EXP 	M_query: image = 'resources/images/medium/med_Q4.jpg'
1.4400 	EXP 	M_top_left: image = 'resources/images/medium/med_S1_4.jpg'
1.4400 	EXP 	M_top_mid: image = 'resources/images/medium/med_S2_4.jpg'
1.4400 	EXP 	M_top_right: image = 'resources/images/medium/med_S3_4.jpg'
1.4400 	EXP 	M_bot_left: image = 'resources/images/medium/med_S4_4.jpg'
1.4400 	EXP 	M_bot_mid: image = 'resources/images/medium/med_S5_4.jpg'
1.4400 	EXP 	M_bot_right: image = 'resources/images/medium/med_T4.jpg'
1.4400 	EXP 	M_query: autoDraw = True
1.4400 	EXP 	M_top_left: autoDraw = True
1.4400 	EXP 	M_top_mid: autoDraw = True
1.4400 	EXP 	M_top_right: autoDraw = True
1.4400 	EXP 	M_bot_left: autoDraw = True
1.4400 	EXP 	M_bot_mid: autoDraw = True
1.4400 	EXP 	M_bot_right: autoDraw = True
2.0908 	EXP 	Device response: <KeyPress from None: t=2.086335333005991, value=f2, duration=None>
2.6629 	EXP 	Device response: <KeyPress from None: t=2.086335333005991, value=f2, duration=0.5675253329973202>
3.2211 	EXP 	Device response: <KeyPress from None: t=3.218705833001877, value=f2, duration=None>
3.3410 	EXP 	Device response: <KeyPress from None: t=3.218705833001877, value=f2, duration=0.1161383750004461>
3.5213 	EXP 	Device response: <KeyPress from None: t=3.5076533740066225, value=f2, duration=None>
3.6210 	EXP 	Device response: <KeyPress from None: t=3.5076533740066225, value=f2, duration=0.11196908399870154>
4.1214 	EXP 	Device response: <KeyPress from None: t=4.119876416007173, value=f2, duration=None>
4.2559 	EXP 	Device response: <KeyPress from None: t=4.119876416007173, value=f2, duration=0.13201537499844562>
10.4403 	EXP 	Device response: <KeyPress from None: t=10.438035290993867, value=space, duration=None>
10.4414 	EXP 	New trial (rep=0, index=1): <Trial 1 (1 in rep 0) data={'img_query': 'resources/images/medium/med_Q5.jpg', 'img_query_w': np.int64(1024), 'img_query_h': np.int64(768), 'img_query_disp_w': np.float64(0.3), 'img_query_disp_h': np.float64(0.225), 'sam_1': 'resources/images/medium/med_S1_5.jpg', 'sam_1_w': np.int64(1024), 'sam_1_h': np.int64(768), 'sam_1_disp_w': np.float64(0.3), 'sam_1_disp_h': np.float64(0.225), 'sam_2': 'resources/images/medium/med_S2_5.jpg', 'sam_2_w': np.int64(1024), 'sam_2_h': np.int64(768), 'sam_2_disp_w': np.float64(0.25), 'sam_2_disp_h': np.float64(0.1875), 'sam_3': 'resources/images/medium/med_S3_5.jpg', 'sam_3_w': np.int64(3264), 'sam_3_h': np.int64(1840), 'sam_3_disp_w': np.float64(0.25), 'sam_3_disp_h': np.float64(0.140931373), 'sam_4': 'resources/images/medium/med_S4_5.jpg', 'sam_4_w': np.int64(768), 'sam_4_h': np.int64(1024), 'sam_4_disp_w': np.float64(0.1875), 'sam_4_disp_h': np.float64(0.25), 'sam_5': 'resources/images/medium/med_S5_5.jpg', 'sam_5_w': np.int64(350), 'sam_5_h': np.int64(233), 'sam_5_disp_w': np.float64(0.25), 'sam_5_disp_h': np.float64(0.166428571), 'img_targ': 'resources/images/medium/med_T5.jpg', 'targ_w': np.int64(768), 'targ_h': np.int64(1024), 'targ_disp_w': np.float64(0.1875), 'targ_disp_h': np.float64(0.25), 'thisN': 1, 'thisTrialN': 1, 'thisRepN': 0}>
10.5950 	EXP 	Device response: <KeyPress from None: t=10.438035290993867, value=space, duration=0.08386566700937692>
10.6037 	INFO 	Keyboard events cleared
10.6035 	EXP 	M_query: autoDraw = False
10.6035 	EXP 	M_top_left: autoDraw = False
10.6035 	EXP 	M_top_mid: autoDraw = False
10.6035 	EXP 	M_top_right: autoDraw = False
10.6035 	EXP 	M_bot_left: autoDraw = False
10.6035 	EXP 	M_bot_mid: autoDraw = False
10.6035 	EXP 	M_bot_right: autoDraw = False
10.6035 	EXP 	M_query: image = 'resources/images/medium/med_Q5.jpg'
10.6035 	EXP 	M_top_left: image = 'resources/images/medium/med_S1_5.jpg'
10.6035 	EXP 	M_top_mid: image = 'resources/images/medium/med_S2_5.jpg'
10.6035 	EXP 	M_top_right: image = 'resources/images/medium/med_S3_5.jpg'
10.6035 	EXP 	M_bot_left: image = 'resources/images/medium/med_S4_5.jpg'
10.6035 	EXP 	M_bot_mid: image = 'resources/images/medium/med_S5_5.jpg'
10.6035 	EXP 	M_bot_right: image = 'resources/images/medium/med_T5.jpg'
10.6035 	EXP 	M_query: autoDraw = True
10.6035 	EXP 	M_top_left: autoDraw = True
10.6035 	EXP 	M_top_mid: autoDraw = True
10.6035 	EXP 	M_top_right: autoDraw = True
10.6035 	EXP 	M_bot_left: autoDraw = True
10.6035 	EXP 	M_bot_mid: autoDraw = True
10.6035 	EXP 	M_bot_right: autoDraw = True
13.3650 	EXP 	Device response: <KeyPress from None: t=13.355535873997724, value=space, duration=None>
13.3660 	EXP 	New trial (rep=0, index=2): <Trial 2 (2 in rep 0) data={'img_query': 'resources/images/medium/med_Q2.jpg', 'img_query_w': np.int64(1024), 'img_query_h': np.int64(768), 'img_query_disp_w': np.float64(0.3), 'img_query_disp_h': np.float64(0.225), 'sam_1': 'resources/images/medium/med_S1_2.jpg', 'sam_1_w': np.int64(4032), 'sam_1_h': np.int64(3024), 'sam_1_disp_w': np.float64(0.3), 'sam_1_disp_h': np.float64(0.225), 'sam_2': 'resources/images/medium/med_S2_2.jpg', 'sam_2_w': np.int64(250), 'sam_2_h': np.int64(233), 'sam_2_disp_w': np.float64(0.25), 'sam_2_disp_h': np.float64(0.233), 'sam_3': 'resources/images/medium/med_S3_2.jpg', 'sam_3_w': np.int64(1024), 'sam_3_h': np.int64(768), 'sam_3_disp_w': np.float64(0.25), 'sam_3_disp_h': np.float64(0.1875), 'sam_4': 'resources/images/medium/med_S4_2.jpg', 'sam_4_w': np.int64(350), 'sam_4_h': np.int64(233), 'sam_4_disp_w': np.float64(0.25), 'sam_4_disp_h': np.float64(0.166428571), 'sam_5': 'resources/images/medium/med_S5_2.jpg', 'sam_5_w': np.int64(350), 'sam_5_h': np.int64(233), 'sam_5_disp_w': np.float64(0.25), 'sam_5_disp_h': np.float64(0.166428571), 'img_targ': 'resources/images/medium/med_T2.jpg', 'targ_w': np.int64(4032), 'targ_h': np.int64(2268), 'targ_disp_w': np.float64(0.25), 'targ_disp_h': np.float64(0.140625), 'thisN': 2, 'thisTrialN': 2, 'thisRepN': 0}>
13.6680 	EXP 	Device response: <KeyPress from None: t=13.355535873997724, value=space, duration=0.11204062499746215>
13.6730 	INFO 	Keyboard events cleared
13.6729 	EXP 	M_query: autoDraw = False
13.6729 	EXP 	M_top_left: autoDraw = False
13.6729 	EXP 	M_top_mid: autoDraw = False
13.6729 	EXP 	M_top_right: autoDraw = False
13.6729 	EXP 	M_bot_left: autoDraw = False
13.6729 	EXP 	M_bot_mid: autoDraw = False
13.6729 	EXP 	M_bot_right: autoDraw = False
13.6729 	EXP 	M_query: image = 'resources/images/medium/med_Q2.jpg'
13.6729 	EXP 	M_top_left: image = 'resources/images/medium/med_S1_2.jpg'
13.6729 	EXP 	M_top_mid: image = 'resources/images/medium/med_S2_2.jpg'
13.6729 	EXP 	M_top_right: image = 'resources/images/medium/med_S3_2.jpg'
13.6729 	EXP 	M_bot_left: image = 'resources/images/medium/med_S4_2.jpg'
13.6729 	EXP 	M_bot_mid: image = 'resources/images/medium/med_S5_2.jpg'
13.6729 	EXP 	M_bot_right: image = 'resources/images/medium/med_T2.jpg'
13.6729 	EXP 	M_query: autoDraw = True
13.6729 	EXP 	M_top_left: autoDraw = True
13.6729 	EXP 	M_top_mid: autoDraw = True
13.6729 	EXP 	M_top_right: autoDraw = True
13.6729 	EXP 	M_bot_left: autoDraw = True
13.6729 	EXP 	M_bot_mid: autoDraw = True
13.6729 	EXP 	M_bot_right: autoDraw = True
18.6448 	EXP 	Device response: <KeyPress from None: t=18.639272790998803, value=space, duration=None>
18.6458 	EXP 	New trial (rep=0, index=3): <Trial 3 (3 in rep 0) data={'img_query': 'resources/images/medium/med_Q1.jpg', 'img_query_w': np.int64(4032), 'img_query_h': np.int64(3024), 'img_query_disp_w': np.float64(0.3), 'img_query_disp_h': np.float64(0.225), 'sam_1': 'resources/images/medium/med_S1_1.jpg', 'sam_1_w': np.int64(768), 'sam_1_h': np.int64(1024), 'sam_1_disp_w': np.float64(0.225), 'sam_1_disp_h': np.float64(0.3), 'sam_2': 'resources/images/medium/med_S2_1.jpg', 'sam_2_w': np.int64(768), 'sam_2_h': np.int64(1024), 'sam_2_disp_w': np.float64(0.1875), 'sam_2_disp_h': np.float64(0.25), 'sam_3': 'resources/images/medium/med_S3_1.jpg', 'sam_3_w': np.int64(350), 'sam_3_h': np.int64(233), 'sam_3_disp_w': np.float64(0.25), 'sam_3_disp_h': np.float64(0.166428571), 'sam_4': 'resources/images/medium/med_S4_1.jpg', 'sam_4_w': np.int64(768), 'sam_4_h': np.int64(1024), 'sam_4_disp_w': np.float64(0.1875), 'sam_4_disp_h': np.float64(0.25), 'sam_5': 'resources/images/medium/med_S5_1.jpg', 'sam_5_w': np.int64(768), 'sam_5_h': np.int64(1040), 'sam_5_disp_w': np.float64(0.184615385), 'sam_5_disp_h': np.float64(0.25), 'img_targ': 'resources/images/medium/med_T1.jpg', 'targ_w': np.int64(1024), 'targ_h': np.int64(768), 'targ_disp_w': np.float64(0.25), 'targ_disp_h': np.float64(0.1875), 'thisN': 3, 'thisTrialN': 3, 'thisRepN': 0}>
18.8901 	EXP 	Device response: <KeyPress from None: t=18.639272790998803, value=space, duration=0.17608287499751896>
18.8952 	INFO 	Keyboard events cleared
18.8951 	EXP 	M_query: autoDraw = False
18.8951 	EXP 	M_top_left: autoDraw = False
18.8951 	EXP 	M_top_mid: autoDraw = False
18.8951 	EXP 	M_top_right: autoDraw = False
18.8951 	EXP 	M_bot_left: autoDraw = False
18.8951 	EXP 	M_bot_mid: autoDraw = False
18.8951 	EXP 	M_bot_right: autoDraw = False
18.8951 	EXP 	M_query: image = 'resources/images/medium/med_Q1.jpg'
18.8951 	EXP 	M_top_left: image = 'resources/images/medium/med_S1_1.jpg'
18.8951 	EXP 	M_top_mid: image = 'resources/images/medium/med_S2_1.jpg'
18.8951 	EXP 	M_top_right: image = 'resources/images/medium/med_S3_1.jpg'
18.8951 	EXP 	M_bot_left: image = 'resources/images/medium/med_S4_1.jpg'
18.8951 	EXP 	M_bot_mid: image = 'resources/images/medium/med_S5_1.jpg'
18.8951 	EXP 	M_bot_right: image = 'resources/images/medium/med_T1.jpg'
18.8951 	EXP 	M_query: autoDraw = True
18.8951 	EXP 	M_top_left: autoDraw = True
18.8951 	EXP 	M_top_mid: autoDraw = True
18.8951 	EXP 	M_top_right: autoDraw = True
18.8951 	EXP 	M_bot_left: autoDraw = True
18.8951 	EXP 	M_bot_mid: autoDraw = True
18.8951 	EXP 	M_bot_right: autoDraw = True
23.3397 	EXP 	Device response: <KeyPress from None: t=23.336446040993906, value=space, duration=None>
23.3404 	EXP 	New trial (rep=0, index=4): <Trial 4 (4 in rep 0) data={'img_query': 'resources/images/medium/med_Q3.jpg', 'img_query_w': np.int64(1024), 'img_query_h': np.int64(768), 'img_query_disp_w': np.float64(0.3), 'img_query_disp_h': np.float64(0.225), 'sam_1': 'resources/images/medium/med_S1_3.jpg', 'sam_1_w': np.int64(4160), 'sam_1_h': np.int64(2340), 'sam_1_disp_w': np.float64(0.3), 'sam_1_disp_h': np.float64(0.16875), 'sam_2': 'resources/images/medium/med_S2_3.jpg', 'sam_2_w': np.int64(1024), 'sam_2_h': np.int64(768), 'sam_2_disp_w': np.float64(0.25), 'sam_2_disp_h': np.float64(0.1875), 'sam_3': 'resources/images/medium/med_S3_3.jpg', 'sam_3_w': np.int64(1024), 'sam_3_h': np.int64(768), 'sam_3_disp_w': np.float64(0.25), 'sam_3_disp_h': np.float64(0.1875), 'sam_4': 'resources/images/medium/med_S4_3.jpg', 'sam_4_w': np.int64(350), 'sam_4_h': np.int64(197), 'sam_4_disp_w': np.float64(0.25), 'sam_4_disp_h': np.float64(0.140714286), 'sam_5': 'resources/images/medium/med_S5_3.jpg', 'sam_5_w': np.int64(2592), 'sam_5_h': np.int64(4608), 'sam_5_disp_w': np.float64(0.140625), 'sam_5_disp_h': np.float64(0.25), 'img_targ': 'resources/images/medium/med_T3.jpg', 'targ_w': np.int64(1024), 'targ_h': np.int64(768), 'targ_disp_w': np.float64(0.25), 'targ_disp_h': np.float64(0.1875), 'thisN': 4, 'thisTrialN': 4, 'thisRepN': 0}>
23.6182 	EXP 	Device response: <KeyPress from None: t=23.336446040993906, value=space, duration=0.10819150001043454>
23.6233 	INFO 	Keyboard events cleared
23.6233 	EXP 	M_query: autoDraw = False
23.6233 	EXP 	M_top_left: autoDraw = False
23.6233 	EXP 	M_top_mid: autoDraw = False
23.6233 	EXP 	M_top_right: autoDraw = False
23.6233 	EXP 	M_bot_left: autoDraw = False
23.6233 	EXP 	M_bot_mid: autoDraw = False
23.6233 	EXP 	M_bot_right: autoDraw = False
23.6233 	EXP 	M_query: image = 'resources/images/medium/med_Q3.jpg'
23.6233 	EXP 	M_top_left: image = 'resources/images/medium/med_S1_3.jpg'
23.6233 	EXP 	M_top_mid: image = 'resources/images/medium/med_S2_3.jpg'
23.6233 	EXP 	M_top_right: image = 'resources/images/medium/med_S3_3.jpg'
23.6233 	EXP 	M_bot_left: image = 'resources/images/medium/med_S4_3.jpg'
23.6233 	EXP 	M_bot_mid: image = 'resources/images/medium/med_S5_3.jpg'
23.6233 	EXP 	M_bot_right: image = 'resources/images/medium/med_T3.jpg'
23.6233 	EXP 	M_query: autoDraw = True
23.6233 	EXP 	M_top_left: autoDraw = True
23.6233 	EXP 	M_top_mid: autoDraw = True
23.6233 	EXP 	M_top_right: autoDraw = True
23.6233 	EXP 	M_bot_left: autoDraw = True
23.6233 	EXP 	M_bot_mid: autoDraw = True
23.6233 	EXP 	M_bot_right: autoDraw = True
27.6795 	EXP 	Device response: <KeyPress from None: t=27.67008933299803, value=space, duration=None>
27.6851 	EXP 	New trial (rep=0, index=1): <Trial 1 (1 in rep 0) data={'pos1_x': np.float64(0.0), 'pos1_y': np.float64(-0.35), 'pos2_x': np.float64(-0.55), 'pos2_y': np.float64(0.0), 'pos3_x': np.float64(0.55), 'pos3_y': np.float64(0.0), 'pos4_x': np.float64(0.55), 'pos4_y': np.float64(-0.35), 'pos5_x': np.float64(-0.55), 'pos5_y': np.float64(-0.35), 'pos6_x': np.float64(0.0), 'pos6_y': np.float64(0.0), 'thisN': 1, 'thisTrialN': 1, 'thisRepN': 0}>
27.6953 	EXP 	Imported resources/midLoop.csv as conditions, 5 conditions, 35 params
27.6957 	EXP 	New trial (rep=0, index=0): <Trial 0 (0 in rep 0) data={'img_query': 'resources/images/medium/med_Q3.jpg', 'img_query_w': np.int64(1024), 'img_query_h': np.int64(768), 'img_query_disp_w': np.float64(0.3), 'img_query_disp_h': np.float64(0.225), 'sam_1': 'resources/images/medium/med_S1_3.jpg', 'sam_1_w': np.int64(4160), 'sam_1_h': np.int64(2340), 'sam_1_disp_w': np.float64(0.3), 'sam_1_disp_h': np.float64(0.16875), 'sam_2': 'resources/images/medium/med_S2_3.jpg', 'sam_2_w': np.int64(1024), 'sam_2_h': np.int64(768), 'sam_2_disp_w': np.float64(0.25), 'sam_2_disp_h': np.float64(0.1875), 'sam_3': 'resources/images/medium/med_S3_3.jpg', 'sam_3_w': np.int64(1024), 'sam_3_h': np.int64(768), 'sam_3_disp_w': np.float64(0.25), 'sam_3_disp_h': np.float64(0.1875), 'sam_4': 'resources/images/medium/med_S4_3.jpg', 'sam_4_w': np.int64(350), 'sam_4_h': np.int64(197), 'sam_4_disp_w': np.float64(0.25), 'sam_4_disp_h': np.float64(0.140714286), 'sam_5': 'resources/images/medium/med_S5_3.jpg', 'sam_5_w': np.int64(2592), 'sam_5_h': np.int64(4608), 'sam_5_disp_w': np.float64(0.140625), 'sam_5_disp_h': np.float64(0.25), 'img_targ': 'resources/images/medium/med_T3.jpg', 'targ_w': np.int64(1024), 'targ_h': np.int64(768), 'targ_disp_w': np.float64(0.25), 'targ_disp_h': np.float64(0.1875), 'thisN': 0, 'thisTrialN': 0, 'thisRepN': 0}>
27.9262 	EXP 	Device response: <KeyPress from None: t=27.67008933299803, value=space, duration=0.09571541599871125>
27.9313 	INFO 	Keyboard events cleared
27.9312 	EXP 	M_query: autoDraw = False
27.9312 	EXP 	M_top_left: autoDraw = False
27.9312 	EXP 	M_top_mid: autoDraw = False
27.9312 	EXP 	M_top_right: autoDraw = False
27.9312 	EXP 	M_bot_left: autoDraw = False
27.9312 	EXP 	M_bot_mid: autoDraw = False
27.9312 	EXP 	M_bot_right: autoDraw = False
27.9312 	EXP 	M_query: image = 'resources/images/medium/med_Q3.jpg'
27.9312 	EXP 	M_top_left: image = 'resources/images/medium/med_S1_3.jpg'
27.9312 	EXP 	M_top_mid: image = 'resources/images/medium/med_S2_3.jpg'
27.9312 	EXP 	M_top_right: image = 'resources/images/medium/med_S3_3.jpg'
27.9312 	EXP 	M_bot_left: image = 'resources/images/medium/med_S4_3.jpg'
27.9312 	EXP 	M_bot_mid: image = 'resources/images/medium/med_S5_3.jpg'
27.9312 	EXP 	M_bot_right: image = 'resources/images/medium/med_T3.jpg'
27.9312 	EXP 	M_query: autoDraw = True
27.9312 	EXP 	M_top_left: autoDraw = True
27.9312 	EXP 	M_top_mid: autoDraw = True
27.9312 	EXP 	M_top_right: autoDraw = True
27.9312 	EXP 	M_bot_left: autoDraw = True
27.9312 	EXP 	M_bot_mid: autoDraw = True
27.9312 	EXP 	M_bot_right: autoDraw = True
30.5901 	EXP 	Device response: <KeyPress from None: t=30.58728574900306, value=space, duration=None>
30.5910 	EXP 	New trial (rep=0, index=1): <Trial 1 (1 in rep 0) data={'img_query': 'resources/images/medium/med_Q2.jpg', 'img_query_w': np.int64(1024), 'img_query_h': np.int64(768), 'img_query_disp_w': np.float64(0.3), 'img_query_disp_h': np.float64(0.225), 'sam_1': 'resources/images/medium/med_S1_2.jpg', 'sam_1_w': np.int64(4032), 'sam_1_h': np.int64(3024), 'sam_1_disp_w': np.float64(0.3), 'sam_1_disp_h': np.float64(0.225), 'sam_2': 'resources/images/medium/med_S2_2.jpg', 'sam_2_w': np.int64(250), 'sam_2_h': np.int64(233), 'sam_2_disp_w': np.float64(0.25), 'sam_2_disp_h': np.float64(0.233), 'sam_3': 'resources/images/medium/med_S3_2.jpg', 'sam_3_w': np.int64(1024), 'sam_3_h': np.int64(768), 'sam_3_disp_w': np.float64(0.25), 'sam_3_disp_h': np.float64(0.1875), 'sam_4': 'resources/images/medium/med_S4_2.jpg', 'sam_4_w': np.int64(350), 'sam_4_h': np.int64(233), 'sam_4_disp_w': np.float64(0.25), 'sam_4_disp_h': np.float64(0.166428571), 'sam_5': 'resources/images/medium/med_S5_2.jpg', 'sam_5_w': np.int64(350), 'sam_5_h': np.int64(233), 'sam_5_disp_w': np.float64(0.25), 'sam_5_disp_h': np.float64(0.166428571), 'img_targ': 'resources/images/medium/med_T2.jpg', 'targ_w': np.int64(4032), 'targ_h': np.int64(2268), 'targ_disp_w': np.float64(0.25), 'targ_disp_h': np.float64(0.140625), 'thisN': 1, 'thisTrialN': 1, 'thisRepN': 0}>
30.8494 	EXP 	Device response: <KeyPress from None: t=30.58728574900306, value=space, duration=0.11194225000508595>
30.8544 	INFO 	Keyboard events cleared
30.8543 	EXP 	M_query: autoDraw = False
30.8543 	EXP 	M_top_left: autoDraw = False
30.8543 	EXP 	M_top_mid: autoDraw = False
30.8543 	EXP 	M_top_right: autoDraw = False
30.8543 	EXP 	M_bot_left: autoDraw = False
30.8543 	EXP 	M_bot_mid: autoDraw = False
30.8543 	EXP 	M_bot_right: autoDraw = False
30.8543 	EXP 	M_query: image = 'resources/images/medium/med_Q2.jpg'
30.8543 	EXP 	M_top_left: image = 'resources/images/medium/med_S1_2.jpg'
30.8543 	EXP 	M_top_mid: image = 'resources/images/medium/med_S2_2.jpg'
30.8543 	EXP 	M_top_right: image = 'resources/images/medium/med_S3_2.jpg'
30.8543 	EXP 	M_bot_left: image = 'resources/images/medium/med_S4_2.jpg'
30.8543 	EXP 	M_bot_mid: image = 'resources/images/medium/med_S5_2.jpg'
30.8543 	EXP 	M_bot_right: image = 'resources/images/medium/med_T2.jpg'
30.8543 	EXP 	M_query: autoDraw = True
30.8543 	EXP 	M_top_left: autoDraw = True
30.8543 	EXP 	M_top_mid: autoDraw = True
30.8543 	EXP 	M_top_right: autoDraw = True
30.8543 	EXP 	M_bot_left: autoDraw = True
30.8543 	EXP 	M_bot_mid: autoDraw = True
30.8543 	EXP 	M_bot_right: autoDraw = True
31.9164 	EXP 	Device response: <KeyPress from None: t=31.909877415993833, value=space, duration=None>
31.9170 	EXP 	New trial (rep=0, index=2): <Trial 2 (2 in rep 0) data={'img_query': 'resources/images/medium/med_Q1.jpg', 'img_query_w': np.int64(4032), 'img_query_h': np.int64(3024), 'img_query_disp_w': np.float64(0.3), 'img_query_disp_h': np.float64(0.225), 'sam_1': 'resources/images/medium/med_S1_1.jpg', 'sam_1_w': np.int64(768), 'sam_1_h': np.int64(1024), 'sam_1_disp_w': np.float64(0.225), 'sam_1_disp_h': np.float64(0.3), 'sam_2': 'resources/images/medium/med_S2_1.jpg', 'sam_2_w': np.int64(768), 'sam_2_h': np.int64(1024), 'sam_2_disp_w': np.float64(0.1875), 'sam_2_disp_h': np.float64(0.25), 'sam_3': 'resources/images/medium/med_S3_1.jpg', 'sam_3_w': np.int64(350), 'sam_3_h': np.int64(233), 'sam_3_disp_w': np.float64(0.25), 'sam_3_disp_h': np.float64(0.166428571), 'sam_4': 'resources/images/medium/med_S4_1.jpg', 'sam_4_w': np.int64(768), 'sam_4_h': np.int64(1024), 'sam_4_disp_w': np.float64(0.1875), 'sam_4_disp_h': np.float64(0.25), 'sam_5': 'resources/images/medium/med_S5_1.jpg', 'sam_5_w': np.int64(768), 'sam_5_h': np.int64(1040), 'sam_5_disp_w': np.float64(0.184615385), 'sam_5_disp_h': np.float64(0.25), 'img_targ': 'resources/images/medium/med_T1.jpg', 'targ_w': np.int64(1024), 'targ_h': np.int64(768), 'targ_disp_w': np.float64(0.25), 'targ_disp_h': np.float64(0.1875), 'thisN': 2, 'thisTrialN': 2, 'thisRepN': 0}>
32.1126 	EXP 	Device response: <KeyPress from None: t=31.909877415993833, value=space, duration=0.11620537500130013>
32.1176 	INFO 	Keyboard events cleared
32.1175 	EXP 	M_query: autoDraw = False
32.1175 	EXP 	M_top_left: autoDraw = False
32.1175 	EXP 	M_top_mid: autoDraw = False
32.1175 	EXP 	M_top_right: autoDraw = False
32.1175 	EXP 	M_bot_left: autoDraw = False
32.1175 	EXP 	M_bot_mid: autoDraw = False
32.1175 	EXP 	M_bot_right: autoDraw = False
32.1175 	EXP 	M_query: image = 'resources/images/medium/med_Q1.jpg'
32.1175 	EXP 	M_top_left: image = 'resources/images/medium/med_S1_1.jpg'
32.1175 	EXP 	M_top_mid: image = 'resources/images/medium/med_S2_1.jpg'
32.1175 	EXP 	M_top_right: image = 'resources/images/medium/med_S3_1.jpg'
32.1175 	EXP 	M_bot_left: image = 'resources/images/medium/med_S4_1.jpg'
32.1175 	EXP 	M_bot_mid: image = 'resources/images/medium/med_S5_1.jpg'
32.1175 	EXP 	M_bot_right: image = 'resources/images/medium/med_T1.jpg'
32.1175 	EXP 	M_query: autoDraw = True
32.1175 	EXP 	M_top_left: autoDraw = True
32.1175 	EXP 	M_top_mid: autoDraw = True
32.1175 	EXP 	M_top_right: autoDraw = True
32.1175 	EXP 	M_bot_left: autoDraw = True
32.1175 	EXP 	M_bot_mid: autoDraw = True
32.1175 	EXP 	M_bot_right: autoDraw = True
32.4794 	EXP 	Device response: <KeyPress from None: t=32.478014541004086, value=space, duration=None>
32.4799 	EXP 	New trial (rep=0, index=3): <Trial 3 (3 in rep 0) data={'img_query': 'resources/images/medium/med_Q4.jpg', 'img_query_w': np.int64(768), 'img_query_h': np.int64(1024), 'img_query_disp_w': np.float64(0.225), 'img_query_disp_h': np.float64(0.3), 'sam_1': 'resources/images/medium/med_S1_4.jpg', 'sam_1_w': np.int64(1024), 'sam_1_h': np.int64(768), 'sam_1_disp_w': np.float64(0.3), 'sam_1_disp_h': np.float64(0.225), 'sam_2': 'resources/images/medium/med_S2_4.jpg', 'sam_2_w': np.int64(350), 'sam_2_h': np.int64(234), 'sam_2_disp_w': np.float64(0.25), 'sam_2_disp_h': np.float64(0.167142857), 'sam_3': 'resources/images/medium/med_S3_4.jpg', 'sam_3_w': np.int64(350), 'sam_3_h': np.int64(341), 'sam_3_disp_w': np.float64(0.25), 'sam_3_disp_h': np.float64(0.243571429), 'sam_4': 'resources/images/medium/med_S4_4.jpg', 'sam_4_w': np.int64(768), 'sam_4_h': np.int64(1024), 'sam_4_disp_w': np.float64(0.1875), 'sam_4_disp_h': np.float64(0.25), 'sam_5': 'resources/images/medium/med_S5_4.jpg', 'sam_5_w': np.int64(350), 'sam_5_h': np.int64(208), 'sam_5_disp_w': np.float64(0.25), 'sam_5_disp_h': np.float64(0.148571429), 'img_targ': 'resources/images/medium/med_T4.jpg', 'targ_w': np.int64(768), 'targ_h': np.int64(1024), 'targ_disp_w': np.float64(0.1875), 'targ_disp_h': np.float64(0.25), 'thisN': 3, 'thisTrialN': 3, 'thisRepN': 0}>
32.5610 	INFO 	Keyboard events cleared
32.5609 	EXP 	M_query: autoDraw = False
32.5609 	EXP 	M_top_left: autoDraw = False
32.5609 	EXP 	M_top_mid: autoDraw = False
32.5609 	EXP 	M_top_right: autoDraw = False
32.5609 	EXP 	M_bot_left: autoDraw = False
32.5609 	EXP 	M_bot_mid: autoDraw = False
32.5609 	EXP 	M_bot_right: autoDraw = False
32.5609 	EXP 	M_query: image = 'resources/images/medium/med_Q4.jpg'
32.5609 	EXP 	M_top_left: image = 'resources/images/medium/med_S1_4.jpg'
32.5609 	EXP 	M_top_mid: image = 'resources/images/medium/med_S2_4.jpg'
32.5609 	EXP 	M_top_right: image = 'resources/images/medium/med_S3_4.jpg'
32.5609 	EXP 	M_bot_left: image = 'resources/images/medium/med_S4_4.jpg'
32.5609 	EXP 	M_bot_mid: image = 'resources/images/medium/med_S5_4.jpg'
32.5609 	EXP 	M_bot_right: image = 'resources/images/medium/med_T4.jpg'
32.5609 	EXP 	M_query: autoDraw = True
32.5609 	EXP 	M_top_left: autoDraw = True
32.5609 	EXP 	M_top_mid: autoDraw = True
32.5609 	EXP 	M_top_right: autoDraw = True
32.5609 	EXP 	M_bot_left: autoDraw = True
32.5609 	EXP 	M_bot_mid: autoDraw = True
32.5609 	EXP 	M_bot_right: autoDraw = True
32.5786 	EXP 	Device response: <KeyPress from None: t=32.478014541004086, value=space, duration=0.09971162499277852>
32.9126 	EXP 	Device response: <KeyPress from None: t=32.90030649899563, value=space, duration=None>
32.9132 	EXP 	New trial (rep=0, index=4): <Trial 4 (4 in rep 0) data={'img_query': 'resources/images/medium/med_Q5.jpg', 'img_query_w': np.int64(1024), 'img_query_h': np.int64(768), 'img_query_disp_w': np.float64(0.3), 'img_query_disp_h': np.float64(0.225), 'sam_1': 'resources/images/medium/med_S1_5.jpg', 'sam_1_w': np.int64(1024), 'sam_1_h': np.int64(768), 'sam_1_disp_w': np.float64(0.3), 'sam_1_disp_h': np.float64(0.225), 'sam_2': 'resources/images/medium/med_S2_5.jpg', 'sam_2_w': np.int64(1024), 'sam_2_h': np.int64(768), 'sam_2_disp_w': np.float64(0.25), 'sam_2_disp_h': np.float64(0.1875), 'sam_3': 'resources/images/medium/med_S3_5.jpg', 'sam_3_w': np.int64(3264), 'sam_3_h': np.int64(1840), 'sam_3_disp_w': np.float64(0.25), 'sam_3_disp_h': np.float64(0.140931373), 'sam_4': 'resources/images/medium/med_S4_5.jpg', 'sam_4_w': np.int64(768), 'sam_4_h': np.int64(1024), 'sam_4_disp_w': np.float64(0.1875), 'sam_4_disp_h': np.float64(0.25), 'sam_5': 'resources/images/medium/med_S5_5.jpg', 'sam_5_w': np.int64(350), 'sam_5_h': np.int64(233), 'sam_5_disp_w': np.float64(0.25), 'sam_5_disp_h': np.float64(0.166428571), 'img_targ': 'resources/images/medium/med_T5.jpg', 'targ_w': np.int64(768), 'targ_h': np.int64(1024), 'targ_disp_w': np.float64(0.1875), 'targ_disp_h': np.float64(0.25), 'thisN': 4, 'thisTrialN': 4, 'thisRepN': 0}>
33.0409 	EXP 	Device response: <KeyPress from None: t=32.90030649899563, value=space, duration=0.06814745900919661>
33.0459 	INFO 	Keyboard events cleared
33.0458 	EXP 	M_query: autoDraw = False
33.0458 	EXP 	M_top_left: autoDraw = False
33.0458 	EXP 	M_top_mid: autoDraw = False
33.0458 	EXP 	M_top_right: autoDraw = False
33.0458 	EXP 	M_bot_left: autoDraw = False
33.0458 	EXP 	M_bot_mid: autoDraw = False
33.0458 	EXP 	M_bot_right: autoDraw = False
33.0458 	EXP 	M_query: image = 'resources/images/medium/med_Q5.jpg'
33.0458 	EXP 	M_top_left: image = 'resources/images/medium/med_S1_5.jpg'
33.0458 	EXP 	M_top_mid: image = 'resources/images/medium/med_S2_5.jpg'
33.0458 	EXP 	M_top_right: image = 'resources/images/medium/med_S3_5.jpg'
33.0458 	EXP 	M_bot_left: image = 'resources/images/medium/med_S4_5.jpg'
33.0458 	EXP 	M_bot_mid: image = 'resources/images/medium/med_S5_5.jpg'
33.0458 	EXP 	M_bot_right: image = 'resources/images/medium/med_T5.jpg'
33.0458 	EXP 	M_query: autoDraw = True
33.0458 	EXP 	M_top_left: autoDraw = True
33.0458 	EXP 	M_top_mid: autoDraw = True
33.0458 	EXP 	M_top_right: autoDraw = True
33.0458 	EXP 	M_bot_left: autoDraw = True
33.0458 	EXP 	M_bot_mid: autoDraw = True
33.0458 	EXP 	M_bot_right: autoDraw = True
33.2289 	EXP 	Device response: <KeyPress from None: t=33.22018887399463, value=space, duration=None>
33.2318 	EXP 	New trial (rep=0, index=2): <Trial 2 (2 in rep 0) data={'pos1_x': np.float64(0.55), 'pos1_y': np.float64(0.0), 'pos2_x': np.float64(0.0), 'pos2_y': np.float64(-0.35), 'pos3_x': np.float64(0.55), 'pos3_y': np.float64(-0.35), 'pos4_x': np.float64(-0.55), 'pos4_y': np.float64(0.0), 'pos5_x': np.float64(0.0), 'pos5_y': np.float64(0.0), 'pos6_x': np.float64(-0.55), 'pos6_y': np.float64(-0.35), 'thisN': 2, 'thisTrialN': 2, 'thisRepN': 0}>
33.2387 	EXP 	Imported resources/midLoop.csv as conditions, 5 conditions, 35 params
33.2390 	EXP 	New trial (rep=0, index=0): <Trial 0 (0 in rep 0) data={'img_query': 'resources/images/medium/med_Q3.jpg', 'img_query_w': np.int64(1024), 'img_query_h': np.int64(768), 'img_query_disp_w': np.float64(0.3), 'img_query_disp_h': np.float64(0.225), 'sam_1': 'resources/images/medium/med_S1_3.jpg', 'sam_1_w': np.int64(4160), 'sam_1_h': np.int64(2340), 'sam_1_disp_w': np.float64(0.3), 'sam_1_disp_h': np.float64(0.16875), 'sam_2': 'resources/images/medium/med_S2_3.jpg', 'sam_2_w': np.int64(1024), 'sam_2_h': np.int64(768), 'sam_2_disp_w': np.float64(0.25), 'sam_2_disp_h': np.float64(0.1875), 'sam_3': 'resources/images/medium/med_S3_3.jpg', 'sam_3_w': np.int64(1024), 'sam_3_h': np.int64(768), 'sam_3_disp_w': np.float64(0.25), 'sam_3_disp_h': np.float64(0.1875), 'sam_4': 'resources/images/medium/med_S4_3.jpg', 'sam_4_w': np.int64(350), 'sam_4_h': np.int64(197), 'sam_4_disp_w': np.float64(0.25), 'sam_4_disp_h': np.float64(0.140714286), 'sam_5': 'resources/images/medium/med_S5_3.jpg', 'sam_5_w': np.int64(2592), 'sam_5_h': np.int64(4608), 'sam_5_disp_w': np.float64(0.140625), 'sam_5_disp_h': np.float64(0.25), 'img_targ': 'resources/images/medium/med_T3.jpg', 'targ_w': np.int64(1024), 'targ_h': np.int64(768), 'targ_disp_w': np.float64(0.25), 'targ_disp_h': np.float64(0.1875), 'thisN': 0, 'thisTrialN': 0, 'thisRepN': 0}>
33.4816 	EXP 	Device response: <KeyPress from None: t=33.22018887399463, value=space, duration=0.07201391700073145>
33.4866 	INFO 	Keyboard events cleared
33.4865 	EXP 	M_query: autoDraw = False
33.4865 	EXP 	M_top_left: autoDraw = False
33.4865 	EXP 	M_top_mid: autoDraw = False
33.4865 	EXP 	M_top_right: autoDraw = False
33.4865 	EXP 	M_bot_left: autoDraw = False
33.4865 	EXP 	M_bot_mid: autoDraw = False
33.4865 	EXP 	M_bot_right: autoDraw = False
33.4865 	EXP 	M_query: image = 'resources/images/medium/med_Q3.jpg'
33.4865 	EXP 	M_top_left: image = 'resources/images/medium/med_S1_3.jpg'
33.4865 	EXP 	M_top_mid: image = 'resources/images/medium/med_S2_3.jpg'
33.4865 	EXP 	M_top_right: image = 'resources/images/medium/med_S3_3.jpg'
33.4865 	EXP 	M_bot_left: image = 'resources/images/medium/med_S4_3.jpg'
33.4865 	EXP 	M_bot_mid: image = 'resources/images/medium/med_S5_3.jpg'
33.4865 	EXP 	M_bot_right: image = 'resources/images/medium/med_T3.jpg'
33.4865 	EXP 	M_query: autoDraw = True
33.4865 	EXP 	M_top_left: autoDraw = True
33.4865 	EXP 	M_top_mid: autoDraw = True
33.4865 	EXP 	M_top_right: autoDraw = True
33.4865 	EXP 	M_bot_left: autoDraw = True
33.4865 	EXP 	M_bot_mid: autoDraw = True
33.4865 	EXP 	M_bot_right: autoDraw = True
34.4644 	EXP 	Device response: <KeyPress from None: t=34.458631832996616, value=space, duration=None>
34.4650 	EXP 	New trial (rep=0, index=1): <Trial 1 (1 in rep 0) data={'img_query': 'resources/images/medium/med_Q4.jpg', 'img_query_w': np.int64(768), 'img_query_h': np.int64(1024), 'img_query_disp_w': np.float64(0.225), 'img_query_disp_h': np.float64(0.3), 'sam_1': 'resources/images/medium/med_S1_4.jpg', 'sam_1_w': np.int64(1024), 'sam_1_h': np.int64(768), 'sam_1_disp_w': np.float64(0.3), 'sam_1_disp_h': np.float64(0.225), 'sam_2': 'resources/images/medium/med_S2_4.jpg', 'sam_2_w': np.int64(350), 'sam_2_h': np.int64(234), 'sam_2_disp_w': np.float64(0.25), 'sam_2_disp_h': np.float64(0.167142857), 'sam_3': 'resources/images/medium/med_S3_4.jpg', 'sam_3_w': np.int64(350), 'sam_3_h': np.int64(341), 'sam_3_disp_w': np.float64(0.25), 'sam_3_disp_h': np.float64(0.243571429), 'sam_4': 'resources/images/medium/med_S4_4.jpg', 'sam_4_w': np.int64(768), 'sam_4_h': np.int64(1024), 'sam_4_disp_w': np.float64(0.1875), 'sam_4_disp_h': np.float64(0.25), 'sam_5': 'resources/images/medium/med_S5_4.jpg', 'sam_5_w': np.int64(350), 'sam_5_h': np.int64(208), 'sam_5_disp_w': np.float64(0.25), 'sam_5_disp_h': np.float64(0.148571429), 'img_targ': 'resources/images/medium/med_T4.jpg', 'targ_w': np.int64(768), 'targ_h': np.int64(1024), 'targ_disp_w': np.float64(0.1875), 'targ_disp_h': np.float64(0.25), 'thisN': 1, 'thisTrialN': 1, 'thisRepN': 0}>
34.5522 	INFO 	Keyboard events cleared
34.5521 	EXP 	M_query: autoDraw = False
34.5521 	EXP 	M_top_left: autoDraw = False
34.5521 	EXP 	M_top_mid: autoDraw = False
34.5521 	EXP 	M_top_right: autoDraw = False
34.5521 	EXP 	M_bot_left: autoDraw = False
34.5521 	EXP 	M_bot_mid: autoDraw = False
34.5521 	EXP 	M_bot_right: autoDraw = False
34.5521 	EXP 	M_query: image = 'resources/images/medium/med_Q4.jpg'
34.5521 	EXP 	M_top_left: image = 'resources/images/medium/med_S1_4.jpg'
34.5521 	EXP 	M_top_mid: image = 'resources/images/medium/med_S2_4.jpg'
34.5521 	EXP 	M_top_right: image = 'resources/images/medium/med_S3_4.jpg'
34.5521 	EXP 	M_bot_left: image = 'resources/images/medium/med_S4_4.jpg'
34.5521 	EXP 	M_bot_mid: image = 'resources/images/medium/med_S5_4.jpg'
34.5521 	EXP 	M_bot_right: image = 'resources/images/medium/med_T4.jpg'
34.5521 	EXP 	M_query: autoDraw = True
34.5521 	EXP 	M_top_left: autoDraw = True
34.5521 	EXP 	M_top_mid: autoDraw = True
34.5521 	EXP 	M_top_right: autoDraw = True
34.5521 	EXP 	M_bot_left: autoDraw = True
34.5521 	EXP 	M_bot_mid: autoDraw = True
34.5521 	EXP 	M_bot_right: autoDraw = True
34.6119 	EXP 	Device response: <KeyPress from None: t=34.458631832996616, value=space, duration=0.14795562499784864>
34.9866 	EXP 	Device response: <KeyPress from None: t=34.979344166000374, value=space, duration=None>
34.9870 	EXP 	New trial (rep=0, index=2): <Trial 2 (2 in rep 0) data={'img_query': 'resources/images/medium/med_Q1.jpg', 'img_query_w': np.int64(4032), 'img_query_h': np.int64(3024), 'img_query_disp_w': np.float64(0.3), 'img_query_disp_h': np.float64(0.225), 'sam_1': 'resources/images/medium/med_S1_1.jpg', 'sam_1_w': np.int64(768), 'sam_1_h': np.int64(1024), 'sam_1_disp_w': np.float64(0.225), 'sam_1_disp_h': np.float64(0.3), 'sam_2': 'resources/images/medium/med_S2_1.jpg', 'sam_2_w': np.int64(768), 'sam_2_h': np.int64(1024), 'sam_2_disp_w': np.float64(0.1875), 'sam_2_disp_h': np.float64(0.25), 'sam_3': 'resources/images/medium/med_S3_1.jpg', 'sam_3_w': np.int64(350), 'sam_3_h': np.int64(233), 'sam_3_disp_w': np.float64(0.25), 'sam_3_disp_h': np.float64(0.166428571), 'sam_4': 'resources/images/medium/med_S4_1.jpg', 'sam_4_w': np.int64(768), 'sam_4_h': np.int64(1024), 'sam_4_disp_w': np.float64(0.1875), 'sam_4_disp_h': np.float64(0.25), 'sam_5': 'resources/images/medium/med_S5_1.jpg', 'sam_5_w': np.int64(768), 'sam_5_h': np.int64(1040), 'sam_5_disp_w': np.float64(0.184615385), 'sam_5_disp_h': np.float64(0.25), 'img_targ': 'resources/images/medium/med_T1.jpg', 'targ_w': np.int64(1024), 'targ_h': np.int64(768), 'targ_disp_w': np.float64(0.25), 'targ_disp_h': np.float64(0.1875), 'thisN': 2, 'thisTrialN': 2, 'thisRepN': 0}>
35.1771 	EXP 	Device response: <KeyPress from None: t=34.979344166000374, value=space, duration=0.13198412499332335>
35.1820 	INFO 	Keyboard events cleared
35.1820 	EXP 	M_query: autoDraw = False
35.1820 	EXP 	M_top_left: autoDraw = False
35.1820 	EXP 	M_top_mid: autoDraw = False
35.1820 	EXP 	M_top_right: autoDraw = False
35.1820 	EXP 	M_bot_left: autoDraw = False
35.1820 	EXP 	M_bot_mid: autoDraw = False
35.1820 	EXP 	M_bot_right: autoDraw = False
35.1820 	EXP 	M_query: image = 'resources/images/medium/med_Q1.jpg'
35.1820 	EXP 	M_top_left: image = 'resources/images/medium/med_S1_1.jpg'
35.1820 	EXP 	M_top_mid: image = 'resources/images/medium/med_S2_1.jpg'
35.1820 	EXP 	M_top_right: image = 'resources/images/medium/med_S3_1.jpg'
35.1820 	EXP 	M_bot_left: image = 'resources/images/medium/med_S4_1.jpg'
35.1820 	EXP 	M_bot_mid: image = 'resources/images/medium/med_S5_1.jpg'
35.1820 	EXP 	M_bot_right: image = 'resources/images/medium/med_T1.jpg'
35.1820 	EXP 	M_query: autoDraw = True
35.1820 	EXP 	M_top_left: autoDraw = True
35.1820 	EXP 	M_top_mid: autoDraw = True
35.1820 	EXP 	M_top_right: autoDraw = True
35.1820 	EXP 	M_bot_left: autoDraw = True
35.1820 	EXP 	M_bot_mid: autoDraw = True
35.1820 	EXP 	M_bot_right: autoDraw = True
35.4124 	EXP 	Device response: <KeyPress from None: t=35.41080429099384, value=space, duration=None>
35.4128 	EXP 	New trial (rep=0, index=3): <Trial 3 (3 in rep 0) data={'img_query': 'resources/images/medium/med_Q5.jpg', 'img_query_w': np.int64(1024), 'img_query_h': np.int64(768), 'img_query_disp_w': np.float64(0.3), 'img_query_disp_h': np.float64(0.225), 'sam_1': 'resources/images/medium/med_S1_5.jpg', 'sam_1_w': np.int64(1024), 'sam_1_h': np.int64(768), 'sam_1_disp_w': np.float64(0.3), 'sam_1_disp_h': np.float64(0.225), 'sam_2': 'resources/images/medium/med_S2_5.jpg', 'sam_2_w': np.int64(1024), 'sam_2_h': np.int64(768), 'sam_2_disp_w': np.float64(0.25), 'sam_2_disp_h': np.float64(0.1875), 'sam_3': 'resources/images/medium/med_S3_5.jpg', 'sam_3_w': np.int64(3264), 'sam_3_h': np.int64(1840), 'sam_3_disp_w': np.float64(0.25), 'sam_3_disp_h': np.float64(0.140931373), 'sam_4': 'resources/images/medium/med_S4_5.jpg', 'sam_4_w': np.int64(768), 'sam_4_h': np.int64(1024), 'sam_4_disp_w': np.float64(0.1875), 'sam_4_disp_h': np.float64(0.25), 'sam_5': 'resources/images/medium/med_S5_5.jpg', 'sam_5_w': np.int64(350), 'sam_5_h': np.int64(233), 'sam_5_disp_w': np.float64(0.25), 'sam_5_disp_h': np.float64(0.166428571), 'img_targ': 'resources/images/medium/med_T5.jpg', 'targ_w': np.int64(768), 'targ_h': np.int64(1024), 'targ_disp_w': np.float64(0.1875), 'targ_disp_h': np.float64(0.25), 'thisN': 3, 'thisTrialN': 3, 'thisRepN': 0}>
35.5427 	INFO 	Keyboard events cleared
35.5426 	EXP 	M_query: autoDraw = False
35.5426 	EXP 	M_top_left: autoDraw = False
35.5426 	EXP 	M_top_mid: autoDraw = False
35.5426 	EXP 	M_top_right: autoDraw = False
35.5426 	EXP 	M_bot_left: autoDraw = False
35.5426 	EXP 	M_bot_mid: autoDraw = False
35.5426 	EXP 	M_bot_right: autoDraw = False
35.5426 	EXP 	M_query: image = 'resources/images/medium/med_Q5.jpg'
35.5426 	EXP 	M_top_left: image = 'resources/images/medium/med_S1_5.jpg'
35.5426 	EXP 	M_top_mid: image = 'resources/images/medium/med_S2_5.jpg'
35.5426 	EXP 	M_top_right: image = 'resources/images/medium/med_S3_5.jpg'
35.5426 	EXP 	M_bot_left: image = 'resources/images/medium/med_S4_5.jpg'
35.5426 	EXP 	M_bot_mid: image = 'resources/images/medium/med_S5_5.jpg'
35.5426 	EXP 	M_bot_right: image = 'resources/images/medium/med_T5.jpg'
35.5426 	EXP 	M_query: autoDraw = True
35.5426 	EXP 	M_top_left: autoDraw = True
35.5426 	EXP 	M_top_mid: autoDraw = True
35.5426 	EXP 	M_top_right: autoDraw = True
35.5426 	EXP 	M_bot_left: autoDraw = True
35.5426 	EXP 	M_bot_mid: autoDraw = True
35.5426 	EXP 	M_bot_right: autoDraw = True
35.7708 	EXP 	Device response: <KeyPress from None: t=35.76623062399449, value=space, duration=None>
35.7711 	EXP 	New trial (rep=0, index=4): <Trial 4 (4 in rep 0) data={'img_query': 'resources/images/medium/med_Q2.jpg', 'img_query_w': np.int64(1024), 'img_query_h': np.int64(768), 'img_query_disp_w': np.float64(0.3), 'img_query_disp_h': np.float64(0.225), 'sam_1': 'resources/images/medium/med_S1_2.jpg', 'sam_1_w': np.int64(4032), 'sam_1_h': np.int64(3024), 'sam_1_disp_w': np.float64(0.3), 'sam_1_disp_h': np.float64(0.225), 'sam_2': 'resources/images/medium/med_S2_2.jpg', 'sam_2_w': np.int64(250), 'sam_2_h': np.int64(233), 'sam_2_disp_w': np.float64(0.25), 'sam_2_disp_h': np.float64(0.233), 'sam_3': 'resources/images/medium/med_S3_2.jpg', 'sam_3_w': np.int64(1024), 'sam_3_h': np.int64(768), 'sam_3_disp_w': np.float64(0.25), 'sam_3_disp_h': np.float64(0.1875), 'sam_4': 'resources/images/medium/med_S4_2.jpg', 'sam_4_w': np.int64(350), 'sam_4_h': np.int64(233), 'sam_4_disp_w': np.float64(0.25), 'sam_4_disp_h': np.float64(0.166428571), 'sam_5': 'resources/images/medium/med_S5_2.jpg', 'sam_5_w': np.int64(350), 'sam_5_h': np.int64(233), 'sam_5_disp_w': np.float64(0.25), 'sam_5_disp_h': np.float64(0.166428571), 'img_targ': 'resources/images/medium/med_T2.jpg', 'targ_w': np.int64(4032), 'targ_h': np.int64(2268), 'targ_disp_w': np.float64(0.25), 'targ_disp_h': np.float64(0.140625), 'thisN': 4, 'thisTrialN': 4, 'thisRepN': 0}>
36.0004 	EXP 	Device response: <KeyPress from None: t=35.41080429099384, value=space, duration=0.5073135000129696>
36.0054 	INFO 	Keyboard events cleared
36.0053 	EXP 	M_query: autoDraw = False
36.0053 	EXP 	M_top_left: autoDraw = False
36.0053 	EXP 	M_top_mid: autoDraw = False
36.0053 	EXP 	M_top_right: autoDraw = False
36.0053 	EXP 	M_bot_left: autoDraw = False
36.0053 	EXP 	M_bot_mid: autoDraw = False
36.0053 	EXP 	M_bot_right: autoDraw = False
36.0053 	EXP 	M_query: image = 'resources/images/medium/med_Q2.jpg'
36.0053 	EXP 	M_top_left: image = 'resources/images/medium/med_S1_2.jpg'
36.0053 	EXP 	M_top_mid: image = 'resources/images/medium/med_S2_2.jpg'
36.0053 	EXP 	M_top_right: image = 'resources/images/medium/med_S3_2.jpg'
36.0053 	EXP 	M_bot_left: image = 'resources/images/medium/med_S4_2.jpg'
36.0053 	EXP 	M_bot_mid: image = 'resources/images/medium/med_S5_2.jpg'
36.0053 	EXP 	M_bot_right: image = 'resources/images/medium/med_T2.jpg'
36.0053 	EXP 	M_query: autoDraw = True
36.0053 	EXP 	M_top_left: autoDraw = True
36.0053 	EXP 	M_top_mid: autoDraw = True
36.0053 	EXP 	M_top_right: autoDraw = True
36.0053 	EXP 	M_bot_left: autoDraw = True
36.0053 	EXP 	M_bot_mid: autoDraw = True
36.0053 	EXP 	M_bot_right: autoDraw = True
36.0871 	EXP 	Device response: <KeyPress from None: t=36.08140666599502, value=space, duration=None>
36.0896 	EXP 	New trial (rep=0, index=3): <Trial 3 (3 in rep 0) data={'pos1_x': np.float64(0.55), 'pos1_y': np.float64(-0.35), 'pos2_x': np.float64(0.0), 'pos2_y': np.float64(-0.35), 'pos3_x': np.float64(-0.55), 'pos3_y': np.float64(-0.35), 'pos4_x': np.float64(0.55), 'pos4_y': np.float64(0.0), 'pos5_x': np.float64(-0.55), 'pos5_y': np.float64(0.0), 'pos6_x': np.float64(0.0), 'pos6_y': np.float64(0.0), 'thisN': 3, 'thisTrialN': 3, 'thisRepN': 0}>
36.0956 	EXP 	Imported resources/midLoop.csv as conditions, 5 conditions, 35 params
36.0959 	EXP 	New trial (rep=0, index=0): <Trial 0 (0 in rep 0) data={'img_query': 'resources/images/medium/med_Q4.jpg', 'img_query_w': np.int64(768), 'img_query_h': np.int64(1024), 'img_query_disp_w': np.float64(0.225), 'img_query_disp_h': np.float64(0.3), 'sam_1': 'resources/images/medium/med_S1_4.jpg', 'sam_1_w': np.int64(1024), 'sam_1_h': np.int64(768), 'sam_1_disp_w': np.float64(0.3), 'sam_1_disp_h': np.float64(0.225), 'sam_2': 'resources/images/medium/med_S2_4.jpg', 'sam_2_w': np.int64(350), 'sam_2_h': np.int64(234), 'sam_2_disp_w': np.float64(0.25), 'sam_2_disp_h': np.float64(0.167142857), 'sam_3': 'resources/images/medium/med_S3_4.jpg', 'sam_3_w': np.int64(350), 'sam_3_h': np.int64(341), 'sam_3_disp_w': np.float64(0.25), 'sam_3_disp_h': np.float64(0.243571429), 'sam_4': 'resources/images/medium/med_S4_4.jpg', 'sam_4_w': np.int64(768), 'sam_4_h': np.int64(1024), 'sam_4_disp_w': np.float64(0.1875), 'sam_4_disp_h': np.float64(0.25), 'sam_5': 'resources/images/medium/med_S5_4.jpg', 'sam_5_w': np.int64(350), 'sam_5_h': np.int64(208), 'sam_5_disp_w': np.float64(0.25), 'sam_5_disp_h': np.float64(0.148571429), 'img_targ': 'resources/images/medium/med_T4.jpg', 'targ_w': np.int64(768), 'targ_h': np.int64(1024), 'targ_disp_w': np.float64(0.1875), 'targ_disp_h': np.float64(0.25), 'thisN': 0, 'thisTrialN': 0, 'thisRepN': 0}>
36.1627 	INFO 	Keyboard events cleared
36.1626 	EXP 	M_query: autoDraw = False
36.1626 	EXP 	M_top_left: autoDraw = False
36.1626 	EXP 	M_top_mid: autoDraw = False
36.1626 	EXP 	M_top_right: autoDraw = False
36.1626 	EXP 	M_bot_left: autoDraw = False
36.1626 	EXP 	M_bot_mid: autoDraw = False
36.1626 	EXP 	M_bot_right: autoDraw = False
36.1626 	EXP 	M_query: image = 'resources/images/medium/med_Q4.jpg'
36.1626 	EXP 	M_top_left: image = 'resources/images/medium/med_S1_4.jpg'
36.1626 	EXP 	M_top_mid: image = 'resources/images/medium/med_S2_4.jpg'
36.1626 	EXP 	M_top_right: image = 'resources/images/medium/med_S3_4.jpg'
36.1626 	EXP 	M_bot_left: image = 'resources/images/medium/med_S4_4.jpg'
36.1626 	EXP 	M_bot_mid: image = 'resources/images/medium/med_S5_4.jpg'
36.1626 	EXP 	M_bot_right: image = 'resources/images/medium/med_T4.jpg'
36.1626 	EXP 	M_query: autoDraw = True
36.1626 	EXP 	M_top_left: autoDraw = True
36.1626 	EXP 	M_top_mid: autoDraw = True
36.1626 	EXP 	M_top_right: autoDraw = True
36.1626 	EXP 	M_bot_left: autoDraw = True
36.1626 	EXP 	M_bot_mid: autoDraw = True
36.1626 	EXP 	M_bot_right: autoDraw = True
36.2035 	EXP 	Device response: <KeyPress from None: t=35.76623062399449, value=space, duration=0.4351250420004362>
36.3154 	EXP 	Device response: <KeyPress from None: t=36.31318174900662, value=space, duration=None>
36.3156 	EXP 	New trial (rep=0, index=1): <Trial 1 (1 in rep 0) data={'img_query': 'resources/images/medium/med_Q2.jpg', 'img_query_w': np.int64(1024), 'img_query_h': np.int64(768), 'img_query_disp_w': np.float64(0.3), 'img_query_disp_h': np.float64(0.225), 'sam_1': 'resources/images/medium/med_S1_2.jpg', 'sam_1_w': np.int64(4032), 'sam_1_h': np.int64(3024), 'sam_1_disp_w': np.float64(0.3), 'sam_1_disp_h': np.float64(0.225), 'sam_2': 'resources/images/medium/med_S2_2.jpg', 'sam_2_w': np.int64(250), 'sam_2_h': np.int64(233), 'sam_2_disp_w': np.float64(0.25), 'sam_2_disp_h': np.float64(0.233), 'sam_3': 'resources/images/medium/med_S3_2.jpg', 'sam_3_w': np.int64(1024), 'sam_3_h': np.int64(768), 'sam_3_disp_w': np.float64(0.25), 'sam_3_disp_h': np.float64(0.1875), 'sam_4': 'resources/images/medium/med_S4_2.jpg', 'sam_4_w': np.int64(350), 'sam_4_h': np.int64(233), 'sam_4_disp_w': np.float64(0.25), 'sam_4_disp_h': np.float64(0.166428571), 'sam_5': 'resources/images/medium/med_S5_2.jpg', 'sam_5_w': np.int64(350), 'sam_5_h': np.int64(233), 'sam_5_disp_w': np.float64(0.25), 'sam_5_disp_h': np.float64(0.166428571), 'img_targ': 'resources/images/medium/med_T2.jpg', 'targ_w': np.int64(4032), 'targ_h': np.int64(2268), 'targ_disp_w': np.float64(0.25), 'targ_disp_h': np.float64(0.140625), 'thisN': 1, 'thisTrialN': 1, 'thisRepN': 0}>
36.5343 	EXP 	Device response: <KeyPress from None: t=36.08140666599502, value=space, duration=0.3478558330098167>
36.5392 	INFO 	Keyboard events cleared
36.5391 	EXP 	M_query: autoDraw = False
36.5391 	EXP 	M_top_left: autoDraw = False
36.5391 	EXP 	M_top_mid: autoDraw = False
36.5391 	EXP 	M_top_right: autoDraw = False
36.5391 	EXP 	M_bot_left: autoDraw = False
36.5391 	EXP 	M_bot_mid: autoDraw = False
36.5391 	EXP 	M_bot_right: autoDraw = False
36.5391 	EXP 	M_query: image = 'resources/images/medium/med_Q2.jpg'
36.5391 	EXP 	M_top_left: image = 'resources/images/medium/med_S1_2.jpg'
36.5391 	EXP 	M_top_mid: image = 'resources/images/medium/med_S2_2.jpg'
36.5391 	EXP 	M_top_right: image = 'resources/images/medium/med_S3_2.jpg'
36.5391 	EXP 	M_bot_left: image = 'resources/images/medium/med_S4_2.jpg'
36.5391 	EXP 	M_bot_mid: image = 'resources/images/medium/med_S5_2.jpg'
36.5391 	EXP 	M_bot_right: image = 'resources/images/medium/med_T2.jpg'
36.5391 	EXP 	M_query: autoDraw = True
36.5391 	EXP 	M_top_left: autoDraw = True
36.5391 	EXP 	M_top_mid: autoDraw = True
36.5391 	EXP 	M_top_right: autoDraw = True
36.5391 	EXP 	M_bot_left: autoDraw = True
36.5391 	EXP 	M_bot_mid: autoDraw = True
36.5391 	EXP 	M_bot_right: autoDraw = True
36.6203 	EXP 	Device response: <KeyPress from None: t=36.609536541000125, value=space, duration=None>
36.6206 	EXP 	New trial (rep=0, index=2): <Trial 2 (2 in rep 0) data={'img_query': 'resources/images/medium/med_Q1.jpg', 'img_query_w': np.int64(4032), 'img_query_h': np.int64(3024), 'img_query_disp_w': np.float64(0.3), 'img_query_disp_h': np.float64(0.225), 'sam_1': 'resources/images/medium/med_S1_1.jpg', 'sam_1_w': np.int64(768), 'sam_1_h': np.int64(1024), 'sam_1_disp_w': np.float64(0.225), 'sam_1_disp_h': np.float64(0.3), 'sam_2': 'resources/images/medium/med_S2_1.jpg', 'sam_2_w': np.int64(768), 'sam_2_h': np.int64(1024), 'sam_2_disp_w': np.float64(0.1875), 'sam_2_disp_h': np.float64(0.25), 'sam_3': 'resources/images/medium/med_S3_1.jpg', 'sam_3_w': np.int64(350), 'sam_3_h': np.int64(233), 'sam_3_disp_w': np.float64(0.25), 'sam_3_disp_h': np.float64(0.166428571), 'sam_4': 'resources/images/medium/med_S4_1.jpg', 'sam_4_w': np.int64(768), 'sam_4_h': np.int64(1024), 'sam_4_disp_w': np.float64(0.1875), 'sam_4_disp_h': np.float64(0.25), 'sam_5': 'resources/images/medium/med_S5_1.jpg', 'sam_5_w': np.int64(768), 'sam_5_h': np.int64(1040), 'sam_5_disp_w': np.float64(0.184615385), 'sam_5_disp_h': np.float64(0.25), 'img_targ': 'resources/images/medium/med_T1.jpg', 'targ_w': np.int64(1024), 'targ_h': np.int64(768), 'targ_disp_w': np.float64(0.25), 'targ_disp_h': np.float64(0.1875), 'thisN': 2, 'thisTrialN': 2, 'thisRepN': 0}>
36.7938 	EXP 	Device response: <KeyPress from None: t=36.31318174900662, value=space, duration=0.4323092499980703>
36.7987 	INFO 	Keyboard events cleared
36.7987 	EXP 	M_query: autoDraw = False
36.7987 	EXP 	M_top_left: autoDraw = False
36.7987 	EXP 	M_top_mid: autoDraw = False
36.7987 	EXP 	M_top_right: autoDraw = False
36.7987 	EXP 	M_bot_left: autoDraw = False
36.7987 	EXP 	M_bot_mid: autoDraw = False
36.7987 	EXP 	M_bot_right: autoDraw = False
36.7987 	EXP 	M_query: image = 'resources/images/medium/med_Q1.jpg'
36.7987 	EXP 	M_top_left: image = 'resources/images/medium/med_S1_1.jpg'
36.7987 	EXP 	M_top_mid: image = 'resources/images/medium/med_S2_1.jpg'
36.7987 	EXP 	M_top_right: image = 'resources/images/medium/med_S3_1.jpg'
36.7987 	EXP 	M_bot_left: image = 'resources/images/medium/med_S4_1.jpg'
36.7987 	EXP 	M_bot_mid: image = 'resources/images/medium/med_S5_1.jpg'
36.7987 	EXP 	M_bot_right: image = 'resources/images/medium/med_T1.jpg'
36.7987 	EXP 	M_query: autoDraw = True
36.7987 	EXP 	M_top_left: autoDraw = True
36.7987 	EXP 	M_top_mid: autoDraw = True
36.7987 	EXP 	M_top_right: autoDraw = True
36.7987 	EXP 	M_bot_left: autoDraw = True
36.7987 	EXP 	M_bot_mid: autoDraw = True
36.7987 	EXP 	M_bot_right: autoDraw = True
36.9205 	EXP 	Device response: <KeyPress from None: t=36.91697262400703, value=space, duration=None>
36.9208 	EXP 	New trial (rep=0, index=3): <Trial 3 (3 in rep 0) data={'img_query': 'resources/images/medium/med_Q5.jpg', 'img_query_w': np.int64(1024), 'img_query_h': np.int64(768), 'img_query_disp_w': np.float64(0.3), 'img_query_disp_h': np.float64(0.225), 'sam_1': 'resources/images/medium/med_S1_5.jpg', 'sam_1_w': np.int64(1024), 'sam_1_h': np.int64(768), 'sam_1_disp_w': np.float64(0.3), 'sam_1_disp_h': np.float64(0.225), 'sam_2': 'resources/images/medium/med_S2_5.jpg', 'sam_2_w': np.int64(1024), 'sam_2_h': np.int64(768), 'sam_2_disp_w': np.float64(0.25), 'sam_2_disp_h': np.float64(0.1875), 'sam_3': 'resources/images/medium/med_S3_5.jpg', 'sam_3_w': np.int64(3264), 'sam_3_h': np.int64(1840), 'sam_3_disp_w': np.float64(0.25), 'sam_3_disp_h': np.float64(0.140931373), 'sam_4': 'resources/images/medium/med_S4_5.jpg', 'sam_4_w': np.int64(768), 'sam_4_h': np.int64(1024), 'sam_4_disp_w': np.float64(0.1875), 'sam_4_disp_h': np.float64(0.25), 'sam_5': 'resources/images/medium/med_S5_5.jpg', 'sam_5_w': np.int64(350), 'sam_5_h': np.int64(233), 'sam_5_disp_w': np.float64(0.25), 'sam_5_disp_h': np.float64(0.166428571), 'img_targ': 'resources/images/medium/med_T5.jpg', 'targ_w': np.int64(768), 'targ_h': np.int64(1024), 'targ_disp_w': np.float64(0.1875), 'targ_disp_h': np.float64(0.25), 'thisN': 3, 'thisTrialN': 3, 'thisRepN': 0}>
37.0436 	INFO 	Keyboard events cleared
37.0435 	EXP 	M_query: autoDraw = False
37.0435 	EXP 	M_top_left: autoDraw = False
37.0435 	EXP 	M_top_mid: autoDraw = False
37.0435 	EXP 	M_top_right: autoDraw = False
37.0435 	EXP 	M_bot_left: autoDraw = False
37.0435 	EXP 	M_bot_mid: autoDraw = False
37.0435 	EXP 	M_bot_right: autoDraw = False
37.0435 	EXP 	M_query: image = 'resources/images/medium/med_Q5.jpg'
37.0435 	EXP 	M_top_left: image = 'resources/images/medium/med_S1_5.jpg'
37.0435 	EXP 	M_top_mid: image = 'resources/images/medium/med_S2_5.jpg'
37.0435 	EXP 	M_top_right: image = 'resources/images/medium/med_S3_5.jpg'
37.0435 	EXP 	M_bot_left: image = 'resources/images/medium/med_S4_5.jpg'
37.0435 	EXP 	M_bot_mid: image = 'resources/images/medium/med_S5_5.jpg'
37.0435 	EXP 	M_bot_right: image = 'resources/images/medium/med_T5.jpg'
37.0435 	EXP 	M_query: autoDraw = True
37.0435 	EXP 	M_top_left: autoDraw = True
37.0435 	EXP 	M_top_mid: autoDraw = True
37.0435 	EXP 	M_top_right: autoDraw = True
37.0435 	EXP 	M_bot_left: autoDraw = True
37.0435 	EXP 	M_bot_mid: autoDraw = True
37.0435 	EXP 	M_bot_right: autoDraw = True
37.0479 	EXP 	Device response: <KeyPress from None: t=36.609536541000125, value=space, duration=0.4352462499955436>
37.1957 	EXP 	Device response: <KeyPress from None: t=37.19042591600737, value=space, duration=None>
37.1960 	EXP 	New trial (rep=0, index=4): <Trial 4 (4 in rep 0) data={'img_query': 'resources/images/medium/med_Q3.jpg', 'img_query_w': np.int64(1024), 'img_query_h': np.int64(768), 'img_query_disp_w': np.float64(0.3), 'img_query_disp_h': np.float64(0.225), 'sam_1': 'resources/images/medium/med_S1_3.jpg', 'sam_1_w': np.int64(4160), 'sam_1_h': np.int64(2340), 'sam_1_disp_w': np.float64(0.3), 'sam_1_disp_h': np.float64(0.16875), 'sam_2': 'resources/images/medium/med_S2_3.jpg', 'sam_2_w': np.int64(1024), 'sam_2_h': np.int64(768), 'sam_2_disp_w': np.float64(0.25), 'sam_2_disp_h': np.float64(0.1875), 'sam_3': 'resources/images/medium/med_S3_3.jpg', 'sam_3_w': np.int64(1024), 'sam_3_h': np.int64(768), 'sam_3_disp_w': np.float64(0.25), 'sam_3_disp_h': np.float64(0.1875), 'sam_4': 'resources/images/medium/med_S4_3.jpg', 'sam_4_w': np.int64(350), 'sam_4_h': np.int64(197), 'sam_4_disp_w': np.float64(0.25), 'sam_4_disp_h': np.float64(0.140714286), 'sam_5': 'resources/images/medium/med_S5_3.jpg', 'sam_5_w': np.int64(2592), 'sam_5_h': np.int64(4608), 'sam_5_disp_w': np.float64(0.140625), 'sam_5_disp_h': np.float64(0.25), 'img_targ': 'resources/images/medium/med_T3.jpg', 'targ_w': np.int64(1024), 'targ_h': np.int64(768), 'targ_disp_w': np.float64(0.25), 'targ_disp_h': np.float64(0.1875), 'thisN': 4, 'thisTrialN': 4, 'thisRepN': 0}>
37.4480 	EXP 	Device response: <KeyPress from None: t=36.91697262400703, value=space, duration=0.3693566669971915>
37.4481 	EXP 	Device response: <KeyPress from None: t=37.4363457080035, value=space, duration=None>
37.4536 	INFO 	Keyboard events cleared
37.4535 	EXP 	M_query: autoDraw = False
37.4535 	EXP 	M_top_left: autoDraw = False
37.4535 	EXP 	M_top_mid: autoDraw = False
37.4535 	EXP 	M_top_right: autoDraw = False
37.4535 	EXP 	M_bot_left: autoDraw = False
37.4535 	EXP 	M_bot_mid: autoDraw = False
37.4535 	EXP 	M_bot_right: autoDraw = False
37.4535 	EXP 	M_query: image = 'resources/images/medium/med_Q3.jpg'
37.4535 	EXP 	M_top_left: image = 'resources/images/medium/med_S1_3.jpg'
37.4535 	EXP 	M_top_mid: image = 'resources/images/medium/med_S2_3.jpg'
37.4535 	EXP 	M_top_right: image = 'resources/images/medium/med_S3_3.jpg'
37.4535 	EXP 	M_bot_left: image = 'resources/images/medium/med_S4_3.jpg'
37.4535 	EXP 	M_bot_mid: image = 'resources/images/medium/med_S5_3.jpg'
37.4535 	EXP 	M_bot_right: image = 'resources/images/medium/med_T3.jpg'
37.4535 	EXP 	M_query: autoDraw = True
37.4535 	EXP 	M_top_left: autoDraw = True
37.4535 	EXP 	M_top_mid: autoDraw = True
37.4535 	EXP 	M_top_right: autoDraw = True
37.4535 	EXP 	M_bot_left: autoDraw = True
37.4535 	EXP 	M_bot_mid: autoDraw = True
37.4535 	EXP 	M_bot_right: autoDraw = True
37.5371 	EXP 	Device response: <KeyPress from None: t=37.19042591600737, value=space, duration=0.34591633299714886>
37.7458 	EXP 	Device response: <KeyPress from None: t=37.739708332999726, value=space, duration=None>
37.7497 	EXP 	New trial (rep=0, index=4): <Trial 4 (4 in rep 0) data={'pos1_x': np.float64(-0.55), 'pos1_y': np.float64(-0.35), 'pos2_x': np.float64(0.0), 'pos2_y': np.float64(0.0), 'pos3_x': np.float64(0.55), 'pos3_y': np.float64(-0.35), 'pos4_x': np.float64(-0.55), 'pos4_y': np.float64(0.0), 'pos5_x': np.float64(0.55), 'pos5_y': np.float64(0.0), 'pos6_x': np.float64(0.0), 'pos6_y': np.float64(-0.35), 'thisN': 4, 'thisTrialN': 4, 'thisRepN': 0}>
37.7587 	EXP 	Imported resources/midLoop.csv as conditions, 5 conditions, 35 params
37.7590 	EXP 	New trial (rep=0, index=0): <Trial 0 (0 in rep 0) data={'img_query': 'resources/images/medium/med_Q4.jpg', 'img_query_w': np.int64(768), 'img_query_h': np.int64(1024), 'img_query_disp_w': np.float64(0.225), 'img_query_disp_h': np.float64(0.3), 'sam_1': 'resources/images/medium/med_S1_4.jpg', 'sam_1_w': np.int64(1024), 'sam_1_h': np.int64(768), 'sam_1_disp_w': np.float64(0.3), 'sam_1_disp_h': np.float64(0.225), 'sam_2': 'resources/images/medium/med_S2_4.jpg', 'sam_2_w': np.int64(350), 'sam_2_h': np.int64(234), 'sam_2_disp_w': np.float64(0.25), 'sam_2_disp_h': np.float64(0.167142857), 'sam_3': 'resources/images/medium/med_S3_4.jpg', 'sam_3_w': np.int64(350), 'sam_3_h': np.int64(341), 'sam_3_disp_w': np.float64(0.25), 'sam_3_disp_h': np.float64(0.243571429), 'sam_4': 'resources/images/medium/med_S4_4.jpg', 'sam_4_w': np.int64(768), 'sam_4_h': np.int64(1024), 'sam_4_disp_w': np.float64(0.1875), 'sam_4_disp_h': np.float64(0.25), 'sam_5': 'resources/images/medium/med_S5_4.jpg', 'sam_5_w': np.int64(350), 'sam_5_h': np.int64(208), 'sam_5_disp_w': np.float64(0.25), 'sam_5_disp_h': np.float64(0.148571429), 'img_targ': 'resources/images/medium/med_T4.jpg', 'targ_w': np.int64(768), 'targ_h': np.int64(1024), 'targ_disp_w': np.float64(0.1875), 'targ_disp_h': np.float64(0.25), 'thisN': 0, 'thisTrialN': 0, 'thisRepN': 0}>
37.8341 	INFO 	Keyboard events cleared
37.8340 	EXP 	M_query: autoDraw = False
37.8340 	EXP 	M_top_left: autoDraw = False
37.8340 	EXP 	M_top_mid: autoDraw = False
37.8340 	EXP 	M_top_right: autoDraw = False
37.8340 	EXP 	M_bot_left: autoDraw = False
37.8340 	EXP 	M_bot_mid: autoDraw = False
37.8340 	EXP 	M_bot_right: autoDraw = False
37.8340 	EXP 	M_query: image = 'resources/images/medium/med_Q4.jpg'
37.8340 	EXP 	M_top_left: image = 'resources/images/medium/med_S1_4.jpg'
37.8340 	EXP 	M_top_mid: image = 'resources/images/medium/med_S2_4.jpg'
37.8340 	EXP 	M_top_right: image = 'resources/images/medium/med_S3_4.jpg'
37.8340 	EXP 	M_bot_left: image = 'resources/images/medium/med_S4_4.jpg'
37.8340 	EXP 	M_bot_mid: image = 'resources/images/medium/med_S5_4.jpg'
37.8340 	EXP 	M_bot_right: image = 'resources/images/medium/med_T4.jpg'
37.8340 	EXP 	M_query: autoDraw = True
37.8340 	EXP 	M_top_left: autoDraw = True
37.8340 	EXP 	M_top_mid: autoDraw = True
37.8340 	EXP 	M_top_right: autoDraw = True
37.8340 	EXP 	M_bot_left: autoDraw = True
37.8340 	EXP 	M_bot_mid: autoDraw = True
37.8340 	EXP 	M_bot_right: autoDraw = True
37.8535 	EXP 	Device response: <KeyPress from None: t=37.4363457080035, value=space, duration=0.4072572080040118>
38.1457 	EXP 	Device response: <KeyPress from None: t=38.137125207998906, value=space, duration=None>
38.1461 	EXP 	New trial (rep=0, index=1): <Trial 1 (1 in rep 0) data={'img_query': 'resources/images/medium/med_Q5.jpg', 'img_query_w': np.int64(1024), 'img_query_h': np.int64(768), 'img_query_disp_w': np.float64(0.3), 'img_query_disp_h': np.float64(0.225), 'sam_1': 'resources/images/medium/med_S1_5.jpg', 'sam_1_w': np.int64(1024), 'sam_1_h': np.int64(768), 'sam_1_disp_w': np.float64(0.3), 'sam_1_disp_h': np.float64(0.225), 'sam_2': 'resources/images/medium/med_S2_5.jpg', 'sam_2_w': np.int64(1024), 'sam_2_h': np.int64(768), 'sam_2_disp_w': np.float64(0.25), 'sam_2_disp_h': np.float64(0.1875), 'sam_3': 'resources/images/medium/med_S3_5.jpg', 'sam_3_w': np.int64(3264), 'sam_3_h': np.int64(1840), 'sam_3_disp_w': np.float64(0.25), 'sam_3_disp_h': np.float64(0.140931373), 'sam_4': 'resources/images/medium/med_S4_5.jpg', 'sam_4_w': np.int64(768), 'sam_4_h': np.int64(1024), 'sam_4_disp_w': np.float64(0.1875), 'sam_4_disp_h': np.float64(0.25), 'sam_5': 'resources/images/medium/med_S5_5.jpg', 'sam_5_w': np.int64(350), 'sam_5_h': np.int64(233), 'sam_5_disp_w': np.float64(0.25), 'sam_5_disp_h': np.float64(0.166428571), 'img_targ': 'resources/images/medium/med_T5.jpg', 'targ_w': np.int64(768), 'targ_h': np.int64(1024), 'targ_disp_w': np.float64(0.1875), 'targ_disp_h': np.float64(0.25), 'thisN': 1, 'thisTrialN': 1, 'thisRepN': 0}>
38.2581 	EXP 	Device response: <KeyPress from None: t=37.739708332999726, value=space, duration=0.4854302909952821>
38.2632 	INFO 	Keyboard events cleared
38.2632 	EXP 	M_query: autoDraw = False
38.2632 	EXP 	M_top_left: autoDraw = False
38.2632 	EXP 	M_top_mid: autoDraw = False
38.2632 	EXP 	M_top_right: autoDraw = False
38.2632 	EXP 	M_bot_left: autoDraw = False
38.2632 	EXP 	M_bot_mid: autoDraw = False
38.2632 	EXP 	M_bot_right: autoDraw = False
38.2632 	EXP 	M_query: image = 'resources/images/medium/med_Q5.jpg'
38.2632 	EXP 	M_top_left: image = 'resources/images/medium/med_S1_5.jpg'
38.2632 	EXP 	M_top_mid: image = 'resources/images/medium/med_S2_5.jpg'
38.2632 	EXP 	M_top_right: image = 'resources/images/medium/med_S3_5.jpg'
38.2632 	EXP 	M_bot_left: image = 'resources/images/medium/med_S4_5.jpg'
38.2632 	EXP 	M_bot_mid: image = 'resources/images/medium/med_S5_5.jpg'
38.2632 	EXP 	M_bot_right: image = 'resources/images/medium/med_T5.jpg'
38.2632 	EXP 	M_query: autoDraw = True
38.2632 	EXP 	M_top_left: autoDraw = True
38.2632 	EXP 	M_top_mid: autoDraw = True
38.2632 	EXP 	M_top_right: autoDraw = True
38.2632 	EXP 	M_bot_left: autoDraw = True
38.2632 	EXP 	M_bot_mid: autoDraw = True
38.2632 	EXP 	M_bot_right: autoDraw = True
38.4790 	EXP 	Device response: <KeyPress from None: t=38.4657317079982, value=space, duration=None>
38.4794 	EXP 	New trial (rep=0, index=2): <Trial 2 (2 in rep 0) data={'img_query': 'resources/images/medium/med_Q1.jpg', 'img_query_w': np.int64(4032), 'img_query_h': np.int64(3024), 'img_query_disp_w': np.float64(0.3), 'img_query_disp_h': np.float64(0.225), 'sam_1': 'resources/images/medium/med_S1_1.jpg', 'sam_1_w': np.int64(768), 'sam_1_h': np.int64(1024), 'sam_1_disp_w': np.float64(0.225), 'sam_1_disp_h': np.float64(0.3), 'sam_2': 'resources/images/medium/med_S2_1.jpg', 'sam_2_w': np.int64(768), 'sam_2_h': np.int64(1024), 'sam_2_disp_w': np.float64(0.1875), 'sam_2_disp_h': np.float64(0.25), 'sam_3': 'resources/images/medium/med_S3_1.jpg', 'sam_3_w': np.int64(350), 'sam_3_h': np.int64(233), 'sam_3_disp_w': np.float64(0.25), 'sam_3_disp_h': np.float64(0.166428571), 'sam_4': 'resources/images/medium/med_S4_1.jpg', 'sam_4_w': np.int64(768), 'sam_4_h': np.int64(1024), 'sam_4_disp_w': np.float64(0.1875), 'sam_4_disp_h': np.float64(0.25), 'sam_5': 'resources/images/medium/med_S5_1.jpg', 'sam_5_w': np.int64(768), 'sam_5_h': np.int64(1040), 'sam_5_disp_w': np.float64(0.184615385), 'sam_5_disp_h': np.float64(0.25), 'img_targ': 'resources/images/medium/med_T1.jpg', 'targ_w': np.int64(1024), 'targ_h': np.int64(768), 'targ_disp_w': np.float64(0.25), 'targ_disp_h': np.float64(0.1875), 'thisN': 2, 'thisTrialN': 2, 'thisRepN': 0}>
38.6492 	EXP 	Device response: <KeyPress from None: t=38.137125207998906, value=space, duration=0.45268762500199955>
38.6540 	INFO 	Keyboard events cleared
38.6539 	EXP 	M_query: autoDraw = False
38.6539 	EXP 	M_top_left: autoDraw = False
38.6539 	EXP 	M_top_mid: autoDraw = False
38.6539 	EXP 	M_top_right: autoDraw = False
38.6539 	EXP 	M_bot_left: autoDraw = False
38.6539 	EXP 	M_bot_mid: autoDraw = False
38.6539 	EXP 	M_bot_right: autoDraw = False
38.6539 	EXP 	M_query: image = 'resources/images/medium/med_Q1.jpg'
38.6539 	EXP 	M_top_left: image = 'resources/images/medium/med_S1_1.jpg'
38.6539 	EXP 	M_top_mid: image = 'resources/images/medium/med_S2_1.jpg'
38.6539 	EXP 	M_top_right: image = 'resources/images/medium/med_S3_1.jpg'
38.6539 	EXP 	M_bot_left: image = 'resources/images/medium/med_S4_1.jpg'
38.6539 	EXP 	M_bot_mid: image = 'resources/images/medium/med_S5_1.jpg'
38.6539 	EXP 	M_bot_right: image = 'resources/images/medium/med_T1.jpg'
38.6539 	EXP 	M_query: autoDraw = True
38.6539 	EXP 	M_top_left: autoDraw = True
38.6539 	EXP 	M_top_mid: autoDraw = True
38.6539 	EXP 	M_top_right: autoDraw = True
38.6539 	EXP 	M_bot_left: autoDraw = True
38.6539 	EXP 	M_bot_mid: autoDraw = True
38.6539 	EXP 	M_bot_right: autoDraw = True
38.8207 	EXP 	Device response: <KeyPress from None: t=38.819832041001064, value=space, duration=None>
38.8210 	EXP 	New trial (rep=0, index=3): <Trial 3 (3 in rep 0) data={'img_query': 'resources/images/medium/med_Q2.jpg', 'img_query_w': np.int64(1024), 'img_query_h': np.int64(768), 'img_query_disp_w': np.float64(0.3), 'img_query_disp_h': np.float64(0.225), 'sam_1': 'resources/images/medium/med_S1_2.jpg', 'sam_1_w': np.int64(4032), 'sam_1_h': np.int64(3024), 'sam_1_disp_w': np.float64(0.3), 'sam_1_disp_h': np.float64(0.225), 'sam_2': 'resources/images/medium/med_S2_2.jpg', 'sam_2_w': np.int64(250), 'sam_2_h': np.int64(233), 'sam_2_disp_w': np.float64(0.25), 'sam_2_disp_h': np.float64(0.233), 'sam_3': 'resources/images/medium/med_S3_2.jpg', 'sam_3_w': np.int64(1024), 'sam_3_h': np.int64(768), 'sam_3_disp_w': np.float64(0.25), 'sam_3_disp_h': np.float64(0.1875), 'sam_4': 'resources/images/medium/med_S4_2.jpg', 'sam_4_w': np.int64(350), 'sam_4_h': np.int64(233), 'sam_4_disp_w': np.float64(0.25), 'sam_4_disp_h': np.float64(0.166428571), 'sam_5': 'resources/images/medium/med_S5_2.jpg', 'sam_5_w': np.int64(350), 'sam_5_h': np.int64(233), 'sam_5_disp_w': np.float64(0.25), 'sam_5_disp_h': np.float64(0.166428571), 'img_targ': 'resources/images/medium/med_T2.jpg', 'targ_w': np.int64(4032), 'targ_h': np.int64(2268), 'targ_disp_w': np.float64(0.25), 'targ_disp_h': np.float64(0.140625), 'thisN': 3, 'thisTrialN': 3, 'thisRepN': 0}>
39.0499 	EXP 	Device response: <KeyPress from None: t=38.4657317079982, value=space, duration=0.4940635410021059>
39.0549 	INFO 	Keyboard events cleared
39.0548 	EXP 	M_query: autoDraw = False
39.0548 	EXP 	M_top_left: autoDraw = False
39.0548 	EXP 	M_top_mid: autoDraw = False
39.0548 	EXP 	M_top_right: autoDraw = False
39.0548 	EXP 	M_bot_left: autoDraw = False
39.0548 	EXP 	M_bot_mid: autoDraw = False
39.0548 	EXP 	M_bot_right: autoDraw = False
39.0548 	EXP 	M_query: image = 'resources/images/medium/med_Q2.jpg'
39.0548 	EXP 	M_top_left: image = 'resources/images/medium/med_S1_2.jpg'
39.0548 	EXP 	M_top_mid: image = 'resources/images/medium/med_S2_2.jpg'
39.0548 	EXP 	M_top_right: image = 'resources/images/medium/med_S3_2.jpg'
39.0548 	EXP 	M_bot_left: image = 'resources/images/medium/med_S4_2.jpg'
39.0548 	EXP 	M_bot_mid: image = 'resources/images/medium/med_S5_2.jpg'
39.0548 	EXP 	M_bot_right: image = 'resources/images/medium/med_T2.jpg'
39.0548 	EXP 	M_query: autoDraw = True
39.0548 	EXP 	M_top_left: autoDraw = True
39.0548 	EXP 	M_top_mid: autoDraw = True
39.0548 	EXP 	M_top_right: autoDraw = True
39.0548 	EXP 	M_bot_left: autoDraw = True
39.0548 	EXP 	M_bot_mid: autoDraw = True
39.0548 	EXP 	M_bot_right: autoDraw = True
39.1899 	EXP 	Device response: <KeyPress from None: t=39.18875833299535, value=space, duration=None>
39.1902 	EXP 	New trial (rep=0, index=4): <Trial 4 (4 in rep 0) data={'img_query': 'resources/images/medium/med_Q3.jpg', 'img_query_w': np.int64(1024), 'img_query_h': np.int64(768), 'img_query_disp_w': np.float64(0.3), 'img_query_disp_h': np.float64(0.225), 'sam_1': 'resources/images/medium/med_S1_3.jpg', 'sam_1_w': np.int64(4160), 'sam_1_h': np.int64(2340), 'sam_1_disp_w': np.float64(0.3), 'sam_1_disp_h': np.float64(0.16875), 'sam_2': 'resources/images/medium/med_S2_3.jpg', 'sam_2_w': np.int64(1024), 'sam_2_h': np.int64(768), 'sam_2_disp_w': np.float64(0.25), 'sam_2_disp_h': np.float64(0.1875), 'sam_3': 'resources/images/medium/med_S3_3.jpg', 'sam_3_w': np.int64(1024), 'sam_3_h': np.int64(768), 'sam_3_disp_w': np.float64(0.25), 'sam_3_disp_h': np.float64(0.1875), 'sam_4': 'resources/images/medium/med_S4_3.jpg', 'sam_4_w': np.int64(350), 'sam_4_h': np.int64(197), 'sam_4_disp_w': np.float64(0.25), 'sam_4_disp_h': np.float64(0.140714286), 'sam_5': 'resources/images/medium/med_S5_3.jpg', 'sam_5_w': np.int64(2592), 'sam_5_h': np.int64(4608), 'sam_5_disp_w': np.float64(0.140625), 'sam_5_disp_h': np.float64(0.25), 'img_targ': 'resources/images/medium/med_T3.jpg', 'targ_w': np.int64(1024), 'targ_h': np.int64(768), 'targ_disp_w': np.float64(0.25), 'targ_disp_h': np.float64(0.1875), 'thisN': 4, 'thisTrialN': 4, 'thisRepN': 0}>
39.4502 	EXP 	Device response: <KeyPress from None: t=38.819832041001064, value=space, duration=0.47293958299269434>
39.4553 	INFO 	Keyboard events cleared
39.4552 	EXP 	M_query: autoDraw = False
39.4552 	EXP 	M_top_left: autoDraw = False
39.4552 	EXP 	M_top_mid: autoDraw = False
39.4552 	EXP 	M_top_right: autoDraw = False
39.4552 	EXP 	M_bot_left: autoDraw = False
39.4552 	EXP 	M_bot_mid: autoDraw = False
39.4552 	EXP 	M_bot_right: autoDraw = False
39.4552 	EXP 	M_query: image = 'resources/images/medium/med_Q3.jpg'
39.4552 	EXP 	M_top_left: image = 'resources/images/medium/med_S1_3.jpg'
39.4552 	EXP 	M_top_mid: image = 'resources/images/medium/med_S2_3.jpg'
39.4552 	EXP 	M_top_right: image = 'resources/images/medium/med_S3_3.jpg'
39.4552 	EXP 	M_bot_left: image = 'resources/images/medium/med_S4_3.jpg'
39.4552 	EXP 	M_bot_mid: image = 'resources/images/medium/med_S5_3.jpg'
39.4552 	EXP 	M_bot_right: image = 'resources/images/medium/med_T3.jpg'
39.4552 	EXP 	M_query: autoDraw = True
39.4552 	EXP 	M_top_left: autoDraw = True
39.4552 	EXP 	M_top_mid: autoDraw = True
39.4552 	EXP 	M_top_right: autoDraw = True
39.4552 	EXP 	M_bot_left: autoDraw = True
39.4552 	EXP 	M_bot_mid: autoDraw = True
39.4552 	EXP 	M_bot_right: autoDraw = True
39.7004 	EXP 	Device response: <KeyPress from None: t=39.69582833300228, value=space, duration=None>
39.7095 	EXP 	M_query: autoDraw = False
39.7095 	EXP 	M_top_left: autoDraw = False
39.7095 	EXP 	M_top_mid: autoDraw = False
39.7095 	EXP 	M_top_right: autoDraw = False
39.7095 	EXP 	M_bot_left: autoDraw = False
39.7095 	EXP 	M_bot_mid: autoDraw = False
39.7095 	EXP 	M_bot_right: autoDraw = False
39.7095 	EXP 	end_message: autoDraw = True
39.8334 	EXP 	Device response: <KeyPress from None: t=39.18875833299535, value=space, duration=0.642970790999243>
40.3484 	EXP 	Device response: <KeyPress from None: t=40.34370662400033, value=escape, duration=None>
40.4874 	EXP 	Device response: <KeyPress from None: t=40.34370662400033, value=escape, duration=0.13587966699560639>
40.4875 	EXP 	pilot_study: status = STOPPED
40.4902 	EXP 	end_message: autoDraw = False
40.4902 	EXP 	pilot_study: status = STOPPED
40.5034 	INFO 	saved data to '/Users/marcogiven/Desktop/projects/S25_SURE/colorStudyPilot/data/_pilot_study_2025-06-27_09h16.04.351.csv'
40.5071 	INFO 	saved data to /Users/marcogiven/Desktop/projects/S25_SURE/colorStudyPilot/data/_pilot_study_2025-06-27_09h16.04.351.psydat
40.6315 	WARNING 	Stopping key buffers but this could be dangerous ifother keyboards rely on the same.
40.6316 	WARNING 	Stopping key buffers but this could be dangerous ifother keyboards rely on the same.
40.6316 	WARNING 	Stopping key buffers but this could be dangerous ifother keyboards rely on the same.
