17.7662 	WARNING 	Font Manager failed to load file /System/Library/PrivateFrameworks/FontServices.framework/Resources/Reserved/PingFangUI.ttc
18.0108 	WARNING 	Font Manager failed to load file /System/Library/PrivateFrameworks/FontServices.framework/Resources/Reserved/PingFangUI.ttc
26.9483 	INFO 	Loaded monitor calibration from ['2025_06_12 14:42']
27.0937 	INFO 	Using renderer 'Apple M1 Pro' for graphics
27.0937 	INFO 	OpenGL version supported by driver is 2..
27.1296 	EXP 	Created window1 = Window(allowGUI=True, allowStencil=False, autoLog=True, backendConf=UNKNOWN, backgroundFit=<method-wrapper '__getattribute__' of attributeSetter object at 0x157e0a920>, backgroundImage=<method-wrapper '__getattribute__' of attributeSetter object at 0x157e0a980>, bitsMode=UNKNOWN, blendMode='avg', bpc=(8, 8, 8), color=array([0, 0, 0]), colorSpace='rgb', depthBits=8, fullscr=False, gamma=None, gammaErrorPolicy='raise', infoMsg=UNKNOWN, lms=UNKNOWN, monitor=<psychopy.monitors.calibTools.Monitor object at 0x157e7df90>, multiSample=False, name='window1', numSamples=2, pos=[np.float64(260.0), np.float64(224.5)], screen=0, size=array([2560, 1440]), stencilBits=0, stereo=False, title='PsychoPy', units='height', useFBO=True, useRetina=True, viewOri=0.0, viewPos=None, viewScale=None, waitBlanking=True, winType='pyglet')
27.1296 	EXP 	window1: backgroundImage = ''
27.1297 	EXP 	window1: backgroundFit = 'none'
27.9113 	INFO 	keyboard.Keyboard is using ptb backend.
28.0897 	INFO 	keyboard.Keyboard is using ptb backend.
28.1795 	INFO 	keyboard.Keyboard is using ptb backend.
28.2681 	INFO 	keyboard.Keyboard is using ptb backend.
28.3664 	INFO 	keyboard.Keyboard is using ptb backend.
28.4565 	INFO 	keyboard.Keyboard is using ptb backend.
28.4565 	EXP 	pilot_study: status = STARTED
28.5007 	EXP 	Created welcome_message = TextStim(__class__=<class 'psychopy.visual.text.TextStim'>, alignHoriz=method-wrapper(...), alignText='center', alignVert=method-wrapper(...), anchorHoriz='center', anchorVert='center', antialias=True, autoDraw=False, autoLog=True, bold=False, color=array([1., 1., 1.]), colorSpace='rgb', contrast=1.0, depth=0.0, draggable=False, flipHoriz=False, flipVert=False, font='Arial', fontFiles=[], height=np.float64(0.05), italic=False, languageStyle='LTR', name='welcome_message', opacity=1, ori=0.0, pos=array([0., 0.]), rgb=UNKNOWN, text=str(...), units='height', win=Window(...), wrapWidth=1)
28.5078 	EXP 	Created ask_consent = TextStim(__class__=<class 'psychopy.visual.text.TextStim'>, alignHoriz=method-wrapper(...), alignText='center', alignVert=method-wrapper(...), anchorHoriz='center', anchorVert='center', antialias=True, autoDraw=False, autoLog=True, bold=False, color=array([1., 1., 1.]), colorSpace='rgb', contrast=1.0, depth=0.0, draggable=False, flipHoriz=False, flipVert=False, font='Arial', fontFiles=[], height=np.float64(0.05), italic=False, languageStyle='LTR', name='ask_consent', opacity=1, ori=0.0, pos=array([0., 0.]), rgb=UNKNOWN, text=str(...), units='height', win=Window(...), wrapWidth=1)
28.5180 	EXP 	Created text_2 = TextStim(__class__=<class 'psychopy.visual.text.TextStim'>, alignHoriz=method-wrapper(...), alignText='center', alignVert=method-wrapper(...), anchorHoriz='center', anchorVert='center', antialias=True, autoDraw=False, autoLog=True, bold=False, color=array([1., 1., 1.]), colorSpace='rgb', contrast=1.0, depth=0.0, draggable=False, flipHoriz=False, flipVert=False, font='Arial', fontFiles=[], height=np.float64(0.05), italic=False, languageStyle='LTR', name='text_2', opacity=1, ori=0.0, pos=array([0., 0.]), rgb=UNKNOWN, text=str(...), units='height', win=Window(...), wrapWidth=1)
28.5382 	EXP 	Created image = ImageStim(__class__=<class 'psychopy.visual.image.ImageStim'>, anchor=('center', 'center'), autoLog=True, color=array([1., 1., 1.]), colorSpace='rgb', contrast=1.0, depth=0.0, draggable=False, flipHoriz=np.False_, flipVert=np.False_, image='default.png', interpolate=True, mask=None, maskParams=None, name='image', opacity=1, ori=0.0, pos=array([0., 0.]), size=array([1.8, 1. ]), texRes=128.0, units='height', win=Window(...))
28.5392 	EXP 	Created text = TextStim(__class__=<class 'psychopy.visual.text.TextStim'>, alignHoriz=method-wrapper(...), alignText='center', alignVert=method-wrapper(...), anchorHoriz='center', anchorVert='center', antialias=True, autoDraw=False, autoLog=True, bold=False, color=array([1., 1., 1.]), colorSpace='rgb', contrast=1.0, depth=0.0, draggable=False, flipHoriz=False, flipVert=False, font='Arial', fontFiles=[], height=np.float64(0.05), italic=False, languageStyle='LTR', name='text', opacity=1, ori=0.0, pos=array([0., 0.]), rgb=UNKNOWN, text='', units='height', win=Window(...), wrapWidth=1)
28.5430 	EXP 	Created image2 = ImageStim(__class__=<class 'psychopy.visual.image.ImageStim'>, anchor=('center', 'center'), autoLog=True, color=array([1., 1., 1.]), colorSpace='rgb', contrast=1.0, depth=0.0, draggable=False, flipHoriz=np.False_, flipVert=np.False_, image='default.png', interpolate=True, mask=None, maskParams=None, name='image2', opacity=1, ori=0.0, pos=array([0., 0.]), size=array([1.8, 1. ]), texRes=128.0, units='height', win=Window(...))
28.5438 	EXP 	Created text = TextStim(__class__=<class 'psychopy.visual.text.TextStim'>, alignHoriz=method-wrapper(...), alignText='center', alignVert=method-wrapper(...), anchorHoriz='center', anchorVert='center', antialias=True, autoDraw=False, autoLog=True, bold=False, color=array([1., 1., 1.]), colorSpace='rgb', contrast=1.0, depth=0.0, draggable=False, flipHoriz=False, flipVert=False, font='Arial', fontFiles=[], height=np.float64(0.05), italic=False, languageStyle='LTR', name='text', opacity=1, ori=0.0, pos=array([0., 0.]), rgb=UNKNOWN, text='', units='height', win=Window(...), wrapWidth=1)
28.5481 	EXP 	Created end_message = TextStim(__class__=<class 'psychopy.visual.text.TextStim'>, alignHoriz=method-wrapper(...), alignText='center', alignVert=method-wrapper(...), anchorHoriz='center', anchorVert='center', antialias=True, autoDraw=False, autoLog=True, bold=False, color=array([1., 1., 1.]), colorSpace='rgb', contrast=1.0, depth=0.0, draggable=False, flipHoriz=False, flipVert=False, font='Arial', fontFiles=[], height=np.float64(0.05), italic=False, languageStyle='LTR', name='end_message', opacity=1, ori=0.0, pos=array([0., 0.]), rgb=UNKNOWN, text=str(...), units='height', win=Window(...), wrapWidth=1)
0.0618 	EXP 	welcome_message: autoDraw = True
4.1152 	DATA 	Mouse: Left button down, pos=(815,667)
4.2147 	DATA 	Mouse:  Left button up, pos=(815,667)
4.6638 	EXP 	Device response: <KeyPress from None: t=4.474560000002384, value=space, duration=None>
4.6640 	EXP 	Device response: <KeyPress from None: t=4.474560000002384, value=space, duration=0.10017616700497456>
4.6709 	DATA 	Keypress: space
4.6747 	EXP 	welcome_message: autoDraw = False
4.6747 	EXP 	ask_consent: autoDraw = True
5.9780 	EXP 	Device response: <KeyPress from None: t=5.96988866700849, value=y, duration=None>
5.9833 	DATA 	Keypress: y
5.9918 	EXP 	ask_consent: autoDraw = False
5.9918 	EXP 	text_2: autoDraw = True
6.0628 	EXP 	Device response: <KeyPress from None: t=5.96988866700849, value=y, duration=0.07979175000218675>
11.4263 	EXP 	Device response: <KeyPress from None: t=11.422728667006595, value=space, duration=None>
11.4382 	EXP 	Imported resources/loopTest.csv as conditions, 5 conditions, 2 params
11.4389 	EXP 	New trial (rep=0, index=0): <Trial 0 (0 in rep 0) data={'set_img': 'resources/images/m1.jpg', 'correct': np.int64(3), 'thisN': 0, 'thisTrialN': 0, 'thisRepN': 0}>
11.4833 	DATA 	Keypress: space
11.4862 	EXP 	text_2: autoDraw = False
11.4862 	EXP 	image: image = 'resources/images/m1.jpg'
11.4862 	EXP 	image: autoDraw = True
11.5590 	EXP 	Device response: <KeyPress from None: t=11.422728667006595, value=space, duration=0.12797437500557862>
35.0986 	EXP 	Device response: <KeyPress from None: t=35.09327312500682, value=3, duration=None>
35.1019 	DATA 	Keypress: 3
35.1103 	EXP 	image: autoDraw = False
35.1103 	EXP 	text: autoDraw = True
35.2628 	EXP 	Device response: <KeyPress from None: t=35.09327312500682, value=3, duration=0.1590241249941755>
36.0948 	EXP 	New trial (rep=0, index=1): <Trial 1 (1 in rep 0) data={'set_img': 'resources/images/m2.jpg', 'correct': np.int64(1), 'thisN': 1, 'thisTrialN': 1, 'thisRepN': 0}>
36.1322 	EXP 	text: autoDraw = False
36.1322 	EXP 	text: autoDraw = False
36.1322 	EXP 	image: image = 'resources/images/m2.jpg'
36.1322 	EXP 	image: autoDraw = True
38.5153 	EXP 	Device response: <KeyPress from None: t=38.50649541700841, value=1, duration=None>
38.5200 	DATA 	Keypress: 1
38.5271 	EXP 	image: autoDraw = False
38.5271 	EXP 	text: autoDraw = True
38.6826 	EXP 	Device response: <KeyPress from None: t=38.50649541700841, value=1, duration=0.16818262499873526>
39.5116 	EXP 	New trial (rep=0, index=2): <Trial 2 (2 in rep 0) data={'set_img': 'resources/images/m4.jpg', 'correct': np.int64(6), 'thisN': 2, 'thisTrialN': 2, 'thisRepN': 0}>
39.5595 	EXP 	text: autoDraw = False
39.5595 	EXP 	text: autoDraw = False
39.5595 	EXP 	image: image = 'resources/images/m4.jpg'
39.5595 	EXP 	image: autoDraw = True
40.9677 	EXP 	Device response: <KeyPress from None: t=40.9648806250043, value=5, duration=None>
40.9718 	DATA 	Keypress: 5
40.9768 	EXP 	image: autoDraw = False
40.9768 	EXP 	text: autoDraw = True
41.1315 	EXP 	Device response: <KeyPress from None: t=40.9648806250043, value=5, duration=0.16384279199701268>
41.9629 	EXP 	New trial (rep=0, index=3): <Trial 3 (3 in rep 0) data={'set_img': 'resources/images/m5.jpg', 'correct': np.int64(4), 'thisN': 3, 'thisTrialN': 3, 'thisRepN': 0}>
42.0052 	EXP 	text: autoDraw = False
42.0052 	EXP 	text: autoDraw = False
42.0052 	EXP 	image: image = 'resources/images/m5.jpg'
42.0052 	EXP 	image: autoDraw = True
50.0638 	EXP 	Device response: <KeyPress from None: t=50.054387791999034, value=4, duration=None>
50.0685 	DATA 	Keypress: 4
50.0712 	EXP 	image: autoDraw = False
50.0712 	EXP 	text: autoDraw = True
50.1514 	EXP 	Device response: <KeyPress from None: t=50.054387791999034, value=4, duration=0.0922125000070082>
51.0632 	EXP 	New trial (rep=0, index=4): <Trial 4 (4 in rep 0) data={'set_img': 'resources/images/m3.jpg', 'correct': np.int64(3), 'thisN': 4, 'thisTrialN': 4, 'thisRepN': 0}>
51.1057 	EXP 	text: autoDraw = False
51.1057 	EXP 	text: autoDraw = False
51.1057 	EXP 	image: image = 'resources/images/m3.jpg'
51.1057 	EXP 	image: autoDraw = True
62.5323 	EXP 	Device response: <KeyPress from None: t=62.52937608300999, value=6, duration=None>
62.5351 	DATA 	Keypress: 6
62.5380 	EXP 	image: autoDraw = False
62.5380 	EXP 	text: autoDraw = True
62.6696 	EXP 	Device response: <KeyPress from None: t=62.52937608300999, value=6, duration=0.13613245899614412>
63.5359 	EXP 	Imported resources/impTest.csv as conditions, 5 conditions, 2 params
63.5365 	EXP 	New trial (rep=0, index=0): <Trial 0 (0 in rep 0) data={'set_img2': 'resources/images/i1.jpg', 'correct2': None, 'thisN': 0, 'thisTrialN': 0, 'thisRepN': 0}>
63.5773 	EXP 	text: autoDraw = False
63.5773 	EXP 	text: autoDraw = False
63.5773 	EXP 	image2: image = 'resources/images/i1.jpg'
63.5773 	EXP 	image2: autoDraw = True
74.6375 	EXP 	Device response: <KeyPress from None: t=74.6346601670084, value=5, duration=None>
74.6416 	DATA 	Keypress: 5
74.6455 	EXP 	image2: autoDraw = False
74.6455 	EXP 	text: autoDraw = True
74.7353 	EXP 	Device response: <KeyPress from None: t=74.6346601670084, value=5, duration=0.09581558300124016>
75.6320 	EXP 	New trial (rep=0, index=1): <Trial 1 (1 in rep 0) data={'set_img2': 'resources/images/i2.jpg', 'correct2': None, 'thisN': 1, 'thisTrialN': 1, 'thisRepN': 0}>
75.6752 	EXP 	text: autoDraw = False
75.6752 	EXP 	text: autoDraw = False
75.6752 	EXP 	image2: image = 'resources/images/i2.jpg'
75.6752 	EXP 	image2: autoDraw = True
78.3171 	EXP 	Device response: <KeyPress from None: t=78.31149500000174, value=1, duration=None>
78.3205 	DATA 	Keypress: 1
78.3297 	EXP 	image2: autoDraw = False
78.3297 	EXP 	text: autoDraw = True
78.4211 	EXP 	Device response: <KeyPress from None: t=78.31149500000174, value=1, duration=0.10343858299893327>
79.3142 	EXP 	New trial (rep=0, index=2): <Trial 2 (2 in rep 0) data={'set_img2': 'resources/images/i4.jpg', 'correct2': None, 'thisN': 2, 'thisTrialN': 2, 'thisRepN': 0}>
79.3541 	EXP 	text: autoDraw = False
79.3541 	EXP 	text: autoDraw = False
79.3541 	EXP 	image2: image = 'resources/images/i4.jpg'
79.3541 	EXP 	image2: autoDraw = True
99.7509 	EXP 	Device response: <KeyPress from None: t=99.74562354201043, value=2, duration=None>
99.7548 	DATA 	Keypress: 2
99.7642 	EXP 	image2: autoDraw = False
99.7642 	EXP 	text: autoDraw = True
99.8682 	EXP 	Device response: <KeyPress from None: t=99.74562354201043, value=2, duration=0.11633933299162891>
100.7507 	EXP 	New trial (rep=0, index=3): <Trial 3 (3 in rep 0) data={'set_img2': 'resources/images/i5.jpg', 'correct2': None, 'thisN': 3, 'thisTrialN': 3, 'thisRepN': 0}>
100.7914 	EXP 	text: autoDraw = False
100.7914 	EXP 	text: autoDraw = False
100.7914 	EXP 	image2: image = 'resources/images/i5.jpg'
100.7914 	EXP 	image2: autoDraw = True
107.4726 	EXP 	Device response: <KeyPress from None: t=107.46658779200516, value=3, duration=None>
107.4766 	DATA 	Keypress: 3
107.4807 	EXP 	image2: autoDraw = False
107.4807 	EXP 	text: autoDraw = True
107.6055 	EXP 	Device response: <KeyPress from None: t=107.46658779200516, value=3, duration=0.13599537500704173>
108.4659 	EXP 	New trial (rep=0, index=4): <Trial 4 (4 in rep 0) data={'set_img2': 'resources/images/i3.jpg', 'correct2': None, 'thisN': 4, 'thisTrialN': 4, 'thisRepN': 0}>
108.5071 	EXP 	text: autoDraw = False
108.5071 	EXP 	text: autoDraw = False
108.5071 	EXP 	image2: image = 'resources/images/i3.jpg'
108.5071 	EXP 	image2: autoDraw = True
111.2011 	EXP 	Device response: <KeyPress from None: t=111.19050912500825, value=4, duration=None>
111.2056 	DATA 	Keypress: 4
111.2087 	EXP 	image2: autoDraw = False
111.2087 	EXP 	text: autoDraw = True
111.3340 	EXP 	Device response: <KeyPress from None: t=111.19050912500825, value=4, duration=0.13564616699295584>
112.2057 	EXP 	text: autoDraw = False
112.2057 	EXP 	text: autoDraw = False
112.2057 	EXP 	end_message: autoDraw = True
114.7019 	DATA 	Mouse: Left button down, pos=(828,638)
114.8535 	DATA 	Mouse:  Left button up, pos=(828,638)
115.2188 	EXP 	Device response: <KeyPress from None: t=115.20812675000343, value=escape, duration=None>
115.2581 	DATA 	Keypress: escape
115.3320 	EXP 	Device response: <KeyPress from None: t=115.20812675000343, value=escape, duration=0.11585570800525602>
115.3320 	EXP 	pilot_study: status = STOPPED
115.3344 	EXP 	end_message: autoDraw = False
115.3344 	EXP 	pilot_study: status = STOPPED
115.3377 	INFO 	saved data to '/Users/marcogiven/Desktop/projects/S25_SURE/colorStudyPilot/data/_pilot_study_2025-06-27_15h39.25.386.csv'
115.3384 	INFO 	saved data to /Users/marcogiven/Desktop/projects/S25_SURE/colorStudyPilot/data/_pilot_study_2025-06-27_15h39.25.386.psydat
115.4777 	WARNING 	Stopping key buffers but this could be dangerous ifother keyboards rely on the same.
115.4778 	WARNING 	Stopping key buffers but this could be dangerous ifother keyboards rely on the same.
115.4778 	WARNING 	Stopping key buffers but this could be dangerous ifother keyboards rely on the same.
115.4778 	WARNING 	Stopping key buffers but this could be dangerous ifother keyboards rely on the same.
115.4778 	WARNING 	Stopping key buffers but this could be dangerous ifother keyboards rely on the same.
115.4778 	WARNING 	Stopping key buffers but this could be dangerous ifother keyboards rely on the same.
