17.4178 	WARNING 	Font Manager failed to load file /System/Library/PrivateFrameworks/FontServices.framework/Resources/Reserved/PingFangUI.ttc
17.6552 	WARNING 	Font Manager failed to load file /System/Library/PrivateFrameworks/FontServices.framework/Resources/Reserved/PingFangUI.ttc
19.6589 	INFO 	Loaded monitor calibration from ['2025_06_12 14:42']
19.7972 	INFO 	Using renderer 'Apple M1 Pro' for graphics
19.7973 	INFO 	OpenGL version supported by driver is 2..
19.8296 	EXP 	Created window1 = Window(allowGUI=True, allowStencil=False, autoLog=True, backendConf=UNKNOWN, backgroundFit=<method-wrapper '__getattribute__' of attributeSetter object at 0x159b04310>, backgroundImage=<method-wrapper '__getattribute__' of attributeSetter object at 0x159b04370>, bitsMode=UNKNOWN, blendMode='avg', bpc=(8, 8, 8), color=array([0, 0, 0]), colorSpace='rgb', depthBits=8, fullscr=False, gamma=None, gammaErrorPolicy='raise', infoMsg=UNKNOWN, lms=UNKNOWN, monitor=<psychopy.monitors.calibTools.Monitor object at 0x159bc11e0>, multiSample=False, name='window1', numSamples=2, pos=[np.float64(260.0), np.float64(224.5)], screen=0, size=array([2560, 1440]), stencilBits=0, stereo=False, title='PsychoPy', units='height', useFBO=True, useRetina=True, viewOri=0.0, viewPos=None, viewScale=None, waitBlanking=True, winType='pyglet')
19.8296 	EXP 	window1: backgroundImage = ''
19.8296 	EXP 	window1: backgroundFit = 'none'
20.3872 	INFO 	keyboard.Keyboard is using ptb backend.
20.5570 	INFO 	keyboard.Keyboard is using ptb backend.
20.6444 	INFO 	keyboard.Keyboard is using ptb backend.
20.6445 	EXP 	pilot_study: status = STARTED
20.6903 	EXP 	Created welcome_message = TextStim(__class__=<class 'psychopy.visual.text.TextStim'>, alignHoriz=method-wrapper(...), alignText='center', alignVert=method-wrapper(...), anchorHoriz='center', anchorVert='center', antialias=True, autoDraw=False, autoLog=True, bold=False, color=array([1., 1., 1.]), colorSpace='rgb', contrast=1.0, depth=0.0, draggable=False, flipHoriz=False, flipVert=False, font='Arial', fontFiles=[], height=np.float64(0.05), italic=False, languageStyle='LTR', name='welcome_message', opacity=1, ori=0.0, pos=array([0., 0.]), rgb=UNKNOWN, text=str(...), units='height', win=Window(...), wrapWidth=1)
20.7088 	EXP 	Created M_query = ImageStim(__class__=<class 'psychopy.visual.image.ImageStim'>, anchor=('center', 'center'), autoLog=True, color=array([1., 1., 1.]), colorSpace='rgb', contrast=1.0, depth=0.0, draggable=False, flipHoriz=np.False_, flipVert=np.False_, image='default.png', interpolate=True, mask=None, maskParams=None, name='M_query', opacity=1, ori=0.0, pos=array([-0.45,  0.  ]), size=array([1., 1.]), texRes=128.0, units='height', win=Window(...))
20.7120 	EXP 	Created img1 = ImageStim(__class__=<class 'psychopy.visual.image.ImageStim'>, anchor=('center', 'center'), autoLog=True, color=array([1., 1., 1.]), colorSpace='rgb', contrast=1.0, depth=-1.0, draggable=False, flipHoriz=np.False_, flipVert=np.False_, image='default.png', interpolate=True, mask=None, maskParams=None, name='img1', opacity=1, ori=0.0, pos=array([0.  , 0.35]), size=array([1., 1.]), texRes=128.0, units='height', win=Window(...))
20.7151 	EXP 	Created img2 = ImageStim(__class__=<class 'psychopy.visual.image.ImageStim'>, anchor=('center', 'center'), autoLog=True, color=array([1., 1., 1.]), colorSpace='rgb', contrast=1.0, depth=-2.0, draggable=False, flipHoriz=np.False_, flipVert=np.False_, image='default.png', interpolate=True, mask=None, maskParams=None, name='img2', opacity=1, ori=0.0, pos=array([0.35, 0.35]), size=array([1., 1.]), texRes=128.0, units='height', win=Window(...))
20.7182 	EXP 	Created img3 = ImageStim(__class__=<class 'psychopy.visual.image.ImageStim'>, anchor=('center', 'center'), autoLog=True, color=array([1., 1., 1.]), colorSpace='rgb', contrast=1.0, depth=-3.0, draggable=True, flipHoriz=np.False_, flipVert=np.False_, image='default.png', interpolate=True, mask=None, maskParams=None, name='img3', opacity=1, ori=0.0, pos=array([0., 0.]), size=array([1., 1.]), texRes=128.0, units='height', win=Window(...))
20.7212 	EXP 	Created img4 = ImageStim(__class__=<class 'psychopy.visual.image.ImageStim'>, anchor=('center', 'center'), autoLog=True, color=array([1., 1., 1.]), colorSpace='rgb', contrast=1.0, depth=-4.0, draggable=False, flipHoriz=np.False_, flipVert=np.False_, image='default.png', interpolate=True, mask=None, maskParams=None, name='img4', opacity=1, ori=0.0, pos=array([0.35, 0.  ]), size=array([1., 1.]), texRes=128.0, units='height', win=Window(...))
20.7243 	EXP 	Created img5 = ImageStim(__class__=<class 'psychopy.visual.image.ImageStim'>, anchor=('center', 'center'), autoLog=True, color=array([1., 1., 1.]), colorSpace='rgb', contrast=1.0, depth=-5.0, draggable=False, flipHoriz=np.False_, flipVert=np.False_, image='default.png', interpolate=True, mask=None, maskParams=None, name='img5', opacity=1, ori=0.0, pos=array([ 0.  , -0.35]), size=array([1., 1.]), texRes=128.0, units='height', win=Window(...))
20.7275 	EXP 	Created img6 = ImageStim(__class__=<class 'psychopy.visual.image.ImageStim'>, anchor=('center', 'center'), autoLog=True, color=array([1., 1., 1.]), colorSpace='rgb', contrast=1.0, depth=-6.0, draggable=False, flipHoriz=np.False_, flipVert=np.False_, image='default.png', interpolate=True, mask=None, maskParams=None, name='img6', opacity=1, ori=0.0, pos=array([0., 0.]), size=array([1., 1.]), texRes=128.0, units='height', win=Window(...))
20.7318 	EXP 	Created end_message = TextStim(__class__=<class 'psychopy.visual.text.TextStim'>, alignHoriz=method-wrapper(...), alignText='center', alignVert=method-wrapper(...), anchorHoriz='center', anchorVert='center', antialias=True, autoDraw=False, autoLog=True, bold=False, color=array([1., 1., 1.]), colorSpace='rgb', contrast=1.0, depth=0.0, draggable=False, flipHoriz=False, flipVert=False, font='Arial', fontFiles=[], height=np.float64(0.05), italic=False, languageStyle='LTR', name='end_message', opacity=1, ori=0.0, pos=array([0., 0.]), rgb=UNKNOWN, text=str(...), units='height', win=Window(...), wrapWidth=1)
0.0549 	EXP 	welcome_message: autoDraw = True
1.9667 	DATA 	Mouse: Left button down, pos=(595,481)
2.0474 	DATA 	Mouse:  Left button up, pos=(595,481)
4.5910 	DATA 	Mouse: Left button down, pos=(750,501)
4.6873 	DATA 	Mouse:  Left button up, pos=(750,501)
5.2714 	EXP 	Device response: <KeyPress from None: t=5.083856915996876, value=space, duration=None>
5.2717 	EXP 	Device response: <KeyPress from None: t=5.083856915996876, value=space, duration=0.11205804100609384>
5.2783 	EXP 	Imported resources/midLoop.csv as conditions, 5 conditions, 35 params
5.2789 	EXP 	New trial (rep=0, index=0): <Trial 0 (0 in rep 0) data={'img_query': 'resources/images/medium/med_Q4.jpg', 'img_query_w': np.int64(768), 'img_query_h': np.int64(1024), 'img_query_disp_w': np.float64(0.2625), 'img_query_disp_h': np.float64(0.35), 'sam_1': 'resources/images/medium/med_S1_4.jpg', 'sam_1_w': np.int64(1024), 'sam_1_h': np.int64(768), 'sam_1_disp_w': np.float64(0.35), 'sam_1_disp_h': np.float64(0.2625), 'sam_2': 'resources/images/medium/med_S2_4.jpg', 'sam_2_w': np.int64(350), 'sam_2_h': np.int64(234), 'sam_2_disp_w': np.float64(0.35), 'sam_2_disp_h': np.float64(0.234), 'sam_3': 'resources/images/medium/med_S3_4.jpg', 'sam_3_w': np.int64(350), 'sam_3_h': np.int64(341), 'sam_3_disp_w': np.float64(0.35), 'sam_3_disp_h': np.float64(0.341), 'sam_4': 'resources/images/medium/med_S4_4.jpg', 'sam_4_w': np.int64(768), 'sam_4_h': np.int64(1024), 'sam_4_disp_w': np.float64(0.2625), 'sam_4_disp_h': np.float64(0.35), 'sam_5': 'resources/images/medium/med_S5_4.jpg', 'sam_5_w': np.int64(350), 'sam_5_h': np.int64(208), 'sam_5_disp_w': np.float64(0.35), 'sam_5_disp_h': np.float64(0.208), 'img_targ': 'resources/images/medium/med_T4.jpg', 'targ_w': np.int64(768), 'targ_h': np.int64(1024), 'targ_disp_w': np.float64(0.2625), 'targ_disp_h': np.float64(0.35), 'thisN': 0, 'thisTrialN': 0, 'thisRepN': 0}>
5.3423 	DATA 	Keypress: space
5.3467 	INFO 	Keyboard events cleared
5.3466 	EXP 	welcome_message: autoDraw = False
5.3466 	EXP 	M_query: image = 'resources/images/medium/med_Q4.jpg'
5.3466 	EXP 	img1: image = 'resources/images/medium/med_S1_4.jpg'
5.3466 	EXP 	img2: image = 'resources/images/medium/med_S2_4.jpg'
5.3466 	EXP 	img3: image = 'resources/images/medium/med_S3_4.jpg'
5.3466 	EXP 	img4: image = 'resources/images/medium/med_S4_4.jpg'
5.3466 	EXP 	img5: image = 'resources/images/medium/med_S5_4.jpg'
5.3466 	EXP 	img6: image = 'resources/images/medium/med_T4.jpg'
5.3466 	EXP 	M_query: autoDraw = True
5.3466 	EXP 	img1: autoDraw = True
5.3466 	EXP 	img2: autoDraw = True
5.3466 	EXP 	img3: autoDraw = True
5.3466 	EXP 	img4: autoDraw = True
5.3466 	EXP 	img5: autoDraw = True
5.3466 	EXP 	img6: autoDraw = True
17.7583 	EXP 	Device response: <KeyPress from None: t=17.752394499009824, value=escape, duration=None>
17.7942 	DATA 	Keypress: escape
17.8836 	EXP 	Device response: <KeyPress from None: t=17.752394499009824, value=escape, duration=0.12816845798806753>
17.8836 	EXP 	pilot_study: status = STOPPED
17.8863 	EXP 	M_query: autoDraw = False
17.8863 	EXP 	img1: autoDraw = False
17.8863 	EXP 	img2: autoDraw = False
17.8863 	EXP 	img3: autoDraw = False
17.8863 	EXP 	img4: autoDraw = False
17.8863 	EXP 	img5: autoDraw = False
17.8863 	EXP 	img6: autoDraw = False
17.8864 	EXP 	pilot_study: status = STOPPED
17.8883 	INFO 	saved data to '/Users/marcogiven/Desktop/projects/S25_SURE/colorStudyPilot/data/_pilot_study_2025-06-27_10h39.22.395.csv'
17.8893 	INFO 	saved data to /Users/marcogiven/Desktop/projects/S25_SURE/colorStudyPilot/data/_pilot_study_2025-06-27_10h39.22.395.psydat
18.0185 	WARNING 	Stopping key buffers but this could be dangerous ifother keyboards rely on the same.
18.0185 	WARNING 	Stopping key buffers but this could be dangerous ifother keyboards rely on the same.
18.0186 	WARNING 	Stopping key buffers but this could be dangerous ifother keyboards rely on the same.
