17.7146 	WARNING 	Font Manager failed to load file /System/Library/PrivateFrameworks/FontServices.framework/Resources/Reserved/PingFangUI.ttc
17.9609 	WARNING 	Font Manager failed to load file /System/Library/PrivateFrameworks/FontServices.framework/Resources/Reserved/PingFangUI.ttc
19.4543 	INFO 	Loaded monitor calibration from ['2025_06_12 14:42']
19.5898 	INFO 	Using renderer 'Apple M1 Pro' for graphics
19.5898 	INFO 	OpenGL version supported by driver is 2..
19.6234 	EXP 	Created window1 = Window(allowGUI=True, allowStencil=False, autoLog=True, backendConf=UNKNOWN, backgroundFit=<method-wrapper '__getattribute__' of attributeSetter object at 0x15a8117e0>, backgroundImage=<method-wrapper '__getattribute__' of attributeSetter object at 0x15a811780>, bitsMode=UNKNOWN, blendMode='avg', bpc=(8, 8, 8), color=array([0, 0, 0]), colorSpace='rgb', depthBits=8, fullscr=False, gamma=None, gammaErrorPolicy='raise', infoMsg=UNKNOWN, lms=UNKNOWN, monitor=<psychopy.monitors.calibTools.Monitor object at 0x15a8c06d0>, multiSample=False, name='window1', numSamples=2, pos=[np.float64(260.0), np.float64(224.5)], screen=0, size=array([2560, 1440]), stencilBits=0, stereo=False, title='PsychoPy', units='height', useFBO=True, useRetina=True, viewOri=0.0, viewPos=None, viewScale=None, waitBlanking=True, winType='pyglet')
19.6234 	EXP 	window1: backgroundImage = ''
19.6234 	EXP 	window1: backgroundFit = 'none'
20.6458 	INFO 	keyboard.Keyboard is using ptb backend.
20.9069 	INFO 	keyboard.Keyboard is using ptb backend.
21.0859 	INFO 	keyboard.Keyboard is using ptb backend.
21.0860 	EXP 	pilot_study: status = STARTED
21.1315 	EXP 	Created welcome_message = TextStim(__class__=<class 'psychopy.visual.text.TextStim'>, alignHoriz=method-wrapper(...), alignText='center', alignVert=method-wrapper(...), anchorHoriz='center', anchorVert='center', antialias=True, autoDraw=False, autoLog=True, bold=False, color=array([1., 1., 1.]), colorSpace='rgb', contrast=1.0, depth=0.0, draggable=False, flipHoriz=False, flipVert=False, font='Arial', fontFiles=[], height=np.float64(0.05), italic=False, languageStyle='LTR', name='welcome_message', opacity=1, ori=0.0, pos=array([0., 0.]), rgb=UNKNOWN, text=str(...), units='height', win=Window(...), wrapWidth=1)
21.1499 	EXP 	Created image = ImageStim(__class__=<class 'psychopy.visual.image.ImageStim'>, anchor=('center', 'center'), autoLog=True, color=array([1., 1., 1.]), colorSpace='rgb', contrast=1.0, depth=0.0, draggable=False, flipHoriz=np.False_, flipVert=np.False_, image='default.png', interpolate=True, mask=None, maskParams=None, name='image', opacity=1, ori=0.0, pos=array([0., 0.]), size=array([2., 1.]), texRes=128.0, units='height', win=Window(...))
21.1508 	EXP 	Created text = TextStim(__class__=<class 'psychopy.visual.text.TextStim'>, alignHoriz=method-wrapper(...), alignText='center', alignVert=method-wrapper(...), anchorHoriz='center', anchorVert='center', antialias=True, autoDraw=False, autoLog=True, bold=False, color=array([1., 1., 1.]), colorSpace='rgb', contrast=1.0, depth=0.0, draggable=False, flipHoriz=False, flipVert=False, font='Arial', fontFiles=[], height=np.float64(0.05), italic=False, languageStyle='LTR', name='text', opacity=1, ori=0.0, pos=array([0., 0.]), rgb=UNKNOWN, text='', units='height', win=Window(...), wrapWidth=1)
21.1549 	EXP 	Created end_message = TextStim(__class__=<class 'psychopy.visual.text.TextStim'>, alignHoriz=method-wrapper(...), alignText='center', alignVert=method-wrapper(...), anchorHoriz='center', anchorVert='center', antialias=True, autoDraw=False, autoLog=True, bold=False, color=array([1., 1., 1.]), colorSpace='rgb', contrast=1.0, depth=0.0, draggable=False, flipHoriz=False, flipVert=False, font='Arial', fontFiles=[], height=np.float64(0.05), italic=False, languageStyle='LTR', name='end_message', opacity=1, ori=0.0, pos=array([0., 0.]), rgb=UNKNOWN, text=str(...), units='height', win=Window(...), wrapWidth=1)
0.0531 	EXP 	welcome_message: autoDraw = True
4.0693 	DATA 	Mouse: Left button down, pos=(1117,600)
4.1381 	DATA 	Mouse:  Left button up, pos=(1117,600)
6.7031 	DATA 	Mouse: Left button down, pos=(457,548)
6.8018 	DATA 	Mouse:  Left button up, pos=(445,539)
7.1192 	EXP 	Device response: <KeyPress from None: t=6.9300745419895975, value=space, duration=None>
7.1195 	EXP 	Device response: <KeyPress from None: t=6.9300745419895975, value=space, duration=0.03936587501084432>
7.1232 	EXP 	Imported resources/loopTest.csv as conditions, 2 conditions, 2 params
7.1235 	EXP 	New trial (rep=0, index=0): <Trial 0 (0 in rep 0) data={'set_img': 'resources/images/QUERY.jpg', 'correct': np.int64(5), 'thisN': 0, 'thisTrialN': 0, 'thisRepN': 0}>
7.1598 	DATA 	Keypress: space
7.1635 	EXP 	welcome_message: autoDraw = False
7.1635 	EXP 	image: image = 'resources/images/QUERY.jpg'
7.1635 	EXP 	image: autoDraw = True
14.3524 	EXP 	Device response: <KeyPress from None: t=14.347368832997745, value=5, duration=None>
14.3555 	DATA 	Keypress: 5
14.3640 	EXP 	image: autoDraw = False
14.3640 	EXP 	text: autoDraw = True
14.3814 	EXP 	Device response: <KeyPress from None: t=14.347368832997745, value=5, duration=0.02701649999653455>
16.3502 	EXP 	New trial (rep=0, index=1): <Trial 1 (1 in rep 0) data={'set_img': 'resources/images/QUERY1.jpg', 'correct': np.int64(5), 'thisN': 1, 'thisTrialN': 1, 'thisRepN': 0}>
16.3906 	EXP 	text: autoDraw = False
16.3906 	EXP 	text: autoDraw = False
16.3906 	EXP 	image: image = 'resources/images/QUERY1.jpg'
16.3906 	EXP 	image: autoDraw = True
17.6856 	EXP 	Device response: <KeyPress from None: t=17.675456832992495, value=2, duration=None>
17.6897 	DATA 	Keypress: 2
17.6975 	EXP 	image: autoDraw = False
17.6975 	EXP 	text: autoDraw = True
17.7508 	EXP 	Device response: <KeyPress from None: t=17.675456832992495, value=2, duration=0.06780575000448152>
19.6921 	EXP 	Imported resources/midLoop.csv as conditions, 5 conditions, 35 params
19.6925 	EXP 	New trial (rep=0, index=0): <Trial 0 (0 in rep 0) data={'img_query': 'resources/images/medium/med_Q4.jpg', 'img_query_w': np.int64(768), 'img_query_h': np.int64(1024), 'img_query_disp_w': np.float64(0.3), 'img_query_disp_h': np.float64(0.4), 'sam_1': 'resources/images/medium/med_S4_1.jpg', 'sam_1_w': np.int64(768), 'sam_1_h': np.int64(1024), 'sam_1_disp_w': np.float64(0.2625), 'sam_1_disp_h': np.float64(0.35), 'sam_2': 'resources/images/medium/med_S4_2.jpg', 'sam_2_w': np.int64(350), 'sam_2_h': np.int64(233), 'sam_2_disp_w': np.float64(0.35), 'sam_2_disp_h': np.float64(0.233), 'sam_3': 'resources/images/medium/med_S4_3.jpg', 'sam_3_w': np.int64(350), 'sam_3_h': np.int64(197), 'sam_3_disp_w': np.float64(0.35), 'sam_3_disp_h': np.float64(0.197), 'sam_4': 'resources/images/medium/med_S4_4.jpg', 'sam_4_w': np.int64(768), 'sam_4_h': np.int64(1024), 'sam_4_disp_w': np.float64(0.2625), 'sam_4_disp_h': np.float64(0.35), 'sam_5': 'resources/images/medium/med_S4_5.jpg', 'sam_5_w': np.int64(768), 'sam_5_h': np.int64(1024), 'sam_5_disp_w': np.float64(0.2625), 'sam_5_disp_h': np.float64(0.35), 'img_targ': 'resources/images/medium/med_T4.jpg', 'targ_w': np.int64(768), 'targ_h': np.int64(1024), 'targ_disp_w': np.float64(0.2625), 'targ_disp_h': np.float64(0.35), 'thisN': 0, 'thisTrialN': 0, 'thisRepN': 0}>
19.6927 	EXP 	New trial (rep=0, index=1): <Trial 1 (1 in rep 0) data={'img_query': 'resources/images/medium/med_Q2.jpg', 'img_query_w': np.int64(1024), 'img_query_h': np.int64(768), 'img_query_disp_w': np.float64(0.4), 'img_query_disp_h': np.float64(0.3), 'sam_1': 'resources/images/medium/med_S2_1.jpg', 'sam_1_w': np.int64(768), 'sam_1_h': np.int64(1024), 'sam_1_disp_w': np.float64(0.2625), 'sam_1_disp_h': np.float64(0.35), 'sam_2': 'resources/images/medium/med_S2_2.jpg', 'sam_2_w': np.int64(350), 'sam_2_h': np.int64(233), 'sam_2_disp_w': np.float64(0.35), 'sam_2_disp_h': np.float64(0.233), 'sam_3': 'resources/images/medium/med_S2_3.jpg', 'sam_3_w': np.int64(1024), 'sam_3_h': np.int64(768), 'sam_3_disp_w': np.float64(0.35), 'sam_3_disp_h': np.float64(0.2625), 'sam_4': 'resources/images/medium/med_S2_4.jpg', 'sam_4_w': np.int64(350), 'sam_4_h': np.int64(234), 'sam_4_disp_w': np.float64(0.35), 'sam_4_disp_h': np.float64(0.234), 'sam_5': 'resources/images/medium/med_S2_5.jpg', 'sam_5_w': np.int64(1024), 'sam_5_h': np.int64(768), 'sam_5_disp_w': np.float64(0.35), 'sam_5_disp_h': np.float64(0.2625), 'img_targ': 'resources/images/medium/med_T2.jpg', 'targ_w': np.int64(4032), 'targ_h': np.int64(2268), 'targ_disp_w': np.float64(0.35), 'targ_disp_h': np.float64(0.196875), 'thisN': 1, 'thisTrialN': 1, 'thisRepN': 0}>
19.6928 	EXP 	New trial (rep=0, index=2): <Trial 2 (2 in rep 0) data={'img_query': 'resources/images/medium/med_Q1.jpg', 'img_query_w': np.int64(4032), 'img_query_h': np.int64(3024), 'img_query_disp_w': np.float64(0.4), 'img_query_disp_h': np.float64(0.3), 'sam_1': 'resources/images/medium/med_S1_1.jpg', 'sam_1_w': np.int64(768), 'sam_1_h': np.int64(1024), 'sam_1_disp_w': np.float64(0.2625), 'sam_1_disp_h': np.float64(0.35), 'sam_2': 'resources/images/medium/med_S1_2.jpg', 'sam_2_w': np.int64(4032), 'sam_2_h': np.int64(3024), 'sam_2_disp_w': np.float64(0.35), 'sam_2_disp_h': np.float64(0.2625), 'sam_3': 'resources/images/medium/med_S1_3.jpg', 'sam_3_w': np.int64(4160), 'sam_3_h': np.int64(2340), 'sam_3_disp_w': np.float64(0.35), 'sam_3_disp_h': np.float64(0.196875), 'sam_4': 'resources/images/medium/med_S1_4.jpg', 'sam_4_w': np.int64(1024), 'sam_4_h': np.int64(768), 'sam_4_disp_w': np.float64(0.35), 'sam_4_disp_h': np.float64(0.2625), 'sam_5': 'resources/images/medium/med_S1_5.jpg', 'sam_5_w': np.int64(1024), 'sam_5_h': np.int64(768), 'sam_5_disp_w': np.float64(0.35), 'sam_5_disp_h': np.float64(0.2625), 'img_targ': 'resources/images/medium/med_T1.jpg', 'targ_w': np.int64(1024), 'targ_h': np.int64(768), 'targ_disp_w': np.float64(0.35), 'targ_disp_h': np.float64(0.2625), 'thisN': 2, 'thisTrialN': 2, 'thisRepN': 0}>
19.6930 	EXP 	New trial (rep=0, index=3): <Trial 3 (3 in rep 0) data={'img_query': 'resources/images/medium/med_Q5.jpg', 'img_query_w': np.int64(1024), 'img_query_h': np.int64(768), 'img_query_disp_w': np.float64(0.4), 'img_query_disp_h': np.float64(0.3), 'sam_1': 'resources/images/medium/med_S5_1.jpg', 'sam_1_w': np.int64(768), 'sam_1_h': np.int64(1024), 'sam_1_disp_w': np.float64(0.2625), 'sam_1_disp_h': np.float64(0.35), 'sam_2': 'resources/images/medium/med_S5_2.jpg', 'sam_2_w': np.int64(350), 'sam_2_h': np.int64(233), 'sam_2_disp_w': np.float64(0.35), 'sam_2_disp_h': np.float64(0.233), 'sam_3': 'resources/images/medium/med_S5_3.jpg', 'sam_3_w': np.int64(2592), 'sam_3_h': np.int64(4608), 'sam_3_disp_w': np.float64(0.196875), 'sam_3_disp_h': np.float64(0.35), 'sam_4': 'resources/images/medium/med_S5_4.jpg', 'sam_4_w': np.int64(350), 'sam_4_h': np.int64(208), 'sam_4_disp_w': np.float64(0.35), 'sam_4_disp_h': np.float64(0.208), 'sam_5': 'resources/images/medium/med_S5_5.jpg', 'sam_5_w': np.int64(350), 'sam_5_h': np.int64(233), 'sam_5_disp_w': np.float64(0.35), 'sam_5_disp_h': np.float64(0.233), 'img_targ': 'resources/images/medium/med_T5.jpg', 'targ_w': np.int64(768), 'targ_h': np.int64(1024), 'targ_disp_w': np.float64(0.2625), 'targ_disp_h': np.float64(0.35), 'thisN': 3, 'thisTrialN': 3, 'thisRepN': 0}>
19.6932 	EXP 	New trial (rep=0, index=4): <Trial 4 (4 in rep 0) data={'img_query': 'resources/images/medium/med_Q3.jpg', 'img_query_w': np.int64(1024), 'img_query_h': np.int64(768), 'img_query_disp_w': np.float64(0.4), 'img_query_disp_h': np.float64(0.3), 'sam_1': 'resources/images/medium/med_S3_1.jpg', 'sam_1_w': np.int64(350), 'sam_1_h': np.int64(233), 'sam_1_disp_w': np.float64(0.35), 'sam_1_disp_h': np.float64(0.233), 'sam_2': 'resources/images/medium/med_S3_2.jpg', 'sam_2_w': np.int64(1024), 'sam_2_h': np.int64(768), 'sam_2_disp_w': np.float64(0.35), 'sam_2_disp_h': np.float64(0.2625), 'sam_3': 'resources/images/medium/med_S3_3.jpg', 'sam_3_w': np.int64(1024), 'sam_3_h': np.int64(768), 'sam_3_disp_w': np.float64(0.35), 'sam_3_disp_h': np.float64(0.2625), 'sam_4': 'resources/images/medium/med_S3_4.jpg', 'sam_4_w': np.int64(350), 'sam_4_h': np.int64(341), 'sam_4_disp_w': np.float64(0.35), 'sam_4_disp_h': np.float64(0.341), 'sam_5': 'resources/images/medium/med_S3_5.jpg', 'sam_5_w': np.int64(3264), 'sam_5_h': np.int64(1840), 'sam_5_disp_w': np.float64(0.35), 'sam_5_disp_h': np.float64(0.197303922), 'img_targ': 'resources/images/medium/med_T3.jpg', 'targ_w': np.int64(1024), 'targ_h': np.int64(768), 'targ_disp_w': np.float64(0.35), 'targ_disp_h': np.float64(0.2625), 'thisN': 4, 'thisTrialN': 4, 'thisRepN': 0}>
19.7003 	EXP 	Imported resources/impLoop.csv as conditions, 5 conditions, 35 params
19.7007 	EXP 	New trial (rep=0, index=0): <Trial 0 (0 in rep 0) data={'imp_query': 'resources/images/impossible/imp_Q3.jpg', 'imp_query_w': np.int64(3840), 'imp_query_h': np.int64(2160), 'imp_query_disp_w': np.float64(0.4), 'imp_query_disp_h': np.float64(0.225), 'imp1': 'resources/images/impossible/imp_S3_1.JPEG', 'imp1_w': np.int64(1920), 'imp1_h': np.int64(1080), 'imp1_disp_w': np.float64(0.35), 'imp1_disp_h': np.float64(0.196875), 'imp2': 'resources/images/impossible/imp_S3_2.jpg', 'imp2_w': np.int64(5344), 'imp2_h': np.int64(3006), 'imp2_disp_w': np.float64(0.35), 'imp2_disp_h': np.float64(0.196875), 'imp3': 'resources/images/impossible/imp_S3_3.JPEG', 'imp3_w': np.int64(3840), 'imp3_h': np.int64(2160), 'imp3_disp_w': np.float64(0.35), 'imp3_disp_h': np.float64(0.196875), 'imp4': 'resources/images/impossible/imp_S3_4.JPEG', 'imp4_w': np.int64(3840), 'imp4_h': np.int64(2160), 'imp4_disp_w': np.float64(0.35), 'imp4_disp_h': np.float64(0.140625), 'imp5': 'resources/images/impossible/imp_S3_5.JPEG', 'imp5_w': np.int64(3840), 'imp5_h': np.int64(2160), 'imp5_disp_w': np.float64(0.35), 'imp5_disp_h': np.float64(0.196875), 'imp_targ': 'resources/images/impossible/imp_T3.jpg', 'imp_targ_w': np.int64(2160), 'imp_targ_h': np.int64(3840), 'imp_targ_disp_w': np.float64(0.196875), 'imp_targ_disp_h': np.float64(0.35), 'thisN': 0, 'thisTrialN': 0, 'thisRepN': 0}>
19.7010 	EXP 	New trial (rep=0, index=1): <Trial 1 (1 in rep 0) data={'imp_query': 'resources/images/impossible/imp_Q1.jpg', 'imp_query_w': np.int64(2160), 'imp_query_h': np.int64(2160), 'imp_query_disp_w': np.float64(0.4), 'imp_query_disp_h': np.float64(0.4), 'imp1': 'resources/images/impossible/imp_S1_1.jpg', 'imp1_w': np.int64(768), 'imp1_h': np.int64(1024), 'imp1_disp_w': np.float64(0.2625), 'imp1_disp_h': np.float64(0.35), 'imp2': 'resources/images/impossible/imp_S1_2.jpg', 'imp2_w': np.int64(768), 'imp2_h': np.int64(1024), 'imp2_disp_w': np.float64(0.2625), 'imp2_disp_h': np.float64(0.35), 'imp3': 'resources/images/impossible/imp_S1_3.jpg', 'imp3_w': np.int64(1024), 'imp3_h': np.int64(768), 'imp3_disp_w': np.float64(0.35), 'imp3_disp_h': np.float64(0.2625), 'imp4': 'resources/images/impossible/imp_S1_4.JPEG', 'imp4_w': np.int64(3840), 'imp4_h': np.int64(2160), 'imp4_disp_w': np.float64(0.35), 'imp4_disp_h': np.float64(0.140625), 'imp5': 'resources/images/impossible/imp_S1_5.jpg', 'imp5_w': np.int64(768), 'imp5_h': np.int64(1024), 'imp5_disp_w': np.float64(0.2625), 'imp5_disp_h': np.float64(0.35), 'imp_targ': 'resources/images/impossible/imp_T1.jpg', 'imp_targ_w': np.int64(2160), 'imp_targ_h': np.int64(2160), 'imp_targ_disp_w': np.float64(0.35), 'imp_targ_disp_h': np.float64(0.35), 'thisN': 1, 'thisTrialN': 1, 'thisRepN': 0}>
19.7013 	EXP 	New trial (rep=0, index=2): <Trial 2 (2 in rep 0) data={'imp_query': 'resources/images/impossible/imp_Q2.jpg', 'imp_query_w': np.int64(3024), 'imp_query_h': np.int64(4032), 'imp_query_disp_w': np.float64(0.3), 'imp_query_disp_h': np.float64(0.4), 'imp1': 'resources/images/impossible/imp_S2_1.jpg', 'imp1_w': np.int64(350), 'imp1_h': np.int64(224), 'imp1_disp_w': np.float64(0.35), 'imp1_disp_h': np.float64(0.224), 'imp2': 'resources/images/impossible/imp_S2_2.JPEG', 'imp2_w': np.int64(3840), 'imp2_h': np.int64(2160), 'imp2_disp_w': np.float64(0.35), 'imp2_disp_h': np.float64(0.196875), 'imp3': 'resources/images/impossible/imp_S2_3.jpg', 'imp3_w': np.int64(768), 'imp3_h': np.int64(1024), 'imp3_disp_w': np.float64(0.2625), 'imp3_disp_h': np.float64(0.35), 'imp4': 'resources/images/impossible/imp_S2_4.jpg', 'imp4_w': np.int64(350), 'imp4_h': np.int64(233), 'imp4_disp_w': np.float64(0.35), 'imp4_disp_h': np.float64(0.166428571), 'imp5': 'resources/images/impossible/imp_S2_5.jpg', 'imp5_w': np.int64(768), 'imp5_h': np.int64(1024), 'imp5_disp_w': np.float64(0.2625), 'imp5_disp_h': np.float64(0.35), 'imp_targ': 'resources/images/impossible/imp_T2.jpg', 'imp_targ_w': np.int64(4032), 'imp_targ_h': np.int64(3024), 'imp_targ_disp_w': np.float64(0.35), 'imp_targ_disp_h': np.float64(0.2625), 'thisN': 2, 'thisTrialN': 2, 'thisRepN': 0}>
19.7016 	EXP 	New trial (rep=0, index=3): <Trial 3 (3 in rep 0) data={'imp_query': 'resources/images/impossible/imp_Q4.jpg', 'imp_query_w': np.int64(4032), 'imp_query_h': np.int64(3024), 'imp_query_disp_w': np.float64(0.4), 'imp_query_disp_h': np.float64(0.3), 'imp1': 'resources/images/impossible/imp_S4_1.jpg', 'imp1_w': np.int64(1024), 'imp1_h': np.int64(768), 'imp1_disp_w': np.float64(0.35), 'imp1_disp_h': np.float64(0.2625), 'imp2': 'resources/images/impossible/imp_S4_2.jpg', 'imp2_w': np.int64(768), 'imp2_h': np.int64(1024), 'imp2_disp_w': np.float64(0.2625), 'imp2_disp_h': np.float64(0.35), 'imp3': 'resources/images/impossible/imp_S4_3.jpg', 'imp3_w': np.int64(1024), 'imp3_h': np.int64(768), 'imp3_disp_w': np.float64(0.35), 'imp3_disp_h': np.float64(0.2625), 'imp4': 'resources/images/impossible/imp_S4_4.jpg', 'imp4_w': np.int64(1024), 'imp4_h': np.int64(768), 'imp4_disp_w': np.float64(0.35), 'imp4_disp_h': np.float64(0.1875), 'imp5': 'resources/images/impossible/imp_S4_5.jpg', 'imp5_w': np.int64(3024), 'imp5_h': np.int64(4032), 'imp5_disp_w': np.float64(0.2625), 'imp5_disp_h': np.float64(0.35), 'imp_targ': 'resources/images/impossible/imp_T4.jpg', 'imp_targ_w': np.int64(4032), 'imp_targ_h': np.int64(3024), 'imp_targ_disp_w': np.float64(0.35), 'imp_targ_disp_h': np.float64(0.2625), 'thisN': 3, 'thisTrialN': 3, 'thisRepN': 0}>
19.7019 	EXP 	New trial (rep=0, index=4): <Trial 4 (4 in rep 0) data={'imp_query': 'resources/images/impossible/imp_Q5.jpg', 'imp_query_w': np.int64(1024), 'imp_query_h': np.int64(768), 'imp_query_disp_w': np.float64(0.4), 'imp_query_disp_h': np.float64(0.3), 'imp1': 'resources/images/impossible/imp_S5_1.jpg', 'imp1_w': np.int64(1024), 'imp1_h': np.int64(768), 'imp1_disp_w': np.float64(0.35), 'imp1_disp_h': np.float64(0.2625), 'imp2': 'resources/images/impossible/imp_S5_2.jpg', 'imp2_w': np.int64(764), 'imp2_h': np.int64(1024), 'imp2_disp_w': np.float64(0.261132813), 'imp2_disp_h': np.float64(0.35), 'imp3': 'resources/images/impossible/imp_S5_3.jpg', 'imp3_w': np.int64(350), 'imp3_h': np.int64(233), 'imp3_disp_w': np.float64(0.35), 'imp3_disp_h': np.float64(0.233), 'imp4': 'resources/images/impossible/imp_S5_4.jpg', 'imp4_w': np.int64(1024), 'imp4_h': np.int64(768), 'imp4_disp_w': np.float64(0.35), 'imp4_disp_h': np.float64(0.1875), 'imp5': 'resources/images/impossible/imp_S5_5.jpg', 'imp5_w': np.int64(350), 'imp5_h': np.int64(233), 'imp5_disp_w': np.float64(0.35), 'imp5_disp_h': np.float64(0.233), 'imp_targ': 'resources/images/impossible/imp_T5.jpg', 'imp_targ_w': np.int64(1024), 'imp_targ_h': np.int64(768), 'imp_targ_disp_w': np.float64(0.35), 'imp_targ_disp_h': np.float64(0.2625), 'thisN': 4, 'thisTrialN': 4, 'thisRepN': 0}>
19.7062 	EXP 	text: autoDraw = False
19.7062 	EXP 	text: autoDraw = False
19.7062 	EXP 	end_message: autoDraw = True
31.9654 	EXP 	Device response: <KeyPress from None: t=31.95577204199799, value=escape, duration=None>
31.9894 	DATA 	Keypress: escape
32.0187 	EXP 	Device response: <KeyPress from None: t=31.95577204199799, value=escape, duration=0.05967912499909289>
32.0188 	EXP 	pilot_study: status = STOPPED
32.0316 	EXP 	end_message: autoDraw = False
32.0317 	EXP 	pilot_study: status = STOPPED
32.0349 	INFO 	saved data to '/Users/marcogiven/Desktop/projects/S25_SURE/colorStudyPilot/data/_pilot_study_2025-06-27_14h11.18.433.csv'
32.0361 	INFO 	saved data to /Users/marcogiven/Desktop/projects/S25_SURE/colorStudyPilot/data/_pilot_study_2025-06-27_14h11.18.433.psydat
32.1641 	WARNING 	Stopping key buffers but this could be dangerous ifother keyboards rely on the same.
32.1642 	WARNING 	Stopping key buffers but this could be dangerous ifother keyboards rely on the same.
32.1642 	WARNING 	Stopping key buffers but this could be dangerous ifother keyboards rely on the same.
