17.8659 	WARNING 	Font Manager failed to load file /System/Library/PrivateFrameworks/FontServices.framework/Resources/Reserved/PingFangUI.ttc
18.1167 	WARNING 	Font Manager failed to load file /System/Library/PrivateFrameworks/FontServices.framework/Resources/Reserved/PingFangUI.ttc
19.8378 	INFO 	Loaded monitor calibration from ['2025_06_12 14:42']
19.9710 	INFO 	Using renderer 'Apple M1 Pro' for graphics
19.9710 	INFO 	OpenGL version supported by driver is 2..
20.0053 	EXP 	Created window1 = Window(allowGUI=True, allowStencil=False, autoLog=True, backendConf=UNKNOWN, backgroundFit=<method-wrapper '__getattribute__' of attributeSetter object at 0x1588a1e10>, backgroundImage=<method-wrapper '__getattribute__' of attributeSetter object at 0x1588a1e70>, bitsMode=UNKNOWN, blendMode='avg', bpc=(8, 8, 8), color=array([0, 0, 0]), colorSpace='rgb', depthBits=8, fullscr=False, gamma=None, gammaErrorPolicy='raise', infoMsg=UNKNOWN, lms=UNKNOWN, monitor=<psychopy.monitors.calibTools.Monitor object at 0x158346f20>, multiSample=False, name='window1', numSamples=2, pos=[np.float64(260.0), np.float64(224.5)], screen=0, size=array([2560, 1440]), stencilBits=0, stereo=False, title='PsychoPy', units='height', useFBO=True, useRetina=True, viewOri=0.0, viewPos=None, viewScale=None, waitBlanking=True, winType='pyglet')
20.0053 	EXP 	window1: backgroundImage = ''
20.0053 	EXP 	window1: backgroundFit = 'none'
20.6939 	INFO 	keyboard.Keyboard is using ptb backend.
20.8722 	INFO 	keyboard.Keyboard is using ptb backend.
20.8722 	EXP 	pilot_study: status = STARTED
20.9275 	EXP 	Created welcome_message = TextStim(__class__=<class 'psychopy.visual.text.TextStim'>, alignHoriz=method-wrapper(...), alignText='center', alignVert=method-wrapper(...), anchorHoriz='center', anchorVert='center', antialias=True, autoDraw=False, autoLog=True, bold=False, color=array([1., 1., 1.]), colorSpace='rgb', contrast=1.0, depth=0.0, draggable=False, flipHoriz=False, flipVert=False, font='Arial', fontFiles=[], height=np.float64(0.05), italic=False, languageStyle='LTR', name='welcome_message', opacity=1, ori=0.0, pos=array([0., 0.]), rgb=UNKNOWN, text=str(...), units='height', win=Window(...), wrapWidth=1)
20.9473 	EXP 	Created M_query = ImageStim(__class__=<class 'psychopy.visual.image.ImageStim'>, anchor=('center', 'center'), autoLog=True, color=array([1., 1., 1.]), colorSpace='rgb', contrast=1.0, depth=0.0, draggable=False, flipHoriz=np.False_, flipVert=np.False_, image='default.png', interpolate=True, mask=None, maskParams=None, name='M_query', opacity=1, ori=0.0, pos=array([0. , 0.3]), size=array([1., 1.]), texRes=128.0, units='height', win=Window(...))
20.9511 	EXP 	Created M_top_left = ImageStim(__class__=<class 'psychopy.visual.image.ImageStim'>, anchor=('center', 'center'), autoLog=True, color=array([1., 1., 1.]), colorSpace='rgb', contrast=1.0, depth=-1.0, draggable=False, flipHoriz=np.False_, flipVert=np.False_, image='default.png', interpolate=True, mask=None, maskParams=None, name='M_top_left', opacity=1, ori=0.0, pos=array([-0.55,  0.  ]), size=array([0.25, 0.25]), texRes=128.0, units='height', win=Window(...))
20.9546 	EXP 	Created M_top_mid = ImageStim(__class__=<class 'psychopy.visual.image.ImageStim'>, anchor=('center', 'center'), autoLog=True, color=array([1., 1., 1.]), colorSpace='rgb', contrast=1.0, depth=-2.0, draggable=False, flipHoriz=np.False_, flipVert=np.False_, image='default.png', interpolate=True, mask=None, maskParams=None, name='M_top_mid', opacity=1, ori=0.0, pos=array([0., 0.]), size=array([0.25, 0.25]), texRes=128.0, units='height', win=Window(...))
20.9579 	EXP 	Created M_top_right = ImageStim(__class__=<class 'psychopy.visual.image.ImageStim'>, anchor=('center', 'center'), autoLog=True, color=array([1., 1., 1.]), colorSpace='rgb', contrast=1.0, depth=-3.0, draggable=False, flipHoriz=np.False_, flipVert=np.False_, image='default.png', interpolate=True, mask=None, maskParams=None, name='M_top_right', opacity=1, ori=0.0, pos=array([0.55, 0.  ]), size=array([0.25, 0.25]), texRes=128.0, units='height', win=Window(...))
20.9615 	EXP 	Created M_bot_left = ImageStim(__class__=<class 'psychopy.visual.image.ImageStim'>, anchor=('center', 'center'), autoLog=True, color=array([1., 1., 1.]), colorSpace='rgb', contrast=1.0, depth=-4.0, draggable=False, flipHoriz=np.False_, flipVert=np.False_, image='default.png', interpolate=True, mask=None, maskParams=None, name='M_bot_left', opacity=1, ori=0.0, pos=array([-0.55, -0.35]), size=array([0.25, 0.25]), texRes=128.0, units='height', win=Window(...))
20.9648 	EXP 	Created M_bot_mid = ImageStim(__class__=<class 'psychopy.visual.image.ImageStim'>, anchor=('center', 'center'), autoLog=True, color=array([1., 1., 1.]), colorSpace='rgb', contrast=1.0, depth=-5.0, draggable=False, flipHoriz=np.False_, flipVert=np.False_, image='default.png', interpolate=True, mask=None, maskParams=None, name='M_bot_mid', opacity=1, ori=0.0, pos=array([ 0.  , -0.35]), size=array([0.25, 0.25]), texRes=128.0, units='height', win=Window(...))
20.9684 	EXP 	Created M_bot_right = ImageStim(__class__=<class 'psychopy.visual.image.ImageStim'>, anchor=('center', 'center'), autoLog=True, color=array([1., 1., 1.]), colorSpace='rgb', contrast=1.0, depth=-6.0, draggable=False, flipHoriz=np.False_, flipVert=np.False_, image='default.png', interpolate=True, mask=None, maskParams=None, name='M_bot_right', opacity=1, ori=0.0, pos=array([ 0.55, -0.35]), size=array([0.25, 0.25]), texRes=128.0, units='height', win=Window(...))
20.9729 	EXP 	Created end_message = TextStim(__class__=<class 'psychopy.visual.text.TextStim'>, alignHoriz=method-wrapper(...), alignText='center', alignVert=method-wrapper(...), anchorHoriz='center', anchorVert='center', antialias=True, autoDraw=False, autoLog=True, bold=False, color=array([1., 1., 1.]), colorSpace='rgb', contrast=1.0, depth=0.0, draggable=False, flipHoriz=False, flipVert=False, font='Arial', fontFiles=[], height=np.float64(0.05), italic=False, languageStyle='LTR', name='end_message', opacity=1, ori=0.0, pos=array([0., 0.]), rgb=UNKNOWN, text=str(...), units='height', win=Window(...), wrapWidth=1)
0.0571 	EXP 	welcome_message: autoDraw = True
1.2355 	EXP 	Device response: <KeyPress from None: t=1.04940787400119, value=space, duration=None>
1.2358 	EXP 	Device response: <KeyPress from None: t=1.04940787400119, value=space, duration=0.11588766699424013>
1.2403 	EXP 	Imported resources/midLoop.csv as conditions, 5 conditions, 11 params
1.2407 	EXP 	New trial (rep=0, index=0): <Trial 0 (0 in rep 0) data={'img_query': 'resources/images/medium/med_Q4.jpg', 'img_query_w': np.int64(768), 'img_query_h': np.int64(1024), 'img_query_display_w': np.float64(0.1875), 'img_query_disp_h': np.float64(0.25), 'sam_1': 'resources/images/medium/med_S1_4.jpg', 'sam_2': 'resources/images/medium/med_S2_4.jpg', 'sam_3': 'resources/images/medium/med_S3_4.jpg', 'sam_4': 'resources/images/medium/med_S4_4.jpg', 'sam_5': 'resources/images/medium/med_S5_4.jpg', 'img_targ': 'resources/images/medium/med_T4.jpg', 'thisN': 0, 'thisTrialN': 0, 'thisRepN': 0}>
1.2480 	INFO 	saved data to /Users/marcogiven/Desktop/projects/S25_SURE/colorStudyPilot/data/_pilot_study_2025-06-26_14h56.05.827.psydat
1.2483 	INFO 	saved data to '/Users/marcogiven/Desktop/projects/S25_SURE/colorStudyPilot/data/_pilot_study_2025-06-26_14h56.05.827.csv'
1.2512 	WARNING 	Stopping key buffers but this could be dangerous ifother keyboards rely on the same.
1.2513 	WARNING 	Stopping key buffers but this could be dangerous ifother keyboards rely on the same.
