17.9570 	WARNING 	Font Manager failed to load file /System/Library/PrivateFrameworks/FontServices.framework/Resources/Reserved/PingFangUI.ttc
18.1698 	WARNING 	Font Manager failed to load file /System/Library/PrivateFrameworks/FontServices.framework/Resources/Reserved/PingFangUI.ttc
19.6655 	INFO 	Loaded monitor calibration from ['2025_06_12 14:42']
19.7970 	INFO 	Using renderer 'Apple M1 Pro' for graphics
19.7970 	INFO 	OpenGL version supported by driver is 2..
19.8296 	EXP 	Created window1 = Window(allowGUI=True, allowStencil=False, autoLog=True, backendConf=UNKNOWN, backgroundFit=<method-wrapper '__getattribute__' of attributeSetter object at 0x159ad6410>, backgroundImage=<method-wrapper '__getattribute__' of attributeSetter object at 0x159ad63b0>, bitsMode=UNKNOWN, blendMode='avg', bpc=(8, 8, 8), color=array([0, 0, 0]), colorSpace='rgb', depthBits=8, fullscr=False, gamma=None, gammaErrorPolicy='raise', infoMsg=UNKNOWN, lms=UNKNOWN, monitor=<psychopy.monitors.calibTools.Monitor object at 0x159aeaf20>, multiSample=False, name='window1', numSamples=2, pos=[np.float64(260.0), np.float64(224.5)], screen=0, size=array([2560, 1440]), stencilBits=0, stereo=False, title='PsychoPy', units='height', useFBO=True, useRetina=True, viewOri=0.0, viewPos=None, viewScale=None, waitBlanking=True, winType='pyglet')
19.8296 	EXP 	window1: backgroundImage = ''
19.8296 	EXP 	window1: backgroundFit = 'none'
20.4082 	INFO 	keyboard.Keyboard is using ptb backend.
20.5881 	INFO 	keyboard.Keyboard is using ptb backend.
20.6779 	INFO 	keyboard.Keyboard is using ptb backend.
20.6780 	EXP 	pilot_study: status = STARTED
20.7240 	EXP 	Created welcome_message = TextStim(__class__=<class 'psychopy.visual.text.TextStim'>, alignHoriz=method-wrapper(...), alignText='center', alignVert=method-wrapper(...), anchorHoriz='center', anchorVert='center', antialias=True, autoDraw=False, autoLog=True, bold=False, color=array([1., 1., 1.]), colorSpace='rgb', contrast=1.0, depth=0.0, draggable=False, flipHoriz=False, flipVert=False, font='Arial', fontFiles=[], height=np.float64(0.05), italic=False, languageStyle='LTR', name='welcome_message', opacity=1, ori=0.0, pos=array([0., 0.]), rgb=UNKNOWN, text=str(...), units='height', win=Window(...), wrapWidth=1)
20.7427 	EXP 	Created M_query = ImageStim(__class__=<class 'psychopy.visual.image.ImageStim'>, anchor=('center', 'center'), autoLog=True, color=array([1., 1., 1.]), colorSpace='rgb', contrast=1.0, depth=0.0, draggable=False, flipHoriz=np.False_, flipVert=np.False_, image='default.png', interpolate=True, mask=None, maskParams=None, name='M_query', opacity=1, ori=0.0, pos=array([0. , 0.3]), size=array([1., 1.]), texRes=128.0, units='height', win=Window(...))
20.7461 	EXP 	Created M_top_left = ImageStim(__class__=<class 'psychopy.visual.image.ImageStim'>, anchor=('center', 'center'), autoLog=True, color=array([1., 1., 1.]), colorSpace='rgb', contrast=1.0, depth=-1.0, draggable=False, flipHoriz=np.False_, flipVert=np.False_, image='default.png', interpolate=True, mask=None, maskParams=None, name='M_top_left', opacity=1, ori=0.0, pos=array([0., 0.]), size=array([1., 1.]), texRes=128.0, units='height', win=Window(...))
20.7492 	EXP 	Created M_top_mid = ImageStim(__class__=<class 'psychopy.visual.image.ImageStim'>, anchor=('center', 'center'), autoLog=True, color=array([1., 1., 1.]), colorSpace='rgb', contrast=1.0, depth=-2.0, draggable=False, flipHoriz=np.False_, flipVert=np.False_, image='default.png', interpolate=True, mask=None, maskParams=None, name='M_top_mid', opacity=1, ori=0.0, pos=array([0., 0.]), size=array([1., 1.]), texRes=128.0, units='height', win=Window(...))
20.7523 	EXP 	Created M_top_right = ImageStim(__class__=<class 'psychopy.visual.image.ImageStim'>, anchor=('center', 'center'), autoLog=True, color=array([1., 1., 1.]), colorSpace='rgb', contrast=1.0, depth=-3.0, draggable=True, flipHoriz=np.False_, flipVert=np.False_, image='default.png', interpolate=True, mask=None, maskParams=None, name='M_top_right', opacity=1, ori=0.0, pos=array([0., 0.]), size=array([1., 1.]), texRes=128.0, units='height', win=Window(...))
20.7554 	EXP 	Created M_bot_left = ImageStim(__class__=<class 'psychopy.visual.image.ImageStim'>, anchor=('center', 'center'), autoLog=True, color=array([1., 1., 1.]), colorSpace='rgb', contrast=1.0, depth=-4.0, draggable=False, flipHoriz=np.False_, flipVert=np.False_, image='default.png', interpolate=True, mask=None, maskParams=None, name='M_bot_left', opacity=1, ori=0.0, pos=array([0., 0.]), size=array([1., 1.]), texRes=128.0, units='height', win=Window(...))
20.7585 	EXP 	Created M_bot_mid = ImageStim(__class__=<class 'psychopy.visual.image.ImageStim'>, anchor=('center', 'center'), autoLog=True, color=array([1., 1., 1.]), colorSpace='rgb', contrast=1.0, depth=-5.0, draggable=False, flipHoriz=np.False_, flipVert=np.False_, image='default.png', interpolate=True, mask=None, maskParams=None, name='M_bot_mid', opacity=1, ori=0.0, pos=array([0., 0.]), size=array([1., 1.]), texRes=128.0, units='height', win=Window(...))
20.7616 	EXP 	Created M_bot_right = ImageStim(__class__=<class 'psychopy.visual.image.ImageStim'>, anchor=('center', 'center'), autoLog=True, color=array([1., 1., 1.]), colorSpace='rgb', contrast=1.0, depth=-6.0, draggable=False, flipHoriz=np.False_, flipVert=np.False_, image='default.png', interpolate=True, mask=None, maskParams=None, name='M_bot_right', opacity=1, ori=0.0, pos=array([0., 0.]), size=array([1., 1.]), texRes=128.0, units='height', win=Window(...))
20.7659 	EXP 	Created end_message = TextStim(__class__=<class 'psychopy.visual.text.TextStim'>, alignHoriz=method-wrapper(...), alignText='center', alignVert=method-wrapper(...), anchorHoriz='center', anchorVert='center', antialias=True, autoDraw=False, autoLog=True, bold=False, color=array([1., 1., 1.]), colorSpace='rgb', contrast=1.0, depth=0.0, draggable=False, flipHoriz=False, flipVert=False, font='Arial', fontFiles=[], height=np.float64(0.05), italic=False, languageStyle='LTR', name='end_message', opacity=1, ori=0.0, pos=array([0., 0.]), rgb=UNKNOWN, text=str(...), units='height', win=Window(...), wrapWidth=1)
0.0554 	EXP 	welcome_message: autoDraw = True
0.9527 	EXP 	Device response: <KeyPress from None: t=0.7704557920005755, value=space, duration=None>
0.9530 	EXP 	Device response: <KeyPress from None: t=0.7704557920005755, value=space, duration=0.0959085829963442>
0.9598 	EXP 	Imported resources/midLoop.csv as conditions, 5 conditions, 40 params
0.9603 	EXP 	New trial (rep=0, index=0): <Trial 0 (0 in rep 0) data={'img_query': 'resources/images/medium/med_Q2.jpg', 'img_query_w': np.int64(1024), 'img_query_h': np.int64(768), 'img_query_disp_w': np.float64(0.25), 'img_query_disp_h': np.float64(0.1875), 'sam_1': 'resources/images/medium/med_S1_2.jpg', 'sam_1_w': np.int64(4032), 'sam_1_h': np.int64(3024), 'sam_1_disp_w': np.float64(0.25), 'sam_1_disp_h': np.float64(0.1875), 'sam_2': 'resources/images/medium/med_S2_2.jpg', 'sam_2_w': np.int64(250), 'sam_2_h': np.int64(233), 'sam_2_disp_w': np.float64(0.25), 'sam_2_disp_h': np.float64(0.233), 'sam_3': 'resources/images/medium/med_S3_2.jpg', 'sam_3_w': np.int64(1024), 'sam_3_h': np.int64(768), 'sam_3_disp_w': np.float64(0.25), 'sam_3_disp_h': np.float64(0.1875), 'sam_4': 'resources/images/medium/med_S4_2.jpg', 'sam_4_w': np.int64(350), 'sam_4_h': np.int64(233), 'sam_4_disp_w': np.float64(0.25), 'sam_4_disp_h': np.float64(0.166428571), 'sam_5': 'resources/images/medium/med_S5_2.jpg', 'sam_5_w': np.int64(350), 'sam_5_h': np.int64(233), 'sam_5_disp_w': np.float64(0.25), 'sam_5_disp_h': np.float64(0.166428571), 'img_targ': 'resources/images/medium/med_T2.jpg', 'targ_w': np.int64(4032), 'targ_h': np.int64(2268), 'targ_disp_w': np.float64(0.25), 'targ_disp_h': np.float64(0.140625), 'x_1': np.float64(0.0), 'x_2': np.float64(-0.55), 'x_3': np.float64(0.55), 'y_1': np.float64(-0.35), 'y_2': np.float64(0.0), 'thisN': 0, 'thisTrialN': 0, 'thisRepN': 0}>
1.2912 	INFO 	Keyboard events cleared
1.2910 	EXP 	welcome_message: autoDraw = False
1.2910 	EXP 	M_query: image = 'resources/images/medium/med_Q2.jpg'
1.2910 	EXP 	M_top_left: image = 'resources/images/medium/med_S1_2.jpg'
1.2910 	EXP 	M_top_mid: image = 'resources/images/medium/med_S2_2.jpg'
1.2910 	EXP 	M_top_right: image = 'resources/images/medium/med_S3_2.jpg'
1.2910 	EXP 	M_bot_left: image = 'resources/images/medium/med_S4_2.jpg'
1.2910 	EXP 	M_bot_mid: image = 'resources/images/medium/med_S5_2.jpg'
1.2910 	EXP 	M_bot_right: image = 'resources/images/medium/med_T2.jpg'
1.2910 	EXP 	M_query: autoDraw = True
1.2910 	EXP 	M_top_left: autoDraw = True
1.2910 	EXP 	M_top_mid: autoDraw = True
1.2910 	EXP 	M_top_right: autoDraw = True
1.2910 	EXP 	M_bot_left: autoDraw = True
1.2910 	EXP 	M_bot_mid: autoDraw = True
1.2910 	EXP 	M_bot_right: autoDraw = True
3.7128 	EXP 	Device response: <KeyPress from None: t=3.700090917001944, value=space, duration=None>
3.7136 	EXP 	New trial (rep=0, index=1): <Trial 1 (1 in rep 0) data={'img_query': 'resources/images/medium/med_Q5.jpg', 'img_query_w': np.int64(1024), 'img_query_h': np.int64(768), 'img_query_disp_w': np.float64(0.25), 'img_query_disp_h': np.float64(0.1875), 'sam_1': 'resources/images/medium/med_S1_5.jpg', 'sam_1_w': np.int64(1024), 'sam_1_h': np.int64(768), 'sam_1_disp_w': np.float64(0.25), 'sam_1_disp_h': np.float64(0.1875), 'sam_2': 'resources/images/medium/med_S2_5.jpg', 'sam_2_w': np.int64(1024), 'sam_2_h': np.int64(768), 'sam_2_disp_w': np.float64(0.25), 'sam_2_disp_h': np.float64(0.1875), 'sam_3': 'resources/images/medium/med_S3_5.jpg', 'sam_3_w': np.int64(3264), 'sam_3_h': np.int64(1840), 'sam_3_disp_w': np.float64(0.25), 'sam_3_disp_h': np.float64(0.140931373), 'sam_4': 'resources/images/medium/med_S4_5.jpg', 'sam_4_w': np.int64(768), 'sam_4_h': np.int64(1024), 'sam_4_disp_w': np.float64(0.1875), 'sam_4_disp_h': np.float64(0.25), 'sam_5': 'resources/images/medium/med_S5_5.jpg', 'sam_5_w': np.int64(350), 'sam_5_h': np.int64(233), 'sam_5_disp_w': np.float64(0.25), 'sam_5_disp_h': np.float64(0.166428571), 'img_targ': 'resources/images/medium/med_T5.jpg', 'targ_w': np.int64(768), 'targ_h': np.int64(1024), 'targ_disp_w': np.float64(0.1875), 'targ_disp_h': np.float64(0.25), 'x_1': np.float64(0.0), 'x_2': np.float64(0.55), 'x_3': np.float64(-0.55), 'y_1': np.float64(0.0), 'y_2': np.float64(-0.35), 'thisN': 1, 'thisTrialN': 1, 'thisRepN': 0}>
3.8716 	EXP 	Device response: <KeyPress from None: t=3.700090917001944, value=space, duration=0.08403604199702386>
3.8816 	INFO 	Keyboard events cleared
3.8815 	EXP 	M_query: autoDraw = False
3.8815 	EXP 	M_top_left: autoDraw = False
3.8815 	EXP 	M_top_mid: autoDraw = False
3.8815 	EXP 	M_top_right: autoDraw = False
3.8815 	EXP 	M_bot_left: autoDraw = False
3.8815 	EXP 	M_bot_mid: autoDraw = False
3.8815 	EXP 	M_bot_right: autoDraw = False
3.8815 	EXP 	M_query: image = 'resources/images/medium/med_Q5.jpg'
3.8815 	EXP 	M_top_left: image = 'resources/images/medium/med_S1_5.jpg'
3.8815 	EXP 	M_top_mid: image = 'resources/images/medium/med_S2_5.jpg'
3.8815 	EXP 	M_top_right: image = 'resources/images/medium/med_S3_5.jpg'
3.8815 	EXP 	M_bot_left: image = 'resources/images/medium/med_S4_5.jpg'
3.8815 	EXP 	M_bot_mid: image = 'resources/images/medium/med_S5_5.jpg'
3.8815 	EXP 	M_bot_right: image = 'resources/images/medium/med_T5.jpg'
3.8815 	EXP 	M_query: autoDraw = True
3.8815 	EXP 	M_top_left: autoDraw = True
3.8815 	EXP 	M_top_mid: autoDraw = True
3.8815 	EXP 	M_top_right: autoDraw = True
3.8815 	EXP 	M_bot_left: autoDraw = True
3.8815 	EXP 	M_bot_mid: autoDraw = True
3.8815 	EXP 	M_bot_right: autoDraw = True
5.9994 	EXP 	Device response: <KeyPress from None: t=5.9963197499964735, value=space, duration=None>
5.9999 	EXP 	New trial (rep=0, index=2): <Trial 2 (2 in rep 0) data={'img_query': 'resources/images/medium/med_Q4.jpg', 'img_query_w': np.int64(768), 'img_query_h': np.int64(1024), 'img_query_disp_w': np.float64(0.1875), 'img_query_disp_h': np.float64(0.25), 'sam_1': 'resources/images/medium/med_S1_4.jpg', 'sam_1_w': np.int64(1024), 'sam_1_h': np.int64(768), 'sam_1_disp_w': np.float64(0.25), 'sam_1_disp_h': np.float64(0.1875), 'sam_2': 'resources/images/medium/med_S2_4.jpg', 'sam_2_w': np.int64(350), 'sam_2_h': np.int64(234), 'sam_2_disp_w': np.float64(0.25), 'sam_2_disp_h': np.float64(0.167142857), 'sam_3': 'resources/images/medium/med_S3_4.jpg', 'sam_3_w': np.int64(350), 'sam_3_h': np.int64(341), 'sam_3_disp_w': np.float64(0.25), 'sam_3_disp_h': np.float64(0.243571429), 'sam_4': 'resources/images/medium/med_S4_4.jpg', 'sam_4_w': np.int64(768), 'sam_4_h': np.int64(1024), 'sam_4_disp_w': np.float64(0.1875), 'sam_4_disp_h': np.float64(0.25), 'sam_5': 'resources/images/medium/med_S5_4.jpg', 'sam_5_w': np.int64(350), 'sam_5_h': np.int64(208), 'sam_5_disp_w': np.float64(0.25), 'sam_5_disp_h': np.float64(0.148571429), 'img_targ': 'resources/images/medium/med_T4.jpg', 'targ_w': np.int64(768), 'targ_h': np.int64(1024), 'targ_disp_w': np.float64(0.1875), 'targ_disp_h': np.float64(0.25), 'x_1': np.float64(-0.55), 'x_2': np.float64(0.55), 'x_3': np.float64(0.0), 'y_1': np.float64(-0.35), 'y_2': np.float64(0.0), 'thisN': 2, 'thisTrialN': 2, 'thisRepN': 0}>
6.0771 	INFO 	Keyboard events cleared
6.0770 	EXP 	M_query: autoDraw = False
6.0770 	EXP 	M_top_left: autoDraw = False
6.0770 	EXP 	M_top_mid: autoDraw = False
6.0770 	EXP 	M_top_right: autoDraw = False
6.0770 	EXP 	M_bot_left: autoDraw = False
6.0770 	EXP 	M_bot_mid: autoDraw = False
6.0770 	EXP 	M_bot_right: autoDraw = False
6.0770 	EXP 	M_query: image = 'resources/images/medium/med_Q4.jpg'
6.0770 	EXP 	M_top_left: image = 'resources/images/medium/med_S1_4.jpg'
6.0770 	EXP 	M_top_mid: image = 'resources/images/medium/med_S2_4.jpg'
6.0770 	EXP 	M_top_right: image = 'resources/images/medium/med_S3_4.jpg'
6.0770 	EXP 	M_bot_left: image = 'resources/images/medium/med_S4_4.jpg'
6.0770 	EXP 	M_bot_mid: image = 'resources/images/medium/med_S5_4.jpg'
6.0770 	EXP 	M_bot_right: image = 'resources/images/medium/med_T4.jpg'
6.0770 	EXP 	M_query: autoDraw = True
6.0770 	EXP 	M_top_left: autoDraw = True
6.0770 	EXP 	M_top_mid: autoDraw = True
6.0770 	EXP 	M_top_right: autoDraw = True
6.0770 	EXP 	M_bot_left: autoDraw = True
6.0770 	EXP 	M_bot_mid: autoDraw = True
6.0770 	EXP 	M_bot_right: autoDraw = True
6.0940 	EXP 	Device response: <KeyPress from None: t=5.9963197499964735, value=space, duration=0.08793316700030118>
14.7703 	EXP 	Device response: <KeyPress from None: t=14.757238541998959, value=space, duration=None>
14.7708 	EXP 	New trial (rep=0, index=3): <Trial 3 (3 in rep 0) data={'img_query': 'resources/images/medium/med_Q1.jpg', 'img_query_w': np.int64(4032), 'img_query_h': np.int64(3024), 'img_query_disp_w': np.float64(0.25), 'img_query_disp_h': np.float64(0.1875), 'sam_1': 'resources/images/medium/med_S1_1.jpg', 'sam_1_w': np.int64(768), 'sam_1_h': np.int64(1024), 'sam_1_disp_w': np.float64(0.1875), 'sam_1_disp_h': np.float64(0.25), 'sam_2': 'resources/images/medium/med_S2_1.jpg', 'sam_2_w': np.int64(768), 'sam_2_h': np.int64(1024), 'sam_2_disp_w': np.float64(0.1875), 'sam_2_disp_h': np.float64(0.25), 'sam_3': 'resources/images/medium/med_S3_1.jpg', 'sam_3_w': np.int64(350), 'sam_3_h': np.int64(233), 'sam_3_disp_w': np.float64(0.25), 'sam_3_disp_h': np.float64(0.166428571), 'sam_4': 'resources/images/medium/med_S4_1.jpg', 'sam_4_w': np.int64(768), 'sam_4_h': np.int64(1024), 'sam_4_disp_w': np.float64(0.1875), 'sam_4_disp_h': np.float64(0.25), 'sam_5': 'resources/images/medium/med_S5_1.jpg', 'sam_5_w': np.int64(768), 'sam_5_h': np.int64(1040), 'sam_5_disp_w': np.float64(0.184615385), 'sam_5_disp_h': np.float64(0.25), 'img_targ': 'resources/images/medium/med_T1.jpg', 'targ_w': np.int64(1024), 'targ_h': np.int64(768), 'targ_disp_w': np.float64(0.25), 'targ_disp_h': np.float64(0.1875), 'x_1': np.float64(-0.55), 'x_2': np.float64(0.0), 'x_3': np.float64(0.55), 'y_1': np.float64(0.0), 'y_2': np.float64(-0.35), 'thisN': 3, 'thisTrialN': 3, 'thisRepN': 0}>
14.9614 	EXP 	Device response: <KeyPress from None: t=14.757238541998959, value=space, duration=0.06406645799870603>
14.9665 	INFO 	Keyboard events cleared
14.9664 	EXP 	M_query: autoDraw = False
14.9664 	EXP 	M_top_left: autoDraw = False
14.9664 	EXP 	M_top_mid: autoDraw = False
14.9664 	EXP 	M_top_right: autoDraw = False
14.9664 	EXP 	M_bot_left: autoDraw = False
14.9664 	EXP 	M_bot_mid: autoDraw = False
14.9664 	EXP 	M_bot_right: autoDraw = False
14.9664 	EXP 	M_query: image = 'resources/images/medium/med_Q1.jpg'
14.9664 	EXP 	M_top_left: image = 'resources/images/medium/med_S1_1.jpg'
14.9664 	EXP 	M_top_mid: image = 'resources/images/medium/med_S2_1.jpg'
14.9664 	EXP 	M_top_right: image = 'resources/images/medium/med_S3_1.jpg'
14.9664 	EXP 	M_bot_left: image = 'resources/images/medium/med_S4_1.jpg'
14.9664 	EXP 	M_bot_mid: image = 'resources/images/medium/med_S5_1.jpg'
14.9664 	EXP 	M_bot_right: image = 'resources/images/medium/med_T1.jpg'
14.9664 	EXP 	M_query: autoDraw = True
14.9664 	EXP 	M_top_left: autoDraw = True
14.9664 	EXP 	M_top_mid: autoDraw = True
14.9664 	EXP 	M_top_right: autoDraw = True
14.9664 	EXP 	M_bot_left: autoDraw = True
14.9664 	EXP 	M_bot_mid: autoDraw = True
14.9664 	EXP 	M_bot_right: autoDraw = True
20.2379 	EXP 	Device response: <KeyPress from None: t=20.22791424999741, value=space, duration=None>
20.2391 	EXP 	New trial (rep=0, index=4): <Trial 4 (4 in rep 0) data={'img_query': 'resources/images/medium/med_Q3.jpg', 'img_query_w': np.int64(1024), 'img_query_h': np.int64(768), 'img_query_disp_w': np.float64(0.25), 'img_query_disp_h': np.float64(0.1875), 'sam_1': 'resources/images/medium/med_S1_3.jpg', 'sam_1_w': np.int64(4160), 'sam_1_h': np.int64(2340), 'sam_1_disp_w': np.float64(0.25), 'sam_1_disp_h': np.float64(0.140625), 'sam_2': 'resources/images/medium/med_S2_3.jpg', 'sam_2_w': np.int64(1024), 'sam_2_h': np.int64(768), 'sam_2_disp_w': np.float64(0.25), 'sam_2_disp_h': np.float64(0.1875), 'sam_3': 'resources/images/medium/med_S3_3.jpg', 'sam_3_w': np.int64(1024), 'sam_3_h': np.int64(768), 'sam_3_disp_w': np.float64(0.25), 'sam_3_disp_h': np.float64(0.1875), 'sam_4': 'resources/images/medium/med_S4_3.jpg', 'sam_4_w': np.int64(350), 'sam_4_h': np.int64(197), 'sam_4_disp_w': np.float64(0.25), 'sam_4_disp_h': np.float64(0.140714286), 'sam_5': 'resources/images/medium/med_S5_3.jpg', 'sam_5_w': np.int64(2592), 'sam_5_h': np.int64(4608), 'sam_5_disp_w': np.float64(0.140625), 'sam_5_disp_h': np.float64(0.25), 'img_targ': 'resources/images/medium/med_T3.jpg', 'targ_w': np.int64(1024), 'targ_h': np.int64(768), 'targ_disp_w': np.float64(0.25), 'targ_disp_h': np.float64(0.1875), 'x_1': np.float64(0.55), 'x_2': np.float64(0.0), 'x_3': np.float64(-0.55), 'y_1': np.float64(0.0), 'y_2': np.float64(-0.35), 'thisN': 4, 'thisTrialN': 4, 'thisRepN': 0}>
20.5345 	EXP 	Device response: <KeyPress from None: t=20.22791424999741, value=space, duration=0.10803620899969246>
20.5395 	INFO 	Keyboard events cleared
20.5394 	EXP 	M_query: autoDraw = False
20.5394 	EXP 	M_top_left: autoDraw = False
20.5394 	EXP 	M_top_mid: autoDraw = False
20.5394 	EXP 	M_top_right: autoDraw = False
20.5394 	EXP 	M_bot_left: autoDraw = False
20.5394 	EXP 	M_bot_mid: autoDraw = False
20.5394 	EXP 	M_bot_right: autoDraw = False
20.5394 	EXP 	M_query: image = 'resources/images/medium/med_Q3.jpg'
20.5394 	EXP 	M_top_left: image = 'resources/images/medium/med_S1_3.jpg'
20.5394 	EXP 	M_top_mid: image = 'resources/images/medium/med_S2_3.jpg'
20.5394 	EXP 	M_top_right: image = 'resources/images/medium/med_S3_3.jpg'
20.5394 	EXP 	M_bot_left: image = 'resources/images/medium/med_S4_3.jpg'
20.5394 	EXP 	M_bot_mid: image = 'resources/images/medium/med_S5_3.jpg'
20.5394 	EXP 	M_bot_right: image = 'resources/images/medium/med_T3.jpg'
20.5394 	EXP 	M_query: autoDraw = True
20.5394 	EXP 	M_top_left: autoDraw = True
20.5394 	EXP 	M_top_mid: autoDraw = True
20.5394 	EXP 	M_top_right: autoDraw = True
20.5394 	EXP 	M_bot_left: autoDraw = True
20.5394 	EXP 	M_bot_mid: autoDraw = True
20.5394 	EXP 	M_bot_right: autoDraw = True
25.4370 	EXP 	Device response: <KeyPress from None: t=25.434067834001326, value=escape, duration=None>
25.5072 	EXP 	Device response: <KeyPress from None: t=25.434067834001326, value=escape, duration=0.07194991599681089>
25.5073 	EXP 	pilot_study: status = STOPPED
25.5192 	EXP 	M_query: autoDraw = False
25.5192 	EXP 	M_top_left: autoDraw = False
25.5192 	EXP 	M_top_mid: autoDraw = False
25.5192 	EXP 	M_top_right: autoDraw = False
25.5192 	EXP 	M_bot_left: autoDraw = False
25.5192 	EXP 	M_bot_mid: autoDraw = False
25.5192 	EXP 	M_bot_right: autoDraw = False
25.5193 	EXP 	pilot_study: status = STOPPED
25.5230 	INFO 	saved data to '/Users/marcogiven/Desktop/projects/S25_SURE/colorStudyPilot/data/_pilot_study_2025-06-26_16h38.12.739.csv'
25.5242 	INFO 	saved data to /Users/marcogiven/Desktop/projects/S25_SURE/colorStudyPilot/data/_pilot_study_2025-06-26_16h38.12.739.psydat
25.6523 	WARNING 	Stopping key buffers but this could be dangerous ifother keyboards rely on the same.
25.6523 	WARNING 	Stopping key buffers but this could be dangerous ifother keyboards rely on the same.
25.6523 	WARNING 	Stopping key buffers but this could be dangerous ifother keyboards rely on the same.
