17.5831 	WARNING 	Font Manager failed to load file /System/Library/PrivateFrameworks/FontServices.framework/Resources/Reserved/PingFangUI.ttc
17.7831 	WARNING 	Font Manager failed to load file /System/Library/PrivateFrameworks/FontServices.framework/Resources/Reserved/PingFangUI.ttc
94.9680 	INFO 	Loaded monitor calibration from ['2025_06_12 14:42']
95.1154 	INFO 	Using renderer 'Apple M1 Pro' for graphics
95.1155 	INFO 	OpenGL version supported by driver is 2..
95.1501 	EXP 	Created window1 = Window(allowGUI=True, allowStencil=False, autoLog=True, backendConf=UNKNOWN, backgroundFit=<method-wrapper '__getattribute__' of attributeSetter object at 0x156671c00>, backgroundImage=<method-wrapper '__getattribute__' of attributeSetter object at 0x156671c60>, bitsMode=UNKNOWN, blendMode='avg', bpc=(8, 8, 8), color=array([0, 0, 0]), colorSpace='rgb', depthBits=8, fullscr=False, gamma=None, gammaErrorPolicy='raise', infoMsg=UNKNOWN, lms=UNKNOWN, monitor=<psychopy.monitors.calibTools.Monitor object at 0x156348f10>, multiSample=False, name='window1', numSamples=2, pos=[np.float64(260.0), np.float64(224.5)], screen=0, size=array([2560, 1440]), stencilBits=0, stereo=False, title='PsychoPy', units='height', useFBO=True, useRetina=True, viewOri=0.0, viewPos=None, viewScale=None, waitBlanking=True, winType='pyglet')
95.1501 	EXP 	window1: backgroundImage = ''
95.1502 	EXP 	window1: backgroundFit = 'none'
95.7306 	INFO 	keyboard.Keyboard is using ptb backend.
95.9042 	INFO 	keyboard.Keyboard is using ptb backend.
95.9952 	INFO 	keyboard.Keyboard is using ptb backend.
95.9952 	EXP 	pilot_study: status = STARTED
96.0415 	EXP 	Created welcome_message = TextStim(__class__=<class 'psychopy.visual.text.TextStim'>, alignHoriz=method-wrapper(...), alignText='center', alignVert=method-wrapper(...), anchorHoriz='center', anchorVert='center', antialias=True, autoDraw=False, autoLog=True, bold=False, color=array([1., 1., 1.]), colorSpace='rgb', contrast=1.0, depth=0.0, draggable=False, flipHoriz=False, flipVert=False, font='Arial', fontFiles=[], height=np.float64(0.05), italic=False, languageStyle='LTR', name='welcome_message', opacity=1, ori=0.0, pos=array([0., 0.]), rgb=UNKNOWN, text=str(...), units='height', win=Window(...), wrapWidth=1)
96.0602 	EXP 	Created M_query = ImageStim(__class__=<class 'psychopy.visual.image.ImageStim'>, anchor=('center', 'center'), autoLog=True, color=array([1., 1., 1.]), colorSpace='rgb', contrast=1.0, depth=0.0, draggable=False, flipHoriz=np.False_, flipVert=np.False_, image='default.png', interpolate=True, mask=None, maskParams=None, name='M_query', opacity=1, ori=0.0, pos=array([0. , 0.3]), size=array([1., 1.]), texRes=128.0, units='height', win=Window(...))
96.0635 	EXP 	Created M_top_left = ImageStim(__class__=<class 'psychopy.visual.image.ImageStim'>, anchor=('center', 'center'), autoLog=True, color=array([1., 1., 1.]), colorSpace='rgb', contrast=1.0, depth=-1.0, draggable=False, flipHoriz=np.False_, flipVert=np.False_, image='default.png', interpolate=True, mask=None, maskParams=None, name='M_top_left', opacity=1, ori=0.0, pos=array([0., 0.]), size=array([1., 1.]), texRes=128.0, units='height', win=Window(...))
96.0666 	EXP 	Created M_top_mid = ImageStim(__class__=<class 'psychopy.visual.image.ImageStim'>, anchor=('center', 'center'), autoLog=True, color=array([1., 1., 1.]), colorSpace='rgb', contrast=1.0, depth=-2.0, draggable=False, flipHoriz=np.False_, flipVert=np.False_, image='default.png', interpolate=True, mask=None, maskParams=None, name='M_top_mid', opacity=1, ori=0.0, pos=array([0., 0.]), size=array([1., 1.]), texRes=128.0, units='height', win=Window(...))
96.0697 	EXP 	Created M_top_right = ImageStim(__class__=<class 'psychopy.visual.image.ImageStim'>, anchor=('center', 'center'), autoLog=True, color=array([1., 1., 1.]), colorSpace='rgb', contrast=1.0, depth=-3.0, draggable=True, flipHoriz=np.False_, flipVert=np.False_, image='default.png', interpolate=True, mask=None, maskParams=None, name='M_top_right', opacity=1, ori=0.0, pos=array([0., 0.]), size=array([1., 1.]), texRes=128.0, units='height', win=Window(...))
96.0729 	EXP 	Created M_bot_left = ImageStim(__class__=<class 'psychopy.visual.image.ImageStim'>, anchor=('center', 'center'), autoLog=True, color=array([1., 1., 1.]), colorSpace='rgb', contrast=1.0, depth=-4.0, draggable=False, flipHoriz=np.False_, flipVert=np.False_, image='default.png', interpolate=True, mask=None, maskParams=None, name='M_bot_left', opacity=1, ori=0.0, pos=array([0., 0.]), size=array([1., 1.]), texRes=128.0, units='height', win=Window(...))
96.0764 	EXP 	Created M_bot_mid = ImageStim(__class__=<class 'psychopy.visual.image.ImageStim'>, anchor=('center', 'center'), autoLog=True, color=array([1., 1., 1.]), colorSpace='rgb', contrast=1.0, depth=-5.0, draggable=False, flipHoriz=np.False_, flipVert=np.False_, image='default.png', interpolate=True, mask=None, maskParams=None, name='M_bot_mid', opacity=1, ori=0.0, pos=array([0., 0.]), size=array([1., 1.]), texRes=128.0, units='height', win=Window(...))
96.0802 	EXP 	Created M_bot_right = ImageStim(__class__=<class 'psychopy.visual.image.ImageStim'>, anchor=('center', 'center'), autoLog=True, color=array([1., 1., 1.]), colorSpace='rgb', contrast=1.0, depth=-6.0, draggable=False, flipHoriz=np.False_, flipVert=np.False_, image='default.png', interpolate=True, mask=None, maskParams=None, name='M_bot_right', opacity=1, ori=0.0, pos=array([0., 0.]), size=array([1., 1.]), texRes=128.0, units='height', win=Window(...))
96.0857 	EXP 	Created end_message = TextStim(__class__=<class 'psychopy.visual.text.TextStim'>, alignHoriz=method-wrapper(...), alignText='center', alignVert=method-wrapper(...), anchorHoriz='center', anchorVert='center', antialias=True, autoDraw=False, autoLog=True, bold=False, color=array([1., 1., 1.]), colorSpace='rgb', contrast=1.0, depth=0.0, draggable=False, flipHoriz=False, flipVert=False, font='Arial', fontFiles=[], height=np.float64(0.05), italic=False, languageStyle='LTR', name='end_message', opacity=1, ori=0.0, pos=array([0., 0.]), rgb=UNKNOWN, text=str(...), units='height', win=Window(...), wrapWidth=1)
0.0704 	EXP 	welcome_message: autoDraw = True
41.8453 	EXP 	Device response: <KeyPress from None: t=41.84243012499792, value=space, duration=None>
41.8544 	EXP 	Imported resources/midLoop.csv as conditions, 5 conditions, 40 params
41.8555 	EXP 	New trial (rep=0, index=0): <Trial 0 (0 in rep 0) data={'img_query': 'resources/images/medium/med_Q4.jpg', 'img_query_w': np.int64(768), 'img_query_h': np.int64(1024), 'img_query_disp_w': np.float64(0.1875), 'img_query_disp_h': np.float64(0.25), 'sam_1': 'resources/images/medium/med_S1_4.jpg', 'sam_1_w': np.int64(1024), 'sam_1_h': np.int64(768), 'sam_1_disp_w': np.float64(0.25), 'sam_1_disp_h': np.float64(0.1875), 'sam_2': 'resources/images/medium/med_S2_4.jpg', 'sam_2_w': np.int64(350), 'sam_2_h': np.int64(234), 'sam_2_disp_w': np.float64(0.25), 'sam_2_disp_h': np.float64(0.167142857), 'sam_3': 'resources/images/medium/med_S3_4.jpg', 'sam_3_w': np.int64(350), 'sam_3_h': np.int64(341), 'sam_3_disp_w': np.float64(0.25), 'sam_3_disp_h': np.float64(0.243571429), 'sam_4': 'resources/images/medium/med_S4_4.jpg', 'sam_4_w': np.int64(768), 'sam_4_h': np.int64(1024), 'sam_4_disp_w': np.float64(0.1875), 'sam_4_disp_h': np.float64(0.25), 'sam_5': 'resources/images/medium/med_S5_4.jpg', 'sam_5_w': np.int64(350), 'sam_5_h': np.int64(208), 'sam_5_disp_w': np.float64(0.25), 'sam_5_disp_h': np.float64(0.148571429), 'img_targ': 'resources/images/medium/med_T4.jpg', 'targ_w': np.int64(768), 'targ_h': np.int64(1024), 'targ_disp_w': np.float64(0.1875), 'targ_disp_h': np.float64(0.25), 'x_1': np.float64(-0.55), 'x_2': np.float64(0.55), 'x_3': np.float64(0.0), 'y_1': np.float64(-0.35), 'y_2': np.float64(0.0), 'thisN': 0, 'thisTrialN': 0, 'thisRepN': 0}>
41.9243 	EXP 	Device response: <KeyPress from None: t=41.84243012499792, value=space, duration=0.06006416599848308>
41.9321 	DATA 	Keypress: space
41.9364 	INFO 	Keyboard events cleared
41.9363 	EXP 	welcome_message: autoDraw = False
41.9363 	EXP 	M_query: image = 'resources/images/medium/med_Q4.jpg'
41.9363 	EXP 	M_top_left: image = 'resources/images/medium/med_S1_4.jpg'
41.9363 	EXP 	M_top_mid: image = 'resources/images/medium/med_S2_4.jpg'
41.9363 	EXP 	M_top_right: image = 'resources/images/medium/med_S3_4.jpg'
41.9363 	EXP 	M_bot_left: image = 'resources/images/medium/med_S4_4.jpg'
41.9363 	EXP 	M_bot_mid: image = 'resources/images/medium/med_S5_4.jpg'
41.9363 	EXP 	M_bot_right: image = 'resources/images/medium/med_T4.jpg'
41.9363 	EXP 	M_query: autoDraw = True
41.9363 	EXP 	M_top_left: autoDraw = True
41.9363 	EXP 	M_top_mid: autoDraw = True
41.9363 	EXP 	M_top_right: autoDraw = True
41.9363 	EXP 	M_bot_left: autoDraw = True
41.9363 	EXP 	M_bot_mid: autoDraw = True
41.9363 	EXP 	M_bot_right: autoDraw = True
46.7401 	EXP 	Device response: <KeyPress from None: t=46.73448479099898, value=space, duration=None>
46.7407 	EXP 	New trial (rep=0, index=1): <Trial 1 (1 in rep 0) data={'img_query': 'resources/images/medium/med_Q5.jpg', 'img_query_w': np.int64(1024), 'img_query_h': np.int64(768), 'img_query_disp_w': np.float64(0.25), 'img_query_disp_h': np.float64(0.1875), 'sam_1': 'resources/images/medium/med_S1_5.jpg', 'sam_1_w': np.int64(1024), 'sam_1_h': np.int64(768), 'sam_1_disp_w': np.float64(0.25), 'sam_1_disp_h': np.float64(0.1875), 'sam_2': 'resources/images/medium/med_S2_5.jpg', 'sam_2_w': np.int64(1024), 'sam_2_h': np.int64(768), 'sam_2_disp_w': np.float64(0.25), 'sam_2_disp_h': np.float64(0.1875), 'sam_3': 'resources/images/medium/med_S3_5.jpg', 'sam_3_w': np.int64(3264), 'sam_3_h': np.int64(1840), 'sam_3_disp_w': np.float64(0.25), 'sam_3_disp_h': np.float64(0.140931373), 'sam_4': 'resources/images/medium/med_S4_5.jpg', 'sam_4_w': np.int64(768), 'sam_4_h': np.int64(1024), 'sam_4_disp_w': np.float64(0.1875), 'sam_4_disp_h': np.float64(0.25), 'sam_5': 'resources/images/medium/med_S5_5.jpg', 'sam_5_w': np.int64(350), 'sam_5_h': np.int64(233), 'sam_5_disp_w': np.float64(0.25), 'sam_5_disp_h': np.float64(0.166428571), 'img_targ': 'resources/images/medium/med_T5.jpg', 'targ_w': np.int64(768), 'targ_h': np.int64(1024), 'targ_disp_w': np.float64(0.1875), 'targ_disp_h': np.float64(0.25), 'x_1': np.float64(0.0), 'x_2': np.float64(0.55), 'x_3': np.float64(-0.55), 'y_1': np.float64(0.0), 'y_2': np.float64(-0.35), 'thisN': 1, 'thisTrialN': 1, 'thisRepN': 0}>
46.9047 	EXP 	Device response: <KeyPress from None: t=46.73448479099898, value=space, duration=0.09202741699846229>
46.9101 	DATA 	Keypress: space
46.9134 	INFO 	Keyboard events cleared
46.9134 	EXP 	M_query: autoDraw = False
46.9134 	EXP 	M_top_left: autoDraw = False
46.9134 	EXP 	M_top_mid: autoDraw = False
46.9134 	EXP 	M_top_right: autoDraw = False
46.9134 	EXP 	M_bot_left: autoDraw = False
46.9134 	EXP 	M_bot_mid: autoDraw = False
46.9134 	EXP 	M_bot_right: autoDraw = False
46.9134 	EXP 	M_query: image = 'resources/images/medium/med_Q5.jpg'
46.9134 	EXP 	M_top_left: image = 'resources/images/medium/med_S1_5.jpg'
46.9134 	EXP 	M_top_mid: image = 'resources/images/medium/med_S2_5.jpg'
46.9134 	EXP 	M_top_right: image = 'resources/images/medium/med_S3_5.jpg'
46.9134 	EXP 	M_bot_left: image = 'resources/images/medium/med_S4_5.jpg'
46.9134 	EXP 	M_bot_mid: image = 'resources/images/medium/med_S5_5.jpg'
46.9134 	EXP 	M_bot_right: image = 'resources/images/medium/med_T5.jpg'
46.9134 	EXP 	M_query: autoDraw = True
46.9134 	EXP 	M_top_left: autoDraw = True
46.9134 	EXP 	M_top_mid: autoDraw = True
46.9134 	EXP 	M_top_right: autoDraw = True
46.9134 	EXP 	M_bot_left: autoDraw = True
46.9134 	EXP 	M_bot_mid: autoDraw = True
46.9134 	EXP 	M_bot_right: autoDraw = True
48.1594 	EXP 	Device response: <KeyPress from None: t=48.15750379099336, value=space, duration=None>
48.1600 	EXP 	New trial (rep=0, index=2): <Trial 2 (2 in rep 0) data={'img_query': 'resources/images/medium/med_Q1.jpg', 'img_query_w': np.int64(4032), 'img_query_h': np.int64(3024), 'img_query_disp_w': np.float64(0.25), 'img_query_disp_h': np.float64(0.1875), 'sam_1': 'resources/images/medium/med_S1_1.jpg', 'sam_1_w': np.int64(768), 'sam_1_h': np.int64(1024), 'sam_1_disp_w': np.float64(0.1875), 'sam_1_disp_h': np.float64(0.25), 'sam_2': 'resources/images/medium/med_S2_1.jpg', 'sam_2_w': np.int64(768), 'sam_2_h': np.int64(1024), 'sam_2_disp_w': np.float64(0.1875), 'sam_2_disp_h': np.float64(0.25), 'sam_3': 'resources/images/medium/med_S3_1.jpg', 'sam_3_w': np.int64(350), 'sam_3_h': np.int64(233), 'sam_3_disp_w': np.float64(0.25), 'sam_3_disp_h': np.float64(0.166428571), 'sam_4': 'resources/images/medium/med_S4_1.jpg', 'sam_4_w': np.int64(768), 'sam_4_h': np.int64(1024), 'sam_4_disp_w': np.float64(0.1875), 'sam_4_disp_h': np.float64(0.25), 'sam_5': 'resources/images/medium/med_S5_1.jpg', 'sam_5_w': np.int64(768), 'sam_5_h': np.int64(1040), 'sam_5_disp_w': np.float64(0.184615385), 'sam_5_disp_h': np.float64(0.25), 'img_targ': 'resources/images/medium/med_T1.jpg', 'targ_w': np.int64(1024), 'targ_h': np.int64(768), 'targ_disp_w': np.float64(0.25), 'targ_disp_h': np.float64(0.1875), 'x_1': np.float64(-0.55), 'x_2': np.float64(0.0), 'x_3': np.float64(0.55), 'y_1': np.float64(0.0), 'y_2': np.float64(-0.35), 'thisN': 2, 'thisTrialN': 2, 'thisRepN': 0}>
48.4030 	EXP 	Device response: <KeyPress from None: t=48.15750379099336, value=space, duration=0.083843334003177>
48.4049 	DATA 	Keypress: space
48.4083 	INFO 	Keyboard events cleared
48.4082 	EXP 	M_query: autoDraw = False
48.4082 	EXP 	M_top_left: autoDraw = False
48.4082 	EXP 	M_top_mid: autoDraw = False
48.4082 	EXP 	M_top_right: autoDraw = False
48.4082 	EXP 	M_bot_left: autoDraw = False
48.4082 	EXP 	M_bot_mid: autoDraw = False
48.4082 	EXP 	M_bot_right: autoDraw = False
48.4082 	EXP 	M_query: image = 'resources/images/medium/med_Q1.jpg'
48.4082 	EXP 	M_top_left: image = 'resources/images/medium/med_S1_1.jpg'
48.4082 	EXP 	M_top_mid: image = 'resources/images/medium/med_S2_1.jpg'
48.4082 	EXP 	M_top_right: image = 'resources/images/medium/med_S3_1.jpg'
48.4082 	EXP 	M_bot_left: image = 'resources/images/medium/med_S4_1.jpg'
48.4082 	EXP 	M_bot_mid: image = 'resources/images/medium/med_S5_1.jpg'
48.4082 	EXP 	M_bot_right: image = 'resources/images/medium/med_T1.jpg'
48.4082 	EXP 	M_query: autoDraw = True
48.4082 	EXP 	M_top_left: autoDraw = True
48.4082 	EXP 	M_top_mid: autoDraw = True
48.4082 	EXP 	M_top_right: autoDraw = True
48.4082 	EXP 	M_bot_left: autoDraw = True
48.4082 	EXP 	M_bot_mid: autoDraw = True
48.4082 	EXP 	M_bot_right: autoDraw = True
49.6340 	EXP 	Device response: <KeyPress from None: t=49.628828582994174, value=space, duration=None>
49.6346 	EXP 	New trial (rep=0, index=3): <Trial 3 (3 in rep 0) data={'img_query': 'resources/images/medium/med_Q2.jpg', 'img_query_w': np.int64(1024), 'img_query_h': np.int64(768), 'img_query_disp_w': np.float64(0.25), 'img_query_disp_h': np.float64(0.1875), 'sam_1': 'resources/images/medium/med_S1_2.jpg', 'sam_1_w': np.int64(4032), 'sam_1_h': np.int64(3024), 'sam_1_disp_w': np.float64(0.25), 'sam_1_disp_h': np.float64(0.1875), 'sam_2': 'resources/images/medium/med_S2_2.jpg', 'sam_2_w': np.int64(250), 'sam_2_h': np.int64(233), 'sam_2_disp_w': np.float64(0.25), 'sam_2_disp_h': np.float64(0.233), 'sam_3': 'resources/images/medium/med_S3_2.jpg', 'sam_3_w': np.int64(1024), 'sam_3_h': np.int64(768), 'sam_3_disp_w': np.float64(0.25), 'sam_3_disp_h': np.float64(0.1875), 'sam_4': 'resources/images/medium/med_S4_2.jpg', 'sam_4_w': np.int64(350), 'sam_4_h': np.int64(233), 'sam_4_disp_w': np.float64(0.25), 'sam_4_disp_h': np.float64(0.166428571), 'sam_5': 'resources/images/medium/med_S5_2.jpg', 'sam_5_w': np.int64(350), 'sam_5_h': np.int64(233), 'sam_5_disp_w': np.float64(0.25), 'sam_5_disp_h': np.float64(0.166428571), 'img_targ': 'resources/images/medium/med_T2.jpg', 'targ_w': np.int64(4032), 'targ_h': np.int64(2268), 'targ_disp_w': np.float64(0.25), 'targ_disp_h': np.float64(0.140625), 'x_1': np.float64(0.0), 'x_2': np.float64(-0.55), 'x_3': np.float64(0.55), 'y_1': np.float64(-0.35), 'y_2': np.float64(0.0), 'thisN': 3, 'thisTrialN': 3, 'thisRepN': 0}>
49.9049 	EXP 	Device response: <KeyPress from None: t=49.628828582994174, value=space, duration=0.06401837500015972>
49.9069 	DATA 	Keypress: space
49.9102 	INFO 	Keyboard events cleared
49.9101 	EXP 	M_query: autoDraw = False
49.9101 	EXP 	M_top_left: autoDraw = False
49.9101 	EXP 	M_top_mid: autoDraw = False
49.9101 	EXP 	M_top_right: autoDraw = False
49.9101 	EXP 	M_bot_left: autoDraw = False
49.9101 	EXP 	M_bot_mid: autoDraw = False
49.9101 	EXP 	M_bot_right: autoDraw = False
49.9101 	EXP 	M_query: image = 'resources/images/medium/med_Q2.jpg'
49.9101 	EXP 	M_top_left: image = 'resources/images/medium/med_S1_2.jpg'
49.9101 	EXP 	M_top_mid: image = 'resources/images/medium/med_S2_2.jpg'
49.9101 	EXP 	M_top_right: image = 'resources/images/medium/med_S3_2.jpg'
49.9101 	EXP 	M_bot_left: image = 'resources/images/medium/med_S4_2.jpg'
49.9101 	EXP 	M_bot_mid: image = 'resources/images/medium/med_S5_2.jpg'
49.9101 	EXP 	M_bot_right: image = 'resources/images/medium/med_T2.jpg'
49.9101 	EXP 	M_query: autoDraw = True
49.9101 	EXP 	M_top_left: autoDraw = True
49.9101 	EXP 	M_top_mid: autoDraw = True
49.9101 	EXP 	M_top_right: autoDraw = True
49.9101 	EXP 	M_bot_left: autoDraw = True
49.9101 	EXP 	M_bot_mid: autoDraw = True
49.9101 	EXP 	M_bot_right: autoDraw = True
50.6909 	EXP 	Device response: <KeyPress from None: t=50.687338290998014, value=escape, duration=None>
50.7271 	DATA 	Keypress: escape
50.7644 	EXP 	Device response: <KeyPress from None: t=50.687338290998014, value=escape, duration=0.06802754200180061>
50.7645 	EXP 	pilot_study: status = STOPPED
50.7722 	EXP 	M_query: autoDraw = False
50.7722 	EXP 	M_top_left: autoDraw = False
50.7722 	EXP 	M_top_mid: autoDraw = False
50.7722 	EXP 	M_top_right: autoDraw = False
50.7722 	EXP 	M_bot_left: autoDraw = False
50.7722 	EXP 	M_bot_mid: autoDraw = False
50.7722 	EXP 	M_bot_right: autoDraw = False
50.7722 	EXP 	pilot_study: status = STOPPED
50.7750 	INFO 	saved data to '/Users/marcogiven/Desktop/projects/S25_SURE/colorStudyPilot/data/_pilot_study_2025-06-26_16h32.07.310.csv'
50.7759 	INFO 	saved data to /Users/marcogiven/Desktop/projects/S25_SURE/colorStudyPilot/data/_pilot_study_2025-06-26_16h32.07.310.psydat
50.8990 	WARNING 	Stopping key buffers but this could be dangerous ifother keyboards rely on the same.
50.8990 	WARNING 	Stopping key buffers but this could be dangerous ifother keyboards rely on the same.
50.8990 	WARNING 	Stopping key buffers but this could be dangerous ifother keyboards rely on the same.
