17.4260 	WARNING 	Font Manager failed to load file /System/Library/PrivateFrameworks/FontServices.framework/Resources/Reserved/PingFangUI.ttc
17.6366 	WARNING 	Font Manager failed to load file /System/Library/PrivateFrameworks/FontServices.framework/Resources/Reserved/PingFangUI.ttc
19.9118 	INFO 	Loaded monitor calibration from ['2025_06_12 14:42']
20.0598 	INFO 	Using renderer 'Apple M1 Pro' for graphics
20.0598 	INFO 	OpenGL version supported by driver is 2..
20.0914 	EXP 	Created window1 = Window(allowGUI=True, allowStencil=False, autoLog=True, backendConf=UNKNOWN, backgroundFit=<method-wrapper '__getattribute__' of attributeSetter object at 0x1580cbca0>, backgroundImage=<method-wrapper '__getattribute__' of attributeSetter object at 0x1580cbc40>, bitsMode=UNKNOWN, blendMode='avg', bpc=(8, 8, 8), color=array([0, 0, 0]), colorSpace='rgb', depthBits=8, fullscr=False, gamma=None, gammaErrorPolicy='raise', infoMsg=UNKNOWN, lms=UNKNOWN, monitor=<psychopy.monitors.calibTools.Monitor object at 0x1580dd240>, multiSample=False, name='window1', numSamples=2, pos=[np.float64(260.0), np.float64(224.5)], screen=0, size=array([2560, 1440]), stencilBits=0, stereo=False, title='PsychoPy', units='height', useFBO=True, useRetina=True, viewOri=0.0, viewPos=None, viewScale=None, waitBlanking=True, winType='pyglet')
20.0914 	EXP 	window1: backgroundImage = ''
20.0914 	EXP 	window1: backgroundFit = 'none'
20.6644 	INFO 	keyboard.Keyboard is using ptb backend.
20.8358 	INFO 	keyboard.Keyboard is using ptb backend.
20.9232 	INFO 	keyboard.Keyboard is using ptb backend.
20.9232 	EXP 	pilot_study: status = STARTED
20.9694 	EXP 	Created welcome_message = TextStim(__class__=<class 'psychopy.visual.text.TextStim'>, alignHoriz=method-wrapper(...), alignText='center', alignVert=method-wrapper(...), anchorHoriz='center', anchorVert='center', antialias=True, autoDraw=False, autoLog=True, bold=False, color=array([1., 1., 1.]), colorSpace='rgb', contrast=1.0, depth=0.0, draggable=False, flipHoriz=False, flipVert=False, font='Arial', fontFiles=[], height=np.float64(0.05), italic=False, languageStyle='LTR', name='welcome_message', opacity=1, ori=0.0, pos=array([0., 0.]), rgb=UNKNOWN, text=str(...), units='height', win=Window(...), wrapWidth=1)
20.9872 	EXP 	Created M_query = ImageStim(__class__=<class 'psychopy.visual.image.ImageStim'>, anchor=('center', 'center'), autoLog=True, color=array([1., 1., 1.]), colorSpace='rgb', contrast=1.0, depth=0.0, draggable=False, flipHoriz=np.False_, flipVert=np.False_, image='default.png', interpolate=True, mask=None, maskParams=None, name='M_query', opacity=1, ori=0.0, pos=array([0. , 0.3]), size=array([1., 1.]), texRes=128.0, units='height', win=Window(...))
20.9904 	EXP 	Created M_top_left = ImageStim(__class__=<class 'psychopy.visual.image.ImageStim'>, anchor=('center', 'center'), autoLog=True, color=array([1., 1., 1.]), colorSpace='rgb', contrast=1.0, depth=-1.0, draggable=False, flipHoriz=np.False_, flipVert=np.False_, image='default.png', interpolate=True, mask=None, maskParams=None, name='M_top_left', opacity=1, ori=0.0, pos=array([-0.55,  0.  ]), size=array([1., 1.]), texRes=128.0, units='height', win=Window(...))
20.9935 	EXP 	Created M_top_mid = ImageStim(__class__=<class 'psychopy.visual.image.ImageStim'>, anchor=('center', 'center'), autoLog=True, color=array([1., 1., 1.]), colorSpace='rgb', contrast=1.0, depth=-2.0, draggable=False, flipHoriz=np.False_, flipVert=np.False_, image='default.png', interpolate=True, mask=None, maskParams=None, name='M_top_mid', opacity=1, ori=0.0, pos=array([0., 0.]), size=array([1., 1.]), texRes=128.0, units='height', win=Window(...))
20.9966 	EXP 	Created M_top_right = ImageStim(__class__=<class 'psychopy.visual.image.ImageStim'>, anchor=('center', 'center'), autoLog=True, color=array([1., 1., 1.]), colorSpace='rgb', contrast=1.0, depth=-3.0, draggable=False, flipHoriz=np.False_, flipVert=np.False_, image='default.png', interpolate=True, mask=None, maskParams=None, name='M_top_right', opacity=1, ori=0.0, pos=array([0.55, 0.  ]), size=array([1., 1.]), texRes=128.0, units='height', win=Window(...))
20.9996 	EXP 	Created M_bot_left = ImageStim(__class__=<class 'psychopy.visual.image.ImageStim'>, anchor=('center', 'center'), autoLog=True, color=array([1., 1., 1.]), colorSpace='rgb', contrast=1.0, depth=-4.0, draggable=False, flipHoriz=np.False_, flipVert=np.False_, image='default.png', interpolate=True, mask=None, maskParams=None, name='M_bot_left', opacity=1, ori=0.0, pos=array([-0.55, -0.35]), size=array([1., 1.]), texRes=128.0, units='height', win=Window(...))
21.0027 	EXP 	Created M_bot_mid = ImageStim(__class__=<class 'psychopy.visual.image.ImageStim'>, anchor=('center', 'center'), autoLog=True, color=array([1., 1., 1.]), colorSpace='rgb', contrast=1.0, depth=-5.0, draggable=False, flipHoriz=np.False_, flipVert=np.False_, image='default.png', interpolate=True, mask=None, maskParams=None, name='M_bot_mid', opacity=1, ori=0.0, pos=array([ 0.  , -0.35]), size=array([1., 1.]), texRes=128.0, units='height', win=Window(...))
21.0057 	EXP 	Created M_bot_right = ImageStim(__class__=<class 'psychopy.visual.image.ImageStim'>, anchor=('center', 'center'), autoLog=True, color=array([1., 1., 1.]), colorSpace='rgb', contrast=1.0, depth=-6.0, draggable=False, flipHoriz=np.False_, flipVert=np.False_, image='default.png', interpolate=True, mask=None, maskParams=None, name='M_bot_right', opacity=1, ori=0.0, pos=array([ 0.55, -0.35]), size=array([1., 1.]), texRes=128.0, units='height', win=Window(...))
21.0099 	EXP 	Created end_message = TextStim(__class__=<class 'psychopy.visual.text.TextStim'>, alignHoriz=method-wrapper(...), alignText='center', alignVert=method-wrapper(...), anchorHoriz='center', anchorVert='center', antialias=True, autoDraw=False, autoLog=True, bold=False, color=array([1., 1., 1.]), colorSpace='rgb', contrast=1.0, depth=0.0, draggable=False, flipHoriz=False, flipVert=False, font='Arial', fontFiles=[], height=np.float64(0.05), italic=False, languageStyle='LTR', name='end_message', opacity=1, ori=0.0, pos=array([0., 0.]), rgb=UNKNOWN, text=str(...), units='height', win=Window(...), wrapWidth=1)
0.0484 	EXP 	welcome_message: autoDraw = True
1.1540 	EXP 	Device response: <KeyPress from None: t=0.9698372499988182, value=space, duration=None>
1.1543 	EXP 	Device response: <KeyPress from None: t=0.9698372499988182, value=space, duration=0.07201024999812944>
1.1608 	EXP 	Imported resources/midLoop.csv as conditions, 5 conditions, 35 params
1.1613 	EXP 	New trial (rep=0, index=0): <Trial 0 (0 in rep 0) data={'img_query': 'resources/images/medium/med_Q3.jpg', 'img_query_w': np.int64(1024), 'img_query_h': np.int64(768), 'img_query_disp_w': np.float64(0.25), 'img_query_disp_h': np.float64(0.1875), 'sam_1': 'resources/images/medium/med_S1_3.jpg', 'sam_1_w': np.int64(4160), 'sam_1_h': np.int64(2340), 'sam_1_disp_w': np.float64(0.25), 'sam_1_disp_h': np.float64(0.140625), 'sam_2': 'resources/images/medium/med_S2_3.jpg', 'sam_2_w': np.int64(1024), 'sam_2_h': np.int64(768), 'sam_2_disp_w': np.float64(0.25), 'sam_2_disp_h': np.float64(0.1875), 'sam_3': 'resources/images/medium/med_S3_3.jpg', 'sam_3_w': np.int64(1024), 'sam_3_h': np.int64(768), 'sam_3_disp_w': np.float64(0.25), 'sam_3_disp_h': np.float64(0.1875), 'sam_4': 'resources/images/medium/med_S4_3.jpg', 'sam_4_w': np.int64(350), 'sam_4_h': np.int64(197), 'sam_4_disp_w': np.float64(0.25), 'sam_4_disp_h': np.float64(0.140714286), 'sam_5': 'resources/images/medium/med_S5_3.jpg', 'sam_5_w': np.int64(2592), 'sam_5_h': np.int64(4608), 'sam_5_disp_w': np.float64(0.140625), 'sam_5_disp_h': np.float64(0.25), 'img_targ': 'resources/images/medium/med_T3.jpg', 'targ_w': np.int64(1024), 'targ_h': np.int64(768), 'targ_disp_w': np.float64(0.25), 'targ_disp_h': np.float64(0.1875), 'thisN': 0, 'thisTrialN': 0, 'thisRepN': 0}>
1.5126 	INFO 	Keyboard events cleared
1.5125 	EXP 	welcome_message: autoDraw = False
1.5125 	EXP 	M_query: image = 'resources/images/medium/med_Q3.jpg'
1.5125 	EXP 	M_top_left: image = 'resources/images/medium/med_S1_3.jpg'
1.5125 	EXP 	M_top_mid: image = 'resources/images/medium/med_S2_3.jpg'
1.5125 	EXP 	M_top_right: image = 'resources/images/medium/med_S3_3.jpg'
1.5125 	EXP 	M_bot_left: image = 'resources/images/medium/med_S4_3.jpg'
1.5125 	EXP 	M_bot_mid: image = 'resources/images/medium/med_S5_3.jpg'
1.5125 	EXP 	M_bot_right: image = 'resources/images/medium/med_T3.jpg'
1.5125 	EXP 	M_query: autoDraw = True
1.5125 	EXP 	M_top_left: autoDraw = True
1.5125 	EXP 	M_top_mid: autoDraw = True
1.5125 	EXP 	M_top_right: autoDraw = True
1.5125 	EXP 	M_bot_left: autoDraw = True
1.5125 	EXP 	M_bot_mid: autoDraw = True
1.5125 	EXP 	M_bot_right: autoDraw = True
2.2863 	EXP 	Device response: <KeyPress from None: t=2.277926832997764, value=space, duration=None>
2.2865 	EXP 	New trial (rep=0, index=1): <Trial 1 (1 in rep 0) data={'img_query': 'resources/images/medium/med_Q4.jpg', 'img_query_w': np.int64(768), 'img_query_h': np.int64(1024), 'img_query_disp_w': np.float64(0.1875), 'img_query_disp_h': np.float64(0.25), 'sam_1': 'resources/images/medium/med_S1_4.jpg', 'sam_1_w': np.int64(1024), 'sam_1_h': np.int64(768), 'sam_1_disp_w': np.float64(0.25), 'sam_1_disp_h': np.float64(0.1875), 'sam_2': 'resources/images/medium/med_S2_4.jpg', 'sam_2_w': np.int64(350), 'sam_2_h': np.int64(234), 'sam_2_disp_w': np.float64(0.25), 'sam_2_disp_h': np.float64(0.167142857), 'sam_3': 'resources/images/medium/med_S3_4.jpg', 'sam_3_w': np.int64(350), 'sam_3_h': np.int64(341), 'sam_3_disp_w': np.float64(0.25), 'sam_3_disp_h': np.float64(0.243571429), 'sam_4': 'resources/images/medium/med_S4_4.jpg', 'sam_4_w': np.int64(768), 'sam_4_h': np.int64(1024), 'sam_4_disp_w': np.float64(0.1875), 'sam_4_disp_h': np.float64(0.25), 'sam_5': 'resources/images/medium/med_S5_4.jpg', 'sam_5_w': np.int64(350), 'sam_5_h': np.int64(208), 'sam_5_disp_w': np.float64(0.25), 'sam_5_disp_h': np.float64(0.148571429), 'img_targ': 'resources/images/medium/med_T4.jpg', 'targ_w': np.int64(768), 'targ_h': np.int64(1024), 'targ_disp_w': np.float64(0.1875), 'targ_disp_h': np.float64(0.25), 'thisN': 1, 'thisTrialN': 1, 'thisRepN': 0}>
2.3746 	EXP 	Device response: <KeyPress from None: t=2.277926832997764, value=space, duration=0.09179520799807506>
2.3828 	INFO 	Keyboard events cleared
2.3827 	EXP 	M_query: autoDraw = False
2.3827 	EXP 	M_top_left: autoDraw = False
2.3827 	EXP 	M_top_mid: autoDraw = False
2.3827 	EXP 	M_top_right: autoDraw = False
2.3827 	EXP 	M_bot_left: autoDraw = False
2.3827 	EXP 	M_bot_mid: autoDraw = False
2.3827 	EXP 	M_bot_right: autoDraw = False
2.3827 	EXP 	M_query: image = 'resources/images/medium/med_Q4.jpg'
2.3827 	EXP 	M_top_left: image = 'resources/images/medium/med_S1_4.jpg'
2.3827 	EXP 	M_top_mid: image = 'resources/images/medium/med_S2_4.jpg'
2.3827 	EXP 	M_top_right: image = 'resources/images/medium/med_S3_4.jpg'
2.3827 	EXP 	M_bot_left: image = 'resources/images/medium/med_S4_4.jpg'
2.3827 	EXP 	M_bot_mid: image = 'resources/images/medium/med_S5_4.jpg'
2.3827 	EXP 	M_bot_right: image = 'resources/images/medium/med_T4.jpg'
2.3827 	EXP 	M_query: autoDraw = True
2.3827 	EXP 	M_top_left: autoDraw = True
2.3827 	EXP 	M_top_mid: autoDraw = True
2.3827 	EXP 	M_top_right: autoDraw = True
2.3827 	EXP 	M_bot_left: autoDraw = True
2.3827 	EXP 	M_bot_mid: autoDraw = True
2.3827 	EXP 	M_bot_right: autoDraw = True
3.3551 	EXP 	Device response: <KeyPress from None: t=3.3514359159962623, value=space, duration=None>
3.3559 	EXP 	New trial (rep=0, index=2): <Trial 2 (2 in rep 0) data={'img_query': 'resources/images/medium/med_Q5.jpg', 'img_query_w': np.int64(1024), 'img_query_h': np.int64(768), 'img_query_disp_w': np.float64(0.25), 'img_query_disp_h': np.float64(0.1875), 'sam_1': 'resources/images/medium/med_S1_5.jpg', 'sam_1_w': np.int64(1024), 'sam_1_h': np.int64(768), 'sam_1_disp_w': np.float64(0.25), 'sam_1_disp_h': np.float64(0.1875), 'sam_2': 'resources/images/medium/med_S2_5.jpg', 'sam_2_w': np.int64(1024), 'sam_2_h': np.int64(768), 'sam_2_disp_w': np.float64(0.25), 'sam_2_disp_h': np.float64(0.1875), 'sam_3': 'resources/images/medium/med_S3_5.jpg', 'sam_3_w': np.int64(3264), 'sam_3_h': np.int64(1840), 'sam_3_disp_w': np.float64(0.25), 'sam_3_disp_h': np.float64(0.140931373), 'sam_4': 'resources/images/medium/med_S4_5.jpg', 'sam_4_w': np.int64(768), 'sam_4_h': np.int64(1024), 'sam_4_disp_w': np.float64(0.1875), 'sam_4_disp_h': np.float64(0.25), 'sam_5': 'resources/images/medium/med_S5_5.jpg', 'sam_5_w': np.int64(350), 'sam_5_h': np.int64(233), 'sam_5_disp_w': np.float64(0.25), 'sam_5_disp_h': np.float64(0.166428571), 'img_targ': 'resources/images/medium/med_T5.jpg', 'targ_w': np.int64(768), 'targ_h': np.int64(1024), 'targ_disp_w': np.float64(0.1875), 'targ_disp_h': np.float64(0.25), 'thisN': 2, 'thisTrialN': 2, 'thisRepN': 0}>
3.4892 	EXP 	Device response: <KeyPress from None: t=3.3514359159962623, value=space, duration=0.06793429200479295>
3.4940 	INFO 	Keyboard events cleared
3.4939 	EXP 	M_query: autoDraw = False
3.4939 	EXP 	M_top_left: autoDraw = False
3.4939 	EXP 	M_top_mid: autoDraw = False
3.4939 	EXP 	M_top_right: autoDraw = False
3.4939 	EXP 	M_bot_left: autoDraw = False
3.4939 	EXP 	M_bot_mid: autoDraw = False
3.4939 	EXP 	M_bot_right: autoDraw = False
3.4939 	EXP 	M_query: image = 'resources/images/medium/med_Q5.jpg'
3.4939 	EXP 	M_top_left: image = 'resources/images/medium/med_S1_5.jpg'
3.4939 	EXP 	M_top_mid: image = 'resources/images/medium/med_S2_5.jpg'
3.4939 	EXP 	M_top_right: image = 'resources/images/medium/med_S3_5.jpg'
3.4939 	EXP 	M_bot_left: image = 'resources/images/medium/med_S4_5.jpg'
3.4939 	EXP 	M_bot_mid: image = 'resources/images/medium/med_S5_5.jpg'
3.4939 	EXP 	M_bot_right: image = 'resources/images/medium/med_T5.jpg'
3.4939 	EXP 	M_query: autoDraw = True
3.4939 	EXP 	M_top_left: autoDraw = True
3.4939 	EXP 	M_top_mid: autoDraw = True
3.4939 	EXP 	M_top_right: autoDraw = True
3.4939 	EXP 	M_bot_left: autoDraw = True
3.4939 	EXP 	M_bot_mid: autoDraw = True
3.4939 	EXP 	M_bot_right: autoDraw = True
4.4298 	EXP 	Device response: <KeyPress from None: t=4.4146014579964685, value=space, duration=None>
4.4306 	EXP 	New trial (rep=0, index=3): <Trial 3 (3 in rep 0) data={'img_query': 'resources/images/medium/med_Q1.jpg', 'img_query_w': np.int64(4032), 'img_query_h': np.int64(3024), 'img_query_disp_w': np.float64(0.25), 'img_query_disp_h': np.float64(0.1875), 'sam_1': 'resources/images/medium/med_S1_1.jpg', 'sam_1_w': np.int64(768), 'sam_1_h': np.int64(1024), 'sam_1_disp_w': np.float64(0.1875), 'sam_1_disp_h': np.float64(0.25), 'sam_2': 'resources/images/medium/med_S2_1.jpg', 'sam_2_w': np.int64(768), 'sam_2_h': np.int64(1024), 'sam_2_disp_w': np.float64(0.1875), 'sam_2_disp_h': np.float64(0.25), 'sam_3': 'resources/images/medium/med_S3_1.jpg', 'sam_3_w': np.int64(350), 'sam_3_h': np.int64(233), 'sam_3_disp_w': np.float64(0.25), 'sam_3_disp_h': np.float64(0.166428571), 'sam_4': 'resources/images/medium/med_S4_1.jpg', 'sam_4_w': np.int64(768), 'sam_4_h': np.int64(1024), 'sam_4_disp_w': np.float64(0.1875), 'sam_4_disp_h': np.float64(0.25), 'sam_5': 'resources/images/medium/med_S5_1.jpg', 'sam_5_w': np.int64(768), 'sam_5_h': np.int64(1040), 'sam_5_disp_w': np.float64(0.184615385), 'sam_5_disp_h': np.float64(0.25), 'img_targ': 'resources/images/medium/med_T1.jpg', 'targ_w': np.int64(1024), 'targ_h': np.int64(768), 'targ_disp_w': np.float64(0.25), 'targ_disp_h': np.float64(0.1875), 'thisN': 3, 'thisTrialN': 3, 'thisRepN': 0}>
4.6514 	EXP 	Device response: <KeyPress from None: t=4.4146014579964685, value=space, duration=0.06399358300404856>
4.6565 	INFO 	Keyboard events cleared
4.6563 	EXP 	M_query: autoDraw = False
4.6563 	EXP 	M_top_left: autoDraw = False
4.6563 	EXP 	M_top_mid: autoDraw = False
4.6563 	EXP 	M_top_right: autoDraw = False
4.6563 	EXP 	M_bot_left: autoDraw = False
4.6563 	EXP 	M_bot_mid: autoDraw = False
4.6563 	EXP 	M_bot_right: autoDraw = False
4.6563 	EXP 	M_query: image = 'resources/images/medium/med_Q1.jpg'
4.6563 	EXP 	M_top_left: image = 'resources/images/medium/med_S1_1.jpg'
4.6563 	EXP 	M_top_mid: image = 'resources/images/medium/med_S2_1.jpg'
4.6563 	EXP 	M_top_right: image = 'resources/images/medium/med_S3_1.jpg'
4.6563 	EXP 	M_bot_left: image = 'resources/images/medium/med_S4_1.jpg'
4.6563 	EXP 	M_bot_mid: image = 'resources/images/medium/med_S5_1.jpg'
4.6563 	EXP 	M_bot_right: image = 'resources/images/medium/med_T1.jpg'
4.6563 	EXP 	M_query: autoDraw = True
4.6563 	EXP 	M_top_left: autoDraw = True
4.6563 	EXP 	M_top_mid: autoDraw = True
4.6563 	EXP 	M_top_right: autoDraw = True
4.6563 	EXP 	M_bot_left: autoDraw = True
4.6563 	EXP 	M_bot_mid: autoDraw = True
4.6563 	EXP 	M_bot_right: autoDraw = True
5.3379 	EXP 	Device response: <KeyPress from None: t=5.3345468749976135, value=space, duration=None>
5.3387 	EXP 	New trial (rep=0, index=4): <Trial 4 (4 in rep 0) data={'img_query': 'resources/images/medium/med_Q2.jpg', 'img_query_w': np.int64(1024), 'img_query_h': np.int64(768), 'img_query_disp_w': np.float64(0.25), 'img_query_disp_h': np.float64(0.1875), 'sam_1': 'resources/images/medium/med_S1_2.jpg', 'sam_1_w': np.int64(4032), 'sam_1_h': np.int64(3024), 'sam_1_disp_w': np.float64(0.25), 'sam_1_disp_h': np.float64(0.1875), 'sam_2': 'resources/images/medium/med_S2_2.jpg', 'sam_2_w': np.int64(250), 'sam_2_h': np.int64(233), 'sam_2_disp_w': np.float64(0.25), 'sam_2_disp_h': np.float64(0.233), 'sam_3': 'resources/images/medium/med_S3_2.jpg', 'sam_3_w': np.int64(1024), 'sam_3_h': np.int64(768), 'sam_3_disp_w': np.float64(0.25), 'sam_3_disp_h': np.float64(0.1875), 'sam_4': 'resources/images/medium/med_S4_2.jpg', 'sam_4_w': np.int64(350), 'sam_4_h': np.int64(233), 'sam_4_disp_w': np.float64(0.25), 'sam_4_disp_h': np.float64(0.166428571), 'sam_5': 'resources/images/medium/med_S5_2.jpg', 'sam_5_w': np.int64(350), 'sam_5_h': np.int64(233), 'sam_5_disp_w': np.float64(0.25), 'sam_5_disp_h': np.float64(0.166428571), 'img_targ': 'resources/images/medium/med_T2.jpg', 'targ_w': np.int64(4032), 'targ_h': np.int64(2268), 'targ_disp_w': np.float64(0.25), 'targ_disp_h': np.float64(0.140625), 'thisN': 4, 'thisTrialN': 4, 'thisRepN': 0}>
5.6094 	EXP 	Device response: <KeyPress from None: t=5.3345468749976135, value=space, duration=0.05198920799739426>
5.6140 	INFO 	Keyboard events cleared
5.6139 	EXP 	M_query: autoDraw = False
5.6139 	EXP 	M_top_left: autoDraw = False
5.6139 	EXP 	M_top_mid: autoDraw = False
5.6139 	EXP 	M_top_right: autoDraw = False
5.6139 	EXP 	M_bot_left: autoDraw = False
5.6139 	EXP 	M_bot_mid: autoDraw = False
5.6139 	EXP 	M_bot_right: autoDraw = False
5.6139 	EXP 	M_query: image = 'resources/images/medium/med_Q2.jpg'
5.6139 	EXP 	M_top_left: image = 'resources/images/medium/med_S1_2.jpg'
5.6139 	EXP 	M_top_mid: image = 'resources/images/medium/med_S2_2.jpg'
5.6139 	EXP 	M_top_right: image = 'resources/images/medium/med_S3_2.jpg'
5.6139 	EXP 	M_bot_left: image = 'resources/images/medium/med_S4_2.jpg'
5.6139 	EXP 	M_bot_mid: image = 'resources/images/medium/med_S5_2.jpg'
5.6139 	EXP 	M_bot_right: image = 'resources/images/medium/med_T2.jpg'
5.6139 	EXP 	M_query: autoDraw = True
5.6139 	EXP 	M_top_left: autoDraw = True
5.6139 	EXP 	M_top_mid: autoDraw = True
5.6139 	EXP 	M_top_right: autoDraw = True
5.6139 	EXP 	M_bot_left: autoDraw = True
5.6139 	EXP 	M_bot_mid: autoDraw = True
5.6139 	EXP 	M_bot_right: autoDraw = True
6.0620 	EXP 	Device response: <KeyPress from None: t=6.053076208001585, value=space, duration=None>
6.0722 	EXP 	M_query: autoDraw = False
6.0722 	EXP 	M_top_left: autoDraw = False
6.0722 	EXP 	M_top_mid: autoDraw = False
6.0722 	EXP 	M_top_right: autoDraw = False
6.0722 	EXP 	M_bot_left: autoDraw = False
6.0722 	EXP 	M_bot_mid: autoDraw = False
6.0722 	EXP 	M_bot_right: autoDraw = False
6.0722 	EXP 	end_message: autoDraw = True
6.1454 	EXP 	Device response: <KeyPress from None: t=6.053076208001585, value=space, duration=0.08409045799635351>
628.8670 	DATA 	Mouse: Left button down, pos=(341,449)
628.9669 	DATA 	Mouse:  Left button up, pos=(341,448)
629.0919 	EXP 	Device response: <KeyPress from None: t=629.0826775829992, value=escape, duration=None>
629.1321 	DATA 	Keypress: escape
629.1731 	EXP 	Device response: <KeyPress from None: t=629.0826775829992, value=escape, duration=0.08766008300153771>
629.1732 	EXP 	pilot_study: status = STOPPED
629.1757 	EXP 	end_message: autoDraw = False
629.1757 	EXP 	pilot_study: status = STOPPED
629.1790 	INFO 	saved data to '/Users/marcogiven/Desktop/projects/S25_SURE/colorStudyPilot/data/_pilot_study_2025-06-26_16h07.23.143.csv'
629.1801 	INFO 	saved data to /Users/marcogiven/Desktop/projects/S25_SURE/colorStudyPilot/data/_pilot_study_2025-06-26_16h07.23.143.psydat
629.3189 	WARNING 	Stopping key buffers but this could be dangerous ifother keyboards rely on the same.
629.3190 	WARNING 	Stopping key buffers but this could be dangerous ifother keyboards rely on the same.
629.3190 	WARNING 	Stopping key buffers but this could be dangerous ifother keyboards rely on the same.
