17.2432 	WARNING 	Font Manager failed to load file /System/Library/PrivateFrameworks/FontServices.framework/Resources/Reserved/PingFangUI.ttc
17.4662 	WARNING 	Font Manager failed to load file /System/Library/PrivateFrameworks/FontServices.framework/Resources/Reserved/PingFangUI.ttc
20.4878 	INFO 	Loaded monitor calibration from ['2025_06_12 14:42']
20.6215 	INFO 	Using renderer 'Apple M1 Pro' for graphics
20.6215 	INFO 	OpenGL version supported by driver is 2..
20.6531 	EXP 	Created window1 = Window(allowGUI=True, allowStencil=False, autoLog=True, backendConf=UNKNOWN, backgroundFit=<method-wrapper '__getattribute__' of attributeSetter object at 0x157d2d7e0>, backgroundImage=<method-wrapper '__getattribute__' of attributeSetter object at 0x157d2d780>, bitsMode=UNKNOWN, blendMode='avg', bpc=(8, 8, 8), color=array([0, 0, 0]), colorSpace='rgb', depthBits=8, fullscr=False, gamma=None, gammaErrorPolicy='raise', infoMsg=UNKNOWN, lms=UNKNOWN, monitor=<psychopy.monitors.calibTools.Monitor object at 0x157d68130>, multiSample=False, name='window1', numSamples=2, pos=[np.float64(260.0), np.float64(224.5)], screen=0, size=array([2560, 1440]), stencilBits=0, stereo=False, title='PsychoPy', units='height', useFBO=True, useRetina=True, viewOri=0.0, viewPos=None, viewScale=None, waitBlanking=True, winType='pyglet')
20.6531 	EXP 	window1: backgroundImage = ''
20.6531 	EXP 	window1: backgroundFit = 'none'
21.2380 	INFO 	keyboard.Keyboard is using ptb backend.
21.4196 	INFO 	keyboard.Keyboard is using ptb backend.
21.5114 	INFO 	keyboard.Keyboard is using ptb backend.
21.5114 	EXP 	pilot_study: status = STARTED
21.5652 	EXP 	Created welcome_message = TextStim(__class__=<class 'psychopy.visual.text.TextStim'>, alignHoriz=method-wrapper(...), alignText='center', alignVert=method-wrapper(...), anchorHoriz='center', anchorVert='center', antialias=True, autoDraw=False, autoLog=True, bold=False, color=array([1., 1., 1.]), colorSpace='rgb', contrast=1.0, depth=0.0, draggable=False, flipHoriz=False, flipVert=False, font='Arial', fontFiles=[], height=np.float64(0.05), italic=False, languageStyle='LTR', name='welcome_message', opacity=1, ori=0.0, pos=array([0., 0.]), rgb=UNKNOWN, text=str(...), units='height', win=Window(...), wrapWidth=1)
21.5842 	EXP 	Created M_query = ImageStim(__class__=<class 'psychopy.visual.image.ImageStim'>, anchor=('center', 'center'), autoLog=True, color=array([1., 1., 1.]), colorSpace='rgb', contrast=1.0, depth=0.0, draggable=False, flipHoriz=np.False_, flipVert=np.False_, image='default.png', interpolate=True, mask=None, maskParams=None, name='M_query', opacity=1, ori=0.0, pos=array([-0.45,  0.  ]), size=array([1., 1.]), texRes=128.0, units='height', win=Window(...))
21.5875 	EXP 	Created M_top_left = ImageStim(__class__=<class 'psychopy.visual.image.ImageStim'>, anchor=('center', 'center'), autoLog=True, color=array([1., 1., 1.]), colorSpace='rgb', contrast=1.0, depth=-1.0, draggable=False, flipHoriz=np.False_, flipVert=np.False_, image='default.png', interpolate=True, mask=None, maskParams=None, name='M_top_left', opacity=1, ori=0.0, pos=array([0., 0.]), size=array([1., 1.]), texRes=128.0, units='height', win=Window(...))
21.5907 	EXP 	Created M_top_mid = ImageStim(__class__=<class 'psychopy.visual.image.ImageStim'>, anchor=('center', 'center'), autoLog=True, color=array([1., 1., 1.]), colorSpace='rgb', contrast=1.0, depth=-2.0, draggable=False, flipHoriz=np.False_, flipVert=np.False_, image='default.png', interpolate=True, mask=None, maskParams=None, name='M_top_mid', opacity=1, ori=0.0, pos=array([0., 0.]), size=array([1., 1.]), texRes=128.0, units='height', win=Window(...))
21.5938 	EXP 	Created M_top_right = ImageStim(__class__=<class 'psychopy.visual.image.ImageStim'>, anchor=('center', 'center'), autoLog=True, color=array([1., 1., 1.]), colorSpace='rgb', contrast=1.0, depth=-3.0, draggable=True, flipHoriz=np.False_, flipVert=np.False_, image='default.png', interpolate=True, mask=None, maskParams=None, name='M_top_right', opacity=1, ori=0.0, pos=array([0., 0.]), size=array([1., 1.]), texRes=128.0, units='height', win=Window(...))
21.5969 	EXP 	Created M_bot_left = ImageStim(__class__=<class 'psychopy.visual.image.ImageStim'>, anchor=('center', 'center'), autoLog=True, color=array([1., 1., 1.]), colorSpace='rgb', contrast=1.0, depth=-4.0, draggable=False, flipHoriz=np.False_, flipVert=np.False_, image='default.png', interpolate=True, mask=None, maskParams=None, name='M_bot_left', opacity=1, ori=0.0, pos=array([0., 0.]), size=array([1., 1.]), texRes=128.0, units='height', win=Window(...))
21.6000 	EXP 	Created M_bot_mid = ImageStim(__class__=<class 'psychopy.visual.image.ImageStim'>, anchor=('center', 'center'), autoLog=True, color=array([1., 1., 1.]), colorSpace='rgb', contrast=1.0, depth=-5.0, draggable=False, flipHoriz=np.False_, flipVert=np.False_, image='default.png', interpolate=True, mask=None, maskParams=None, name='M_bot_mid', opacity=1, ori=0.0, pos=array([0., 0.]), size=array([1., 1.]), texRes=128.0, units='height', win=Window(...))
21.6030 	EXP 	Created M_bot_right = ImageStim(__class__=<class 'psychopy.visual.image.ImageStim'>, anchor=('center', 'center'), autoLog=True, color=array([1., 1., 1.]), colorSpace='rgb', contrast=1.0, depth=-6.0, draggable=False, flipHoriz=np.False_, flipVert=np.False_, image='default.png', interpolate=True, mask=None, maskParams=None, name='M_bot_right', opacity=1, ori=0.0, pos=array([0., 0.]), size=array([1., 1.]), texRes=128.0, units='height', win=Window(...))
21.6074 	EXP 	Created end_message = TextStim(__class__=<class 'psychopy.visual.text.TextStim'>, alignHoriz=method-wrapper(...), alignText='center', alignVert=method-wrapper(...), anchorHoriz='center', anchorVert='center', antialias=True, autoDraw=False, autoLog=True, bold=False, color=array([1., 1., 1.]), colorSpace='rgb', contrast=1.0, depth=0.0, draggable=False, flipHoriz=False, flipVert=False, font='Arial', fontFiles=[], height=np.float64(0.05), italic=False, languageStyle='LTR', name='end_message', opacity=1, ori=0.0, pos=array([0., 0.]), rgb=UNKNOWN, text=str(...), units='height', win=Window(...), wrapWidth=1)
0.0759 	EXP 	welcome_message: autoDraw = True
3.6979 	DATA 	Mouse: Left button down, pos=(723,469)
3.7815 	DATA 	Mouse:  Left button up, pos=(722,469)
4.3416 	EXP 	Device response: <KeyPress from None: t=4.15786945700529, value=space, duration=None>
4.3419 	EXP 	Device response: <KeyPress from None: t=4.15786945700529, value=space, duration=0.12409650000336114>
4.3461 	EXP 	Imported resources/positions.csv as conditions, 5 conditions, 12 params
4.3564 	INFO 	saved data to /Users/marcogiven/Desktop/projects/S25_SURE/colorStudyPilot/data/_pilot_study_2025-06-27_10h14.13.753.psydat
4.3566 	INFO 	saved data to '/Users/marcogiven/Desktop/projects/S25_SURE/colorStudyPilot/data/_pilot_study_2025-06-27_10h14.13.753.csv'
4.3578 	WARNING 	Stopping key buffers but this could be dangerous ifother keyboards rely on the same.
4.3578 	WARNING 	Stopping key buffers but this could be dangerous ifother keyboards rely on the same.
4.3579 	WARNING 	Stopping key buffers but this could be dangerous ifother keyboards rely on the same.
