17.6325 	WARNING 	Font Manager failed to load file /System/Library/PrivateFrameworks/FontServices.framework/Resources/Reserved/PingFangUI.ttc
17.9349 	WARNING 	Font Manager failed to load file /System/Library/PrivateFrameworks/FontServices.framework/Resources/Reserved/PingFangUI.ttc
20.4581 	INFO 	Loaded monitor calibration from ['2025_06_12 14:42']
20.6129 	INFO 	Using renderer 'Apple M1 Pro' for graphics
20.6129 	INFO 	OpenGL version supported by driver is 2..
20.6493 	EXP 	Created window1 = Window(allowGUI=True, allowStencil=False, autoLog=True, backendConf=UNKNOWN, backgroundFit=<method-wrapper '__getattribute__' of attributeSetter object at 0x15889f970>, backgroundImage=<method-wrapper '__getattribute__' of attributeSetter object at 0x15889f910>, bitsMode=UNKNOWN, blendMode='avg', bpc=(8, 8, 8), color=array([0, 0, 0]), colorSpace='rgb', depthBits=8, fullscr=False, gamma=None, gammaErrorPolicy='raise', infoMsg=UNKNOWN, lms=UNKNOWN, monitor=<psychopy.monitors.calibTools.Monitor object at 0x15893c940>, multiSample=False, name='window1', numSamples=2, pos=[np.float64(260.0), np.float64(224.5)], screen=0, size=array([2560, 1440]), stencilBits=0, stereo=False, title='PsychoPy', units='height', useFBO=True, useRetina=True, viewOri=0.0, viewPos=None, viewScale=None, waitBlanking=True, winType='pyglet')
20.6494 	EXP 	window1: backgroundImage = ''
20.6494 	EXP 	window1: backgroundFit = 'none'
21.4730 	INFO 	keyboard.Keyboard is using ptb backend.
21.6535 	INFO 	keyboard.Keyboard is using ptb backend.
21.7467 	INFO 	keyboard.Keyboard is using ptb backend.
21.8402 	INFO 	keyboard.Keyboard is using ptb backend.
21.9335 	INFO 	keyboard.Keyboard is using ptb backend.
22.0242 	INFO 	keyboard.Keyboard is using ptb backend.
22.1134 	INFO 	keyboard.Keyboard is using ptb backend.
22.2011 	INFO 	keyboard.Keyboard is using ptb backend.
22.2011 	EXP 	pilot_study: status = STARTED
22.2504 	EXP 	Created welcome_message = TextStim(__class__=<class 'psychopy.visual.text.TextStim'>, alignHoriz=method-wrapper(...), alignText='center', alignVert=method-wrapper(...), anchorHoriz='center', anchorVert='center', antialias=True, autoDraw=False, autoLog=True, bold=False, color=array([1., 1., 1.]), colorSpace='rgb', contrast=1.0, depth=0.0, draggable=False, flipHoriz=False, flipVert=False, font='Arial', fontFiles=[], height=np.float64(0.05), italic=False, languageStyle='LTR', name='welcome_message', opacity=1, ori=0.0, pos=array([0., 0.]), rgb=UNKNOWN, text=str(...), units='height', win=Window(...), wrapWidth=1)
22.2564 	EXP 	Created ask_consent = TextStim(__class__=<class 'psychopy.visual.text.TextStim'>, alignHoriz=method-wrapper(...), alignText='center', alignVert=method-wrapper(...), anchorHoriz='center', anchorVert='center', antialias=True, autoDraw=False, autoLog=True, bold=False, color=array([1., 1., 1.]), colorSpace='rgb', contrast=1.0, depth=0.0, draggable=False, flipHoriz=False, flipVert=False, font='Arial', fontFiles=[], height=np.float64(0.05), italic=False, languageStyle='LTR', name='ask_consent', opacity=1, ori=0.0, pos=array([0., 0.]), rgb=UNKNOWN, text=str(...), units='height', win=Window(...), wrapWidth=1)
22.2650 	EXP 	Created text_3 = TextStim(__class__=<class 'psychopy.visual.text.TextStim'>, alignHoriz=method-wrapper(...), alignText='center', alignVert=method-wrapper(...), anchorHoriz='center', anchorVert='center', antialias=True, autoDraw=False, autoLog=True, bold=False, color=array([1., 1., 1.]), colorSpace='rgb', contrast=1.0, depth=0.0, draggable=False, flipHoriz=False, flipVert=False, font='Arial', fontFiles=[], height=np.float64(0.05), italic=False, languageStyle='LTR', name='text_3', opacity=1, ori=0.0, pos=array([0., 0.]), rgb=UNKNOWN, text=str(...), units='height', win=Window(...), wrapWidth=1)
22.2840 	EXP 	Created imageEasy = ImageStim(__class__=<class 'psychopy.visual.image.ImageStim'>, anchor=('center', 'center'), autoLog=True, color=array([1., 1., 1.]), colorSpace='rgb', contrast=1.0, depth=0.0, draggable=False, flipHoriz=np.False_, flipVert=np.False_, image='default.png', interpolate=True, mask=None, maskParams=None, name='imageEasy', opacity=1, ori=0.0, pos=array([0., 0.]), size=array([1.8, 1. ]), texRes=128.0, units='height', win=Window(...))
22.2849 	EXP 	Created text = TextStim(__class__=<class 'psychopy.visual.text.TextStim'>, alignHoriz=method-wrapper(...), alignText='center', alignVert=method-wrapper(...), anchorHoriz='center', anchorVert='center', antialias=True, autoDraw=False, autoLog=True, bold=False, color=array([1., 1., 1.]), colorSpace='rgb', contrast=1.0, depth=0.0, draggable=False, flipHoriz=False, flipVert=False, font='Arial', fontFiles=[], height=np.float64(0.05), italic=False, languageStyle='LTR', name='text', opacity=1, ori=0.0, pos=array([0., 0.]), rgb=UNKNOWN, text='', units='height', win=Window(...), wrapWidth=1)
22.2885 	EXP 	Created text_4 = TextStim(__class__=<class 'psychopy.visual.text.TextStim'>, alignHoriz=method-wrapper(...), alignText='center', alignVert=method-wrapper(...), anchorHoriz='center', anchorVert='center', antialias=True, autoDraw=False, autoLog=True, bold=False, color=array([1., 1., 1.]), colorSpace='rgb', contrast=1.0, depth=0.0, draggable=False, flipHoriz=False, flipVert=False, font='Arial', fontFiles=[], height=np.float64(0.05), italic=False, languageStyle='LTR', name='text_4', opacity=1, ori=0.0, pos=array([0., 0.]), rgb=UNKNOWN, text='NEXT DIFFICULTY', units='height', win=Window(...), wrapWidth=1)
22.2918 	EXP 	Created image = ImageStim(__class__=<class 'psychopy.visual.image.ImageStim'>, anchor=('center', 'center'), autoLog=True, color=array([1., 1., 1.]), colorSpace='rgb', contrast=1.0, depth=0.0, draggable=False, flipHoriz=np.False_, flipVert=np.False_, image='default.png', interpolate=True, mask=None, maskParams=None, name='image', opacity=1, ori=0.0, pos=array([0., 0.]), size=array([1.8, 1. ]), texRes=128.0, units='height', win=Window(...))
22.2925 	EXP 	Created text = TextStim(__class__=<class 'psychopy.visual.text.TextStim'>, alignHoriz=method-wrapper(...), alignText='center', alignVert=method-wrapper(...), anchorHoriz='center', anchorVert='center', antialias=True, autoDraw=False, autoLog=True, bold=False, color=array([1., 1., 1.]), colorSpace='rgb', contrast=1.0, depth=0.0, draggable=False, flipHoriz=False, flipVert=False, font='Arial', fontFiles=[], height=np.float64(0.05), italic=False, languageStyle='LTR', name='text', opacity=1, ori=0.0, pos=array([0., 0.]), rgb=UNKNOWN, text='', units='height', win=Window(...), wrapWidth=1)
22.2942 	EXP 	Created text_4 = TextStim(__class__=<class 'psychopy.visual.text.TextStim'>, alignHoriz=method-wrapper(...), alignText='center', alignVert=method-wrapper(...), anchorHoriz='center', anchorVert='center', antialias=True, autoDraw=False, autoLog=True, bold=False, color=array([1., 1., 1.]), colorSpace='rgb', contrast=1.0, depth=0.0, draggable=False, flipHoriz=False, flipVert=False, font='Arial', fontFiles=[], height=np.float64(0.05), italic=False, languageStyle='LTR', name='text_4', opacity=1, ori=0.0, pos=array([0., 0.]), rgb=UNKNOWN, text='NEXT DIFFICULTY', units='height', win=Window(...), wrapWidth=1)
22.2973 	EXP 	Created imageHard = ImageStim(__class__=<class 'psychopy.visual.image.ImageStim'>, anchor=('center', 'center'), autoLog=True, color=array([1., 1., 1.]), colorSpace='rgb', contrast=1.0, depth=0.0, draggable=False, flipHoriz=np.False_, flipVert=np.False_, image='default.png', interpolate=True, mask=None, maskParams=None, name='imageHard', opacity=1, ori=0.0, pos=array([0., 0.]), size=array([1.8, 1. ]), texRes=128.0, units='height', win=Window(...))
22.2980 	EXP 	Created text = TextStim(__class__=<class 'psychopy.visual.text.TextStim'>, alignHoriz=method-wrapper(...), alignText='center', alignVert=method-wrapper(...), anchorHoriz='center', anchorVert='center', antialias=True, autoDraw=False, autoLog=True, bold=False, color=array([1., 1., 1.]), colorSpace='rgb', contrast=1.0, depth=0.0, draggable=False, flipHoriz=False, flipVert=False, font='Arial', fontFiles=[], height=np.float64(0.05), italic=False, languageStyle='LTR', name='text', opacity=1, ori=0.0, pos=array([0., 0.]), rgb=UNKNOWN, text='', units='height', win=Window(...), wrapWidth=1)
22.2996 	EXP 	Created text_4 = TextStim(__class__=<class 'psychopy.visual.text.TextStim'>, alignHoriz=method-wrapper(...), alignText='center', alignVert=method-wrapper(...), anchorHoriz='center', anchorVert='center', antialias=True, autoDraw=False, autoLog=True, bold=False, color=array([1., 1., 1.]), colorSpace='rgb', contrast=1.0, depth=0.0, draggable=False, flipHoriz=False, flipVert=False, font='Arial', fontFiles=[], height=np.float64(0.05), italic=False, languageStyle='LTR', name='text_4', opacity=1, ori=0.0, pos=array([0., 0.]), rgb=UNKNOWN, text='NEXT DIFFICULTY', units='height', win=Window(...), wrapWidth=1)
22.3028 	EXP 	Created image2 = ImageStim(__class__=<class 'psychopy.visual.image.ImageStim'>, anchor=('center', 'center'), autoLog=True, color=array([1., 1., 1.]), colorSpace='rgb', contrast=1.0, depth=0.0, draggable=False, flipHoriz=np.False_, flipVert=np.False_, image='default.png', interpolate=True, mask=None, maskParams=None, name='image2', opacity=1, ori=0.0, pos=array([0., 0.]), size=array([1.8, 1. ]), texRes=128.0, units='height', win=Window(...))
22.3036 	EXP 	Created text = TextStim(__class__=<class 'psychopy.visual.text.TextStim'>, alignHoriz=method-wrapper(...), alignText='center', alignVert=method-wrapper(...), anchorHoriz='center', anchorVert='center', antialias=True, autoDraw=False, autoLog=True, bold=False, color=array([1., 1., 1.]), colorSpace='rgb', contrast=1.0, depth=0.0, draggable=False, flipHoriz=False, flipVert=False, font='Arial', fontFiles=[], height=np.float64(0.05), italic=False, languageStyle='LTR', name='text', opacity=1, ori=0.0, pos=array([0., 0.]), rgb=UNKNOWN, text='', units='height', win=Window(...), wrapWidth=1)
22.3070 	EXP 	Created end_message = TextStim(__class__=<class 'psychopy.visual.text.TextStim'>, alignHoriz=method-wrapper(...), alignText='center', alignVert=method-wrapper(...), anchorHoriz='center', anchorVert='center', antialias=True, autoDraw=False, autoLog=True, bold=False, color=array([1., 1., 1.]), colorSpace='rgb', contrast=1.0, depth=0.0, draggable=False, flipHoriz=False, flipVert=False, font='Arial', fontFiles=[], height=np.float64(0.05), italic=False, languageStyle='LTR', name='end_message', opacity=1, ori=0.0, pos=array([0., 0.]), rgb=UNKNOWN, text=str(...), units='height', win=Window(...), wrapWidth=1)
0.0615 	EXP 	welcome_message: autoDraw = True
0.8447 	DATA 	Mouse: Left button down, pos=(762,224)
0.9123 	DATA 	Mouse:  Left button up, pos=(762,224)
1.4250 	EXP 	Device response: <KeyPress from None: t=1.2269348749832716, value=space, duration=None>
1.4253 	EXP 	Device response: <KeyPress from None: t=1.2269348749832716, value=space, duration=0.0838355410087388>
1.4322 	DATA 	Keypress: space
1.4358 	EXP 	welcome_message: autoDraw = False
1.4358 	EXP 	ask_consent: autoDraw = True
2.2273 	EXP 	Device response: <KeyPress from None: t=2.2194632079917938, value=y, duration=None>
2.2340 	EXP 	Imported resources/image_match.xlsx as conditions, 2 conditions, 1 params
2.2345 	EXP 	New trial (rep=0, index=0): <Trial 0 (0 in rep 0) data={'spreadsheet_to_match': 'resources/image_match_hard.xlsx', 'thisN': 0, 'thisTrialN': 0, 'thisRepN': 0}>
2.2346 	EXP 	New trial (rep=0, index=1): <Trial 1 (1 in rep 0) data={'spreadsheet_to_match': 'resources/image_match_easy.xlsx', 'thisN': 1, 'thisTrialN': 1, 'thisRepN': 0}>
2.2373 	DATA 	Keypress: y
2.2395 	EXP 	ask_consent: autoDraw = False
2.2395 	EXP 	text_3: autoDraw = True
2.2856 	EXP 	Device response: <KeyPress from None: t=2.2194632079917938, value=y, duration=0.0640052079979796>
4.0509 	EXP 	Device response: <KeyPress from None: t=4.045350749976933, value=space, duration=None>
4.0587 	EXP 	Imported resources/easyTest.csv as conditions, 5 conditions, 2 params
4.0591 	EXP 	New trial (rep=0, index=0): <Trial 0 (0 in rep 0) data={'set_img': 'resources/images/easy/easy_4.png', 'correct': np.int64(1), 'thisN': 0, 'thisTrialN': 0, 'thisRepN': 0}>
4.1950 	EXP 	Device response: <KeyPress from None: t=4.045350749976933, value=space, duration=0.10413100000005215>
4.2097 	DATA 	Keypress: space
4.2128 	EXP 	text_3: autoDraw = False
4.2128 	EXP 	imageEasy: image = 'resources/images/easy/easy_4.png'
4.2128 	EXP 	imageEasy: autoDraw = True
5.3705 	EXP 	Device response: <KeyPress from None: t=5.366202999983216, value=4, duration=None>
5.3762 	DATA 	Keypress: 4
5.3796 	EXP 	imageEasy: autoDraw = False
5.3796 	EXP 	text: autoDraw = True
5.5313 	EXP 	Device response: <KeyPress from None: t=5.366202999983216, value=4, duration=0.16002358301193453>
6.3696 	EXP 	New trial (rep=0, index=1): <Trial 1 (1 in rep 0) data={'set_img': 'resources/images/easy/easy_2.png', 'correct': np.int64(5), 'thisN': 1, 'thisTrialN': 1, 'thisRepN': 0}>
6.4748 	EXP 	text: autoDraw = False
6.4748 	EXP 	text: autoDraw = False
6.4748 	EXP 	imageEasy: image = 'resources/images/easy/easy_2.png'
6.4748 	EXP 	imageEasy: autoDraw = True
6.7857 	EXP 	Device response: <KeyPress from None: t=6.779998499987414, value=2, duration=None>
6.7886 	DATA 	Keypress: 2
6.7926 	EXP 	imageEasy: autoDraw = False
6.7926 	EXP 	text: autoDraw = True
6.8854 	EXP 	Device response: <KeyPress from None: t=6.779998499987414, value=2, duration=0.09609045801335014>
7.7771 	EXP 	New trial (rep=0, index=2): <Trial 2 (2 in rep 0) data={'set_img': 'resources/images/easy/easy_5.png', 'correct': np.int64(5), 'thisN': 2, 'thisTrialN': 2, 'thisRepN': 0}>
7.8812 	EXP 	text: autoDraw = False
7.8812 	EXP 	text: autoDraw = False
7.8812 	EXP 	imageEasy: image = 'resources/images/easy/easy_5.png'
7.8812 	EXP 	imageEasy: autoDraw = True
8.1354 	EXP 	Device response: <KeyPress from None: t=8.128518874989823, value=5, duration=None>
8.1378 	DATA 	Keypress: 5
8.1405 	EXP 	imageEasy: autoDraw = False
8.1405 	EXP 	text: autoDraw = True
8.2856 	EXP 	Device response: <KeyPress from None: t=8.128518874989823, value=5, duration=0.14795704098651186>
9.1285 	EXP 	New trial (rep=0, index=3): <Trial 3 (3 in rep 0) data={'set_img': 'resources/images/easy/easy_1.png', 'correct': np.int64(6), 'thisN': 3, 'thisTrialN': 3, 'thisRepN': 0}>
9.2331 	EXP 	text: autoDraw = False
9.2331 	EXP 	text: autoDraw = False
9.2331 	EXP 	imageEasy: image = 'resources/images/easy/easy_1.png'
9.2331 	EXP 	imageEasy: autoDraw = True
9.4520 	EXP 	Device response: <KeyPress from None: t=9.450662374991225, value=1, duration=None>
9.4552 	EXP 	imageEasy: autoDraw = False
9.4552 	EXP 	text: autoDraw = True
9.4569 	DATA 	Keypress: 1
9.5938 	EXP 	Device response: <KeyPress from None: t=9.450662374991225, value=1, duration=0.13999404100468382>
10.4450 	EXP 	New trial (rep=0, index=4): <Trial 4 (4 in rep 0) data={'set_img': 'resources/images/easy/easy_3.png', 'correct': np.int64(3), 'thisN': 4, 'thisTrialN': 4, 'thisRepN': 0}>
10.5402 	EXP 	text: autoDraw = False
10.5402 	EXP 	text: autoDraw = False
10.5402 	EXP 	imageEasy: image = 'resources/images/easy/easy_3.png'
10.5402 	EXP 	imageEasy: autoDraw = True
10.8104 	EXP 	Device response: <KeyPress from None: t=10.808786874986254, value=2, duration=None>
10.8179 	EXP 	imageEasy: autoDraw = False
10.8179 	EXP 	text: autoDraw = True
10.8202 	DATA 	Keypress: 2
10.8938 	EXP 	Device response: <KeyPress from None: t=10.808786874986254, value=2, duration=0.0839362500119023>
11.8117 	EXP 	text: autoDraw = False
11.8117 	EXP 	text: autoDraw = False
11.8117 	EXP 	text_4: autoDraw = True
13.8000 	EXP 	Imported resources/loopTest.csv as conditions, 5 conditions, 2 params
13.8010 	EXP 	New trial (rep=0, index=0): <Trial 0 (0 in rep 0) data={'set_img': 'resources/images/m1.jpg', 'correct': np.int64(3), 'thisN': 0, 'thisTrialN': 0, 'thisRepN': 0}>
13.8441 	EXP 	text_4: autoDraw = False
13.8441 	EXP 	text_4: autoDraw = False
13.8441 	EXP 	image: image = 'resources/images/m1.jpg'
13.8441 	EXP 	image: autoDraw = True
14.2524 	EXP 	Device response: <KeyPress from None: t=14.24728737497935, value=3, duration=None>
14.2565 	DATA 	Keypress: 3
14.2598 	EXP 	image: autoDraw = False
14.2598 	EXP 	text: autoDraw = True
14.3892 	EXP 	Device response: <KeyPress from None: t=14.24728737497935, value=3, duration=0.13599904099828564>
15.2447 	EXP 	New trial (rep=0, index=1): <Trial 1 (1 in rep 0) data={'set_img': 'resources/images/m3.jpg', 'correct': np.int64(3), 'thisN': 1, 'thisTrialN': 1, 'thisRepN': 0}>
15.2916 	EXP 	text: autoDraw = False
15.2916 	EXP 	text: autoDraw = False
15.2916 	EXP 	image: image = 'resources/images/m3.jpg'
15.2916 	EXP 	image: autoDraw = True
15.3730 	EXP 	Device response: <KeyPress from None: t=15.368683790991781, value=2, duration=None>
15.3754 	DATA 	Keypress: 2
15.3794 	EXP 	image: autoDraw = False
15.3794 	EXP 	text: autoDraw = True
15.4770 	EXP 	Device response: <KeyPress from None: t=15.368683790991781, value=2, duration=0.10398804198484868>
16.3667 	EXP 	New trial (rep=0, index=2): <Trial 2 (2 in rep 0) data={'set_img': 'resources/images/m4.jpg', 'correct': np.int64(6), 'thisN': 2, 'thisTrialN': 2, 'thisRepN': 0}>
16.4045 	EXP 	text: autoDraw = False
16.4045 	EXP 	text: autoDraw = False
16.4045 	EXP 	image: image = 'resources/images/m4.jpg'
16.4045 	EXP 	image: autoDraw = True
16.5939 	EXP 	Device response: <KeyPress from None: t=16.58298354098224, value=1, duration=None>
16.5972 	DATA 	Keypress: 1
16.6010 	EXP 	image: autoDraw = False
16.6010 	EXP 	text: autoDraw = True
16.7465 	EXP 	Device response: <KeyPress from None: t=16.58298354098224, value=1, duration=0.16023387500899844>
17.5862 	EXP 	New trial (rep=0, index=3): <Trial 3 (3 in rep 0) data={'set_img': 'resources/images/m2.jpg', 'correct': np.int64(1), 'thisN': 3, 'thisTrialN': 3, 'thisRepN': 0}>
17.6307 	EXP 	text: autoDraw = False
17.6307 	EXP 	text: autoDraw = False
17.6307 	EXP 	image: image = 'resources/images/m2.jpg'
17.6307 	EXP 	image: autoDraw = True
17.7687 	EXP 	Device response: <KeyPress from None: t=17.758009540993953, value=3, duration=None>
17.7716 	DATA 	Keypress: 3
17.7759 	EXP 	image: autoDraw = False
17.7759 	EXP 	text: autoDraw = True
17.8814 	EXP 	Device response: <KeyPress from None: t=17.758009540993953, value=3, duration=0.12002270898665302>
18.7627 	EXP 	New trial (rep=0, index=4): <Trial 4 (4 in rep 0) data={'set_img': 'resources/images/m5.jpg', 'correct': np.int64(4), 'thisN': 4, 'thisTrialN': 4, 'thisRepN': 0}>
18.8079 	EXP 	text: autoDraw = False
18.8079 	EXP 	text: autoDraw = False
18.8079 	EXP 	image: image = 'resources/images/m5.jpg'
18.8079 	EXP 	image: autoDraw = True
18.8803 	EXP 	Device response: <KeyPress from None: t=18.876992124976823, value=4, duration=None>
18.8826 	DATA 	Keypress: 4
18.8931 	EXP 	image: autoDraw = False
18.8931 	EXP 	text: autoDraw = True
18.9937 	EXP 	Device response: <KeyPress from None: t=18.876992124976823, value=4, duration=0.10808962502051145>
19.8826 	EXP 	text: autoDraw = False
19.8826 	EXP 	text: autoDraw = False
19.8826 	EXP 	text_4: autoDraw = True
21.8828 	EXP 	Imported resources/hardTest.csv as conditions, 5 conditions, 2 params
21.8832 	EXP 	New trial (rep=0, index=0): <Trial 0 (0 in rep 0) data={'set_img': 'resources/images/hard/hard_5.png', 'correct': np.int64(2), 'thisN': 0, 'thisTrialN': 0, 'thisRepN': 0}>
21.9835 	EXP 	text_4: autoDraw = False
21.9835 	EXP 	text_4: autoDraw = False
21.9835 	EXP 	imageHard: image = 'resources/images/hard/hard_5.png'
21.9835 	EXP 	imageHard: autoDraw = True
22.3106 	EXP 	Device response: <KeyPress from None: t=22.30367479097913, value=1, duration=None>
22.3138 	DATA 	Keypress: 1
22.3175 	EXP 	imageHard: autoDraw = False
22.3175 	EXP 	text: autoDraw = True
22.4369 	EXP 	Device response: <KeyPress from None: t=22.30367479097913, value=1, duration=0.123988792009186>
23.3028 	EXP 	New trial (rep=0, index=1): <Trial 1 (1 in rep 0) data={'set_img': 'resources/images/hard/hard_3.png', 'correct': np.int64(1), 'thisN': 1, 'thisTrialN': 1, 'thisRepN': 0}>
23.4038 	EXP 	Device response: <KeyPress from None: t=23.30699783298769, value=2, duration=None>
23.4039 	EXP 	Device response: <KeyPress from None: t=23.30699783298769, value=2, duration=0.09184450001339428>
23.4056 	DATA 	Keypress: 2
23.4086 	EXP 	text: autoDraw = False
23.4086 	EXP 	text: autoDraw = False
23.4086 	EXP 	imageHard: image = 'resources/images/hard/hard_3.png'
23.4086 	EXP 	imageHard: autoDraw = True
23.7939 	EXP 	Device response: <KeyPress from None: t=23.792774957983056, value=2, duration=None>
23.8013 	EXP 	imageHard: autoDraw = False
23.8013 	EXP 	text: autoDraw = True
23.8117 	DATA 	Keypress: 2
23.9105 	EXP 	Device response: <KeyPress from None: t=23.792774957983056, value=2, duration=0.10396616699290462>
24.7891 	EXP 	New trial (rep=0, index=2): <Trial 2 (2 in rep 0) data={'set_img': 'resources/images/hard/hard_4.png', 'correct': np.int64(4), 'thisN': 2, 'thisTrialN': 2, 'thisRepN': 0}>
24.8792 	EXP 	text: autoDraw = False
24.8792 	EXP 	text: autoDraw = False
24.8792 	EXP 	imageHard: image = 'resources/images/hard/hard_4.png'
24.8792 	EXP 	imageHard: autoDraw = True
25.0937 	EXP 	Device response: <KeyPress from None: t=25.08524566597771, value=3, duration=None>
25.0961 	DATA 	Keypress: 3
25.0988 	EXP 	imageHard: autoDraw = False
25.0988 	EXP 	text: autoDraw = True
25.2104 	EXP 	Device response: <KeyPress from None: t=25.08524566597771, value=3, duration=0.12418995902407914>
26.0865 	EXP 	New trial (rep=0, index=3): <Trial 3 (3 in rep 0) data={'set_img': 'resources/images/hard/hard_2.png', 'correct': np.int64(2), 'thisN': 3, 'thisTrialN': 3, 'thisRepN': 0}>
26.1910 	EXP 	text: autoDraw = False
26.1910 	EXP 	text: autoDraw = False
26.1910 	EXP 	imageHard: image = 'resources/images/hard/hard_2.png'
26.1910 	EXP 	imageHard: autoDraw = True
26.2890 	EXP 	Device response: <KeyPress from None: t=26.28731625000364, value=4, duration=None>
26.2908 	DATA 	Keypress: 4
26.3012 	EXP 	imageHard: autoDraw = False
26.3012 	EXP 	text: autoDraw = True
26.3770 	EXP 	Device response: <KeyPress from None: t=26.28731625000364, value=4, duration=0.0759062499855645>
27.2871 	EXP 	New trial (rep=0, index=4): <Trial 4 (4 in rep 0) data={'set_img': 'resources/images/hard/hard_1.png', 'correct': np.int64(5), 'thisN': 4, 'thisTrialN': 4, 'thisRepN': 0}>
27.3876 	EXP 	text: autoDraw = False
27.3876 	EXP 	text: autoDraw = False
27.3876 	EXP 	imageHard: image = 'resources/images/hard/hard_1.png'
27.3876 	EXP 	imageHard: autoDraw = True
27.5603 	EXP 	Device response: <KeyPress from None: t=27.55355437498656, value=3, duration=None>
27.5628 	DATA 	Keypress: 3
27.5655 	EXP 	imageHard: autoDraw = False
27.5655 	EXP 	text: autoDraw = True
27.6604 	EXP 	Device response: <KeyPress from None: t=27.55355437498656, value=3, duration=0.1000892500160262>
28.5686 	EXP 	text: autoDraw = False
28.5686 	EXP 	text_4: autoDraw = True
30.0276 	EXP 	Device response: <KeyPress from None: t=30.013714915985474, value=1, duration=None>
30.0315 	DATA 	Keypress: 1
30.1472 	EXP 	Device response: <KeyPress from None: t=30.013714915985474, value=1, duration=0.13213670899858698>
30.4807 	EXP 	Device response: <KeyPress from None: t=30.478385540976888, value=1, duration=None>
30.4839 	DATA 	Keypress: 1
30.5598 	EXP 	Imported resources/impTest.csv as conditions, 5 conditions, 2 params
30.5603 	EXP 	New trial (rep=0, index=0): <Trial 0 (0 in rep 0) data={'set_img2': 'resources/images/i5.jpg', 'correct2': np.int64(5), 'thisN': 0, 'thisTrialN': 0, 'thisRepN': 0}>
30.6010 	EXP 	text_4: autoDraw = False
30.6010 	EXP 	text_4: autoDraw = False
30.6010 	EXP 	image2: image = 'resources/images/i5.jpg'
30.6010 	EXP 	image2: autoDraw = True
30.6010 	EXP 	image2: autoDraw = False
30.6010 	EXP 	text: autoDraw = True
30.6103 	EXP 	Device response: <KeyPress from None: t=30.478385540976888, value=1, duration=0.12409733401727863>
30.8607 	EXP 	Device response: <KeyPress from None: t=30.854768416000297, value=1, duration=None>
30.8638 	DATA 	Keypress: 1
31.0020 	EXP 	Device response: <KeyPress from None: t=30.854768416000297, value=1, duration=0.14010108399088494>
31.5290 	EXP 	Device response: <KeyPress from None: t=31.51614370799507, value=1, duration=None>
31.5337 	DATA 	Keypress: 1
31.5855 	EXP 	New trial (rep=0, index=1): <Trial 1 (1 in rep 0) data={'set_img2': 'resources/images/i4.jpg', 'correct2': np.int64(3), 'thisN': 1, 'thisTrialN': 1, 'thisRepN': 0}>
31.6249 	EXP 	text: autoDraw = False
31.6249 	EXP 	text: autoDraw = False
31.6249 	EXP 	image2: image = 'resources/images/i4.jpg'
31.6249 	EXP 	image2: autoDraw = True
31.6249 	EXP 	image2: autoDraw = False
31.6249 	EXP 	text: autoDraw = True
31.6940 	EXP 	Device response: <KeyPress from None: t=31.51614370799507, value=1, duration=0.1761161249887664>
32.6199 	EXP 	New trial (rep=0, index=2): <Trial 2 (2 in rep 0) data={'set_img2': 'resources/images/i2.jpg', 'correct2': np.int64(1), 'thisN': 2, 'thisTrialN': 2, 'thisRepN': 0}>
32.6611 	EXP 	text: autoDraw = False
32.6611 	EXP 	text: autoDraw = False
32.6611 	EXP 	image2: image = 'resources/images/i2.jpg'
32.6611 	EXP 	image2: autoDraw = True
33.2373 	EXP 	Device response: <KeyPress from None: t=33.232026790996315, value=1, duration=None>
33.2407 	DATA 	Keypress: 1
33.2455 	EXP 	image2: autoDraw = False
33.2455 	EXP 	text: autoDraw = True
33.3781 	EXP 	Device response: <KeyPress from None: t=33.232026790996315, value=1, duration=0.14004800000111572>
34.2323 	EXP 	New trial (rep=0, index=3): <Trial 3 (3 in rep 0) data={'set_img2': 'resources/images/i3.jpg', 'correct2': np.int64(4), 'thisN': 3, 'thisTrialN': 3, 'thisRepN': 0}>
34.2745 	EXP 	text: autoDraw = False
34.2745 	EXP 	text: autoDraw = False
34.2745 	EXP 	image2: image = 'resources/images/i3.jpg'
34.2745 	EXP 	image2: autoDraw = True
34.4520 	EXP 	Device response: <KeyPress from None: t=34.447047374997055, value=2, duration=None>
34.4549 	EXP 	image2: autoDraw = False
34.4549 	EXP 	text: autoDraw = True
34.4571 	DATA 	Keypress: 2
34.5441 	EXP 	Device response: <KeyPress from None: t=34.447047374997055, value=2, duration=0.09207016599248163>
35.4445 	EXP 	New trial (rep=0, index=4): <Trial 4 (4 in rep 0) data={'set_img2': 'resources/images/i1.jpg', 'correct2': np.int64(2), 'thisN': 4, 'thisTrialN': 4, 'thisRepN': 0}>
35.4849 	EXP 	text: autoDraw = False
35.4849 	EXP 	text: autoDraw = False
35.4849 	EXP 	image2: image = 'resources/images/i1.jpg'
35.4849 	EXP 	image2: autoDraw = True
35.6021 	EXP 	Device response: <KeyPress from None: t=35.594939040980535, value=4, duration=None>
35.6048 	DATA 	Keypress: 4
35.6092 	EXP 	image2: autoDraw = False
35.6092 	EXP 	text: autoDraw = True
35.6773 	EXP 	Device response: <KeyPress from None: t=35.594939040980535, value=4, duration=0.08000283400178887>
36.6019 	EXP 	text: autoDraw = False
36.6019 	EXP 	text: autoDraw = False
36.6019 	EXP 	end_message: autoDraw = True
36.7024 	EXP 	Device response: <KeyPress from None: t=36.68899395799963, value=3, duration=None>
36.7062 	DATA 	Keypress: 3
36.7859 	EXP 	Device response: <KeyPress from None: t=36.68899395799963, value=3, duration=0.0839814170030877>
38.4031 	EXP 	Device response: <KeyPress from None: t=38.39685641598771, value=escape, duration=None>
38.4397 	DATA 	Keypress: escape
38.4768 	EXP 	Device response: <KeyPress from None: t=38.39685641598771, value=escape, duration=0.06790304201422259>
38.4769 	EXP 	pilot_study: status = STOPPED
38.4795 	EXP 	end_message: autoDraw = False
38.4796 	EXP 	pilot_study: status = STOPPED
38.4846 	INFO 	saved data to '/Users/marcogiven/Desktop/projects/S25_SURE/colorStudyPilot/data/_pilot_study_2025-06-30_10h33.29.693.csv'
38.4859 	INFO 	saved data to /Users/marcogiven/Desktop/projects/S25_SURE/colorStudyPilot/data/_pilot_study_2025-06-30_10h33.29.693.psydat
38.6174 	WARNING 	Stopping key buffers but this could be dangerous ifother keyboards rely on the same.
38.6175 	WARNING 	Stopping key buffers but this could be dangerous ifother keyboards rely on the same.
38.6175 	WARNING 	Stopping key buffers but this could be dangerous ifother keyboards rely on the same.
38.6175 	WARNING 	Stopping key buffers but this could be dangerous ifother keyboards rely on the same.
38.6175 	WARNING 	Stopping key buffers but this could be dangerous ifother keyboards rely on the same.
38.6175 	WARNING 	Stopping key buffers but this could be dangerous ifother keyboards rely on the same.
38.6175 	WARNING 	Stopping key buffers but this could be dangerous ifother keyboards rely on the same.
38.6175 	WARNING 	Stopping key buffers but this could be dangerous ifother keyboards rely on the same.
