17.4401 	WARNING 	Font Manager failed to load file /System/Library/PrivateFrameworks/FontServices.framework/Resources/Reserved/PingFangUI.ttc
17.6433 	WARNING 	Font Manager failed to load file /System/Library/PrivateFrameworks/FontServices.framework/Resources/Reserved/PingFangUI.ttc
54.9583 	INFO 	Loaded monitor calibration from ['2025_06_12 14:42']
55.0968 	INFO 	Using renderer 'Apple M1 Pro' for graphics
55.0968 	INFO 	OpenGL version supported by driver is 2..
55.1297 	EXP 	Created window1 = Window(allowGUI=True, allowStencil=False, autoLog=True, backendConf=UNKNOWN, backgroundFit=<method-wrapper '__getattribute__' of attributeSetter object at 0x1598e2830>, backgroundImage=<method-wrapper '__getattribute__' of attributeSetter object at 0x1598e2890>, bitsMode=UNKNOWN, blendMode='avg', bpc=(8, 8, 8), color=array([0, 0, 0]), colorSpace='rgb', depthBits=8, fullscr=False, gamma=None, gammaErrorPolicy='raise', infoMsg=UNKNOWN, lms=UNKNOWN, monitor=<psychopy.monitors.calibTools.Monitor object at 0x1598a0310>, multiSample=False, name='window1', numSamples=2, pos=[np.float64(260.0), np.float64(224.5)], screen=0, size=array([2560, 1440]), stencilBits=0, stereo=False, title='PsychoPy', units='height', useFBO=True, useRetina=True, viewOri=0.0, viewPos=None, viewScale=None, waitBlanking=True, winType='pyglet')
55.1297 	EXP 	window1: backgroundImage = ''
55.1298 	EXP 	window1: backgroundFit = 'none'
55.7292 	INFO 	keyboard.Keyboard is using ptb backend.
55.9037 	INFO 	keyboard.Keyboard is using ptb backend.
55.9929 	INFO 	keyboard.Keyboard is using ptb backend.
55.9929 	EXP 	pilot_study: status = STARTED
56.0408 	EXP 	Created welcome_message = TextStim(__class__=<class 'psychopy.visual.text.TextStim'>, alignHoriz=method-wrapper(...), alignText='center', alignVert=method-wrapper(...), anchorHoriz='center', anchorVert='center', antialias=True, autoDraw=False, autoLog=True, bold=False, color=array([1., 1., 1.]), colorSpace='rgb', contrast=1.0, depth=0.0, draggable=False, flipHoriz=False, flipVert=False, font='Arial', fontFiles=[], height=np.float64(0.05), italic=False, languageStyle='LTR', name='welcome_message', opacity=1, ori=0.0, pos=array([0., 0.]), rgb=UNKNOWN, text=str(...), units='height', win=Window(...), wrapWidth=1)
56.0592 	EXP 	Created M_query = ImageStim(__class__=<class 'psychopy.visual.image.ImageStim'>, anchor=('center', 'center'), autoLog=True, color=array([1., 1., 1.]), colorSpace='rgb', contrast=1.0, depth=0.0, draggable=False, flipHoriz=np.False_, flipVert=np.False_, image='default.png', interpolate=True, mask=None, maskParams=None, name='M_query', opacity=1, ori=0.0, pos=array([0. , 0.3]), size=array([1., 1.]), texRes=128.0, units='height', win=Window(...))
56.0624 	EXP 	Created M_top_left = ImageStim(__class__=<class 'psychopy.visual.image.ImageStim'>, anchor=('center', 'center'), autoLog=True, color=array([1., 1., 1.]), colorSpace='rgb', contrast=1.0, depth=-1.0, draggable=False, flipHoriz=np.False_, flipVert=np.False_, image='default.png', interpolate=True, mask=None, maskParams=None, name='M_top_left', opacity=1, ori=0.0, pos=array([0., 0.]), size=array([1., 1.]), texRes=128.0, units='height', win=Window(...))
56.0656 	EXP 	Created M_top_mid = ImageStim(__class__=<class 'psychopy.visual.image.ImageStim'>, anchor=('center', 'center'), autoLog=True, color=array([1., 1., 1.]), colorSpace='rgb', contrast=1.0, depth=-2.0, draggable=False, flipHoriz=np.False_, flipVert=np.False_, image='default.png', interpolate=True, mask=None, maskParams=None, name='M_top_mid', opacity=1, ori=0.0, pos=array([0., 0.]), size=array([1., 1.]), texRes=128.0, units='height', win=Window(...))
56.0686 	EXP 	Created M_top_right = ImageStim(__class__=<class 'psychopy.visual.image.ImageStim'>, anchor=('center', 'center'), autoLog=True, color=array([1., 1., 1.]), colorSpace='rgb', contrast=1.0, depth=-3.0, draggable=True, flipHoriz=np.False_, flipVert=np.False_, image='default.png', interpolate=True, mask=None, maskParams=None, name='M_top_right', opacity=1, ori=0.0, pos=array([0., 0.]), size=array([1., 1.]), texRes=128.0, units='height', win=Window(...))
56.0717 	EXP 	Created M_bot_left = ImageStim(__class__=<class 'psychopy.visual.image.ImageStim'>, anchor=('center', 'center'), autoLog=True, color=array([1., 1., 1.]), colorSpace='rgb', contrast=1.0, depth=-4.0, draggable=False, flipHoriz=np.False_, flipVert=np.False_, image='default.png', interpolate=True, mask=None, maskParams=None, name='M_bot_left', opacity=1, ori=0.0, pos=array([0., 0.]), size=array([1., 1.]), texRes=128.0, units='height', win=Window(...))
56.0747 	EXP 	Created M_bot_mid = ImageStim(__class__=<class 'psychopy.visual.image.ImageStim'>, anchor=('center', 'center'), autoLog=True, color=array([1., 1., 1.]), colorSpace='rgb', contrast=1.0, depth=-5.0, draggable=False, flipHoriz=np.False_, flipVert=np.False_, image='default.png', interpolate=True, mask=None, maskParams=None, name='M_bot_mid', opacity=1, ori=0.0, pos=array([0., 0.]), size=array([1., 1.]), texRes=128.0, units='height', win=Window(...))
56.0776 	EXP 	Created M_bot_right = ImageStim(__class__=<class 'psychopy.visual.image.ImageStim'>, anchor=('center', 'center'), autoLog=True, color=array([1., 1., 1.]), colorSpace='rgb', contrast=1.0, depth=-6.0, draggable=False, flipHoriz=np.False_, flipVert=np.False_, image='default.png', interpolate=True, mask=None, maskParams=None, name='M_bot_right', opacity=1, ori=0.0, pos=array([0., 0.]), size=array([1., 1.]), texRes=128.0, units='height', win=Window(...))
56.0820 	EXP 	Created end_message = TextStim(__class__=<class 'psychopy.visual.text.TextStim'>, alignHoriz=method-wrapper(...), alignText='center', alignVert=method-wrapper(...), anchorHoriz='center', anchorVert='center', antialias=True, autoDraw=False, autoLog=True, bold=False, color=array([1., 1., 1.]), colorSpace='rgb', contrast=1.0, depth=0.0, draggable=False, flipHoriz=False, flipVert=False, font='Arial', fontFiles=[], height=np.float64(0.05), italic=False, languageStyle='LTR', name='end_message', opacity=1, ori=0.0, pos=array([0., 0.]), rgb=UNKNOWN, text=str(...), units='height', win=Window(...), wrapWidth=1)
0.0606 	EXP 	welcome_message: autoDraw = True
2.4214 	EXP 	Device response: <KeyPress from None: t=2.2356036249984754, value=space, duration=None>
2.4217 	EXP 	Device response: <KeyPress from None: t=2.2356036249984754, value=space, duration=0.07610662499791943>
2.4262 	EXP 	Imported resources/positions.csv as conditions, 5 conditions, 12 params
2.4267 	EXP 	New trial (rep=0, index=0): <Trial 0 (0 in rep 0) data={'pos1_x': np.float64(0.0), 'pos1_y': np.float64(-0.35), 'pos2_x': np.float64(-0.55), 'pos2_y': np.float64(0.0), 'pos3_x': np.float64(0.55), 'pos3_y': np.float64(0.0), 'pos4_x': np.float64(0.55), 'pos4_y': np.float64(-0.35), 'pos5_x': np.float64(-0.55), 'pos5_y': np.float64(-0.35), 'pos6_x': np.float64(0.0), 'pos6_y': np.float64(0.0), 'thisN': 0, 'thisTrialN': 0, 'thisRepN': 0}>
2.4308 	EXP 	Imported resources/midLoop.csv as conditions, 5 conditions, 35 params
2.4310 	EXP 	New trial (rep=0, index=0): <Trial 0 (0 in rep 0) data={'img_query': 'resources/images/medium/med_Q2.jpg', 'img_query_w': np.int64(1024), 'img_query_h': np.int64(768), 'img_query_disp_w': np.float64(0.25), 'img_query_disp_h': np.float64(0.1875), 'sam_1': 'resources/images/medium/med_S1_2.jpg', 'sam_1_w': np.int64(4032), 'sam_1_h': np.int64(3024), 'sam_1_disp_w': np.float64(0.25), 'sam_1_disp_h': np.float64(0.1875), 'sam_2': 'resources/images/medium/med_S2_2.jpg', 'sam_2_w': np.int64(250), 'sam_2_h': np.int64(233), 'sam_2_disp_w': np.float64(0.25), 'sam_2_disp_h': np.float64(0.233), 'sam_3': 'resources/images/medium/med_S3_2.jpg', 'sam_3_w': np.int64(1024), 'sam_3_h': np.int64(768), 'sam_3_disp_w': np.float64(0.25), 'sam_3_disp_h': np.float64(0.1875), 'sam_4': 'resources/images/medium/med_S4_2.jpg', 'sam_4_w': np.int64(350), 'sam_4_h': np.int64(233), 'sam_4_disp_w': np.float64(0.25), 'sam_4_disp_h': np.float64(0.166428571), 'sam_5': 'resources/images/medium/med_S5_2.jpg', 'sam_5_w': np.int64(350), 'sam_5_h': np.int64(233), 'sam_5_disp_w': np.float64(0.25), 'sam_5_disp_h': np.float64(0.166428571), 'img_targ': 'resources/images/medium/med_T2.jpg', 'targ_w': np.int64(4032), 'targ_h': np.int64(2268), 'targ_disp_w': np.float64(0.25), 'targ_disp_h': np.float64(0.140625), 'thisN': 0, 'thisTrialN': 0, 'thisRepN': 0}>
2.7563 	DATA 	Keypress: space
2.7611 	INFO 	Keyboard events cleared
2.7610 	EXP 	welcome_message: autoDraw = False
2.7610 	EXP 	M_query: image = 'resources/images/medium/med_Q2.jpg'
2.7610 	EXP 	M_top_left: image = 'resources/images/medium/med_S1_2.jpg'
2.7610 	EXP 	M_top_mid: image = 'resources/images/medium/med_S2_2.jpg'
2.7610 	EXP 	M_top_right: image = 'resources/images/medium/med_S3_2.jpg'
2.7610 	EXP 	M_bot_left: image = 'resources/images/medium/med_S4_2.jpg'
2.7610 	EXP 	M_bot_mid: image = 'resources/images/medium/med_S5_2.jpg'
2.7610 	EXP 	M_bot_right: image = 'resources/images/medium/med_T2.jpg'
2.7610 	EXP 	M_query: autoDraw = True
2.7610 	EXP 	M_top_left: autoDraw = True
2.7610 	EXP 	M_top_mid: autoDraw = True
2.7610 	EXP 	M_top_right: autoDraw = True
2.7610 	EXP 	M_bot_left: autoDraw = True
2.7610 	EXP 	M_bot_mid: autoDraw = True
2.7610 	EXP 	M_bot_right: autoDraw = True
6.9941 	EXP 	Device response: <KeyPress from None: t=6.987380749997101, value=space, duration=None>
6.9954 	EXP 	New trial (rep=0, index=1): <Trial 1 (1 in rep 0) data={'img_query': 'resources/images/medium/med_Q4.jpg', 'img_query_w': np.int64(768), 'img_query_h': np.int64(1024), 'img_query_disp_w': np.float64(0.1875), 'img_query_disp_h': np.float64(0.25), 'sam_1': 'resources/images/medium/med_S1_4.jpg', 'sam_1_w': np.int64(1024), 'sam_1_h': np.int64(768), 'sam_1_disp_w': np.float64(0.25), 'sam_1_disp_h': np.float64(0.1875), 'sam_2': 'resources/images/medium/med_S2_4.jpg', 'sam_2_w': np.int64(350), 'sam_2_h': np.int64(234), 'sam_2_disp_w': np.float64(0.25), 'sam_2_disp_h': np.float64(0.167142857), 'sam_3': 'resources/images/medium/med_S3_4.jpg', 'sam_3_w': np.int64(350), 'sam_3_h': np.int64(341), 'sam_3_disp_w': np.float64(0.25), 'sam_3_disp_h': np.float64(0.243571429), 'sam_4': 'resources/images/medium/med_S4_4.jpg', 'sam_4_w': np.int64(768), 'sam_4_h': np.int64(1024), 'sam_4_disp_w': np.float64(0.1875), 'sam_4_disp_h': np.float64(0.25), 'sam_5': 'resources/images/medium/med_S5_4.jpg', 'sam_5_w': np.int64(350), 'sam_5_h': np.int64(208), 'sam_5_disp_w': np.float64(0.25), 'sam_5_disp_h': np.float64(0.148571429), 'img_targ': 'resources/images/medium/med_T4.jpg', 'targ_w': np.int64(768), 'targ_h': np.int64(1024), 'targ_disp_w': np.float64(0.1875), 'targ_disp_h': np.float64(0.25), 'thisN': 1, 'thisTrialN': 1, 'thisRepN': 0}>
7.0802 	EXP 	Device response: <KeyPress from None: t=6.987380749997101, value=space, duration=0.087991417000012>
7.0873 	DATA 	Keypress: space
7.0914 	INFO 	Keyboard events cleared
7.0914 	EXP 	M_query: autoDraw = False
7.0914 	EXP 	M_top_left: autoDraw = False
7.0914 	EXP 	M_top_mid: autoDraw = False
7.0914 	EXP 	M_top_right: autoDraw = False
7.0914 	EXP 	M_bot_left: autoDraw = False
7.0914 	EXP 	M_bot_mid: autoDraw = False
7.0914 	EXP 	M_bot_right: autoDraw = False
7.0914 	EXP 	M_query: image = 'resources/images/medium/med_Q4.jpg'
7.0914 	EXP 	M_top_left: image = 'resources/images/medium/med_S1_4.jpg'
7.0914 	EXP 	M_top_mid: image = 'resources/images/medium/med_S2_4.jpg'
7.0914 	EXP 	M_top_right: image = 'resources/images/medium/med_S3_4.jpg'
7.0914 	EXP 	M_bot_left: image = 'resources/images/medium/med_S4_4.jpg'
7.0914 	EXP 	M_bot_mid: image = 'resources/images/medium/med_S5_4.jpg'
7.0914 	EXP 	M_bot_right: image = 'resources/images/medium/med_T4.jpg'
7.0914 	EXP 	M_query: autoDraw = True
7.0914 	EXP 	M_top_left: autoDraw = True
7.0914 	EXP 	M_top_mid: autoDraw = True
7.0914 	EXP 	M_top_right: autoDraw = True
7.0914 	EXP 	M_bot_left: autoDraw = True
7.0914 	EXP 	M_bot_mid: autoDraw = True
7.0914 	EXP 	M_bot_right: autoDraw = True
13.2752 	EXP 	Device response: <KeyPress from None: t=13.269696333001775, value=space, duration=None>
13.2759 	EXP 	New trial (rep=0, index=2): <Trial 2 (2 in rep 0) data={'img_query': 'resources/images/medium/med_Q5.jpg', 'img_query_w': np.int64(1024), 'img_query_h': np.int64(768), 'img_query_disp_w': np.float64(0.25), 'img_query_disp_h': np.float64(0.1875), 'sam_1': 'resources/images/medium/med_S1_5.jpg', 'sam_1_w': np.int64(1024), 'sam_1_h': np.int64(768), 'sam_1_disp_w': np.float64(0.25), 'sam_1_disp_h': np.float64(0.1875), 'sam_2': 'resources/images/medium/med_S2_5.jpg', 'sam_2_w': np.int64(1024), 'sam_2_h': np.int64(768), 'sam_2_disp_w': np.float64(0.25), 'sam_2_disp_h': np.float64(0.1875), 'sam_3': 'resources/images/medium/med_S3_5.jpg', 'sam_3_w': np.int64(3264), 'sam_3_h': np.int64(1840), 'sam_3_disp_w': np.float64(0.25), 'sam_3_disp_h': np.float64(0.140931373), 'sam_4': 'resources/images/medium/med_S4_5.jpg', 'sam_4_w': np.int64(768), 'sam_4_h': np.int64(1024), 'sam_4_disp_w': np.float64(0.1875), 'sam_4_disp_h': np.float64(0.25), 'sam_5': 'resources/images/medium/med_S5_5.jpg', 'sam_5_w': np.int64(350), 'sam_5_h': np.int64(233), 'sam_5_disp_w': np.float64(0.25), 'sam_5_disp_h': np.float64(0.166428571), 'img_targ': 'resources/images/medium/med_T5.jpg', 'targ_w': np.int64(768), 'targ_h': np.int64(1024), 'targ_disp_w': np.float64(0.1875), 'targ_disp_h': np.float64(0.25), 'thisN': 2, 'thisTrialN': 2, 'thisRepN': 0}>
13.4172 	EXP 	Device response: <KeyPress from None: t=13.269696333001775, value=space, duration=0.0676655839997693>
13.4191 	DATA 	Keypress: space
13.4224 	INFO 	Keyboard events cleared
13.4223 	EXP 	M_query: autoDraw = False
13.4223 	EXP 	M_top_left: autoDraw = False
13.4223 	EXP 	M_top_mid: autoDraw = False
13.4223 	EXP 	M_top_right: autoDraw = False
13.4223 	EXP 	M_bot_left: autoDraw = False
13.4223 	EXP 	M_bot_mid: autoDraw = False
13.4223 	EXP 	M_bot_right: autoDraw = False
13.4223 	EXP 	M_query: image = 'resources/images/medium/med_Q5.jpg'
13.4223 	EXP 	M_top_left: image = 'resources/images/medium/med_S1_5.jpg'
13.4223 	EXP 	M_top_mid: image = 'resources/images/medium/med_S2_5.jpg'
13.4223 	EXP 	M_top_right: image = 'resources/images/medium/med_S3_5.jpg'
13.4223 	EXP 	M_bot_left: image = 'resources/images/medium/med_S4_5.jpg'
13.4223 	EXP 	M_bot_mid: image = 'resources/images/medium/med_S5_5.jpg'
13.4223 	EXP 	M_bot_right: image = 'resources/images/medium/med_T5.jpg'
13.4223 	EXP 	M_query: autoDraw = True
13.4223 	EXP 	M_top_left: autoDraw = True
13.4223 	EXP 	M_top_mid: autoDraw = True
13.4223 	EXP 	M_top_right: autoDraw = True
13.4223 	EXP 	M_bot_left: autoDraw = True
13.4223 	EXP 	M_bot_mid: autoDraw = True
13.4223 	EXP 	M_bot_right: autoDraw = True
19.5795 	EXP 	Device response: <KeyPress from None: t=19.576812667000922, value=space, duration=None>
19.5801 	EXP 	New trial (rep=0, index=3): <Trial 3 (3 in rep 0) data={'img_query': 'resources/images/medium/med_Q3.jpg', 'img_query_w': np.int64(1024), 'img_query_h': np.int64(768), 'img_query_disp_w': np.float64(0.25), 'img_query_disp_h': np.float64(0.1875), 'sam_1': 'resources/images/medium/med_S1_3.jpg', 'sam_1_w': np.int64(4160), 'sam_1_h': np.int64(2340), 'sam_1_disp_w': np.float64(0.25), 'sam_1_disp_h': np.float64(0.140625), 'sam_2': 'resources/images/medium/med_S2_3.jpg', 'sam_2_w': np.int64(1024), 'sam_2_h': np.int64(768), 'sam_2_disp_w': np.float64(0.25), 'sam_2_disp_h': np.float64(0.1875), 'sam_3': 'resources/images/medium/med_S3_3.jpg', 'sam_3_w': np.int64(1024), 'sam_3_h': np.int64(768), 'sam_3_disp_w': np.float64(0.25), 'sam_3_disp_h': np.float64(0.1875), 'sam_4': 'resources/images/medium/med_S4_3.jpg', 'sam_4_w': np.int64(350), 'sam_4_h': np.int64(197), 'sam_4_disp_w': np.float64(0.25), 'sam_4_disp_h': np.float64(0.140714286), 'sam_5': 'resources/images/medium/med_S5_3.jpg', 'sam_5_w': np.int64(2592), 'sam_5_h': np.int64(4608), 'sam_5_disp_w': np.float64(0.140625), 'sam_5_disp_h': np.float64(0.25), 'img_targ': 'resources/images/medium/med_T3.jpg', 'targ_w': np.int64(1024), 'targ_h': np.int64(768), 'targ_disp_w': np.float64(0.25), 'targ_disp_h': np.float64(0.1875), 'thisN': 3, 'thisTrialN': 3, 'thisRepN': 0}>
19.8627 	EXP 	Device response: <KeyPress from None: t=19.576812667000922, value=space, duration=0.09509370799787575>
19.8646 	DATA 	Keypress: space
19.8680 	INFO 	Keyboard events cleared
19.8679 	EXP 	M_query: autoDraw = False
19.8679 	EXP 	M_top_left: autoDraw = False
19.8679 	EXP 	M_top_mid: autoDraw = False
19.8679 	EXP 	M_top_right: autoDraw = False
19.8679 	EXP 	M_bot_left: autoDraw = False
19.8679 	EXP 	M_bot_mid: autoDraw = False
19.8679 	EXP 	M_bot_right: autoDraw = False
19.8679 	EXP 	M_query: image = 'resources/images/medium/med_Q3.jpg'
19.8679 	EXP 	M_top_left: image = 'resources/images/medium/med_S1_3.jpg'
19.8679 	EXP 	M_top_mid: image = 'resources/images/medium/med_S2_3.jpg'
19.8679 	EXP 	M_top_right: image = 'resources/images/medium/med_S3_3.jpg'
19.8679 	EXP 	M_bot_left: image = 'resources/images/medium/med_S4_3.jpg'
19.8679 	EXP 	M_bot_mid: image = 'resources/images/medium/med_S5_3.jpg'
19.8679 	EXP 	M_bot_right: image = 'resources/images/medium/med_T3.jpg'
19.8679 	EXP 	M_query: autoDraw = True
19.8679 	EXP 	M_top_left: autoDraw = True
19.8679 	EXP 	M_top_mid: autoDraw = True
19.8679 	EXP 	M_top_right: autoDraw = True
19.8679 	EXP 	M_bot_left: autoDraw = True
19.8679 	EXP 	M_bot_mid: autoDraw = True
19.8679 	EXP 	M_bot_right: autoDraw = True
22.3171 	EXP 	Device response: <KeyPress from None: t=22.31504324999696, value=space, duration=None>
22.3178 	EXP 	New trial (rep=0, index=4): <Trial 4 (4 in rep 0) data={'img_query': 'resources/images/medium/med_Q1.jpg', 'img_query_w': np.int64(4032), 'img_query_h': np.int64(3024), 'img_query_disp_w': np.float64(0.25), 'img_query_disp_h': np.float64(0.1875), 'sam_1': 'resources/images/medium/med_S1_1.jpg', 'sam_1_w': np.int64(768), 'sam_1_h': np.int64(1024), 'sam_1_disp_w': np.float64(0.1875), 'sam_1_disp_h': np.float64(0.25), 'sam_2': 'resources/images/medium/med_S2_1.jpg', 'sam_2_w': np.int64(768), 'sam_2_h': np.int64(1024), 'sam_2_disp_w': np.float64(0.1875), 'sam_2_disp_h': np.float64(0.25), 'sam_3': 'resources/images/medium/med_S3_1.jpg', 'sam_3_w': np.int64(350), 'sam_3_h': np.int64(233), 'sam_3_disp_w': np.float64(0.25), 'sam_3_disp_h': np.float64(0.166428571), 'sam_4': 'resources/images/medium/med_S4_1.jpg', 'sam_4_w': np.int64(768), 'sam_4_h': np.int64(1024), 'sam_4_disp_w': np.float64(0.1875), 'sam_4_disp_h': np.float64(0.25), 'sam_5': 'resources/images/medium/med_S5_1.jpg', 'sam_5_w': np.int64(768), 'sam_5_h': np.int64(1040), 'sam_5_disp_w': np.float64(0.184615385), 'sam_5_disp_h': np.float64(0.25), 'img_targ': 'resources/images/medium/med_T1.jpg', 'targ_w': np.int64(1024), 'targ_h': np.int64(768), 'targ_disp_w': np.float64(0.25), 'targ_disp_h': np.float64(0.1875), 'thisN': 4, 'thisTrialN': 4, 'thisRepN': 0}>
22.5452 	EXP 	Device response: <KeyPress from None: t=22.31504324999696, value=space, duration=0.07596279199788114>
22.5471 	DATA 	Keypress: space
22.5505 	INFO 	Keyboard events cleared
22.5504 	EXP 	M_query: autoDraw = False
22.5504 	EXP 	M_top_left: autoDraw = False
22.5504 	EXP 	M_top_mid: autoDraw = False
22.5504 	EXP 	M_top_right: autoDraw = False
22.5504 	EXP 	M_bot_left: autoDraw = False
22.5504 	EXP 	M_bot_mid: autoDraw = False
22.5504 	EXP 	M_bot_right: autoDraw = False
22.5504 	EXP 	M_query: image = 'resources/images/medium/med_Q1.jpg'
22.5504 	EXP 	M_top_left: image = 'resources/images/medium/med_S1_1.jpg'
22.5504 	EXP 	M_top_mid: image = 'resources/images/medium/med_S2_1.jpg'
22.5504 	EXP 	M_top_right: image = 'resources/images/medium/med_S3_1.jpg'
22.5504 	EXP 	M_bot_left: image = 'resources/images/medium/med_S4_1.jpg'
22.5504 	EXP 	M_bot_mid: image = 'resources/images/medium/med_S5_1.jpg'
22.5504 	EXP 	M_bot_right: image = 'resources/images/medium/med_T1.jpg'
22.5504 	EXP 	M_query: autoDraw = True
22.5504 	EXP 	M_top_left: autoDraw = True
22.5504 	EXP 	M_top_mid: autoDraw = True
22.5504 	EXP 	M_top_right: autoDraw = True
22.5504 	EXP 	M_bot_left: autoDraw = True
22.5504 	EXP 	M_bot_mid: autoDraw = True
22.5504 	EXP 	M_bot_right: autoDraw = True
32.1609 	EXP 	Device response: <KeyPress from None: t=32.15345412500028, value=escape, duration=None>
32.1931 	DATA 	Keypress: escape
32.2081 	EXP 	Device response: <KeyPress from None: t=32.15345412500028, value=escape, duration=0.02428445799887413>
32.2082 	EXP 	pilot_study: status = STOPPED
32.2157 	EXP 	M_query: autoDraw = False
32.2157 	EXP 	M_top_left: autoDraw = False
32.2157 	EXP 	M_top_mid: autoDraw = False
32.2157 	EXP 	M_top_right: autoDraw = False
32.2157 	EXP 	M_bot_left: autoDraw = False
32.2157 	EXP 	M_bot_mid: autoDraw = False
32.2157 	EXP 	M_bot_right: autoDraw = False
32.2158 	EXP 	pilot_study: status = STOPPED
32.2191 	INFO 	saved data to '/Users/marcogiven/Desktop/projects/S25_SURE/colorStudyPilot/data/_pilot_study_2025-06-26_17h01.29.595.csv'
32.2201 	INFO 	saved data to /Users/marcogiven/Desktop/projects/S25_SURE/colorStudyPilot/data/_pilot_study_2025-06-26_17h01.29.595.psydat
32.3435 	WARNING 	Stopping key buffers but this could be dangerous ifother keyboards rely on the same.
32.3435 	WARNING 	Stopping key buffers but this could be dangerous ifother keyboards rely on the same.
32.3435 	WARNING 	Stopping key buffers but this could be dangerous ifother keyboards rely on the same.
