17.4543 	WARNING 	Font Manager failed to load file /System/Library/PrivateFrameworks/FontServices.framework/Resources/Reserved/PingFangUI.ttc
17.6908 	WARNING 	Font Manager failed to load file /System/Library/PrivateFrameworks/FontServices.framework/Resources/Reserved/PingFangUI.ttc
19.6210 	INFO 	Loaded monitor calibration from ['2025_06_12 14:42']
19.7541 	INFO 	Using renderer 'Apple M1 Pro' for graphics
19.7541 	INFO 	OpenGL version supported by driver is 2..
19.7874 	EXP 	Created window1 = Window(allowGUI=True, allowStencil=False, autoLog=True, backendConf=UNKNOWN, backgroundFit=<method-wrapper '__getattribute__' of attributeSetter object at 0x157e68370>, backgroundImage=<method-wrapper '__getattribute__' of attributeSetter object at 0x157e683d0>, bitsMode=UNKNOWN, blendMode='avg', bpc=(8, 8, 8), color=array([0, 0, 0]), colorSpace='rgb', depthBits=8, fullscr=False, gamma=None, gammaErrorPolicy='raise', infoMsg=UNKNOWN, lms=UNKNOWN, monitor=<psychopy.monitors.calibTools.Monitor object at 0x157ec9240>, multiSample=False, name='window1', numSamples=2, pos=[np.float64(260.0), np.float64(224.5)], screen=0, size=array([2560, 1440]), stencilBits=0, stereo=False, title='PsychoPy', units='height', useFBO=True, useRetina=True, viewOri=0.0, viewPos=None, viewScale=None, waitBlanking=True, winType='pyglet')
19.7874 	EXP 	window1: backgroundImage = ''
19.7874 	EXP 	window1: backgroundFit = 'none'
20.4170 	INFO 	keyboard.Keyboard is using ptb backend.
20.6042 	INFO 	keyboard.Keyboard is using ptb backend.
20.6962 	INFO 	keyboard.Keyboard is using ptb backend.
20.6963 	EXP 	pilot_study: status = STARTED
20.7555 	EXP 	Created welcome_message = TextStim(__class__=<class 'psychopy.visual.text.TextStim'>, alignHoriz=method-wrapper(...), alignText='center', alignVert=method-wrapper(...), anchorHoriz='center', anchorVert='center', antialias=True, autoDraw=False, autoLog=True, bold=False, color=array([1., 1., 1.]), colorSpace='rgb', contrast=1.0, depth=0.0, draggable=False, flipHoriz=False, flipVert=False, font='Arial', fontFiles=[], height=np.float64(0.05), italic=False, languageStyle='LTR', name='welcome_message', opacity=1, ori=0.0, pos=array([0., 0.]), rgb=UNKNOWN, text=str(...), units='height', win=Window(...), wrapWidth=1)
20.7759 	EXP 	Created M_query = ImageStim(__class__=<class 'psychopy.visual.image.ImageStim'>, anchor=('center', 'center'), autoLog=True, color=array([1., 1., 1.]), colorSpace='rgb', contrast=1.0, depth=0.0, draggable=False, flipHoriz=np.False_, flipVert=np.False_, image='default.png', interpolate=True, mask=None, maskParams=None, name='M_query', opacity=1, ori=0.0, pos=array([0. , 0.3]), size=array([1., 1.]), texRes=128.0, units='height', win=Window(...))
20.7794 	EXP 	Created M_top_left = ImageStim(__class__=<class 'psychopy.visual.image.ImageStim'>, anchor=('center', 'center'), autoLog=True, color=array([1., 1., 1.]), colorSpace='rgb', contrast=1.0, depth=-1.0, draggable=False, flipHoriz=np.False_, flipVert=np.False_, image='default.png', interpolate=True, mask=None, maskParams=None, name='M_top_left', opacity=1, ori=0.0, pos=array([-0.55,  0.  ]), size=array([1., 1.]), texRes=128.0, units='height', win=Window(...))
20.7830 	EXP 	Created M_top_mid = ImageStim(__class__=<class 'psychopy.visual.image.ImageStim'>, anchor=('center', 'center'), autoLog=True, color=array([1., 1., 1.]), colorSpace='rgb', contrast=1.0, depth=-2.0, draggable=False, flipHoriz=np.False_, flipVert=np.False_, image='default.png', interpolate=True, mask=None, maskParams=None, name='M_top_mid', opacity=1, ori=0.0, pos=array([0., 0.]), size=array([1., 1.]), texRes=128.0, units='height', win=Window(...))
20.7864 	EXP 	Created M_top_right = ImageStim(__class__=<class 'psychopy.visual.image.ImageStim'>, anchor=('center', 'center'), autoLog=True, color=array([1., 1., 1.]), colorSpace='rgb', contrast=1.0, depth=-3.0, draggable=False, flipHoriz=np.False_, flipVert=np.False_, image='default.png', interpolate=True, mask=None, maskParams=None, name='M_top_right', opacity=1, ori=0.0, pos=array([0.55, 0.  ]), size=array([1., 1.]), texRes=128.0, units='height', win=Window(...))
20.7897 	EXP 	Created M_bot_left = ImageStim(__class__=<class 'psychopy.visual.image.ImageStim'>, anchor=('center', 'center'), autoLog=True, color=array([1., 1., 1.]), colorSpace='rgb', contrast=1.0, depth=-4.0, draggable=False, flipHoriz=np.False_, flipVert=np.False_, image='default.png', interpolate=True, mask=None, maskParams=None, name='M_bot_left', opacity=1, ori=0.0, pos=array([-0.55, -0.35]), size=array([1., 1.]), texRes=128.0, units='height', win=Window(...))
20.7933 	EXP 	Created M_bot_mid = ImageStim(__class__=<class 'psychopy.visual.image.ImageStim'>, anchor=('center', 'center'), autoLog=True, color=array([1., 1., 1.]), colorSpace='rgb', contrast=1.0, depth=-5.0, draggable=False, flipHoriz=np.False_, flipVert=np.False_, image='default.png', interpolate=True, mask=None, maskParams=None, name='M_bot_mid', opacity=1, ori=0.0, pos=array([ 0.  , -0.35]), size=array([1., 1.]), texRes=128.0, units='height', win=Window(...))
20.7966 	EXP 	Created M_bot_right = ImageStim(__class__=<class 'psychopy.visual.image.ImageStim'>, anchor=('center', 'center'), autoLog=True, color=array([1., 1., 1.]), colorSpace='rgb', contrast=1.0, depth=-6.0, draggable=False, flipHoriz=np.False_, flipVert=np.False_, image='default.png', interpolate=True, mask=None, maskParams=None, name='M_bot_right', opacity=1, ori=0.0, pos=array([ 0.55, -0.35]), size=array([1., 1.]), texRes=128.0, units='height', win=Window(...))
20.8013 	EXP 	Created end_message = TextStim(__class__=<class 'psychopy.visual.text.TextStim'>, alignHoriz=method-wrapper(...), alignText='center', alignVert=method-wrapper(...), anchorHoriz='center', anchorVert='center', antialias=True, autoDraw=False, autoLog=True, bold=False, color=array([1., 1., 1.]), colorSpace='rgb', contrast=1.0, depth=0.0, draggable=False, flipHoriz=False, flipVert=False, font='Arial', fontFiles=[], height=np.float64(0.05), italic=False, languageStyle='LTR', name='end_message', opacity=1, ori=0.0, pos=array([0., 0.]), rgb=UNKNOWN, text=str(...), units='height', win=Window(...), wrapWidth=1)
0.0535 	EXP 	welcome_message: autoDraw = True
1.6416 	EXP 	Device response: <KeyPress from None: t=1.4520908749982482, value=space, duration=None>
1.6419 	EXP 	Device response: <KeyPress from None: t=1.4520908749982482, value=space, duration=0.12023837500601076>
1.6484 	EXP 	Imported resources/midLoop.csv as conditions, 5 conditions, 35 params
1.6489 	EXP 	New trial (rep=0, index=0): <Trial 0 (0 in rep 0) data={'img_query': 'resources/images/medium/med_Q4.jpg', 'img_query_w': np.int64(768), 'img_query_h': np.int64(1024), 'img_query_disp_w': np.float64(0.1875), 'img_query_disp_h': np.float64(0.25), 'sam_1': 'resources/images/medium/med_S1_4.jpg', 'sam_1_w': np.int64(1024), 'sam_1_h': np.int64(768), 'sam_1_disp_w': np.float64(0.25), 'sam_1_disp_h': np.float64(0.1875), 'sam_2': 'resources/images/medium/med_S2_4.jpg', 'sam_2_w': np.int64(350), 'sam_2_h': np.int64(234), 'sam_2_disp_w': np.float64(0.25), 'sam_2_disp_h': np.float64(0.167142857), 'sam_3': 'resources/images/medium/med_S3_4.jpg', 'sam_3_w': np.int64(350), 'sam_3_h': np.int64(341), 'sam_3_disp_w': np.float64(0.25), 'sam_3_disp_h': np.float64(0.243571429), 'sam_4': 'resources/images/medium/med_S4_4.jpg', 'sam_4_w': np.int64(768), 'sam_4_h': np.int64(1024), 'sam_4_disp_w': np.float64(0.1875), 'sam_4_disp_h': np.float64(0.25), 'sam_5': 'resources/images/medium/med_S5_4.jpg', 'sam_5_w': np.int64(350), 'sam_5_h': np.int64(208), 'sam_5_disp_w': np.float64(0.25), 'sam_5_disp_h': np.float64(0.148571429), 'img_targ': 'resources/images/medium/med_T4.jpg', 'targ_w': np.int64(768), 'targ_h': np.int64(1024), 'targ_disp_w': np.float64(0.1875), 'targ_disp_h': np.float64(0.25), 'thisN': 0, 'thisTrialN': 0, 'thisRepN': 0}>
1.7188 	INFO 	Keyboard events cleared
1.7187 	EXP 	welcome_message: autoDraw = False
1.7187 	EXP 	M_query: image = 'resources/images/medium/med_Q4.jpg'
1.7187 	EXP 	M_top_left: image = 'resources/images/medium/med_S1_4.jpg'
1.7187 	EXP 	M_top_mid: image = 'resources/images/medium/med_S2_4.jpg'
1.7187 	EXP 	M_top_right: image = 'resources/images/medium/med_S3_4.jpg'
1.7187 	EXP 	M_bot_left: image = 'resources/images/medium/med_S4_4.jpg'
1.7187 	EXP 	M_bot_mid: image = 'resources/images/medium/med_S5_4.jpg'
1.7187 	EXP 	M_bot_right: image = 'resources/images/medium/med_T4.jpg'
1.7187 	EXP 	M_query: autoDraw = True
1.7187 	EXP 	M_top_left: autoDraw = True
1.7187 	EXP 	M_top_mid: autoDraw = True
1.7187 	EXP 	M_top_right: autoDraw = True
1.7187 	EXP 	M_bot_left: autoDraw = True
1.7187 	EXP 	M_bot_mid: autoDraw = True
1.7187 	EXP 	M_bot_right: autoDraw = True
10.0681 	EXP 	Device response: <KeyPress from None: t=10.062268166002468, value=space, duration=None>
10.0684 	EXP 	New trial (rep=0, index=1): <Trial 1 (1 in rep 0) data={'img_query': 'resources/images/medium/med_Q2.jpg', 'img_query_w': np.int64(1024), 'img_query_h': np.int64(768), 'img_query_disp_w': np.float64(0.25), 'img_query_disp_h': np.float64(0.1875), 'sam_1': 'resources/images/medium/med_S1_2.jpg', 'sam_1_w': np.int64(4032), 'sam_1_h': np.int64(3024), 'sam_1_disp_w': np.float64(0.25), 'sam_1_disp_h': np.float64(0.1875), 'sam_2': 'resources/images/medium/med_S2_2.jpg', 'sam_2_w': np.int64(250), 'sam_2_h': np.int64(233), 'sam_2_disp_w': np.float64(0.25), 'sam_2_disp_h': np.float64(0.233), 'sam_3': 'resources/images/medium/med_S3_2.jpg', 'sam_3_w': np.int64(1024), 'sam_3_h': np.int64(768), 'sam_3_disp_w': np.float64(0.25), 'sam_3_disp_h': np.float64(0.1875), 'sam_4': 'resources/images/medium/med_S4_2.jpg', 'sam_4_w': np.int64(350), 'sam_4_h': np.int64(233), 'sam_4_disp_w': np.float64(0.25), 'sam_4_disp_h': np.float64(0.166428571), 'sam_5': 'resources/images/medium/med_S5_2.jpg', 'sam_5_w': np.int64(350), 'sam_5_h': np.int64(233), 'sam_5_disp_w': np.float64(0.25), 'sam_5_disp_h': np.float64(0.166428571), 'img_targ': 'resources/images/medium/med_T2.jpg', 'targ_w': np.int64(4032), 'targ_h': np.int64(2268), 'targ_disp_w': np.float64(0.25), 'targ_disp_h': np.float64(0.140625), 'thisN': 1, 'thisTrialN': 1, 'thisRepN': 0}>
10.4048 	EXP 	Device response: <KeyPress from None: t=10.062268166002468, value=space, duration=0.07191962499928195>
10.4140 	INFO 	Keyboard events cleared
10.4139 	EXP 	M_query: autoDraw = False
10.4139 	EXP 	M_top_left: autoDraw = False
10.4139 	EXP 	M_top_mid: autoDraw = False
10.4139 	EXP 	M_top_right: autoDraw = False
10.4139 	EXP 	M_bot_left: autoDraw = False
10.4139 	EXP 	M_bot_mid: autoDraw = False
10.4139 	EXP 	M_bot_right: autoDraw = False
10.4139 	EXP 	M_query: image = 'resources/images/medium/med_Q2.jpg'
10.4139 	EXP 	M_top_left: image = 'resources/images/medium/med_S1_2.jpg'
10.4139 	EXP 	M_top_mid: image = 'resources/images/medium/med_S2_2.jpg'
10.4139 	EXP 	M_top_right: image = 'resources/images/medium/med_S3_2.jpg'
10.4139 	EXP 	M_bot_left: image = 'resources/images/medium/med_S4_2.jpg'
10.4139 	EXP 	M_bot_mid: image = 'resources/images/medium/med_S5_2.jpg'
10.4139 	EXP 	M_bot_right: image = 'resources/images/medium/med_T2.jpg'
10.4139 	EXP 	M_query: autoDraw = True
10.4139 	EXP 	M_top_left: autoDraw = True
10.4139 	EXP 	M_top_mid: autoDraw = True
10.4139 	EXP 	M_top_right: autoDraw = True
10.4139 	EXP 	M_bot_left: autoDraw = True
10.4139 	EXP 	M_bot_mid: autoDraw = True
10.4139 	EXP 	M_bot_right: autoDraw = True
11.5092 	EXP 	Device response: <KeyPress from None: t=11.501972791003936, value=space, duration=None>
11.5104 	EXP 	New trial (rep=0, index=2): <Trial 2 (2 in rep 0) data={'img_query': 'resources/images/medium/med_Q1.jpg', 'img_query_w': np.int64(4032), 'img_query_h': np.int64(3024), 'img_query_disp_w': np.float64(0.25), 'img_query_disp_h': np.float64(0.1875), 'sam_1': 'resources/images/medium/med_S1_1.jpg', 'sam_1_w': np.int64(768), 'sam_1_h': np.int64(1024), 'sam_1_disp_w': np.float64(0.1875), 'sam_1_disp_h': np.float64(0.25), 'sam_2': 'resources/images/medium/med_S2_1.jpg', 'sam_2_w': np.int64(768), 'sam_2_h': np.int64(1024), 'sam_2_disp_w': np.float64(0.1875), 'sam_2_disp_h': np.float64(0.25), 'sam_3': 'resources/images/medium/med_S3_1.jpg', 'sam_3_w': np.int64(350), 'sam_3_h': np.int64(233), 'sam_3_disp_w': np.float64(0.25), 'sam_3_disp_h': np.float64(0.166428571), 'sam_4': 'resources/images/medium/med_S4_1.jpg', 'sam_4_w': np.int64(768), 'sam_4_h': np.int64(1024), 'sam_4_disp_w': np.float64(0.1875), 'sam_4_disp_h': np.float64(0.25), 'sam_5': 'resources/images/medium/med_S5_1.jpg', 'sam_5_w': np.int64(768), 'sam_5_h': np.int64(1040), 'sam_5_disp_w': np.float64(0.184615385), 'sam_5_disp_h': np.float64(0.25), 'img_targ': 'resources/images/medium/med_T1.jpg', 'targ_w': np.int64(1024), 'targ_h': np.int64(768), 'targ_disp_w': np.float64(0.25), 'targ_disp_h': np.float64(0.1875), 'thisN': 2, 'thisTrialN': 2, 'thisRepN': 0}>
11.7446 	EXP 	Device response: <KeyPress from None: t=11.501972791003936, value=space, duration=0.076103499995952>
11.7497 	INFO 	Keyboard events cleared
11.7496 	EXP 	M_query: autoDraw = False
11.7496 	EXP 	M_top_left: autoDraw = False
11.7496 	EXP 	M_top_mid: autoDraw = False
11.7496 	EXP 	M_top_right: autoDraw = False
11.7496 	EXP 	M_bot_left: autoDraw = False
11.7496 	EXP 	M_bot_mid: autoDraw = False
11.7496 	EXP 	M_bot_right: autoDraw = False
11.7496 	EXP 	M_query: image = 'resources/images/medium/med_Q1.jpg'
11.7496 	EXP 	M_top_left: image = 'resources/images/medium/med_S1_1.jpg'
11.7496 	EXP 	M_top_mid: image = 'resources/images/medium/med_S2_1.jpg'
11.7496 	EXP 	M_top_right: image = 'resources/images/medium/med_S3_1.jpg'
11.7496 	EXP 	M_bot_left: image = 'resources/images/medium/med_S4_1.jpg'
11.7496 	EXP 	M_bot_mid: image = 'resources/images/medium/med_S5_1.jpg'
11.7496 	EXP 	M_bot_right: image = 'resources/images/medium/med_T1.jpg'
11.7496 	EXP 	M_query: autoDraw = True
11.7496 	EXP 	M_top_left: autoDraw = True
11.7496 	EXP 	M_top_mid: autoDraw = True
11.7496 	EXP 	M_top_right: autoDraw = True
11.7496 	EXP 	M_bot_left: autoDraw = True
11.7496 	EXP 	M_bot_mid: autoDraw = True
11.7496 	EXP 	M_bot_right: autoDraw = True
13.1964 	EXP 	Device response: <KeyPress from None: t=13.194251541004633, value=space, duration=None>
13.1969 	EXP 	New trial (rep=0, index=3): <Trial 3 (3 in rep 0) data={'img_query': 'resources/images/medium/med_Q5.jpg', 'img_query_w': np.int64(1024), 'img_query_h': np.int64(768), 'img_query_disp_w': np.float64(0.25), 'img_query_disp_h': np.float64(0.1875), 'sam_1': 'resources/images/medium/med_S1_5.jpg', 'sam_1_w': np.int64(1024), 'sam_1_h': np.int64(768), 'sam_1_disp_w': np.float64(0.25), 'sam_1_disp_h': np.float64(0.1875), 'sam_2': 'resources/images/medium/med_S2_5.jpg', 'sam_2_w': np.int64(1024), 'sam_2_h': np.int64(768), 'sam_2_disp_w': np.float64(0.25), 'sam_2_disp_h': np.float64(0.1875), 'sam_3': 'resources/images/medium/med_S3_5.jpg', 'sam_3_w': np.int64(3264), 'sam_3_h': np.int64(1840), 'sam_3_disp_w': np.float64(0.25), 'sam_3_disp_h': np.float64(0.140931373), 'sam_4': 'resources/images/medium/med_S4_5.jpg', 'sam_4_w': np.int64(768), 'sam_4_h': np.int64(1024), 'sam_4_disp_w': np.float64(0.1875), 'sam_4_disp_h': np.float64(0.25), 'sam_5': 'resources/images/medium/med_S5_5.jpg', 'sam_5_w': np.int64(350), 'sam_5_h': np.int64(233), 'sam_5_disp_w': np.float64(0.25), 'sam_5_disp_h': np.float64(0.166428571), 'img_targ': 'resources/images/medium/med_T5.jpg', 'targ_w': np.int64(768), 'targ_h': np.int64(1024), 'targ_disp_w': np.float64(0.1875), 'targ_disp_h': np.float64(0.25), 'thisN': 3, 'thisTrialN': 3, 'thisRepN': 0}>
13.3446 	EXP 	Device response: <KeyPress from None: t=13.194251541004633, value=space, duration=0.0799324589970638>
13.3494 	INFO 	Keyboard events cleared
13.3493 	EXP 	M_query: autoDraw = False
13.3493 	EXP 	M_top_left: autoDraw = False
13.3493 	EXP 	M_top_mid: autoDraw = False
13.3493 	EXP 	M_top_right: autoDraw = False
13.3493 	EXP 	M_bot_left: autoDraw = False
13.3493 	EXP 	M_bot_mid: autoDraw = False
13.3493 	EXP 	M_bot_right: autoDraw = False
13.3493 	EXP 	M_query: image = 'resources/images/medium/med_Q5.jpg'
13.3493 	EXP 	M_top_left: image = 'resources/images/medium/med_S1_5.jpg'
13.3493 	EXP 	M_top_mid: image = 'resources/images/medium/med_S2_5.jpg'
13.3493 	EXP 	M_top_right: image = 'resources/images/medium/med_S3_5.jpg'
13.3493 	EXP 	M_bot_left: image = 'resources/images/medium/med_S4_5.jpg'
13.3493 	EXP 	M_bot_mid: image = 'resources/images/medium/med_S5_5.jpg'
13.3493 	EXP 	M_bot_right: image = 'resources/images/medium/med_T5.jpg'
13.3493 	EXP 	M_query: autoDraw = True
13.3493 	EXP 	M_top_left: autoDraw = True
13.3493 	EXP 	M_top_mid: autoDraw = True
13.3493 	EXP 	M_top_right: autoDraw = True
13.3493 	EXP 	M_bot_left: autoDraw = True
13.3493 	EXP 	M_bot_mid: autoDraw = True
13.3493 	EXP 	M_bot_right: autoDraw = True
13.9170 	EXP 	Device response: <KeyPress from None: t=13.915846374999091, value=space, duration=None>
13.9175 	EXP 	New trial (rep=0, index=4): <Trial 4 (4 in rep 0) data={'img_query': 'resources/images/medium/med_Q3.jpg', 'img_query_w': np.int64(1024), 'img_query_h': np.int64(768), 'img_query_disp_w': np.float64(0.25), 'img_query_disp_h': np.float64(0.1875), 'sam_1': 'resources/images/medium/med_S1_3.jpg', 'sam_1_w': np.int64(4160), 'sam_1_h': np.int64(2340), 'sam_1_disp_w': np.float64(0.25), 'sam_1_disp_h': np.float64(0.140625), 'sam_2': 'resources/images/medium/med_S2_3.jpg', 'sam_2_w': np.int64(1024), 'sam_2_h': np.int64(768), 'sam_2_disp_w': np.float64(0.25), 'sam_2_disp_h': np.float64(0.1875), 'sam_3': 'resources/images/medium/med_S3_3.jpg', 'sam_3_w': np.int64(1024), 'sam_3_h': np.int64(768), 'sam_3_disp_w': np.float64(0.25), 'sam_3_disp_h': np.float64(0.1875), 'sam_4': 'resources/images/medium/med_S4_3.jpg', 'sam_4_w': np.int64(350), 'sam_4_h': np.int64(197), 'sam_4_disp_w': np.float64(0.25), 'sam_4_disp_h': np.float64(0.140714286), 'sam_5': 'resources/images/medium/med_S5_3.jpg', 'sam_5_w': np.int64(2592), 'sam_5_h': np.int64(4608), 'sam_5_disp_w': np.float64(0.140625), 'sam_5_disp_h': np.float64(0.25), 'img_targ': 'resources/images/medium/med_T3.jpg', 'targ_w': np.int64(1024), 'targ_h': np.int64(768), 'targ_disp_w': np.float64(0.25), 'targ_disp_h': np.float64(0.1875), 'thisN': 4, 'thisTrialN': 4, 'thisRepN': 0}>
14.1802 	EXP 	Device response: <KeyPress from None: t=13.915846374999091, value=space, duration=0.07139162500243401>
14.1852 	INFO 	Keyboard events cleared
14.1851 	EXP 	M_query: autoDraw = False
14.1851 	EXP 	M_top_left: autoDraw = False
14.1851 	EXP 	M_top_mid: autoDraw = False
14.1851 	EXP 	M_top_right: autoDraw = False
14.1851 	EXP 	M_bot_left: autoDraw = False
14.1851 	EXP 	M_bot_mid: autoDraw = False
14.1851 	EXP 	M_bot_right: autoDraw = False
14.1851 	EXP 	M_query: image = 'resources/images/medium/med_Q3.jpg'
14.1851 	EXP 	M_top_left: image = 'resources/images/medium/med_S1_3.jpg'
14.1851 	EXP 	M_top_mid: image = 'resources/images/medium/med_S2_3.jpg'
14.1851 	EXP 	M_top_right: image = 'resources/images/medium/med_S3_3.jpg'
14.1851 	EXP 	M_bot_left: image = 'resources/images/medium/med_S4_3.jpg'
14.1851 	EXP 	M_bot_mid: image = 'resources/images/medium/med_S5_3.jpg'
14.1851 	EXP 	M_bot_right: image = 'resources/images/medium/med_T3.jpg'
14.1851 	EXP 	M_query: autoDraw = True
14.1851 	EXP 	M_top_left: autoDraw = True
14.1851 	EXP 	M_top_mid: autoDraw = True
14.1851 	EXP 	M_top_right: autoDraw = True
14.1851 	EXP 	M_bot_left: autoDraw = True
14.1851 	EXP 	M_bot_mid: autoDraw = True
14.1851 	EXP 	M_bot_right: autoDraw = True
14.6146 	EXP 	Device response: <KeyPress from None: t=14.612702457998239, value=space, duration=None>
14.6221 	EXP 	M_query: autoDraw = False
14.6221 	EXP 	M_top_left: autoDraw = False
14.6221 	EXP 	M_top_mid: autoDraw = False
14.6221 	EXP 	M_top_right: autoDraw = False
14.6221 	EXP 	M_bot_left: autoDraw = False
14.6221 	EXP 	M_bot_mid: autoDraw = False
14.6221 	EXP 	M_bot_right: autoDraw = False
14.6221 	EXP 	end_message: autoDraw = True
14.6843 	EXP 	Device response: <KeyPress from None: t=14.612702457998239, value=space, duration=0.0678172500047367>
17.5565 	EXP 	Device response: <KeyPress from None: t=17.551360625002417, value=escape, duration=None>
17.6142 	EXP 	Device response: <KeyPress from None: t=17.551360625002417, value=escape, duration=0.05995075000100769>
17.6143 	EXP 	pilot_study: status = STOPPED
17.6220 	EXP 	end_message: autoDraw = False
17.6220 	EXP 	pilot_study: status = STOPPED
17.6254 	INFO 	saved data to '/Users/marcogiven/Desktop/projects/S25_SURE/colorStudyPilot/data/_pilot_study_2025-06-26_15h47.38.592.csv'
17.6269 	INFO 	saved data to /Users/marcogiven/Desktop/projects/S25_SURE/colorStudyPilot/data/_pilot_study_2025-06-26_15h47.38.592.psydat
17.7589 	WARNING 	Stopping key buffers but this could be dangerous ifother keyboards rely on the same.
17.7589 	WARNING 	Stopping key buffers but this could be dangerous ifother keyboards rely on the same.
17.7589 	WARNING 	Stopping key buffers but this could be dangerous ifother keyboards rely on the same.
