17.6818 	WARNING 	Font Manager failed to load file /System/Library/PrivateFrameworks/FontServices.framework/Resources/Reserved/PingFangUI.ttc
17.9256 	WARNING 	Font Manager failed to load file /System/Library/PrivateFrameworks/FontServices.framework/Resources/Reserved/PingFangUI.ttc
64.9502 	INFO 	Loaded monitor calibration from ['2025_06_12 14:42']
65.0871 	INFO 	Using renderer 'Apple M1 Pro' for graphics
65.0871 	INFO 	OpenGL version supported by driver is 2..
65.1188 	EXP 	Created window1 = Window(allowGUI=True, allowStencil=False, autoLog=True, backendConf=UNKNOWN, backgroundFit=<method-wrapper '__getattribute__' of attributeSetter object at 0x158794400>, backgroundImage=<method-wrapper '__getattribute__' of attributeSetter object at 0x1587943a0>, bitsMode=UNKNOWN, blendMode='avg', bpc=(8, 8, 8), color=array([0, 0, 0]), colorSpace='rgb', depthBits=8, fullscr=False, gamma=None, gammaErrorPolicy='raise', infoMsg=UNKNOWN, lms=UNKNOWN, monitor=<psychopy.monitors.calibTools.Monitor object at 0x1587fa740>, multiSample=False, name='window1', numSamples=2, pos=[np.float64(260.0), np.float64(224.5)], screen=0, size=array([2560, 1440]), stencilBits=0, stereo=False, title='PsychoPy', units='height', useFBO=True, useRetina=True, viewOri=0.0, viewPos=None, viewScale=None, waitBlanking=True, winType='pyglet')
65.1188 	EXP 	window1: backgroundImage = ''
65.1188 	EXP 	window1: backgroundFit = 'none'
65.7003 	INFO 	keyboard.Keyboard is using ptb backend.
65.8710 	INFO 	keyboard.Keyboard is using ptb backend.
65.9695 	INFO 	keyboard.Keyboard is using ptb backend.
66.0639 	INFO 	keyboard.Keyboard is using ptb backend.
66.0640 	EXP 	pilot_study: status = STARTED
66.1168 	EXP 	Created welcome_message = TextStim(__class__=<class 'psychopy.visual.text.TextStim'>, alignHoriz=method-wrapper(...), alignText='center', alignVert=method-wrapper(...), anchorHoriz='center', anchorVert='center', antialias=True, autoDraw=False, autoLog=True, bold=False, color=array([1., 1., 1.]), colorSpace='rgb', contrast=1.0, depth=0.0, draggable=False, flipHoriz=False, flipVert=False, font='Arial', fontFiles=[], height=np.float64(0.05), italic=False, languageStyle='LTR', name='welcome_message', opacity=1, ori=0.0, pos=array([0., 0.]), rgb=UNKNOWN, text=str(...), units='height', win=Window(...), wrapWidth=1)
66.1357 	EXP 	Created M_query = ImageStim(__class__=<class 'psychopy.visual.image.ImageStim'>, anchor=('center', 'center'), autoLog=True, color=array([1., 1., 1.]), colorSpace='rgb', contrast=1.0, depth=0.0, draggable=False, flipHoriz=np.False_, flipVert=np.False_, image='default.png', interpolate=True, mask=None, maskParams=None, name='M_query', opacity=1, ori=0.0, pos=array([-0.5,  0. ]), size=array([1., 1.]), texRes=128.0, units='height', win=Window(...))
66.1390 	EXP 	Created M_img1 = ImageStim(__class__=<class 'psychopy.visual.image.ImageStim'>, anchor=('center', 'center'), autoLog=True, color=array([1., 1., 1.]), colorSpace='rgb', contrast=1.0, depth=-1.0, draggable=False, flipHoriz=np.False_, flipVert=np.False_, image='default.png', interpolate=True, mask=None, maskParams=None, name='M_img1', opacity=1, ori=0.0, pos=array([0.1 , 0.35]), size=array([1., 1.]), texRes=128.0, units='height', win=Window(...))
66.1424 	EXP 	Created M_img2 = ImageStim(__class__=<class 'psychopy.visual.image.ImageStim'>, anchor=('center', 'center'), autoLog=True, color=array([1., 1., 1.]), colorSpace='rgb', contrast=1.0, depth=-2.0, draggable=False, flipHoriz=np.False_, flipVert=np.False_, image='default.png', interpolate=True, mask=None, maskParams=None, name='M_img2', opacity=1, ori=0.0, pos=array([0.5 , 0.35]), size=array([1., 1.]), texRes=128.0, units='height', win=Window(...))
66.1457 	EXP 	Created M_img3 = ImageStim(__class__=<class 'psychopy.visual.image.ImageStim'>, anchor=('center', 'center'), autoLog=True, color=array([1., 1., 1.]), colorSpace='rgb', contrast=1.0, depth=-3.0, draggable=True, flipHoriz=np.False_, flipVert=np.False_, image='default.png', interpolate=True, mask=None, maskParams=None, name='M_img3', opacity=1, ori=0.0, pos=array([0.1, 0. ]), size=array([1., 1.]), texRes=128.0, units='height', win=Window(...))
66.1489 	EXP 	Created M_img4 = ImageStim(__class__=<class 'psychopy.visual.image.ImageStim'>, anchor=('center', 'center'), autoLog=True, color=array([1., 1., 1.]), colorSpace='rgb', contrast=1.0, depth=-4.0, draggable=False, flipHoriz=np.False_, flipVert=np.False_, image='default.png', interpolate=True, mask=None, maskParams=None, name='M_img4', opacity=1, ori=0.0, pos=array([0.5, 0. ]), size=array([1., 1.]), texRes=128.0, units='height', win=Window(...))
66.1520 	EXP 	Created M_img5 = ImageStim(__class__=<class 'psychopy.visual.image.ImageStim'>, anchor=('center', 'center'), autoLog=True, color=array([1., 1., 1.]), colorSpace='rgb', contrast=1.0, depth=-5.0, draggable=False, flipHoriz=np.False_, flipVert=np.False_, image='default.png', interpolate=True, mask=None, maskParams=None, name='M_img5', opacity=1, ori=0.0, pos=array([ 0.1 , -0.35]), size=array([1., 1.]), texRes=128.0, units='height', win=Window(...))
66.1550 	EXP 	Created M_img6 = ImageStim(__class__=<class 'psychopy.visual.image.ImageStim'>, anchor=('center', 'center'), autoLog=True, color=array([1., 1., 1.]), colorSpace='rgb', contrast=1.0, depth=-6.0, draggable=False, flipHoriz=np.False_, flipVert=np.False_, image='default.png', interpolate=True, mask=None, maskParams=None, name='M_img6', opacity=1, ori=0.0, pos=array([0., 0.]), size=array([1., 1.]), texRes=128.0, units='height', win=Window(...))
66.1558 	EXP 	Created text = TextStim(__class__=<class 'psychopy.visual.text.TextStim'>, alignHoriz=method-wrapper(...), alignText='center', alignVert=method-wrapper(...), anchorHoriz='center', anchorVert='center', antialias=True, autoDraw=False, autoLog=True, bold=False, color=array([1., 1., 1.]), colorSpace='rgb', contrast=1.0, depth=0.0, draggable=False, flipHoriz=False, flipVert=False, font='Arial', fontFiles=[], height=np.float64(0.05), italic=False, languageStyle='LTR', name='text', opacity=1, ori=0.0, pos=array([0., 0.]), rgb=UNKNOWN, text='', units='height', win=Window(...), wrapWidth=1)
66.1590 	EXP 	Created I_query = ImageStim(__class__=<class 'psychopy.visual.image.ImageStim'>, anchor=('center', 'center'), autoLog=True, color=array([1., 1., 1.]), colorSpace='rgb', contrast=1.0, depth=0.0, draggable=False, flipHoriz=np.False_, flipVert=np.False_, image='default.png', interpolate=True, mask=None, maskParams=None, name='I_query', opacity=1, ori=0.0, pos=array([-0.5,  0. ]), size=array([1., 1.]), texRes=128.0, units='height', win=Window(...))
66.1621 	EXP 	Created I_img1 = ImageStim(__class__=<class 'psychopy.visual.image.ImageStim'>, anchor=('center', 'center'), autoLog=True, color=array([1., 1., 1.]), colorSpace='rgb', contrast=1.0, depth=-1.0, draggable=False, flipHoriz=np.False_, flipVert=np.False_, image='default.png', interpolate=True, mask=None, maskParams=None, name='I_img1', opacity=1, ori=0.0, pos=array([0.1 , 0.35]), size=array([1., 1.]), texRes=128.0, units='height', win=Window(...))
66.1651 	EXP 	Created I_img2 = ImageStim(__class__=<class 'psychopy.visual.image.ImageStim'>, anchor=('center', 'center'), autoLog=True, color=array([1., 1., 1.]), colorSpace='rgb', contrast=1.0, depth=-2.0, draggable=False, flipHoriz=np.False_, flipVert=np.False_, image='default.png', interpolate=True, mask=None, maskParams=None, name='I_img2', opacity=1, ori=0.0, pos=array([0.5 , 0.35]), size=array([1., 1.]), texRes=128.0, units='height', win=Window(...))
66.1691 	EXP 	Created I_img3 = ImageStim(__class__=<class 'psychopy.visual.image.ImageStim'>, anchor=('center', 'center'), autoLog=True, color=array([1., 1., 1.]), colorSpace='rgb', contrast=1.0, depth=-3.0, draggable=True, flipHoriz=np.False_, flipVert=np.False_, image='default.png', interpolate=True, mask=None, maskParams=None, name='I_img3', opacity=1, ori=0.0, pos=array([0.1, 0. ]), size=array([1., 1.]), texRes=128.0, units='height', win=Window(...))
66.1727 	EXP 	Created I_img4 = ImageStim(__class__=<class 'psychopy.visual.image.ImageStim'>, anchor=('center', 'center'), autoLog=True, color=array([1., 1., 1.]), colorSpace='rgb', contrast=1.0, depth=-4.0, draggable=False, flipHoriz=np.False_, flipVert=np.False_, image='default.png', interpolate=True, mask=None, maskParams=None, name='I_img4', opacity=1, ori=0.0, pos=array([0.5, 0. ]), size=array([1., 1.]), texRes=128.0, units='height', win=Window(...))
66.1763 	EXP 	Created I_img5 = ImageStim(__class__=<class 'psychopy.visual.image.ImageStim'>, anchor=('center', 'center'), autoLog=True, color=array([1., 1., 1.]), colorSpace='rgb', contrast=1.0, depth=-5.0, draggable=False, flipHoriz=np.False_, flipVert=np.False_, image='default.png', interpolate=True, mask=None, maskParams=None, name='I_img5', opacity=1, ori=0.0, pos=array([ 0.1 , -0.35]), size=array([1., 1.]), texRes=128.0, units='height', win=Window(...))
66.1798 	EXP 	Created I_img6 = ImageStim(__class__=<class 'psychopy.visual.image.ImageStim'>, anchor=('center', 'center'), autoLog=True, color=array([1., 1., 1.]), colorSpace='rgb', contrast=1.0, depth=-6.0, draggable=False, flipHoriz=np.False_, flipVert=np.False_, image='default.png', interpolate=True, mask=None, maskParams=None, name='I_img6', opacity=1, ori=0.0, pos=array([0., 0.]), size=array([1., 1.]), texRes=128.0, units='height', win=Window(...))
66.1852 	EXP 	Created end_message = TextStim(__class__=<class 'psychopy.visual.text.TextStim'>, alignHoriz=method-wrapper(...), alignText='center', alignVert=method-wrapper(...), anchorHoriz='center', anchorVert='center', antialias=True, autoDraw=False, autoLog=True, bold=False, color=array([1., 1., 1.]), colorSpace='rgb', contrast=1.0, depth=0.0, draggable=False, flipHoriz=False, flipVert=False, font='Arial', fontFiles=[], height=np.float64(0.05), italic=False, languageStyle='LTR', name='end_message', opacity=1, ori=0.0, pos=array([0., 0.]), rgb=UNKNOWN, text=str(...), units='height', win=Window(...), wrapWidth=1)
0.0724 	EXP 	welcome_message: autoDraw = True
2.8459 	DATA 	Mouse: Left button down, pos=(794,542)
2.9619 	DATA 	Mouse:  Left button up, pos=(794,542)
3.7749 	EXP 	Device response: <KeyPress from None: t=3.5839526659983676, value=space, duration=None>
3.7752 	EXP 	Device response: <KeyPress from None: t=3.5839526659983676, value=space, duration=0.120008833007887>
3.7818 	EXP 	Imported resources/midLoop.csv as conditions, 5 conditions, 35 params
3.7821 	EXP 	New trial (rep=0, index=0): <Trial 0 (0 in rep 0) data={'img_query': 'resources/images/medium/med_Q3.jpg', 'img_query_w': np.int64(1024), 'img_query_h': np.int64(768), 'img_query_disp_w': np.float64(0.4), 'img_query_disp_h': np.float64(0.3), 'sam_1': 'resources/images/medium/med_S3_1.jpg', 'sam_1_w': np.int64(350), 'sam_1_h': np.int64(233), 'sam_1_disp_w': np.float64(0.35), 'sam_1_disp_h': np.float64(0.233), 'sam_2': 'resources/images/medium/med_S3_2.jpg', 'sam_2_w': np.int64(1024), 'sam_2_h': np.int64(768), 'sam_2_disp_w': np.float64(0.35), 'sam_2_disp_h': np.float64(0.2625), 'sam_3': 'resources/images/medium/med_S3_3.jpg', 'sam_3_w': np.int64(1024), 'sam_3_h': np.int64(768), 'sam_3_disp_w': np.float64(0.35), 'sam_3_disp_h': np.float64(0.2625), 'sam_4': 'resources/images/medium/med_S3_4.jpg', 'sam_4_w': np.int64(350), 'sam_4_h': np.int64(341), 'sam_4_disp_w': np.float64(0.35), 'sam_4_disp_h': np.float64(0.341), 'sam_5': 'resources/images/medium/med_S3_5.jpg', 'sam_5_w': np.int64(3264), 'sam_5_h': np.int64(1840), 'sam_5_disp_w': np.float64(0.35), 'sam_5_disp_h': np.float64(0.197303922), 'img_targ': 'resources/images/medium/med_T3.jpg', 'targ_w': np.int64(1024), 'targ_h': np.int64(768), 'targ_disp_w': np.float64(0.35), 'targ_disp_h': np.float64(0.2625), 'thisN': 0, 'thisTrialN': 0, 'thisRepN': 0}>
3.9271 	DATA 	Keypress: space
3.9318 	INFO 	Keyboard events cleared
3.9317 	EXP 	welcome_message: autoDraw = False
3.9317 	EXP 	M_query: image = 'resources/images/medium/med_Q3.jpg'
3.9317 	EXP 	M_img1: image = 'resources/images/medium/med_S3_1.jpg'
3.9317 	EXP 	M_img2: image = 'resources/images/medium/med_S3_2.jpg'
3.9317 	EXP 	M_img3: image = 'resources/images/medium/med_S3_3.jpg'
3.9317 	EXP 	M_img4: image = 'resources/images/medium/med_S3_4.jpg'
3.9317 	EXP 	M_img5: image = 'resources/images/medium/med_S3_5.jpg'
3.9317 	EXP 	M_img6: image = 'resources/images/medium/med_T3.jpg'
3.9317 	EXP 	M_query: autoDraw = True
3.9317 	EXP 	M_img1: autoDraw = True
3.9317 	EXP 	M_img2: autoDraw = True
3.9317 	EXP 	M_img3: autoDraw = True
3.9317 	EXP 	M_img4: autoDraw = True
3.9317 	EXP 	M_img5: autoDraw = True
3.9317 	EXP 	M_img6: autoDraw = True
7.6498 	EXP 	Device response: <KeyPress from None: t=7.64727704100369, value=space, duration=None>
7.6505 	EXP 	New trial (rep=0, index=1): <Trial 1 (1 in rep 0) data={'img_query': 'resources/images/medium/med_Q4.jpg', 'img_query_w': np.int64(768), 'img_query_h': np.int64(1024), 'img_query_disp_w': np.float64(0.3), 'img_query_disp_h': np.float64(0.4), 'sam_1': 'resources/images/medium/med_S4_1.jpg', 'sam_1_w': np.int64(768), 'sam_1_h': np.int64(1024), 'sam_1_disp_w': np.float64(0.2625), 'sam_1_disp_h': np.float64(0.35), 'sam_2': 'resources/images/medium/med_S4_2.jpg', 'sam_2_w': np.int64(350), 'sam_2_h': np.int64(233), 'sam_2_disp_w': np.float64(0.35), 'sam_2_disp_h': np.float64(0.233), 'sam_3': 'resources/images/medium/med_S4_3.jpg', 'sam_3_w': np.int64(350), 'sam_3_h': np.int64(197), 'sam_3_disp_w': np.float64(0.35), 'sam_3_disp_h': np.float64(0.197), 'sam_4': 'resources/images/medium/med_S4_4.jpg', 'sam_4_w': np.int64(768), 'sam_4_h': np.int64(1024), 'sam_4_disp_w': np.float64(0.2625), 'sam_4_disp_h': np.float64(0.35), 'sam_5': 'resources/images/medium/med_S4_5.jpg', 'sam_5_w': np.int64(768), 'sam_5_h': np.int64(1024), 'sam_5_disp_w': np.float64(0.2625), 'sam_5_disp_h': np.float64(0.35), 'img_targ': 'resources/images/medium/med_T4.jpg', 'targ_w': np.int64(768), 'targ_h': np.int64(1024), 'targ_disp_w': np.float64(0.2625), 'targ_disp_h': np.float64(0.35), 'thisN': 1, 'thisTrialN': 1, 'thisRepN': 0}>
7.7406 	DATA 	Keypress: space
7.7438 	INFO 	Keyboard events cleared
7.7437 	EXP 	M_query: autoDraw = False
7.7437 	EXP 	M_img1: autoDraw = False
7.7437 	EXP 	M_img2: autoDraw = False
7.7437 	EXP 	M_img3: autoDraw = False
7.7437 	EXP 	M_img4: autoDraw = False
7.7437 	EXP 	M_img5: autoDraw = False
7.7437 	EXP 	M_img6: autoDraw = False
7.7437 	EXP 	M_query: image = 'resources/images/medium/med_Q4.jpg'
7.7437 	EXP 	M_img1: image = 'resources/images/medium/med_S4_1.jpg'
7.7437 	EXP 	M_img2: image = 'resources/images/medium/med_S4_2.jpg'
7.7437 	EXP 	M_img3: image = 'resources/images/medium/med_S4_3.jpg'
7.7437 	EXP 	M_img4: image = 'resources/images/medium/med_S4_4.jpg'
7.7437 	EXP 	M_img5: image = 'resources/images/medium/med_S4_5.jpg'
7.7437 	EXP 	M_img6: image = 'resources/images/medium/med_T4.jpg'
7.7437 	EXP 	M_query: autoDraw = True
7.7437 	EXP 	M_img1: autoDraw = True
7.7437 	EXP 	M_img2: autoDraw = True
7.7437 	EXP 	M_img3: autoDraw = True
7.7437 	EXP 	M_img4: autoDraw = True
7.7437 	EXP 	M_img5: autoDraw = True
7.7437 	EXP 	M_img6: autoDraw = True
7.7493 	EXP 	Device response: <KeyPress from None: t=7.64727704100369, value=space, duration=0.09990462499263231>
8.8781 	EXP 	Device response: <KeyPress from None: t=8.8718575410021, value=space, duration=None>
8.8789 	EXP 	New trial (rep=0, index=2): <Trial 2 (2 in rep 0) data={'img_query': 'resources/images/medium/med_Q2.jpg', 'img_query_w': np.int64(1024), 'img_query_h': np.int64(768), 'img_query_disp_w': np.float64(0.4), 'img_query_disp_h': np.float64(0.3), 'sam_1': 'resources/images/medium/med_S2_1.jpg', 'sam_1_w': np.int64(768), 'sam_1_h': np.int64(1024), 'sam_1_disp_w': np.float64(0.2625), 'sam_1_disp_h': np.float64(0.35), 'sam_2': 'resources/images/medium/med_S2_2.jpg', 'sam_2_w': np.int64(350), 'sam_2_h': np.int64(233), 'sam_2_disp_w': np.float64(0.35), 'sam_2_disp_h': np.float64(0.233), 'sam_3': 'resources/images/medium/med_S2_3.jpg', 'sam_3_w': np.int64(1024), 'sam_3_h': np.int64(768), 'sam_3_disp_w': np.float64(0.35), 'sam_3_disp_h': np.float64(0.2625), 'sam_4': 'resources/images/medium/med_S2_4.jpg', 'sam_4_w': np.int64(350), 'sam_4_h': np.int64(234), 'sam_4_disp_w': np.float64(0.35), 'sam_4_disp_h': np.float64(0.234), 'sam_5': 'resources/images/medium/med_S2_5.jpg', 'sam_5_w': np.int64(1024), 'sam_5_h': np.int64(768), 'sam_5_disp_w': np.float64(0.35), 'sam_5_disp_h': np.float64(0.2625), 'img_targ': 'resources/images/medium/med_T2.jpg', 'targ_w': np.int64(4032), 'targ_h': np.int64(2268), 'targ_disp_w': np.float64(0.35), 'targ_disp_h': np.float64(0.196875), 'thisN': 2, 'thisTrialN': 2, 'thisRepN': 0}>
9.0468 	EXP 	Device response: <KeyPress from None: t=8.8718575410021, value=space, duration=0.11583262500062119>
9.0489 	DATA 	Keypress: space
9.0524 	INFO 	Keyboard events cleared
9.0523 	EXP 	M_query: autoDraw = False
9.0523 	EXP 	M_img1: autoDraw = False
9.0523 	EXP 	M_img2: autoDraw = False
9.0523 	EXP 	M_img3: autoDraw = False
9.0523 	EXP 	M_img4: autoDraw = False
9.0523 	EXP 	M_img5: autoDraw = False
9.0523 	EXP 	M_img6: autoDraw = False
9.0523 	EXP 	M_query: image = 'resources/images/medium/med_Q2.jpg'
9.0523 	EXP 	M_img1: image = 'resources/images/medium/med_S2_1.jpg'
9.0523 	EXP 	M_img2: image = 'resources/images/medium/med_S2_2.jpg'
9.0523 	EXP 	M_img3: image = 'resources/images/medium/med_S2_3.jpg'
9.0523 	EXP 	M_img4: image = 'resources/images/medium/med_S2_4.jpg'
9.0523 	EXP 	M_img5: image = 'resources/images/medium/med_S2_5.jpg'
9.0523 	EXP 	M_img6: image = 'resources/images/medium/med_T2.jpg'
9.0523 	EXP 	M_query: autoDraw = True
9.0523 	EXP 	M_img1: autoDraw = True
9.0523 	EXP 	M_img2: autoDraw = True
9.0523 	EXP 	M_img3: autoDraw = True
9.0523 	EXP 	M_img4: autoDraw = True
9.0523 	EXP 	M_img5: autoDraw = True
9.0523 	EXP 	M_img6: autoDraw = True
10.1162 	EXP 	Device response: <KeyPress from None: t=10.109875207999721, value=space, duration=None>
10.1167 	EXP 	New trial (rep=0, index=3): <Trial 3 (3 in rep 0) data={'img_query': 'resources/images/medium/med_Q5.jpg', 'img_query_w': np.int64(1024), 'img_query_h': np.int64(768), 'img_query_disp_w': np.float64(0.4), 'img_query_disp_h': np.float64(0.3), 'sam_1': 'resources/images/medium/med_S5_1.jpg', 'sam_1_w': np.int64(768), 'sam_1_h': np.int64(1024), 'sam_1_disp_w': np.float64(0.2625), 'sam_1_disp_h': np.float64(0.35), 'sam_2': 'resources/images/medium/med_S5_2.jpg', 'sam_2_w': np.int64(350), 'sam_2_h': np.int64(233), 'sam_2_disp_w': np.float64(0.35), 'sam_2_disp_h': np.float64(0.233), 'sam_3': 'resources/images/medium/med_S5_3.jpg', 'sam_3_w': np.int64(2592), 'sam_3_h': np.int64(4608), 'sam_3_disp_w': np.float64(0.196875), 'sam_3_disp_h': np.float64(0.35), 'sam_4': 'resources/images/medium/med_S5_4.jpg', 'sam_4_w': np.int64(350), 'sam_4_h': np.int64(208), 'sam_4_disp_w': np.float64(0.35), 'sam_4_disp_h': np.float64(0.208), 'sam_5': 'resources/images/medium/med_S5_5.jpg', 'sam_5_w': np.int64(350), 'sam_5_h': np.int64(233), 'sam_5_disp_w': np.float64(0.35), 'sam_5_disp_h': np.float64(0.233), 'img_targ': 'resources/images/medium/med_T5.jpg', 'targ_w': np.int64(768), 'targ_h': np.int64(1024), 'targ_disp_w': np.float64(0.2625), 'targ_disp_h': np.float64(0.35), 'thisN': 3, 'thisTrialN': 3, 'thisRepN': 0}>
10.3371 	EXP 	Device response: <KeyPress from None: t=10.109875207999721, value=space, duration=0.111974375002319>
10.3391 	DATA 	Keypress: space
10.3425 	INFO 	Keyboard events cleared
10.3425 	EXP 	M_query: autoDraw = False
10.3425 	EXP 	M_img1: autoDraw = False
10.3425 	EXP 	M_img2: autoDraw = False
10.3425 	EXP 	M_img3: autoDraw = False
10.3425 	EXP 	M_img4: autoDraw = False
10.3425 	EXP 	M_img5: autoDraw = False
10.3425 	EXP 	M_img6: autoDraw = False
10.3425 	EXP 	M_query: image = 'resources/images/medium/med_Q5.jpg'
10.3425 	EXP 	M_img1: image = 'resources/images/medium/med_S5_1.jpg'
10.3425 	EXP 	M_img2: image = 'resources/images/medium/med_S5_2.jpg'
10.3425 	EXP 	M_img3: image = 'resources/images/medium/med_S5_3.jpg'
10.3425 	EXP 	M_img4: image = 'resources/images/medium/med_S5_4.jpg'
10.3425 	EXP 	M_img5: image = 'resources/images/medium/med_S5_5.jpg'
10.3425 	EXP 	M_img6: image = 'resources/images/medium/med_T5.jpg'
10.3425 	EXP 	M_query: autoDraw = True
10.3425 	EXP 	M_img1: autoDraw = True
10.3425 	EXP 	M_img2: autoDraw = True
10.3425 	EXP 	M_img3: autoDraw = True
10.3425 	EXP 	M_img4: autoDraw = True
10.3425 	EXP 	M_img5: autoDraw = True
10.3425 	EXP 	M_img6: autoDraw = True
10.8610 	EXP 	Device response: <KeyPress from None: t=10.853672166005708, value=space, duration=None>
10.8616 	EXP 	New trial (rep=0, index=4): <Trial 4 (4 in rep 0) data={'img_query': 'resources/images/medium/med_Q1.jpg', 'img_query_w': np.int64(4032), 'img_query_h': np.int64(3024), 'img_query_disp_w': np.float64(0.4), 'img_query_disp_h': np.float64(0.3), 'sam_1': 'resources/images/medium/med_S1_1.jpg', 'sam_1_w': np.int64(768), 'sam_1_h': np.int64(1024), 'sam_1_disp_w': np.float64(0.2625), 'sam_1_disp_h': np.float64(0.35), 'sam_2': 'resources/images/medium/med_S1_2.jpg', 'sam_2_w': np.int64(4032), 'sam_2_h': np.int64(3024), 'sam_2_disp_w': np.float64(0.35), 'sam_2_disp_h': np.float64(0.2625), 'sam_3': 'resources/images/medium/med_S1_3.jpg', 'sam_3_w': np.int64(4160), 'sam_3_h': np.int64(2340), 'sam_3_disp_w': np.float64(0.35), 'sam_3_disp_h': np.float64(0.196875), 'sam_4': 'resources/images/medium/med_S1_4.jpg', 'sam_4_w': np.int64(1024), 'sam_4_h': np.int64(768), 'sam_4_disp_w': np.float64(0.35), 'sam_4_disp_h': np.float64(0.2625), 'sam_5': 'resources/images/medium/med_S1_5.jpg', 'sam_5_w': np.int64(1024), 'sam_5_h': np.int64(768), 'sam_5_disp_w': np.float64(0.35), 'sam_5_disp_h': np.float64(0.2625), 'img_targ': 'resources/images/medium/med_T1.jpg', 'targ_w': np.int64(1024), 'targ_h': np.int64(768), 'targ_disp_w': np.float64(0.35), 'targ_disp_h': np.float64(0.2625), 'thisN': 4, 'thisTrialN': 4, 'thisRepN': 0}>
11.3039 	EXP 	Device response: <KeyPress from None: t=10.853672166005708, value=space, duration=0.08807037500082515>
11.3059 	DATA 	Keypress: space
11.3098 	INFO 	Keyboard events cleared
11.3097 	EXP 	M_query: autoDraw = False
11.3097 	EXP 	M_img1: autoDraw = False
11.3097 	EXP 	M_img2: autoDraw = False
11.3097 	EXP 	M_img3: autoDraw = False
11.3097 	EXP 	M_img4: autoDraw = False
11.3097 	EXP 	M_img5: autoDraw = False
11.3097 	EXP 	M_img6: autoDraw = False
11.3097 	EXP 	M_query: image = 'resources/images/medium/med_Q1.jpg'
11.3097 	EXP 	M_img1: image = 'resources/images/medium/med_S1_1.jpg'
11.3097 	EXP 	M_img2: image = 'resources/images/medium/med_S1_2.jpg'
11.3097 	EXP 	M_img3: image = 'resources/images/medium/med_S1_3.jpg'
11.3097 	EXP 	M_img4: image = 'resources/images/medium/med_S1_4.jpg'
11.3097 	EXP 	M_img5: image = 'resources/images/medium/med_S1_5.jpg'
11.3097 	EXP 	M_img6: image = 'resources/images/medium/med_T1.jpg'
11.3097 	EXP 	M_query: autoDraw = True
11.3097 	EXP 	M_img1: autoDraw = True
11.3097 	EXP 	M_img2: autoDraw = True
11.3097 	EXP 	M_img3: autoDraw = True
11.3097 	EXP 	M_img4: autoDraw = True
11.3097 	EXP 	M_img5: autoDraw = True
11.3097 	EXP 	M_img6: autoDraw = True
11.9124 	EXP 	Device response: <KeyPress from None: t=11.907044457999291, value=space, duration=None>
11.9176 	DATA 	Keypress: space
11.9248 	EXP 	M_query: autoDraw = False
11.9248 	EXP 	M_img1: autoDraw = False
11.9248 	EXP 	M_img2: autoDraw = False
11.9248 	EXP 	M_img3: autoDraw = False
11.9248 	EXP 	M_img4: autoDraw = False
11.9248 	EXP 	M_img5: autoDraw = False
11.9248 	EXP 	M_img6: autoDraw = False
11.9248 	EXP 	text: autoDraw = True
11.9961 	EXP 	Device response: <KeyPress from None: t=11.907044457999291, value=space, duration=0.08783699999912642>
13.9248 	EXP 	Imported resources/impLoop.csv as conditions, 5 conditions, 35 params
13.9254 	EXP 	New trial (rep=0, index=0): <Trial 0 (0 in rep 0) data={'imp_query': 'resources/images/impossible/imp_Q5.jpg', 'imp_query_w': np.int64(1024), 'imp_query_h': np.int64(768), 'imp_query_disp_w': np.float64(0.4), 'imp_query_disp_h': np.float64(0.3), 'imp1': 'resources/images/impossible/imp_S5_1.jpg', 'imp1_w': np.int64(1024), 'imp1_h': np.int64(768), 'imp1_disp_w': np.float64(0.35), 'imp1_disp_h': np.float64(0.2625), 'imp2': 'resources/images/impossible/imp_S5_2.jpg', 'imp2_w': np.int64(764), 'imp2_h': np.int64(1024), 'imp2_disp_w': np.float64(0.261132813), 'imp2_disp_h': np.float64(0.35), 'imp3': 'resources/images/impossible/imp_S5_3.jpg', 'imp3_w': np.int64(350), 'imp3_h': np.int64(233), 'imp3_disp_w': np.float64(0.35), 'imp3_disp_h': np.float64(0.233), 'imp4': 'resources/images/impossible/imp_S5_4.jpg', 'imp4_w': np.int64(1024), 'imp4_h': np.int64(768), 'imp4_disp_w': np.float64(0.35), 'imp4_disp_h': np.float64(0.1875), 'imp5': 'resources/images/impossible/imp_S5_5.jpg', 'imp5_w': np.int64(350), 'imp5_h': np.int64(233), 'imp5_disp_w': np.float64(0.35), 'imp5_disp_h': np.float64(0.233), 'imp_targ': 'resources/images/impossible/imp_T5.jpg', 'imp_targ_w': np.int64(1024), 'imp_targ_h': np.int64(768), 'imp_targ_disp_w': np.float64(0.35), 'imp_targ_disp_h': np.float64(0.2625), 'thisN': 0, 'thisTrialN': 0, 'thisRepN': 0}>
13.9973 	INFO 	Keyboard events cleared
13.9973 	EXP 	text: autoDraw = False
13.9973 	EXP 	text: autoDraw = False
13.9973 	EXP 	I_query: image = 'resources/images/impossible/imp_Q5.jpg'
13.9973 	EXP 	I_img1: image = 'resources/images/impossible/imp_S5_1.jpg'
13.9973 	EXP 	I_img2: image = 'resources/images/impossible/imp_S5_2.jpg'
13.9973 	EXP 	I_img3: image = 'resources/images/impossible/imp_S5_3.jpg'
13.9973 	EXP 	I_img4: image = 'resources/images/impossible/imp_S5_4.jpg'
13.9973 	EXP 	I_img5: image = 'resources/images/impossible/imp_S5_5.jpg'
13.9973 	EXP 	I_img6: image = 'resources/images/impossible/imp_T5.jpg'
13.9973 	EXP 	I_query: autoDraw = True
13.9973 	EXP 	I_img1: autoDraw = True
13.9973 	EXP 	I_img2: autoDraw = True
13.9973 	EXP 	I_img3: autoDraw = True
13.9973 	EXP 	I_img4: autoDraw = True
13.9973 	EXP 	I_img5: autoDraw = True
13.9973 	EXP 	I_img6: autoDraw = True
17.7008 	EXP 	Device response: <KeyPress from None: t=17.695900040998822, value=space, duration=None>
17.7014 	EXP 	New trial (rep=0, index=1): <Trial 1 (1 in rep 0) data={'imp_query': 'resources/images/impossible/imp_Q2.jpg', 'imp_query_w': np.int64(3024), 'imp_query_h': np.int64(4032), 'imp_query_disp_w': np.float64(0.3), 'imp_query_disp_h': np.float64(0.4), 'imp1': 'resources/images/impossible/imp_S2_1.jpg', 'imp1_w': np.int64(350), 'imp1_h': np.int64(224), 'imp1_disp_w': np.float64(0.35), 'imp1_disp_h': np.float64(0.224), 'imp2': 'resources/images/impossible/imp_S2_2.JPEG', 'imp2_w': np.int64(3840), 'imp2_h': np.int64(2160), 'imp2_disp_w': np.float64(0.35), 'imp2_disp_h': np.float64(0.196875), 'imp3': 'resources/images/impossible/imp_S2_3.jpg', 'imp3_w': np.int64(768), 'imp3_h': np.int64(1024), 'imp3_disp_w': np.float64(0.2625), 'imp3_disp_h': np.float64(0.35), 'imp4': 'resources/images/impossible/imp_S2_4.jpg', 'imp4_w': np.int64(350), 'imp4_h': np.int64(233), 'imp4_disp_w': np.float64(0.35), 'imp4_disp_h': np.float64(0.166428571), 'imp5': 'resources/images/impossible/imp_S2_5.jpg', 'imp5_w': np.int64(768), 'imp5_h': np.int64(1024), 'imp5_disp_w': np.float64(0.2625), 'imp5_disp_h': np.float64(0.35), 'imp_targ': 'resources/images/impossible/imp_T2.jpg', 'imp_targ_w': np.int64(4032), 'imp_targ_h': np.int64(3024), 'imp_targ_disp_w': np.float64(0.35), 'imp_targ_disp_h': np.float64(0.2625), 'thisN': 1, 'thisTrialN': 1, 'thisRepN': 0}>
18.0906 	EXP 	Device response: <KeyPress from None: t=17.695900040998822, value=space, duration=0.06709437500103377>
18.0927 	DATA 	Keypress: space
18.0965 	INFO 	Keyboard events cleared
18.0964 	EXP 	I_query: autoDraw = False
18.0964 	EXP 	I_img1: autoDraw = False
18.0964 	EXP 	I_img2: autoDraw = False
18.0964 	EXP 	I_img3: autoDraw = False
18.0964 	EXP 	I_img4: autoDraw = False
18.0964 	EXP 	I_img5: autoDraw = False
18.0964 	EXP 	I_img6: autoDraw = False
18.0964 	EXP 	I_query: image = 'resources/images/impossible/imp_Q2.jpg'
18.0964 	EXP 	I_img1: image = 'resources/images/impossible/imp_S2_1.jpg'
18.0964 	EXP 	I_img2: image = 'resources/images/impossible/imp_S2_2.JPEG'
18.0964 	EXP 	I_img3: image = 'resources/images/impossible/imp_S2_3.jpg'
18.0964 	EXP 	I_img4: image = 'resources/images/impossible/imp_S2_4.jpg'
18.0964 	EXP 	I_img5: image = 'resources/images/impossible/imp_S2_5.jpg'
18.0964 	EXP 	I_img6: image = 'resources/images/impossible/imp_T2.jpg'
18.0964 	EXP 	I_query: autoDraw = True
18.0964 	EXP 	I_img1: autoDraw = True
18.0964 	EXP 	I_img2: autoDraw = True
18.0964 	EXP 	I_img3: autoDraw = True
18.0964 	EXP 	I_img4: autoDraw = True
18.0964 	EXP 	I_img5: autoDraw = True
18.0964 	EXP 	I_img6: autoDraw = True
22.2470 	EXP 	Device response: <KeyPress from None: t=22.241347957999096, value=space, duration=None>
22.2474 	EXP 	New trial (rep=0, index=2): <Trial 2 (2 in rep 0) data={'imp_query': 'resources/images/impossible/imp_Q3.jpg', 'imp_query_w': np.int64(3840), 'imp_query_h': np.int64(2160), 'imp_query_disp_w': np.float64(0.4), 'imp_query_disp_h': np.float64(0.225), 'imp1': 'resources/images/impossible/imp_S3_1.JPEG', 'imp1_w': np.int64(1920), 'imp1_h': np.int64(1080), 'imp1_disp_w': np.float64(0.35), 'imp1_disp_h': np.float64(0.196875), 'imp2': 'resources/images/impossible/imp_S3_2.jpg', 'imp2_w': np.int64(5344), 'imp2_h': np.int64(3006), 'imp2_disp_w': np.float64(0.35), 'imp2_disp_h': np.float64(0.196875), 'imp3': 'resources/images/impossible/imp_S3_3.JPEG', 'imp3_w': np.int64(3840), 'imp3_h': np.int64(2160), 'imp3_disp_w': np.float64(0.35), 'imp3_disp_h': np.float64(0.196875), 'imp4': 'resources/images/impossible/imp_S3_4.JPEG', 'imp4_w': np.int64(3840), 'imp4_h': np.int64(2160), 'imp4_disp_w': np.float64(0.35), 'imp4_disp_h': np.float64(0.140625), 'imp5': 'resources/images/impossible/imp_S3_5.JPEG', 'imp5_w': np.int64(3840), 'imp5_h': np.int64(2160), 'imp5_disp_w': np.float64(0.35), 'imp5_disp_h': np.float64(0.196875), 'imp_targ': 'resources/images/impossible/imp_T3.jpg', 'imp_targ_w': np.int64(2160), 'imp_targ_h': np.int64(3840), 'imp_targ_disp_w': np.float64(0.196875), 'imp_targ_disp_h': np.float64(0.35), 'thisN': 2, 'thisTrialN': 2, 'thisRepN': 0}>
22.8999 	EXP 	Device response: <KeyPress from None: t=22.241347957999096, value=space, duration=0.07116741599747911>
22.9019 	DATA 	Keypress: space
22.9061 	INFO 	Keyboard events cleared
22.9060 	EXP 	I_query: autoDraw = False
22.9060 	EXP 	I_img1: autoDraw = False
22.9060 	EXP 	I_img2: autoDraw = False
22.9060 	EXP 	I_img3: autoDraw = False
22.9060 	EXP 	I_img4: autoDraw = False
22.9060 	EXP 	I_img5: autoDraw = False
22.9060 	EXP 	I_img6: autoDraw = False
22.9060 	EXP 	I_query: image = 'resources/images/impossible/imp_Q3.jpg'
22.9060 	EXP 	I_img1: image = 'resources/images/impossible/imp_S3_1.JPEG'
22.9060 	EXP 	I_img2: image = 'resources/images/impossible/imp_S3_2.jpg'
22.9060 	EXP 	I_img3: image = 'resources/images/impossible/imp_S3_3.JPEG'
22.9060 	EXP 	I_img4: image = 'resources/images/impossible/imp_S3_4.JPEG'
22.9060 	EXP 	I_img5: image = 'resources/images/impossible/imp_S3_5.JPEG'
22.9060 	EXP 	I_img6: image = 'resources/images/impossible/imp_T3.jpg'
22.9060 	EXP 	I_query: autoDraw = True
22.9060 	EXP 	I_img1: autoDraw = True
22.9060 	EXP 	I_img2: autoDraw = True
22.9060 	EXP 	I_img3: autoDraw = True
22.9060 	EXP 	I_img4: autoDraw = True
22.9060 	EXP 	I_img5: autoDraw = True
22.9060 	EXP 	I_img6: autoDraw = True
35.2967 	EXP 	Device response: <KeyPress from None: t=35.28994058299577, value=space, duration=None>
35.2971 	EXP 	New trial (rep=0, index=3): <Trial 3 (3 in rep 0) data={'imp_query': 'resources/images/impossible/imp_Q1.jpg', 'imp_query_w': np.int64(2160), 'imp_query_h': np.int64(2160), 'imp_query_disp_w': np.float64(0.4), 'imp_query_disp_h': np.float64(0.4), 'imp1': 'resources/images/impossible/imp_S1_1.jpg', 'imp1_w': np.int64(768), 'imp1_h': np.int64(1024), 'imp1_disp_w': np.float64(0.2625), 'imp1_disp_h': np.float64(0.35), 'imp2': 'resources/images/impossible/imp_S1_2.jpg', 'imp2_w': np.int64(768), 'imp2_h': np.int64(1024), 'imp2_disp_w': np.float64(0.2625), 'imp2_disp_h': np.float64(0.35), 'imp3': 'resources/images/impossible/imp_S1_3.jpg', 'imp3_w': np.int64(1024), 'imp3_h': np.int64(768), 'imp3_disp_w': np.float64(0.35), 'imp3_disp_h': np.float64(0.2625), 'imp4': 'resources/images/impossible/imp_S1_4.JPEG', 'imp4_w': np.int64(3840), 'imp4_h': np.int64(2160), 'imp4_disp_w': np.float64(0.35), 'imp4_disp_h': np.float64(0.140625), 'imp5': 'resources/images/impossible/imp_S1_5.jpg', 'imp5_w': np.int64(768), 'imp5_h': np.int64(1024), 'imp5_disp_w': np.float64(0.2625), 'imp5_disp_h': np.float64(0.35), 'imp_targ': 'resources/images/impossible/imp_T1.jpg', 'imp_targ_w': np.int64(2160), 'imp_targ_h': np.int64(2160), 'imp_targ_disp_w': np.float64(0.35), 'imp_targ_disp_h': np.float64(0.35), 'thisN': 3, 'thisTrialN': 3, 'thisRepN': 0}>
35.5533 	EXP 	Device response: <KeyPress from None: t=35.28994058299577, value=space, duration=0.06392058300843928>
35.5552 	DATA 	Keypress: space
35.5586 	INFO 	Keyboard events cleared
35.5585 	EXP 	I_query: autoDraw = False
35.5585 	EXP 	I_img1: autoDraw = False
35.5585 	EXP 	I_img2: autoDraw = False
35.5585 	EXP 	I_img3: autoDraw = False
35.5585 	EXP 	I_img4: autoDraw = False
35.5585 	EXP 	I_img5: autoDraw = False
35.5585 	EXP 	I_img6: autoDraw = False
35.5585 	EXP 	I_query: image = 'resources/images/impossible/imp_Q1.jpg'
35.5585 	EXP 	I_img1: image = 'resources/images/impossible/imp_S1_1.jpg'
35.5585 	EXP 	I_img2: image = 'resources/images/impossible/imp_S1_2.jpg'
35.5585 	EXP 	I_img3: image = 'resources/images/impossible/imp_S1_3.jpg'
35.5585 	EXP 	I_img4: image = 'resources/images/impossible/imp_S1_4.JPEG'
35.5585 	EXP 	I_img5: image = 'resources/images/impossible/imp_S1_5.jpg'
35.5585 	EXP 	I_img6: image = 'resources/images/impossible/imp_T1.jpg'
35.5585 	EXP 	I_query: autoDraw = True
35.5585 	EXP 	I_img1: autoDraw = True
35.5585 	EXP 	I_img2: autoDraw = True
35.5585 	EXP 	I_img3: autoDraw = True
35.5585 	EXP 	I_img4: autoDraw = True
35.5585 	EXP 	I_img5: autoDraw = True
35.5585 	EXP 	I_img6: autoDraw = True
40.6129 	EXP 	Device response: <KeyPress from None: t=40.611213665994, value=space, duration=None>
40.6135 	EXP 	New trial (rep=0, index=4): <Trial 4 (4 in rep 0) data={'imp_query': 'resources/images/impossible/imp_Q4.jpg', 'imp_query_w': np.int64(4032), 'imp_query_h': np.int64(3024), 'imp_query_disp_w': np.float64(0.4), 'imp_query_disp_h': np.float64(0.3), 'imp1': 'resources/images/impossible/imp_S4_1.jpg', 'imp1_w': np.int64(1024), 'imp1_h': np.int64(768), 'imp1_disp_w': np.float64(0.35), 'imp1_disp_h': np.float64(0.2625), 'imp2': 'resources/images/impossible/imp_S4_2.jpg', 'imp2_w': np.int64(768), 'imp2_h': np.int64(1024), 'imp2_disp_w': np.float64(0.2625), 'imp2_disp_h': np.float64(0.35), 'imp3': 'resources/images/impossible/imp_S4_3.jpg', 'imp3_w': np.int64(1024), 'imp3_h': np.int64(768), 'imp3_disp_w': np.float64(0.35), 'imp3_disp_h': np.float64(0.2625), 'imp4': 'resources/images/impossible/imp_S4_4.jpg', 'imp4_w': np.int64(1024), 'imp4_h': np.int64(768), 'imp4_disp_w': np.float64(0.35), 'imp4_disp_h': np.float64(0.1875), 'imp5': 'resources/images/impossible/imp_S4_5.jpg', 'imp5_w': np.int64(3024), 'imp5_h': np.int64(4032), 'imp5_disp_w': np.float64(0.2625), 'imp5_disp_h': np.float64(0.35), 'imp_targ': 'resources/images/impossible/imp_T4.jpg', 'imp_targ_w': np.int64(4032), 'imp_targ_h': np.int64(3024), 'imp_targ_disp_w': np.float64(0.35), 'imp_targ_disp_h': np.float64(0.2625), 'thisN': 4, 'thisTrialN': 4, 'thisRepN': 0}>
41.0208 	EXP 	Device response: <KeyPress from None: t=40.611213665994, value=space, duration=0.07916629200917669>
41.0228 	DATA 	Keypress: space
41.0268 	INFO 	Keyboard events cleared
41.0267 	EXP 	I_query: autoDraw = False
41.0267 	EXP 	I_img1: autoDraw = False
41.0267 	EXP 	I_img2: autoDraw = False
41.0267 	EXP 	I_img3: autoDraw = False
41.0267 	EXP 	I_img4: autoDraw = False
41.0267 	EXP 	I_img5: autoDraw = False
41.0267 	EXP 	I_img6: autoDraw = False
41.0267 	EXP 	I_query: image = 'resources/images/impossible/imp_Q4.jpg'
41.0267 	EXP 	I_img1: image = 'resources/images/impossible/imp_S4_1.jpg'
41.0267 	EXP 	I_img2: image = 'resources/images/impossible/imp_S4_2.jpg'
41.0267 	EXP 	I_img3: image = 'resources/images/impossible/imp_S4_3.jpg'
41.0267 	EXP 	I_img4: image = 'resources/images/impossible/imp_S4_4.jpg'
41.0267 	EXP 	I_img5: image = 'resources/images/impossible/imp_S4_5.jpg'
41.0267 	EXP 	I_img6: image = 'resources/images/impossible/imp_T4.jpg'
41.0267 	EXP 	I_query: autoDraw = True
41.0267 	EXP 	I_img1: autoDraw = True
41.0267 	EXP 	I_img2: autoDraw = True
41.0267 	EXP 	I_img3: autoDraw = True
41.0267 	EXP 	I_img4: autoDraw = True
41.0267 	EXP 	I_img5: autoDraw = True
41.0267 	EXP 	I_img6: autoDraw = True
41.6482 	EXP 	Device response: <KeyPress from None: t=41.63867574899632, value=space, duration=None>
41.6536 	DATA 	Keypress: space
41.6604 	EXP 	I_query: autoDraw = False
41.6604 	EXP 	I_img1: autoDraw = False
41.6604 	EXP 	I_img2: autoDraw = False
41.6604 	EXP 	I_img3: autoDraw = False
41.6604 	EXP 	I_img4: autoDraw = False
41.6604 	EXP 	I_img5: autoDraw = False
41.6604 	EXP 	I_img6: autoDraw = False
41.6604 	EXP 	end_message: autoDraw = True
41.7500 	EXP 	Device response: <KeyPress from None: t=41.63867574899632, value=space, duration=0.10802333400351927>
43.4475 	EXP 	Device response: <KeyPress from None: t=43.438980165999965, value=escape, duration=None>
43.4858 	DATA 	Keypress: escape
43.5268 	EXP 	Device response: <KeyPress from None: t=43.438980165999965, value=escape, duration=0.07586308299505617>
43.5268 	EXP 	pilot_study: status = STOPPED
43.5291 	EXP 	end_message: autoDraw = False
43.5291 	EXP 	pilot_study: status = STOPPED
43.5344 	INFO 	saved data to '/Users/marcogiven/Desktop/projects/S25_SURE/colorStudyPilot/data/_pilot_study_2025-06-27_12h12.14.806.csv'
43.5356 	INFO 	saved data to /Users/marcogiven/Desktop/projects/S25_SURE/colorStudyPilot/data/_pilot_study_2025-06-27_12h12.14.806.psydat
43.6649 	WARNING 	Stopping key buffers but this could be dangerous ifother keyboards rely on the same.
43.6650 	WARNING 	Stopping key buffers but this could be dangerous ifother keyboards rely on the same.
43.6650 	WARNING 	Stopping key buffers but this could be dangerous ifother keyboards rely on the same.
43.6650 	WARNING 	Stopping key buffers but this could be dangerous ifother keyboards rely on the same.
