17.4922 	WARNING 	Font Manager failed to load file /System/Library/PrivateFrameworks/FontServices.framework/Resources/Reserved/PingFangUI.ttc
17.7077 	WARNING 	Font Manager failed to load file /System/Library/PrivateFrameworks/FontServices.framework/Resources/Reserved/PingFangUI.ttc
19.2828 	INFO 	Loaded monitor calibration from ['2025_06_12 14:42']
19.4333 	INFO 	Using renderer 'Apple M1 Pro' for graphics
19.4333 	INFO 	OpenGL version supported by driver is 2..
19.4657 	EXP 	Created window1 = Window(allowGUI=True, allowStencil=False, autoLog=True, backendConf=UNKNOWN, backgroundFit=<method-wrapper '__getattribute__' of attributeSetter object at 0x15a5f1c00>, backgroundImage=<method-wrapper '__getattribute__' of attributeSetter object at 0x15a5f1c60>, bitsMode=UNKNOWN, blendMode='avg', bpc=(8, 8, 8), color=array([0, 0, 0]), colorSpace='rgb', depthBits=8, fullscr=False, gamma=None, gammaErrorPolicy='raise', infoMsg=UNKNOWN, lms=UNKNOWN, monitor=<psychopy.monitors.calibTools.Monitor object at 0x15a67cf10>, multiSample=False, name='window1', numSamples=2, pos=[np.float64(260.0), np.float64(224.5)], screen=0, size=array([2560, 1440]), stencilBits=0, stereo=False, title='PsychoPy', units='height', useFBO=True, useRetina=True, viewOri=0.0, viewPos=None, viewScale=None, waitBlanking=True, winType='pyglet')
19.4657 	EXP 	window1: backgroundImage = ''
19.4657 	EXP 	window1: backgroundFit = 'none'
20.0336 	INFO 	keyboard.Keyboard is using ptb backend.
20.2052 	INFO 	keyboard.Keyboard is using ptb backend.
20.2929 	INFO 	keyboard.Keyboard is using ptb backend.
20.2929 	EXP 	pilot_study: status = STARTED
20.3411 	EXP 	Created welcome_message = TextStim(__class__=<class 'psychopy.visual.text.TextStim'>, alignHoriz=method-wrapper(...), alignText='center', alignVert=method-wrapper(...), anchorHoriz='center', anchorVert='center', antialias=True, autoDraw=False, autoLog=True, bold=False, color=array([1., 1., 1.]), colorSpace='rgb', contrast=1.0, depth=0.0, draggable=False, flipHoriz=False, flipVert=False, font='Arial', fontFiles=[], height=np.float64(0.05), italic=False, languageStyle='LTR', name='welcome_message', opacity=1, ori=0.0, pos=array([0., 0.]), rgb=UNKNOWN, text=str(...), units='height', win=Window(...), wrapWidth=1)
20.3596 	EXP 	Created M_query = ImageStim(__class__=<class 'psychopy.visual.image.ImageStim'>, anchor=('center', 'center'), autoLog=True, color=array([1., 1., 1.]), colorSpace='rgb', contrast=1.0, depth=0.0, draggable=False, flipHoriz=np.False_, flipVert=np.False_, image='default.png', interpolate=True, mask=None, maskParams=None, name='M_query', opacity=1, ori=0.0, pos=array([0. , 0.3]), size=array([1., 1.]), texRes=128.0, units='height', win=Window(...))
20.3629 	EXP 	Created M_top_left = ImageStim(__class__=<class 'psychopy.visual.image.ImageStim'>, anchor=('center', 'center'), autoLog=True, color=array([1., 1., 1.]), colorSpace='rgb', contrast=1.0, depth=-1.0, draggable=False, flipHoriz=np.False_, flipVert=np.False_, image='default.png', interpolate=True, mask=None, maskParams=None, name='M_top_left', opacity=1, ori=0.0, pos=array([0., 0.]), size=array([1., 1.]), texRes=128.0, units='height', win=Window(...))
20.3661 	EXP 	Created M_top_mid = ImageStim(__class__=<class 'psychopy.visual.image.ImageStim'>, anchor=('center', 'center'), autoLog=True, color=array([1., 1., 1.]), colorSpace='rgb', contrast=1.0, depth=-2.0, draggable=False, flipHoriz=np.False_, flipVert=np.False_, image='default.png', interpolate=True, mask=None, maskParams=None, name='M_top_mid', opacity=1, ori=0.0, pos=array([0., 0.]), size=array([1., 1.]), texRes=128.0, units='height', win=Window(...))
20.3693 	EXP 	Created M_top_right = ImageStim(__class__=<class 'psychopy.visual.image.ImageStim'>, anchor=('center', 'center'), autoLog=True, color=array([1., 1., 1.]), colorSpace='rgb', contrast=1.0, depth=-3.0, draggable=True, flipHoriz=np.False_, flipVert=np.False_, image='default.png', interpolate=True, mask=None, maskParams=None, name='M_top_right', opacity=1, ori=0.0, pos=array([0., 0.]), size=array([1., 1.]), texRes=128.0, units='height', win=Window(...))
20.3724 	EXP 	Created M_bot_left = ImageStim(__class__=<class 'psychopy.visual.image.ImageStim'>, anchor=('center', 'center'), autoLog=True, color=array([1., 1., 1.]), colorSpace='rgb', contrast=1.0, depth=-4.0, draggable=False, flipHoriz=np.False_, flipVert=np.False_, image='default.png', interpolate=True, mask=None, maskParams=None, name='M_bot_left', opacity=1, ori=0.0, pos=array([0., 0.]), size=array([1., 1.]), texRes=128.0, units='height', win=Window(...))
20.3755 	EXP 	Created M_bot_mid = ImageStim(__class__=<class 'psychopy.visual.image.ImageStim'>, anchor=('center', 'center'), autoLog=True, color=array([1., 1., 1.]), colorSpace='rgb', contrast=1.0, depth=-5.0, draggable=False, flipHoriz=np.False_, flipVert=np.False_, image='default.png', interpolate=True, mask=None, maskParams=None, name='M_bot_mid', opacity=1, ori=0.0, pos=array([0., 0.]), size=array([1., 1.]), texRes=128.0, units='height', win=Window(...))
20.3786 	EXP 	Created M_bot_right = ImageStim(__class__=<class 'psychopy.visual.image.ImageStim'>, anchor=('center', 'center'), autoLog=True, color=array([1., 1., 1.]), colorSpace='rgb', contrast=1.0, depth=-6.0, draggable=False, flipHoriz=np.False_, flipVert=np.False_, image='default.png', interpolate=True, mask=None, maskParams=None, name='M_bot_right', opacity=1, ori=0.0, pos=array([0., 0.]), size=array([1., 1.]), texRes=128.0, units='height', win=Window(...))
20.3829 	EXP 	Created end_message = TextStim(__class__=<class 'psychopy.visual.text.TextStim'>, alignHoriz=method-wrapper(...), alignText='center', alignVert=method-wrapper(...), anchorHoriz='center', anchorVert='center', antialias=True, autoDraw=False, autoLog=True, bold=False, color=array([1., 1., 1.]), colorSpace='rgb', contrast=1.0, depth=0.0, draggable=False, flipHoriz=False, flipVert=False, font='Arial', fontFiles=[], height=np.float64(0.05), italic=False, languageStyle='LTR', name='end_message', opacity=1, ori=0.0, pos=array([0., 0.]), rgb=UNKNOWN, text=str(...), units='height', win=Window(...), wrapWidth=1)
0.0542 	EXP 	welcome_message: autoDraw = True
6.9890 	DATA 	Mouse: Left button down, pos=(837,226)
7.0714 	DATA 	Mouse:  Left button up, pos=(837,226)
7.4984 	EXP 	Device response: <KeyPress from None: t=7.330957958001818, value=space, duration=None>
7.5045 	DATA 	Keypress: space
7.5089 	EXP 	Device response: <KeyPress from None: t=7.330957958001818, value=space, duration=0.06396179199509788>
8.5636 	DATA 	Mouse: Left button down, pos=(784,299)
8.6734 	DATA 	Mouse:  Left button up, pos=(784,299)
8.9326 	EXP 	Device response: <KeyPress from None: t=8.930215915999725, value=space, duration=None>
8.9491 	EXP 	Imported resources/midLoop.csv as conditions, 5 conditions, 40 params
8.9499 	EXP 	New trial (rep=0, index=0): <Trial 0 (0 in rep 0) data={'img_query': 'resources/images/medium/med_Q2.jpg', 'img_query_w': np.int64(1024), 'img_query_h': np.int64(768), 'img_query_disp_w': np.float64(0.25), 'img_query_disp_h': np.float64(0.1875), 'sam_1': 'resources/images/medium/med_S1_2.jpg', 'sam_1_w': np.int64(4032), 'sam_1_h': np.int64(3024), 'sam_1_disp_w': np.float64(0.25), 'sam_1_disp_h': np.float64(0.1875), 'sam_2': 'resources/images/medium/med_S2_2.jpg', 'sam_2_w': np.int64(250), 'sam_2_h': np.int64(233), 'sam_2_disp_w': np.float64(0.25), 'sam_2_disp_h': np.float64(0.233), 'sam_3': 'resources/images/medium/med_S3_2.jpg', 'sam_3_w': np.int64(1024), 'sam_3_h': np.int64(768), 'sam_3_disp_w': np.float64(0.25), 'sam_3_disp_h': np.float64(0.1875), 'sam_4': 'resources/images/medium/med_S4_2.jpg', 'sam_4_w': np.int64(350), 'sam_4_h': np.int64(233), 'sam_4_disp_w': np.float64(0.25), 'sam_4_disp_h': np.float64(0.166428571), 'sam_5': 'resources/images/medium/med_S5_2.jpg', 'sam_5_w': np.int64(350), 'sam_5_h': np.int64(233), 'sam_5_disp_w': np.float64(0.25), 'sam_5_disp_h': np.float64(0.166428571), 'img_targ': 'resources/images/medium/med_T2.jpg', 'targ_w': np.int64(4032), 'targ_h': np.int64(2268), 'targ_disp_w': np.float64(0.25), 'targ_disp_h': np.float64(0.140625), 'x_1': np.float64(0.0), 'x_2': np.float64(-0.55), 'x_3': np.float64(0.55), 'y_1': np.float64(-0.35), 'y_2': np.float64(0.0), 'thisN': 0, 'thisTrialN': 0, 'thisRepN': 0}>
9.2824 	EXP 	Device response: <KeyPress from None: t=8.930215915999725, value=space, duration=0.04380187499918975>
9.2900 	DATA 	Keypress: space
9.2941 	INFO 	Keyboard events cleared
9.2940 	EXP 	welcome_message: autoDraw = False
9.2940 	EXP 	M_query: image = 'resources/images/medium/med_Q2.jpg'
9.2940 	EXP 	M_top_left: image = 'resources/images/medium/med_S1_2.jpg'
9.2940 	EXP 	M_top_mid: image = 'resources/images/medium/med_S2_2.jpg'
9.2940 	EXP 	M_top_right: image = 'resources/images/medium/med_S3_2.jpg'
9.2940 	EXP 	M_bot_left: image = 'resources/images/medium/med_S4_2.jpg'
9.2940 	EXP 	M_bot_mid: image = 'resources/images/medium/med_S5_2.jpg'
9.2940 	EXP 	M_bot_right: image = 'resources/images/medium/med_T2.jpg'
9.2940 	EXP 	M_query: autoDraw = True
9.2940 	EXP 	M_top_left: autoDraw = True
9.2940 	EXP 	M_top_mid: autoDraw = True
9.2940 	EXP 	M_top_right: autoDraw = True
9.2940 	EXP 	M_bot_left: autoDraw = True
9.2940 	EXP 	M_bot_mid: autoDraw = True
9.2940 	EXP 	M_bot_right: autoDraw = True
10.8961 	EXP 	Device response: <KeyPress from None: t=10.892801125002734, value=space, duration=None>
10.8973 	EXP 	New trial (rep=0, index=1): <Trial 1 (1 in rep 0) data={'img_query': 'resources/images/medium/med_Q5.jpg', 'img_query_w': np.int64(1024), 'img_query_h': np.int64(768), 'img_query_disp_w': np.float64(0.25), 'img_query_disp_h': np.float64(0.1875), 'sam_1': 'resources/images/medium/med_S1_5.jpg', 'sam_1_w': np.int64(1024), 'sam_1_h': np.int64(768), 'sam_1_disp_w': np.float64(0.25), 'sam_1_disp_h': np.float64(0.1875), 'sam_2': 'resources/images/medium/med_S2_5.jpg', 'sam_2_w': np.int64(1024), 'sam_2_h': np.int64(768), 'sam_2_disp_w': np.float64(0.25), 'sam_2_disp_h': np.float64(0.1875), 'sam_3': 'resources/images/medium/med_S3_5.jpg', 'sam_3_w': np.int64(3264), 'sam_3_h': np.int64(1840), 'sam_3_disp_w': np.float64(0.25), 'sam_3_disp_h': np.float64(0.140931373), 'sam_4': 'resources/images/medium/med_S4_5.jpg', 'sam_4_w': np.int64(768), 'sam_4_h': np.int64(1024), 'sam_4_disp_w': np.float64(0.1875), 'sam_4_disp_h': np.float64(0.25), 'sam_5': 'resources/images/medium/med_S5_5.jpg', 'sam_5_w': np.int64(350), 'sam_5_h': np.int64(233), 'sam_5_disp_w': np.float64(0.25), 'sam_5_disp_h': np.float64(0.166428571), 'img_targ': 'resources/images/medium/med_T5.jpg', 'targ_w': np.int64(768), 'targ_h': np.int64(1024), 'targ_disp_w': np.float64(0.1875), 'targ_disp_h': np.float64(0.25), 'x_1': np.float64(0.0), 'x_2': np.float64(0.55), 'x_3': np.float64(-0.55), 'y_1': np.float64(0.0), 'y_2': np.float64(-0.35), 'thisN': 1, 'thisTrialN': 1, 'thisRepN': 0}>
11.0571 	EXP 	Device response: <KeyPress from None: t=10.892801125002734, value=space, duration=0.047781624998606276>
11.0610 	DATA 	Keypress: space
11.0643 	INFO 	Keyboard events cleared
11.0642 	EXP 	M_query: autoDraw = False
11.0642 	EXP 	M_top_left: autoDraw = False
11.0642 	EXP 	M_top_mid: autoDraw = False
11.0642 	EXP 	M_top_right: autoDraw = False
11.0642 	EXP 	M_bot_left: autoDraw = False
11.0642 	EXP 	M_bot_mid: autoDraw = False
11.0642 	EXP 	M_bot_right: autoDraw = False
11.0642 	EXP 	M_query: image = 'resources/images/medium/med_Q5.jpg'
11.0642 	EXP 	M_top_left: image = 'resources/images/medium/med_S1_5.jpg'
11.0642 	EXP 	M_top_mid: image = 'resources/images/medium/med_S2_5.jpg'
11.0642 	EXP 	M_top_right: image = 'resources/images/medium/med_S3_5.jpg'
11.0642 	EXP 	M_bot_left: image = 'resources/images/medium/med_S4_5.jpg'
11.0642 	EXP 	M_bot_mid: image = 'resources/images/medium/med_S5_5.jpg'
11.0642 	EXP 	M_bot_right: image = 'resources/images/medium/med_T5.jpg'
11.0642 	EXP 	M_query: autoDraw = True
11.0642 	EXP 	M_top_left: autoDraw = True
11.0642 	EXP 	M_top_mid: autoDraw = True
11.0642 	EXP 	M_top_right: autoDraw = True
11.0642 	EXP 	M_bot_left: autoDraw = True
11.0642 	EXP 	M_bot_mid: autoDraw = True
11.0642 	EXP 	M_bot_right: autoDraw = True
12.1081 	EXP 	Device response: <KeyPress from None: t=12.106153166001604, value=space, duration=None>
12.1086 	EXP 	New trial (rep=0, index=2): <Trial 2 (2 in rep 0) data={'img_query': 'resources/images/medium/med_Q4.jpg', 'img_query_w': np.int64(768), 'img_query_h': np.int64(1024), 'img_query_disp_w': np.float64(0.1875), 'img_query_disp_h': np.float64(0.25), 'sam_1': 'resources/images/medium/med_S1_4.jpg', 'sam_1_w': np.int64(1024), 'sam_1_h': np.int64(768), 'sam_1_disp_w': np.float64(0.25), 'sam_1_disp_h': np.float64(0.1875), 'sam_2': 'resources/images/medium/med_S2_4.jpg', 'sam_2_w': np.int64(350), 'sam_2_h': np.int64(234), 'sam_2_disp_w': np.float64(0.25), 'sam_2_disp_h': np.float64(0.167142857), 'sam_3': 'resources/images/medium/med_S3_4.jpg', 'sam_3_w': np.int64(350), 'sam_3_h': np.int64(341), 'sam_3_disp_w': np.float64(0.25), 'sam_3_disp_h': np.float64(0.243571429), 'sam_4': 'resources/images/medium/med_S4_4.jpg', 'sam_4_w': np.int64(768), 'sam_4_h': np.int64(1024), 'sam_4_disp_w': np.float64(0.1875), 'sam_4_disp_h': np.float64(0.25), 'sam_5': 'resources/images/medium/med_S5_4.jpg', 'sam_5_w': np.int64(350), 'sam_5_h': np.int64(208), 'sam_5_disp_w': np.float64(0.25), 'sam_5_disp_h': np.float64(0.148571429), 'img_targ': 'resources/images/medium/med_T4.jpg', 'targ_w': np.int64(768), 'targ_h': np.int64(1024), 'targ_disp_w': np.float64(0.1875), 'targ_disp_h': np.float64(0.25), 'x_1': np.float64(-0.55), 'x_2': np.float64(0.55), 'x_3': np.float64(0.0), 'y_1': np.float64(-0.35), 'y_2': np.float64(0.0), 'thisN': 2, 'thisTrialN': 2, 'thisRepN': 0}>
12.1777 	DATA 	Keypress: space
12.1808 	INFO 	Keyboard events cleared
12.1807 	EXP 	M_query: autoDraw = False
12.1807 	EXP 	M_top_left: autoDraw = False
12.1807 	EXP 	M_top_mid: autoDraw = False
12.1807 	EXP 	M_top_right: autoDraw = False
12.1807 	EXP 	M_bot_left: autoDraw = False
12.1807 	EXP 	M_bot_mid: autoDraw = False
12.1807 	EXP 	M_bot_right: autoDraw = False
12.1807 	EXP 	M_query: image = 'resources/images/medium/med_Q4.jpg'
12.1807 	EXP 	M_top_left: image = 'resources/images/medium/med_S1_4.jpg'
12.1807 	EXP 	M_top_mid: image = 'resources/images/medium/med_S2_4.jpg'
12.1807 	EXP 	M_top_right: image = 'resources/images/medium/med_S3_4.jpg'
12.1807 	EXP 	M_bot_left: image = 'resources/images/medium/med_S4_4.jpg'
12.1807 	EXP 	M_bot_mid: image = 'resources/images/medium/med_S5_4.jpg'
12.1807 	EXP 	M_bot_right: image = 'resources/images/medium/med_T4.jpg'
12.1807 	EXP 	M_query: autoDraw = True
12.1807 	EXP 	M_top_left: autoDraw = True
12.1807 	EXP 	M_top_mid: autoDraw = True
12.1807 	EXP 	M_top_right: autoDraw = True
12.1807 	EXP 	M_bot_left: autoDraw = True
12.1807 	EXP 	M_bot_mid: autoDraw = True
12.1807 	EXP 	M_bot_right: autoDraw = True
12.2313 	EXP 	Device response: <KeyPress from None: t=12.106153166001604, value=space, duration=0.12401649999810616>
15.1625 	EXP 	Device response: <KeyPress from None: t=15.160910124999646, value=space, duration=None>
15.1631 	EXP 	New trial (rep=0, index=3): <Trial 3 (3 in rep 0) data={'img_query': 'resources/images/medium/med_Q1.jpg', 'img_query_w': np.int64(4032), 'img_query_h': np.int64(3024), 'img_query_disp_w': np.float64(0.25), 'img_query_disp_h': np.float64(0.1875), 'sam_1': 'resources/images/medium/med_S1_1.jpg', 'sam_1_w': np.int64(768), 'sam_1_h': np.int64(1024), 'sam_1_disp_w': np.float64(0.1875), 'sam_1_disp_h': np.float64(0.25), 'sam_2': 'resources/images/medium/med_S2_1.jpg', 'sam_2_w': np.int64(768), 'sam_2_h': np.int64(1024), 'sam_2_disp_w': np.float64(0.1875), 'sam_2_disp_h': np.float64(0.25), 'sam_3': 'resources/images/medium/med_S3_1.jpg', 'sam_3_w': np.int64(350), 'sam_3_h': np.int64(233), 'sam_3_disp_w': np.float64(0.25), 'sam_3_disp_h': np.float64(0.166428571), 'sam_4': 'resources/images/medium/med_S4_1.jpg', 'sam_4_w': np.int64(768), 'sam_4_h': np.int64(1024), 'sam_4_disp_w': np.float64(0.1875), 'sam_4_disp_h': np.float64(0.25), 'sam_5': 'resources/images/medium/med_S5_1.jpg', 'sam_5_w': np.int64(768), 'sam_5_h': np.int64(1040), 'sam_5_disp_w': np.float64(0.184615385), 'sam_5_disp_h': np.float64(0.25), 'img_targ': 'resources/images/medium/med_T1.jpg', 'targ_w': np.int64(1024), 'targ_h': np.int64(768), 'targ_disp_w': np.float64(0.25), 'targ_disp_h': np.float64(0.1875), 'x_1': np.float64(-0.55), 'x_2': np.float64(0.0), 'x_3': np.float64(0.55), 'y_1': np.float64(0.0), 'y_2': np.float64(-0.35), 'thisN': 3, 'thisTrialN': 3, 'thisRepN': 0}>
15.3531 	EXP 	Device response: <KeyPress from None: t=15.160910124999646, value=space, duration=0.09212979100266239>
15.3550 	DATA 	Keypress: space
15.3601 	INFO 	Keyboard events cleared
15.3601 	EXP 	M_query: autoDraw = False
15.3601 	EXP 	M_top_left: autoDraw = False
15.3601 	EXP 	M_top_mid: autoDraw = False
15.3601 	EXP 	M_top_right: autoDraw = False
15.3601 	EXP 	M_bot_left: autoDraw = False
15.3601 	EXP 	M_bot_mid: autoDraw = False
15.3601 	EXP 	M_bot_right: autoDraw = False
15.3601 	EXP 	M_query: image = 'resources/images/medium/med_Q1.jpg'
15.3601 	EXP 	M_top_left: image = 'resources/images/medium/med_S1_1.jpg'
15.3601 	EXP 	M_top_mid: image = 'resources/images/medium/med_S2_1.jpg'
15.3601 	EXP 	M_top_right: image = 'resources/images/medium/med_S3_1.jpg'
15.3601 	EXP 	M_bot_left: image = 'resources/images/medium/med_S4_1.jpg'
15.3601 	EXP 	M_bot_mid: image = 'resources/images/medium/med_S5_1.jpg'
15.3601 	EXP 	M_bot_right: image = 'resources/images/medium/med_T1.jpg'
15.3601 	EXP 	M_query: autoDraw = True
15.3601 	EXP 	M_top_left: autoDraw = True
15.3601 	EXP 	M_top_mid: autoDraw = True
15.3601 	EXP 	M_top_right: autoDraw = True
15.3601 	EXP 	M_bot_left: autoDraw = True
15.3601 	EXP 	M_bot_mid: autoDraw = True
15.3601 	EXP 	M_bot_right: autoDraw = True
16.3544 	EXP 	Device response: <KeyPress from None: t=16.34781012500025, value=space, duration=None>
16.3550 	EXP 	New trial (rep=0, index=4): <Trial 4 (4 in rep 0) data={'img_query': 'resources/images/medium/med_Q3.jpg', 'img_query_w': np.int64(1024), 'img_query_h': np.int64(768), 'img_query_disp_w': np.float64(0.25), 'img_query_disp_h': np.float64(0.1875), 'sam_1': 'resources/images/medium/med_S1_3.jpg', 'sam_1_w': np.int64(4160), 'sam_1_h': np.int64(2340), 'sam_1_disp_w': np.float64(0.25), 'sam_1_disp_h': np.float64(0.140625), 'sam_2': 'resources/images/medium/med_S2_3.jpg', 'sam_2_w': np.int64(1024), 'sam_2_h': np.int64(768), 'sam_2_disp_w': np.float64(0.25), 'sam_2_disp_h': np.float64(0.1875), 'sam_3': 'resources/images/medium/med_S3_3.jpg', 'sam_3_w': np.int64(1024), 'sam_3_h': np.int64(768), 'sam_3_disp_w': np.float64(0.25), 'sam_3_disp_h': np.float64(0.1875), 'sam_4': 'resources/images/medium/med_S4_3.jpg', 'sam_4_w': np.int64(350), 'sam_4_h': np.int64(197), 'sam_4_disp_w': np.float64(0.25), 'sam_4_disp_h': np.float64(0.140714286), 'sam_5': 'resources/images/medium/med_S5_3.jpg', 'sam_5_w': np.int64(2592), 'sam_5_h': np.int64(4608), 'sam_5_disp_w': np.float64(0.140625), 'sam_5_disp_h': np.float64(0.25), 'img_targ': 'resources/images/medium/med_T3.jpg', 'targ_w': np.int64(1024), 'targ_h': np.int64(768), 'targ_disp_w': np.float64(0.25), 'targ_disp_h': np.float64(0.1875), 'x_1': np.float64(0.55), 'x_2': np.float64(0.0), 'x_3': np.float64(-0.55), 'y_1': np.float64(0.0), 'y_2': np.float64(-0.35), 'thisN': 4, 'thisTrialN': 4, 'thisRepN': 0}>
16.6518 	EXP 	Device response: <KeyPress from None: t=16.34781012500025, value=space, duration=0.11596100000315346>
16.6537 	DATA 	Keypress: space
16.6570 	INFO 	Keyboard events cleared
16.6569 	EXP 	M_query: autoDraw = False
16.6569 	EXP 	M_top_left: autoDraw = False
16.6569 	EXP 	M_top_mid: autoDraw = False
16.6569 	EXP 	M_top_right: autoDraw = False
16.6569 	EXP 	M_bot_left: autoDraw = False
16.6569 	EXP 	M_bot_mid: autoDraw = False
16.6569 	EXP 	M_bot_right: autoDraw = False
16.6569 	EXP 	M_query: image = 'resources/images/medium/med_Q3.jpg'
16.6569 	EXP 	M_top_left: image = 'resources/images/medium/med_S1_3.jpg'
16.6569 	EXP 	M_top_mid: image = 'resources/images/medium/med_S2_3.jpg'
16.6569 	EXP 	M_top_right: image = 'resources/images/medium/med_S3_3.jpg'
16.6569 	EXP 	M_bot_left: image = 'resources/images/medium/med_S4_3.jpg'
16.6569 	EXP 	M_bot_mid: image = 'resources/images/medium/med_S5_3.jpg'
16.6569 	EXP 	M_bot_right: image = 'resources/images/medium/med_T3.jpg'
16.6569 	EXP 	M_query: autoDraw = True
16.6569 	EXP 	M_top_left: autoDraw = True
16.6569 	EXP 	M_top_mid: autoDraw = True
16.6569 	EXP 	M_top_right: autoDraw = True
16.6569 	EXP 	M_bot_left: autoDraw = True
16.6569 	EXP 	M_bot_mid: autoDraw = True
16.6569 	EXP 	M_bot_right: autoDraw = True
17.1598 	EXP 	Device response: <KeyPress from None: t=17.157616916003462, value=space, duration=None>
17.1657 	DATA 	Keypress: space
17.1687 	EXP 	M_query: autoDraw = False
17.1687 	EXP 	M_top_left: autoDraw = False
17.1687 	EXP 	M_top_mid: autoDraw = False
17.1687 	EXP 	M_top_right: autoDraw = False
17.1687 	EXP 	M_bot_left: autoDraw = False
17.1687 	EXP 	M_bot_mid: autoDraw = False
17.1687 	EXP 	M_bot_right: autoDraw = False
17.1687 	EXP 	end_message: autoDraw = True
17.2407 	EXP 	Device response: <KeyPress from None: t=17.157616916003462, value=space, duration=0.07998945899453247>
18.8551 	EXP 	Device response: <KeyPress from None: t=18.84694216599746, value=escape, duration=None>
18.8964 	DATA 	Keypress: escape
18.9108 	EXP 	Device response: <KeyPress from None: t=18.84694216599746, value=escape, duration=0.059929499999270774>
18.9109 	EXP 	pilot_study: status = STOPPED
18.9147 	EXP 	end_message: autoDraw = False
18.9148 	EXP 	pilot_study: status = STOPPED
18.9176 	INFO 	saved data to '/Users/marcogiven/Desktop/projects/S25_SURE/colorStudyPilot/data/_pilot_study_2025-06-26_16h39.04.003.csv'
18.9186 	INFO 	saved data to /Users/marcogiven/Desktop/projects/S25_SURE/colorStudyPilot/data/_pilot_study_2025-06-26_16h39.04.003.psydat
19.0420 	WARNING 	Stopping key buffers but this could be dangerous ifother keyboards rely on the same.
19.0420 	WARNING 	Stopping key buffers but this could be dangerous ifother keyboards rely on the same.
19.0420 	WARNING 	Stopping key buffers but this could be dangerous ifother keyboards rely on the same.
