17.6109 	WARNING 	Font Manager failed to load file /System/Library/PrivateFrameworks/FontServices.framework/Resources/Reserved/PingFangUI.ttc
17.8334 	WARNING 	Font Manager failed to load file /System/Library/PrivateFrameworks/FontServices.framework/Resources/Reserved/PingFangUI.ttc
20.0033 	INFO 	Loaded monitor calibration from ['2025_06_12 14:42']
20.1341 	INFO 	Using renderer 'Apple M1 Pro' for graphics
20.1341 	INFO 	OpenGL version supported by driver is 2..
20.1656 	EXP 	Created window1 = Window(allowGUI=True, allowStencil=False, autoLog=True, backendConf=UNKNOWN, backgroundFit=<method-wrapper '__getattribute__' of attributeSetter object at 0x15a77e620>, backgroundImage=<method-wrapper '__getattribute__' of attributeSetter object at 0x15a77e680>, bitsMode=UNKNOWN, blendMode='avg', bpc=(8, 8, 8), color=array([0, 0, 0]), colorSpace='rgb', depthBits=8, fullscr=False, gamma=None, gammaErrorPolicy='raise', infoMsg=UNKNOWN, lms=UNKNOWN, monitor=<psychopy.monitors.calibTools.Monitor object at 0x15a817b20>, multiSample=False, name='window1', numSamples=2, pos=[np.float64(260.0), np.float64(224.5)], screen=0, size=array([2560, 1440]), stencilBits=0, stereo=False, title='PsychoPy', units='height', useFBO=True, useRetina=True, viewOri=0.0, viewPos=None, viewScale=None, waitBlanking=True, winType='pyglet')
20.1657 	EXP 	window1: backgroundImage = ''
20.1657 	EXP 	window1: backgroundFit = 'none'
20.7391 	INFO 	keyboard.Keyboard is using ptb backend.
20.9129 	INFO 	keyboard.Keyboard is using ptb backend.
21.0027 	INFO 	keyboard.Keyboard is using ptb backend.
21.0028 	EXP 	pilot_study: status = STARTED
21.0530 	EXP 	Created welcome_message = TextStim(__class__=<class 'psychopy.visual.text.TextStim'>, alignHoriz=method-wrapper(...), alignText='center', alignVert=method-wrapper(...), anchorHoriz='center', anchorVert='center', antialias=True, autoDraw=False, autoLog=True, bold=False, color=array([1., 1., 1.]), colorSpace='rgb', contrast=1.0, depth=0.0, draggable=False, flipHoriz=False, flipVert=False, font='Arial', fontFiles=[], height=np.float64(0.05), italic=False, languageStyle='LTR', name='welcome_message', opacity=1, ori=0.0, pos=array([0., 0.]), rgb=UNKNOWN, text=str(...), units='height', win=Window(...), wrapWidth=1)
21.0726 	EXP 	Created M_query = ImageStim(__class__=<class 'psychopy.visual.image.ImageStim'>, anchor=('center', 'center'), autoLog=True, color=array([1., 1., 1.]), colorSpace='rgb', contrast=1.0, depth=0.0, draggable=False, flipHoriz=np.False_, flipVert=np.False_, image='default.png', interpolate=True, mask=None, maskParams=None, name='M_query', opacity=1, ori=0.0, pos=array([0.  , 0.35]), size=array([1., 1.]), texRes=128.0, units='height', win=Window(...))
21.0762 	EXP 	Created M_top_left = ImageStim(__class__=<class 'psychopy.visual.image.ImageStim'>, anchor=('center', 'center'), autoLog=True, color=array([1., 1., 1.]), colorSpace='rgb', contrast=1.0, depth=-1.0, draggable=False, flipHoriz=np.False_, flipVert=np.False_, image='default.png', interpolate=True, mask=None, maskParams=None, name='M_top_left', opacity=1, ori=0.0, pos=array([0., 0.]), size=array([1., 1.]), texRes=128.0, units='height', win=Window(...))
21.0800 	EXP 	Created M_top_mid = ImageStim(__class__=<class 'psychopy.visual.image.ImageStim'>, anchor=('center', 'center'), autoLog=True, color=array([1., 1., 1.]), colorSpace='rgb', contrast=1.0, depth=-2.0, draggable=False, flipHoriz=np.False_, flipVert=np.False_, image='default.png', interpolate=True, mask=None, maskParams=None, name='M_top_mid', opacity=1, ori=0.0, pos=array([0., 0.]), size=array([1., 1.]), texRes=128.0, units='height', win=Window(...))
21.0833 	EXP 	Created M_top_right = ImageStim(__class__=<class 'psychopy.visual.image.ImageStim'>, anchor=('center', 'center'), autoLog=True, color=array([1., 1., 1.]), colorSpace='rgb', contrast=1.0, depth=-3.0, draggable=True, flipHoriz=np.False_, flipVert=np.False_, image='default.png', interpolate=True, mask=None, maskParams=None, name='M_top_right', opacity=1, ori=0.0, pos=array([0., 0.]), size=array([1., 1.]), texRes=128.0, units='height', win=Window(...))
21.0865 	EXP 	Created M_bot_left = ImageStim(__class__=<class 'psychopy.visual.image.ImageStim'>, anchor=('center', 'center'), autoLog=True, color=array([1., 1., 1.]), colorSpace='rgb', contrast=1.0, depth=-4.0, draggable=False, flipHoriz=np.False_, flipVert=np.False_, image='default.png', interpolate=True, mask=None, maskParams=None, name='M_bot_left', opacity=1, ori=0.0, pos=array([0., 0.]), size=array([1., 1.]), texRes=128.0, units='height', win=Window(...))
21.0901 	EXP 	Created M_bot_mid = ImageStim(__class__=<class 'psychopy.visual.image.ImageStim'>, anchor=('center', 'center'), autoLog=True, color=array([1., 1., 1.]), colorSpace='rgb', contrast=1.0, depth=-5.0, draggable=False, flipHoriz=np.False_, flipVert=np.False_, image='default.png', interpolate=True, mask=None, maskParams=None, name='M_bot_mid', opacity=1, ori=0.0, pos=array([0., 0.]), size=array([1., 1.]), texRes=128.0, units='height', win=Window(...))
21.0934 	EXP 	Created M_bot_right = ImageStim(__class__=<class 'psychopy.visual.image.ImageStim'>, anchor=('center', 'center'), autoLog=True, color=array([1., 1., 1.]), colorSpace='rgb', contrast=1.0, depth=-6.0, draggable=False, flipHoriz=np.False_, flipVert=np.False_, image='default.png', interpolate=True, mask=None, maskParams=None, name='M_bot_right', opacity=1, ori=0.0, pos=array([0., 0.]), size=array([1., 1.]), texRes=128.0, units='height', win=Window(...))
21.0979 	EXP 	Created end_message = TextStim(__class__=<class 'psychopy.visual.text.TextStim'>, alignHoriz=method-wrapper(...), alignText='center', alignVert=method-wrapper(...), anchorHoriz='center', anchorVert='center', antialias=True, autoDraw=False, autoLog=True, bold=False, color=array([1., 1., 1.]), colorSpace='rgb', contrast=1.0, depth=0.0, draggable=False, flipHoriz=False, flipVert=False, font='Arial', fontFiles=[], height=np.float64(0.05), italic=False, languageStyle='LTR', name='end_message', opacity=1, ori=0.0, pos=array([0., 0.]), rgb=UNKNOWN, text=str(...), units='height', win=Window(...), wrapWidth=1)
0.0547 	EXP 	welcome_message: autoDraw = True
4.0461 	EXP 	Device response: <KeyPress from None: t=3.850397415997577, value=space, duration=None>
4.0464 	EXP 	Device response: <KeyPress from None: t=3.850397415997577, value=space, duration=0.10408987500704825>
4.0507 	EXP 	Imported resources/positions.csv as conditions, 5 conditions, 12 params
4.0511 	EXP 	New trial (rep=0, index=0): <Trial 0 (0 in rep 0) data={'pos1_x': np.float64(-0.55), 'pos1_y': np.float64(-0.35), 'pos2_x': np.float64(0.0), 'pos2_y': np.float64(0.0), 'pos3_x': np.float64(0.55), 'pos3_y': np.float64(-0.35), 'pos4_x': np.float64(-0.55), 'pos4_y': np.float64(0.0), 'pos5_x': np.float64(0.55), 'pos5_y': np.float64(0.0), 'pos6_x': np.float64(0.0), 'pos6_y': np.float64(-0.35), 'thisN': 0, 'thisTrialN': 0, 'thisRepN': 0}>
4.0553 	EXP 	Imported resources/midLoop.csv as conditions, 5 conditions, 35 params
4.0567 	EXP 	New trial (rep=0, index=1): <Trial 1 (1 in rep 0) data={'pos1_x': np.float64(0.0), 'pos1_y': np.float64(-0.35), 'pos2_x': np.float64(-0.55), 'pos2_y': np.float64(0.0), 'pos3_x': np.float64(0.55), 'pos3_y': np.float64(0.0), 'pos4_x': np.float64(0.55), 'pos4_y': np.float64(-0.35), 'pos5_x': np.float64(-0.55), 'pos5_y': np.float64(-0.35), 'pos6_x': np.float64(0.0), 'pos6_y': np.float64(0.0), 'thisN': 1, 'thisTrialN': 1, 'thisRepN': 0}>
4.0606 	EXP 	Imported resources/midLoop.csv as conditions, 5 conditions, 35 params
4.0620 	EXP 	New trial (rep=0, index=2): <Trial 2 (2 in rep 0) data={'pos1_x': np.float64(0.55), 'pos1_y': np.float64(-0.35), 'pos2_x': np.float64(0.55), 'pos2_y': np.float64(0.0), 'pos3_x': np.float64(0.0), 'pos3_y': np.float64(-0.35), 'pos4_x': np.float64(-0.55), 'pos4_y': np.float64(0.0), 'pos5_x': np.float64(0.0), 'pos5_y': np.float64(0.0), 'pos6_x': np.float64(-0.55), 'pos6_y': np.float64(-0.35), 'thisN': 2, 'thisTrialN': 2, 'thisRepN': 0}>
4.0659 	EXP 	Imported resources/midLoop.csv as conditions, 5 conditions, 35 params
4.0672 	EXP 	New trial (rep=0, index=3): <Trial 3 (3 in rep 0) data={'pos1_x': np.float64(0.55), 'pos1_y': np.float64(-0.35), 'pos2_x': np.float64(0.0), 'pos2_y': np.float64(-0.35), 'pos3_x': np.float64(-0.55), 'pos3_y': np.float64(-0.35), 'pos4_x': np.float64(0.55), 'pos4_y': np.float64(0.0), 'pos5_x': np.float64(-0.55), 'pos5_y': np.float64(0.0), 'pos6_x': np.float64(0.0), 'pos6_y': np.float64(0.0), 'thisN': 3, 'thisTrialN': 3, 'thisRepN': 0}>
4.0711 	EXP 	Imported resources/midLoop.csv as conditions, 5 conditions, 35 params
4.0724 	EXP 	New trial (rep=0, index=4): <Trial 4 (4 in rep 0) data={'pos1_x': np.float64(0.55), 'pos1_y': np.float64(0.0), 'pos2_x': np.float64(0.0), 'pos2_y': np.float64(-0.35), 'pos3_x': np.float64(0.55), 'pos3_y': np.float64(-0.35), 'pos4_x': np.float64(-0.55), 'pos4_y': np.float64(0.0), 'pos5_x': np.float64(0.0), 'pos5_y': np.float64(0.0), 'pos6_x': np.float64(-0.55), 'pos6_y': np.float64(-0.35), 'thisN': 4, 'thisTrialN': 4, 'thisRepN': 0}>
4.0763 	EXP 	Imported resources/midLoop.csv as conditions, 5 conditions, 35 params
4.0888 	EXP 	welcome_message: autoDraw = False
4.0888 	EXP 	end_message: autoDraw = True
8.7474 	EXP 	Device response: <KeyPress from None: t=8.741585248993943, value=escape, duration=None>
8.8617 	EXP 	Device response: <KeyPress from None: t=8.741585248993943, value=escape, duration=0.11140891700051725>
8.8617 	EXP 	pilot_study: status = STOPPED
8.8647 	EXP 	end_message: autoDraw = False
8.8648 	EXP 	pilot_study: status = STOPPED
8.8673 	INFO 	saved data to '/Users/marcogiven/Desktop/projects/S25_SURE/colorStudyPilot/data/_pilot_study_2025-06-27_09h50.59.326.csv'
8.8706 	INFO 	saved data to /Users/marcogiven/Desktop/projects/S25_SURE/colorStudyPilot/data/_pilot_study_2025-06-27_09h50.59.326.psydat
9.0007 	WARNING 	Stopping key buffers but this could be dangerous ifother keyboards rely on the same.
9.0009 	WARNING 	Stopping key buffers but this could be dangerous ifother keyboards rely on the same.
9.0009 	WARNING 	Stopping key buffers but this could be dangerous ifother keyboards rely on the same.
