17.6587 	WARNING 	Font Manager failed to load file /System/Library/PrivateFrameworks/FontServices.framework/Resources/Reserved/PingFangUI.ttc
17.8984 	WARNING 	Font Manager failed to load file /System/Library/PrivateFrameworks/FontServices.framework/Resources/Reserved/PingFangUI.ttc
20.0882 	INFO 	Loaded monitor calibration from ['2025_06_12 14:42']
20.2290 	INFO 	Using renderer 'Apple M1 Pro' for graphics
20.2290 	INFO 	OpenGL version supported by driver is 2..
20.2615 	EXP 	Created window1 = Window(allowGUI=True, allowStencil=False, autoLog=True, backendConf=UNKNOWN, backgroundFit=<method-wrapper '__getattribute__' of attributeSetter object at 0x1557e08b0>, backgroundImage=<method-wrapper '__getattribute__' of attributeSetter object at 0x1557e0850>, bitsMode=UNKNOWN, blendMode='avg', bpc=(8, 8, 8), color=array([0, 0, 0]), colorSpace='rgb', depthBits=8, fullscr=False, gamma=None, gammaErrorPolicy='raise', infoMsg=UNKNOWN, lms=UNKNOWN, monitor=<psychopy.monitors.calibTools.Monitor object at 0x1558196f0>, multiSample=False, name='window1', numSamples=2, pos=[np.float64(260.0), np.float64(224.5)], screen=0, size=array([2560, 1440]), stencilBits=0, stereo=False, title='PsychoPy', units='height', useFBO=True, useRetina=True, viewOri=0.0, viewPos=None, viewScale=None, waitBlanking=True, winType='pyglet')
20.2615 	EXP 	window1: backgroundImage = ''
20.2615 	EXP 	window1: backgroundFit = 'none'
20.8493 	INFO 	keyboard.Keyboard is using ptb backend.
21.0338 	INFO 	keyboard.Keyboard is using ptb backend.
21.1233 	INFO 	keyboard.Keyboard is using ptb backend.
21.2113 	INFO 	keyboard.Keyboard is using ptb backend.
21.2114 	EXP 	pilot_study: status = STARTED
21.2635 	EXP 	Created welcome_message = TextStim(__class__=<class 'psychopy.visual.text.TextStim'>, alignHoriz=method-wrapper(...), alignText='center', alignVert=method-wrapper(...), anchorHoriz='center', anchorVert='center', antialias=True, autoDraw=False, autoLog=True, bold=False, color=array([1., 1., 1.]), colorSpace='rgb', contrast=1.0, depth=0.0, draggable=False, flipHoriz=False, flipVert=False, font='Arial', fontFiles=[], height=np.float64(0.05), italic=False, languageStyle='LTR', name='welcome_message', opacity=1, ori=0.0, pos=array([0., 0.]), rgb=UNKNOWN, text=str(...), units='height', win=Window(...), wrapWidth=1)
21.2842 	EXP 	Created M_query = ImageStim(__class__=<class 'psychopy.visual.image.ImageStim'>, anchor=('center', 'center'), autoLog=True, color=array([1., 1., 1.]), colorSpace='rgb', contrast=1.0, depth=0.0, draggable=False, flipHoriz=np.False_, flipVert=np.False_, image='default.png', interpolate=True, mask=None, maskParams=None, name='M_query', opacity=1, ori=0.0, pos=array([-0.5,  0. ]), size=array([1., 1.]), texRes=128.0, units='height', win=Window(...))
21.2877 	EXP 	Created M_img1 = ImageStim(__class__=<class 'psychopy.visual.image.ImageStim'>, anchor=('center', 'center'), autoLog=True, color=array([1., 1., 1.]), colorSpace='rgb', contrast=1.0, depth=-1.0, draggable=False, flipHoriz=np.False_, flipVert=np.False_, image='default.png', interpolate=True, mask=None, maskParams=None, name='M_img1', opacity=1, ori=0.0, pos=array([0.1 , 0.35]), size=array([1., 1.]), texRes=128.0, units='height', win=Window(...))
21.2909 	EXP 	Created M_img2 = ImageStim(__class__=<class 'psychopy.visual.image.ImageStim'>, anchor=('center', 'center'), autoLog=True, color=array([1., 1., 1.]), colorSpace='rgb', contrast=1.0, depth=-2.0, draggable=False, flipHoriz=np.False_, flipVert=np.False_, image='default.png', interpolate=True, mask=None, maskParams=None, name='M_img2', opacity=1, ori=0.0, pos=array([0.5 , 0.35]), size=array([1., 1.]), texRes=128.0, units='height', win=Window(...))
21.2943 	EXP 	Created M_img3 = ImageStim(__class__=<class 'psychopy.visual.image.ImageStim'>, anchor=('center', 'center'), autoLog=True, color=array([1., 1., 1.]), colorSpace='rgb', contrast=1.0, depth=-3.0, draggable=True, flipHoriz=np.False_, flipVert=np.False_, image='default.png', interpolate=True, mask=None, maskParams=None, name='M_img3', opacity=1, ori=0.0, pos=array([0.1, 0. ]), size=array([1., 1.]), texRes=128.0, units='height', win=Window(...))
21.2976 	EXP 	Created M_img4 = ImageStim(__class__=<class 'psychopy.visual.image.ImageStim'>, anchor=('center', 'center'), autoLog=True, color=array([1., 1., 1.]), colorSpace='rgb', contrast=1.0, depth=-4.0, draggable=False, flipHoriz=np.False_, flipVert=np.False_, image='default.png', interpolate=True, mask=None, maskParams=None, name='M_img4', opacity=1, ori=0.0, pos=array([0.5, 0. ]), size=array([1., 1.]), texRes=128.0, units='height', win=Window(...))
21.3010 	EXP 	Created M_img5 = ImageStim(__class__=<class 'psychopy.visual.image.ImageStim'>, anchor=('center', 'center'), autoLog=True, color=array([1., 1., 1.]), colorSpace='rgb', contrast=1.0, depth=-5.0, draggable=False, flipHoriz=np.False_, flipVert=np.False_, image='default.png', interpolate=True, mask=None, maskParams=None, name='M_img5', opacity=1, ori=0.0, pos=array([ 0.1 , -0.35]), size=array([1., 1.]), texRes=128.0, units='height', win=Window(...))
21.3042 	EXP 	Created M_img6 = ImageStim(__class__=<class 'psychopy.visual.image.ImageStim'>, anchor=('center', 'center'), autoLog=True, color=array([1., 1., 1.]), colorSpace='rgb', contrast=1.0, depth=-6.0, draggable=False, flipHoriz=np.False_, flipVert=np.False_, image='default.png', interpolate=True, mask=None, maskParams=None, name='M_img6', opacity=1, ori=0.0, pos=array([0., 0.]), size=array([1., 1.]), texRes=128.0, units='height', win=Window(...))
21.3051 	EXP 	Created text = TextStim(__class__=<class 'psychopy.visual.text.TextStim'>, alignHoriz=method-wrapper(...), alignText='center', alignVert=method-wrapper(...), anchorHoriz='center', anchorVert='center', antialias=True, autoDraw=False, autoLog=True, bold=False, color=array([1., 1., 1.]), colorSpace='rgb', contrast=1.0, depth=0.0, draggable=False, flipHoriz=False, flipVert=False, font='Arial', fontFiles=[], height=np.float64(0.05), italic=False, languageStyle='LTR', name='text', opacity=1, ori=0.0, pos=array([0., 0.]), rgb=UNKNOWN, text='', units='height', win=Window(...), wrapWidth=1)
21.3086 	EXP 	Created I_query = ImageStim(__class__=<class 'psychopy.visual.image.ImageStim'>, anchor=('center', 'center'), autoLog=True, color=array([1., 1., 1.]), colorSpace='rgb', contrast=1.0, depth=0.0, draggable=False, flipHoriz=np.False_, flipVert=np.False_, image='default.png', interpolate=True, mask=None, maskParams=None, name='I_query', opacity=1, ori=0.0, pos=array([-0.5,  0. ]), size=array([1., 1.]), texRes=128.0, units='height', win=Window(...))
21.3119 	EXP 	Created I_img1 = ImageStim(__class__=<class 'psychopy.visual.image.ImageStim'>, anchor=('center', 'center'), autoLog=True, color=array([1., 1., 1.]), colorSpace='rgb', contrast=1.0, depth=-1.0, draggable=False, flipHoriz=np.False_, flipVert=np.False_, image='default.png', interpolate=True, mask=None, maskParams=None, name='I_img1', opacity=1, ori=0.0, pos=array([0.1 , 0.35]), size=array([1., 1.]), texRes=128.0, units='height', win=Window(...))
21.3154 	EXP 	Created I_img2 = ImageStim(__class__=<class 'psychopy.visual.image.ImageStim'>, anchor=('center', 'center'), autoLog=True, color=array([1., 1., 1.]), colorSpace='rgb', contrast=1.0, depth=-2.0, draggable=False, flipHoriz=np.False_, flipVert=np.False_, image='default.png', interpolate=True, mask=None, maskParams=None, name='I_img2', opacity=1, ori=0.0, pos=array([0.5 , 0.35]), size=array([1., 1.]), texRes=128.0, units='height', win=Window(...))
21.3188 	EXP 	Created I_img3 = ImageStim(__class__=<class 'psychopy.visual.image.ImageStim'>, anchor=('center', 'center'), autoLog=True, color=array([1., 1., 1.]), colorSpace='rgb', contrast=1.0, depth=-3.0, draggable=True, flipHoriz=np.False_, flipVert=np.False_, image='default.png', interpolate=True, mask=None, maskParams=None, name='I_img3', opacity=1, ori=0.0, pos=array([0.1, 0. ]), size=array([1., 1.]), texRes=128.0, units='height', win=Window(...))
21.3222 	EXP 	Created I_img4 = ImageStim(__class__=<class 'psychopy.visual.image.ImageStim'>, anchor=('center', 'center'), autoLog=True, color=array([1., 1., 1.]), colorSpace='rgb', contrast=1.0, depth=-4.0, draggable=False, flipHoriz=np.False_, flipVert=np.False_, image='default.png', interpolate=True, mask=None, maskParams=None, name='I_img4', opacity=1, ori=0.0, pos=array([0.5, 0. ]), size=array([1., 1.]), texRes=128.0, units='height', win=Window(...))
21.3258 	EXP 	Created I_img5 = ImageStim(__class__=<class 'psychopy.visual.image.ImageStim'>, anchor=('center', 'center'), autoLog=True, color=array([1., 1., 1.]), colorSpace='rgb', contrast=1.0, depth=-5.0, draggable=False, flipHoriz=np.False_, flipVert=np.False_, image='default.png', interpolate=True, mask=None, maskParams=None, name='I_img5', opacity=1, ori=0.0, pos=array([ 0.1 , -0.35]), size=array([1., 1.]), texRes=128.0, units='height', win=Window(...))
21.3292 	EXP 	Created I_img6 = ImageStim(__class__=<class 'psychopy.visual.image.ImageStim'>, anchor=('center', 'center'), autoLog=True, color=array([1., 1., 1.]), colorSpace='rgb', contrast=1.0, depth=-6.0, draggable=False, flipHoriz=np.False_, flipVert=np.False_, image='default.png', interpolate=True, mask=None, maskParams=None, name='I_img6', opacity=1, ori=0.0, pos=array([0., 0.]), size=array([1., 1.]), texRes=128.0, units='height', win=Window(...))
21.3339 	EXP 	Created end_message = TextStim(__class__=<class 'psychopy.visual.text.TextStim'>, alignHoriz=method-wrapper(...), alignText='center', alignVert=method-wrapper(...), anchorHoriz='center', anchorVert='center', antialias=True, autoDraw=False, autoLog=True, bold=False, color=array([1., 1., 1.]), colorSpace='rgb', contrast=1.0, depth=0.0, draggable=False, flipHoriz=False, flipVert=False, font='Arial', fontFiles=[], height=np.float64(0.05), italic=False, languageStyle='LTR', name='end_message', opacity=1, ori=0.0, pos=array([0., 0.]), rgb=UNKNOWN, text=str(...), units='height', win=Window(...), wrapWidth=1)
0.0793 	EXP 	welcome_message: autoDraw = True
0.6962 	DATA 	Mouse: Left button down, pos=(815,33)
0.7783 	DATA 	Mouse:  Left button up, pos=(815,33)
3.8986 	DATA 	Mouse: Left button down, pos=(709,463)
4.0000 	DATA 	Mouse:  Left button up, pos=(709,463)
4.4427 	EXP 	Device response: <KeyPress from None: t=4.259095207991777, value=space, duration=None>
4.4429 	EXP 	Device response: <KeyPress from None: t=4.259095207991777, value=space, duration=0.10387004200310912>
4.4495 	EXP 	Imported resources/midLoop.csv as conditions, 5 conditions, 35 params
4.4498 	EXP 	New trial (rep=0, index=0): <Trial 0 (0 in rep 0) data={'img_query': 'resources/images/medium/med_Q1.jpg', 'img_query_w': np.int64(4032), 'img_query_h': np.int64(3024), 'img_query_disp_w': np.float64(0.4), 'img_query_disp_h': np.float64(0.3), 'sam_1': 'resources/images/medium/med_S1_1.jpg', 'sam_1_w': np.int64(768), 'sam_1_h': np.int64(1024), 'sam_1_disp_w': np.float64(0.2625), 'sam_1_disp_h': np.float64(0.35), 'sam_2': 'resources/images/medium/med_S1_2.jpg', 'sam_2_w': np.int64(4032), 'sam_2_h': np.int64(3024), 'sam_2_disp_w': np.float64(0.35), 'sam_2_disp_h': np.float64(0.2625), 'sam_3': 'resources/images/medium/med_S1_3.jpg', 'sam_3_w': np.int64(4160), 'sam_3_h': np.int64(2340), 'sam_3_disp_w': np.float64(0.35), 'sam_3_disp_h': np.float64(0.196875), 'sam_4': 'resources/images/medium/med_S1_4.jpg', 'sam_4_w': np.int64(1024), 'sam_4_h': np.int64(768), 'sam_4_disp_w': np.float64(0.35), 'sam_4_disp_h': np.float64(0.2625), 'sam_5': 'resources/images/medium/med_S1_5.jpg', 'sam_5_w': np.int64(1024), 'sam_5_h': np.int64(768), 'sam_5_disp_w': np.float64(0.35), 'sam_5_disp_h': np.float64(0.2625), 'img_targ': 'resources/images/medium/med_T1.jpg', 'targ_w': np.int64(1024), 'targ_h': np.int64(768), 'targ_disp_w': np.float64(0.35), 'targ_disp_h': np.float64(0.2625), 'thisN': 0, 'thisTrialN': 0, 'thisRepN': 0}>
4.8945 	DATA 	Keypress: space
4.9000 	INFO 	Keyboard events cleared
4.8998 	EXP 	welcome_message: autoDraw = False
4.8998 	EXP 	M_query: image = 'resources/images/medium/med_Q1.jpg'
4.8998 	EXP 	M_img1: image = 'resources/images/medium/med_S1_1.jpg'
4.8998 	EXP 	M_img2: image = 'resources/images/medium/med_S1_2.jpg'
4.8998 	EXP 	M_img3: image = 'resources/images/medium/med_S1_3.jpg'
4.8998 	EXP 	M_img4: image = 'resources/images/medium/med_S1_4.jpg'
4.8998 	EXP 	M_img5: image = 'resources/images/medium/med_S1_5.jpg'
4.8998 	EXP 	M_img6: image = 'resources/images/medium/med_T1.jpg'
4.8998 	EXP 	M_query: autoDraw = True
4.8998 	EXP 	M_img1: autoDraw = True
4.8998 	EXP 	M_img2: autoDraw = True
4.8998 	EXP 	M_img3: autoDraw = True
4.8998 	EXP 	M_img4: autoDraw = True
4.8998 	EXP 	M_img5: autoDraw = True
4.8998 	EXP 	M_img6: autoDraw = True
8.4334 	EXP 	Device response: <KeyPress from None: t=8.429299166004057, value=space, duration=None>
8.4339 	EXP 	New trial (rep=0, index=1): <Trial 1 (1 in rep 0) data={'img_query': 'resources/images/medium/med_Q5.jpg', 'img_query_w': np.int64(1024), 'img_query_h': np.int64(768), 'img_query_disp_w': np.float64(0.4), 'img_query_disp_h': np.float64(0.3), 'sam_1': 'resources/images/medium/med_S5_1.jpg', 'sam_1_w': np.int64(768), 'sam_1_h': np.int64(1024), 'sam_1_disp_w': np.float64(0.2625), 'sam_1_disp_h': np.float64(0.35), 'sam_2': 'resources/images/medium/med_S5_2.jpg', 'sam_2_w': np.int64(350), 'sam_2_h': np.int64(233), 'sam_2_disp_w': np.float64(0.35), 'sam_2_disp_h': np.float64(0.233), 'sam_3': 'resources/images/medium/med_S5_3.jpg', 'sam_3_w': np.int64(2592), 'sam_3_h': np.int64(4608), 'sam_3_disp_w': np.float64(0.196875), 'sam_3_disp_h': np.float64(0.35), 'sam_4': 'resources/images/medium/med_S5_4.jpg', 'sam_4_w': np.int64(350), 'sam_4_h': np.int64(208), 'sam_4_disp_w': np.float64(0.35), 'sam_4_disp_h': np.float64(0.208), 'sam_5': 'resources/images/medium/med_S5_5.jpg', 'sam_5_w': np.int64(350), 'sam_5_h': np.int64(233), 'sam_5_disp_w': np.float64(0.35), 'sam_5_disp_h': np.float64(0.233), 'img_targ': 'resources/images/medium/med_T5.jpg', 'targ_w': np.int64(768), 'targ_h': np.int64(1024), 'targ_disp_w': np.float64(0.2625), 'targ_disp_h': np.float64(0.35), 'thisN': 1, 'thisTrialN': 1, 'thisRepN': 0}>
8.6503 	EXP 	Device response: <KeyPress from None: t=8.429299166004057, value=space, duration=0.09926474999519996>
8.6557 	DATA 	Keypress: space
8.6593 	INFO 	Keyboard events cleared
8.6592 	EXP 	M_query: autoDraw = False
8.6592 	EXP 	M_img1: autoDraw = False
8.6592 	EXP 	M_img2: autoDraw = False
8.6592 	EXP 	M_img3: autoDraw = False
8.6592 	EXP 	M_img4: autoDraw = False
8.6592 	EXP 	M_img5: autoDraw = False
8.6592 	EXP 	M_img6: autoDraw = False
8.6592 	EXP 	M_query: image = 'resources/images/medium/med_Q5.jpg'
8.6592 	EXP 	M_img1: image = 'resources/images/medium/med_S5_1.jpg'
8.6592 	EXP 	M_img2: image = 'resources/images/medium/med_S5_2.jpg'
8.6592 	EXP 	M_img3: image = 'resources/images/medium/med_S5_3.jpg'
8.6592 	EXP 	M_img4: image = 'resources/images/medium/med_S5_4.jpg'
8.6592 	EXP 	M_img5: image = 'resources/images/medium/med_S5_5.jpg'
8.6592 	EXP 	M_img6: image = 'resources/images/medium/med_T5.jpg'
8.6592 	EXP 	M_query: autoDraw = True
8.6592 	EXP 	M_img1: autoDraw = True
8.6592 	EXP 	M_img2: autoDraw = True
8.6592 	EXP 	M_img3: autoDraw = True
8.6592 	EXP 	M_img4: autoDraw = True
8.6592 	EXP 	M_img5: autoDraw = True
8.6592 	EXP 	M_img6: autoDraw = True
10.4701 	EXP 	Device response: <KeyPress from None: t=10.463396541003021, value=space, duration=None>
10.4706 	EXP 	New trial (rep=0, index=2): <Trial 2 (2 in rep 0) data={'img_query': 'resources/images/medium/med_Q4.jpg', 'img_query_w': np.int64(768), 'img_query_h': np.int64(1024), 'img_query_disp_w': np.float64(0.3), 'img_query_disp_h': np.float64(0.4), 'sam_1': 'resources/images/medium/med_S4_1.jpg', 'sam_1_w': np.int64(768), 'sam_1_h': np.int64(1024), 'sam_1_disp_w': np.float64(0.2625), 'sam_1_disp_h': np.float64(0.35), 'sam_2': 'resources/images/medium/med_S4_2.jpg', 'sam_2_w': np.int64(350), 'sam_2_h': np.int64(233), 'sam_2_disp_w': np.float64(0.35), 'sam_2_disp_h': np.float64(0.233), 'sam_3': 'resources/images/medium/med_S4_3.jpg', 'sam_3_w': np.int64(350), 'sam_3_h': np.int64(197), 'sam_3_disp_w': np.float64(0.35), 'sam_3_disp_h': np.float64(0.197), 'sam_4': 'resources/images/medium/med_S4_4.jpg', 'sam_4_w': np.int64(768), 'sam_4_h': np.int64(1024), 'sam_4_disp_w': np.float64(0.2625), 'sam_4_disp_h': np.float64(0.35), 'sam_5': 'resources/images/medium/med_S4_5.jpg', 'sam_5_w': np.int64(768), 'sam_5_h': np.int64(1024), 'sam_5_disp_w': np.float64(0.2625), 'sam_5_disp_h': np.float64(0.35), 'img_targ': 'resources/images/medium/med_T4.jpg', 'targ_w': np.int64(768), 'targ_h': np.int64(1024), 'targ_disp_w': np.float64(0.2625), 'targ_disp_h': np.float64(0.35), 'thisN': 2, 'thisTrialN': 2, 'thisRepN': 0}>
10.5528 	DATA 	Keypress: space
10.5560 	INFO 	Keyboard events cleared
10.5559 	EXP 	M_query: autoDraw = False
10.5559 	EXP 	M_img1: autoDraw = False
10.5559 	EXP 	M_img2: autoDraw = False
10.5559 	EXP 	M_img3: autoDraw = False
10.5559 	EXP 	M_img4: autoDraw = False
10.5559 	EXP 	M_img5: autoDraw = False
10.5559 	EXP 	M_img6: autoDraw = False
10.5559 	EXP 	M_query: image = 'resources/images/medium/med_Q4.jpg'
10.5559 	EXP 	M_img1: image = 'resources/images/medium/med_S4_1.jpg'
10.5559 	EXP 	M_img2: image = 'resources/images/medium/med_S4_2.jpg'
10.5559 	EXP 	M_img3: image = 'resources/images/medium/med_S4_3.jpg'
10.5559 	EXP 	M_img4: image = 'resources/images/medium/med_S4_4.jpg'
10.5559 	EXP 	M_img5: image = 'resources/images/medium/med_S4_5.jpg'
10.5559 	EXP 	M_img6: image = 'resources/images/medium/med_T4.jpg'
10.5559 	EXP 	M_query: autoDraw = True
10.5559 	EXP 	M_img1: autoDraw = True
10.5559 	EXP 	M_img2: autoDraw = True
10.5559 	EXP 	M_img3: autoDraw = True
10.5559 	EXP 	M_img4: autoDraw = True
10.5559 	EXP 	M_img5: autoDraw = True
10.5559 	EXP 	M_img6: autoDraw = True
10.5943 	EXP 	Device response: <KeyPress from None: t=10.463396541003021, value=space, duration=0.12811433398746885>
11.6619 	EXP 	Device response: <KeyPress from None: t=11.659229540993692, value=space, duration=None>
11.6627 	EXP 	New trial (rep=0, index=3): <Trial 3 (3 in rep 0) data={'img_query': 'resources/images/medium/med_Q3.jpg', 'img_query_w': np.int64(1024), 'img_query_h': np.int64(768), 'img_query_disp_w': np.float64(0.4), 'img_query_disp_h': np.float64(0.3), 'sam_1': 'resources/images/medium/med_S3_1.jpg', 'sam_1_w': np.int64(350), 'sam_1_h': np.int64(233), 'sam_1_disp_w': np.float64(0.35), 'sam_1_disp_h': np.float64(0.233), 'sam_2': 'resources/images/medium/med_S3_2.jpg', 'sam_2_w': np.int64(1024), 'sam_2_h': np.int64(768), 'sam_2_disp_w': np.float64(0.35), 'sam_2_disp_h': np.float64(0.2625), 'sam_3': 'resources/images/medium/med_S3_3.jpg', 'sam_3_w': np.int64(1024), 'sam_3_h': np.int64(768), 'sam_3_disp_w': np.float64(0.35), 'sam_3_disp_h': np.float64(0.2625), 'sam_4': 'resources/images/medium/med_S3_4.jpg', 'sam_4_w': np.int64(350), 'sam_4_h': np.int64(341), 'sam_4_disp_w': np.float64(0.35), 'sam_4_disp_h': np.float64(0.341), 'sam_5': 'resources/images/medium/med_S3_5.jpg', 'sam_5_w': np.int64(3264), 'sam_5_h': np.int64(1840), 'sam_5_disp_w': np.float64(0.35), 'sam_5_disp_h': np.float64(0.197303922), 'img_targ': 'resources/images/medium/med_T3.jpg', 'targ_w': np.int64(1024), 'targ_h': np.int64(768), 'targ_disp_w': np.float64(0.35), 'targ_disp_h': np.float64(0.2625), 'thisN': 3, 'thisTrialN': 3, 'thisRepN': 0}>
11.7944 	EXP 	Device response: <KeyPress from None: t=11.659229540993692, value=space, duration=0.09594779199687764>
11.7964 	DATA 	Keypress: space
11.7999 	INFO 	Keyboard events cleared
11.7998 	EXP 	M_query: autoDraw = False
11.7998 	EXP 	M_img1: autoDraw = False
11.7998 	EXP 	M_img2: autoDraw = False
11.7998 	EXP 	M_img3: autoDraw = False
11.7998 	EXP 	M_img4: autoDraw = False
11.7998 	EXP 	M_img5: autoDraw = False
11.7998 	EXP 	M_img6: autoDraw = False
11.7998 	EXP 	M_query: image = 'resources/images/medium/med_Q3.jpg'
11.7998 	EXP 	M_img1: image = 'resources/images/medium/med_S3_1.jpg'
11.7998 	EXP 	M_img2: image = 'resources/images/medium/med_S3_2.jpg'
11.7998 	EXP 	M_img3: image = 'resources/images/medium/med_S3_3.jpg'
11.7998 	EXP 	M_img4: image = 'resources/images/medium/med_S3_4.jpg'
11.7998 	EXP 	M_img5: image = 'resources/images/medium/med_S3_5.jpg'
11.7998 	EXP 	M_img6: image = 'resources/images/medium/med_T3.jpg'
11.7998 	EXP 	M_query: autoDraw = True
11.7998 	EXP 	M_img1: autoDraw = True
11.7998 	EXP 	M_img2: autoDraw = True
11.7998 	EXP 	M_img3: autoDraw = True
11.7998 	EXP 	M_img4: autoDraw = True
11.7998 	EXP 	M_img5: autoDraw = True
11.7998 	EXP 	M_img6: autoDraw = True
13.6689 	EXP 	Device response: <KeyPress from None: t=13.667076707992237, value=space, duration=None>
13.6694 	EXP 	New trial (rep=0, index=4): <Trial 4 (4 in rep 0) data={'img_query': 'resources/images/medium/med_Q2.jpg', 'img_query_w': np.int64(1024), 'img_query_h': np.int64(768), 'img_query_disp_w': np.float64(0.4), 'img_query_disp_h': np.float64(0.3), 'sam_1': 'resources/images/medium/med_S2_1.jpg', 'sam_1_w': np.int64(768), 'sam_1_h': np.int64(1024), 'sam_1_disp_w': np.float64(0.2625), 'sam_1_disp_h': np.float64(0.35), 'sam_2': 'resources/images/medium/med_S2_2.jpg', 'sam_2_w': np.int64(350), 'sam_2_h': np.int64(233), 'sam_2_disp_w': np.float64(0.35), 'sam_2_disp_h': np.float64(0.233), 'sam_3': 'resources/images/medium/med_S2_3.jpg', 'sam_3_w': np.int64(1024), 'sam_3_h': np.int64(768), 'sam_3_disp_w': np.float64(0.35), 'sam_3_disp_h': np.float64(0.2625), 'sam_4': 'resources/images/medium/med_S2_4.jpg', 'sam_4_w': np.int64(350), 'sam_4_h': np.int64(234), 'sam_4_disp_w': np.float64(0.35), 'sam_4_disp_h': np.float64(0.234), 'sam_5': 'resources/images/medium/med_S2_5.jpg', 'sam_5_w': np.int64(1024), 'sam_5_h': np.int64(768), 'sam_5_disp_w': np.float64(0.35), 'sam_5_disp_h': np.float64(0.2625), 'img_targ': 'resources/images/medium/med_T2.jpg', 'targ_w': np.int64(4032), 'targ_h': np.int64(2268), 'targ_disp_w': np.float64(0.35), 'targ_disp_h': np.float64(0.196875), 'thisN': 4, 'thisTrialN': 4, 'thisRepN': 0}>
13.8197 	EXP 	Device response: <KeyPress from None: t=13.667076707992237, value=space, duration=0.11610166700847913>
13.8217 	DATA 	Keypress: space
13.8251 	INFO 	Keyboard events cleared
13.8250 	EXP 	M_query: autoDraw = False
13.8250 	EXP 	M_img1: autoDraw = False
13.8250 	EXP 	M_img2: autoDraw = False
13.8250 	EXP 	M_img3: autoDraw = False
13.8250 	EXP 	M_img4: autoDraw = False
13.8250 	EXP 	M_img5: autoDraw = False
13.8250 	EXP 	M_img6: autoDraw = False
13.8250 	EXP 	M_query: image = 'resources/images/medium/med_Q2.jpg'
13.8250 	EXP 	M_img1: image = 'resources/images/medium/med_S2_1.jpg'
13.8250 	EXP 	M_img2: image = 'resources/images/medium/med_S2_2.jpg'
13.8250 	EXP 	M_img3: image = 'resources/images/medium/med_S2_3.jpg'
13.8250 	EXP 	M_img4: image = 'resources/images/medium/med_S2_4.jpg'
13.8250 	EXP 	M_img5: image = 'resources/images/medium/med_S2_5.jpg'
13.8250 	EXP 	M_img6: image = 'resources/images/medium/med_T2.jpg'
13.8250 	EXP 	M_query: autoDraw = True
13.8250 	EXP 	M_img1: autoDraw = True
13.8250 	EXP 	M_img2: autoDraw = True
13.8250 	EXP 	M_img3: autoDraw = True
13.8250 	EXP 	M_img4: autoDraw = True
13.8250 	EXP 	M_img5: autoDraw = True
13.8250 	EXP 	M_img6: autoDraw = True
15.3161 	EXP 	Device response: <KeyPress from None: t=15.313253375003114, value=space, duration=None>
15.3190 	DATA 	Keypress: space
15.3320 	EXP 	M_query: autoDraw = False
15.3320 	EXP 	M_img1: autoDraw = False
15.3320 	EXP 	M_img2: autoDraw = False
15.3320 	EXP 	M_img3: autoDraw = False
15.3320 	EXP 	M_img4: autoDraw = False
15.3320 	EXP 	M_img5: autoDraw = False
15.3320 	EXP 	M_img6: autoDraw = False
15.3320 	EXP 	text: autoDraw = True
15.4191 	EXP 	Device response: <KeyPress from None: t=15.313253375003114, value=space, duration=0.10002704100043047>
17.3249 	EXP 	Imported resources/impLoop.csv as conditions, 5 conditions, 35 params
17.3253 	EXP 	New trial (rep=0, index=0): <Trial 0 (0 in rep 0) data={'imp_query': 'resources/images/impossible/imp_Q1.jpg', 'imp_query_w': np.int64(2160), 'imp_query_h': np.int64(2160), 'imp_query_disp_w': np.float64(0.4), 'imp_query_disp_h': np.float64(0.4), 'imp1': 'resources/images/impossible/imp_S1_1.jpg', 'imp1_w': np.int64(768), 'imp1_h': np.int64(1024), 'imp1_disp_w': np.float64(0.2625), 'imp1_disp_h': np.float64(0.35), 'imp2': 'resources/images/impossible/imp_S1_2.jpg', 'imp2_w': np.int64(768), 'imp2_h': np.int64(1024), 'imp2_disp_w': np.float64(0.2625), 'imp2_disp_h': np.float64(0.35), 'imp3': 'resources/images/impossible/imp_S1_3.jpg', 'imp3_w': np.int64(1024), 'imp3_h': np.int64(768), 'imp3_disp_w': np.float64(0.35), 'imp3_disp_h': np.float64(0.2625), 'imp4': 'resources/images/impossible/imp_S1_4.JPEG', 'imp4_w': np.int64(3840), 'imp4_h': np.int64(2160), 'imp4_disp_w': np.float64(0.35), 'imp4_disp_h': np.float64(0.140625), 'imp5': 'resources/images/impossible/imp_S1_5.jpg', 'imp5_w': np.int64(768), 'imp5_h': np.int64(1024), 'imp5_disp_w': np.float64(0.2625), 'imp5_disp_h': np.float64(0.35), 'imp_targ': 'resources/images/impossible/imp_T1.jpg', 'imp_targ_w': np.int64(2160), 'imp_targ_h': np.int64(2160), 'imp_targ_disp_w': np.float64(0.35), 'imp_targ_disp_h': np.float64(0.35), 'thisN': 0, 'thisTrialN': 0, 'thisRepN': 0}>
17.5550 	INFO 	Keyboard events cleared
17.5549 	EXP 	text: autoDraw = False
17.5549 	EXP 	I_query: image = 'resources/images/impossible/imp_Q1.jpg'
17.5549 	EXP 	I_img1: image = 'resources/images/impossible/imp_S1_1.jpg'
17.5549 	EXP 	I_img2: image = 'resources/images/impossible/imp_S1_2.jpg'
17.5549 	EXP 	I_img3: image = 'resources/images/impossible/imp_S1_3.jpg'
17.5549 	EXP 	I_img4: image = 'resources/images/impossible/imp_S1_4.JPEG'
17.5549 	EXP 	I_img5: image = 'resources/images/impossible/imp_S1_5.jpg'
17.5549 	EXP 	I_img6: image = 'resources/images/impossible/imp_T1.jpg'
17.5549 	EXP 	I_query: autoDraw = True
17.5549 	EXP 	I_img1: autoDraw = True
17.5549 	EXP 	I_img2: autoDraw = True
17.5549 	EXP 	I_img3: autoDraw = True
17.5549 	EXP 	I_img4: autoDraw = True
17.5549 	EXP 	I_img5: autoDraw = True
17.5549 	EXP 	I_img6: autoDraw = True
22.3494 	EXP 	Device response: <KeyPress from None: t=22.348111457991763, value=space, duration=None>
22.3498 	EXP 	New trial (rep=0, index=1): <Trial 1 (1 in rep 0) data={'imp_query': 'resources/images/impossible/imp_Q5.jpg', 'imp_query_w': np.int64(1024), 'imp_query_h': np.int64(768), 'imp_query_disp_w': np.float64(0.4), 'imp_query_disp_h': np.float64(0.3), 'imp1': 'resources/images/impossible/imp_S4_1.jpg', 'imp1_w': np.int64(1024), 'imp1_h': np.int64(768), 'imp1_disp_w': np.float64(0.35), 'imp1_disp_h': np.float64(0.2625), 'imp2': 'resources/images/impossible/imp_S5_2.jpg', 'imp2_w': np.int64(764), 'imp2_h': np.int64(1024), 'imp2_disp_w': np.float64(0.261132813), 'imp2_disp_h': np.float64(0.35), 'imp3': 'resources/images/impossible/imp_S5_3.jpg', 'imp3_w': np.int64(350), 'imp3_h': np.int64(233), 'imp3_disp_w': np.float64(0.35), 'imp3_disp_h': np.float64(0.233), 'imp4': 'resources/images/impossible/imp_S5_4.jpg', 'imp4_w': np.int64(1024), 'imp4_h': np.int64(768), 'imp4_disp_w': np.float64(0.35), 'imp4_disp_h': np.float64(0.1875), 'imp5': 'resources/images/impossible/imp_S5_5.jpg', 'imp5_w': np.int64(350), 'imp5_h': np.int64(233), 'imp5_disp_w': np.float64(0.35), 'imp5_disp_h': np.float64(0.233), 'imp_targ': 'resources/images/impossible/imp_T2.jpg', 'imp_targ_w': np.int64(1024), 'imp_targ_h': np.int64(768), 'imp_targ_disp_w': np.float64(0.35), 'imp_targ_disp_h': np.float64(0.2625), 'thisN': 1, 'thisTrialN': 1, 'thisRepN': 0}>
22.5376 	EXP 	Device response: <KeyPress from None: t=22.348111457991763, value=space, duration=0.07579929201165214>
22.5395 	DATA 	Keypress: space
22.5433 	INFO 	Keyboard events cleared
22.5432 	EXP 	I_query: autoDraw = False
22.5432 	EXP 	I_img1: autoDraw = False
22.5432 	EXP 	I_img2: autoDraw = False
22.5432 	EXP 	I_img3: autoDraw = False
22.5432 	EXP 	I_img4: autoDraw = False
22.5432 	EXP 	I_img5: autoDraw = False
22.5432 	EXP 	I_img6: autoDraw = False
22.5432 	EXP 	I_query: image = 'resources/images/impossible/imp_Q5.jpg'
22.5432 	EXP 	I_img1: image = 'resources/images/impossible/imp_S4_1.jpg'
22.5432 	EXP 	I_img2: image = 'resources/images/impossible/imp_S5_2.jpg'
22.5432 	EXP 	I_img3: image = 'resources/images/impossible/imp_S5_3.jpg'
22.5432 	EXP 	I_img4: image = 'resources/images/impossible/imp_S5_4.jpg'
22.5432 	EXP 	I_img5: image = 'resources/images/impossible/imp_S5_5.jpg'
22.5432 	EXP 	I_img6: image = 'resources/images/impossible/imp_T2.jpg'
22.5432 	EXP 	I_query: autoDraw = True
22.5432 	EXP 	I_img1: autoDraw = True
22.5432 	EXP 	I_img2: autoDraw = True
22.5432 	EXP 	I_img3: autoDraw = True
22.5432 	EXP 	I_img4: autoDraw = True
22.5432 	EXP 	I_img5: autoDraw = True
22.5432 	EXP 	I_img6: autoDraw = True
49.5738 	DATA 	Mouse: Left button down, pos=(942,437)
49.6351 	DATA 	Mouse:  Left button up, pos=(942,437)
49.9142 	EXP 	Device response: <KeyPress from None: t=49.905212290992495, value=space, duration=None>
49.9150 	EXP 	New trial (rep=0, index=2): <Trial 2 (2 in rep 0) data={'imp_query': 'resources/images/impossible/imp_Q2.jpg', 'imp_query_w': np.int64(3024), 'imp_query_h': np.int64(4032), 'imp_query_disp_w': np.float64(0.3), 'imp_query_disp_h': np.float64(0.4), 'imp1': 'resources/images/impossible/imp_S2_1.jpg', 'imp1_w': np.int64(350), 'imp1_h': np.int64(224), 'imp1_disp_w': np.float64(0.35), 'imp1_disp_h': np.float64(0.224), 'imp2': 'resources/images/impossible/imp_S2_2.JPEG', 'imp2_w': np.int64(3840), 'imp2_h': np.int64(2160), 'imp2_disp_w': np.float64(0.35), 'imp2_disp_h': np.float64(0.196875), 'imp3': 'resources/images/impossible/imp_S2_3.jpg', 'imp3_w': np.int64(768), 'imp3_h': np.int64(1024), 'imp3_disp_w': np.float64(0.2625), 'imp3_disp_h': np.float64(0.35), 'imp4': 'resources/images/impossible/imp_S2_4.jpg', 'imp4_w': np.int64(350), 'imp4_h': np.int64(233), 'imp4_disp_w': np.float64(0.35), 'imp4_disp_h': np.float64(0.166428571), 'imp5': 'resources/images/impossible/imp_S2_5.jpg', 'imp5_w': np.int64(768), 'imp5_h': np.int64(1024), 'imp5_disp_w': np.float64(0.2625), 'imp5_disp_h': np.float64(0.35), 'imp_targ': 'resources/images/impossible/imp_T2.jpg', 'imp_targ_w': np.int64(4032), 'imp_targ_h': np.int64(3024), 'imp_targ_disp_w': np.float64(0.35), 'imp_targ_disp_h': np.float64(0.2625), 'thisN': 2, 'thisTrialN': 2, 'thisRepN': 0}>
50.3099 	EXP 	Device response: <KeyPress from None: t=49.905212290992495, value=space, duration=0.09223558400117327>
50.3120 	DATA 	Keypress: space
50.3254 	INFO 	Keyboard events cleared
50.3253 	EXP 	I_query: autoDraw = False
50.3253 	EXP 	I_img1: autoDraw = False
50.3253 	EXP 	I_img2: autoDraw = False
50.3253 	EXP 	I_img3: autoDraw = False
50.3253 	EXP 	I_img4: autoDraw = False
50.3253 	EXP 	I_img5: autoDraw = False
50.3253 	EXP 	I_img6: autoDraw = False
50.3253 	EXP 	I_query: image = 'resources/images/impossible/imp_Q2.jpg'
50.3253 	EXP 	I_img1: image = 'resources/images/impossible/imp_S2_1.jpg'
50.3253 	EXP 	I_img2: image = 'resources/images/impossible/imp_S2_2.JPEG'
50.3253 	EXP 	I_img3: image = 'resources/images/impossible/imp_S2_3.jpg'
50.3253 	EXP 	I_img4: image = 'resources/images/impossible/imp_S2_4.jpg'
50.3253 	EXP 	I_img5: image = 'resources/images/impossible/imp_S2_5.jpg'
50.3253 	EXP 	I_img6: image = 'resources/images/impossible/imp_T2.jpg'
50.3253 	EXP 	I_query: autoDraw = True
50.3253 	EXP 	I_img1: autoDraw = True
50.3253 	EXP 	I_img2: autoDraw = True
50.3253 	EXP 	I_img3: autoDraw = True
50.3253 	EXP 	I_img4: autoDraw = True
50.3253 	EXP 	I_img5: autoDraw = True
50.3253 	EXP 	I_img6: autoDraw = True
52.5180 	EXP 	Device response: <KeyPress from None: t=52.506139249991975, value=space, duration=None>
52.5191 	EXP 	New trial (rep=0, index=3): <Trial 3 (3 in rep 0) data={'imp_query': 'resources/images/impossible/imp_Q3.jpg', 'imp_query_w': np.int64(3840), 'imp_query_h': np.int64(2160), 'imp_query_disp_w': np.float64(0.4), 'imp_query_disp_h': np.float64(0.225), 'imp1': 'resources/images/impossible/imp_S3_1.JPEG', 'imp1_w': np.int64(1920), 'imp1_h': np.int64(1080), 'imp1_disp_w': np.float64(0.35), 'imp1_disp_h': np.float64(0.196875), 'imp2': 'resources/images/impossible/imp_S3_2.jpg', 'imp2_w': np.int64(5344), 'imp2_h': np.int64(3006), 'imp2_disp_w': np.float64(0.35), 'imp2_disp_h': np.float64(0.196875), 'imp3': 'resources/images/impossible/imp_S3_3.JPEG', 'imp3_w': np.int64(3840), 'imp3_h': np.int64(2160), 'imp3_disp_w': np.float64(0.35), 'imp3_disp_h': np.float64(0.196875), 'imp4': 'resources/images/impossible/imp_S3_4.JPEG', 'imp4_w': np.int64(3840), 'imp4_h': np.int64(2160), 'imp4_disp_w': np.float64(0.35), 'imp4_disp_h': np.float64(0.140625), 'imp5': 'resources/images/impossible/imp_S3_5.JPEG', 'imp5_w': np.int64(3840), 'imp5_h': np.int64(2160), 'imp5_disp_w': np.float64(0.35), 'imp5_disp_h': np.float64(0.196875), 'imp_targ': 'resources/images/impossible/imp_T2.jpg', 'imp_targ_w': np.int64(2160), 'imp_targ_h': np.int64(3840), 'imp_targ_disp_w': np.float64(0.196875), 'imp_targ_disp_h': np.float64(0.35), 'thisN': 3, 'thisTrialN': 3, 'thisRepN': 0}>
53.1882 	EXP 	Device response: <KeyPress from None: t=52.506139249991975, value=space, duration=0.13997887499863282>
53.1902 	DATA 	Keypress: space
53.1939 	INFO 	Keyboard events cleared
53.1938 	EXP 	I_query: autoDraw = False
53.1938 	EXP 	I_img1: autoDraw = False
53.1938 	EXP 	I_img2: autoDraw = False
53.1938 	EXP 	I_img3: autoDraw = False
53.1938 	EXP 	I_img4: autoDraw = False
53.1938 	EXP 	I_img5: autoDraw = False
53.1938 	EXP 	I_img6: autoDraw = False
53.1938 	EXP 	I_query: image = 'resources/images/impossible/imp_Q3.jpg'
53.1938 	EXP 	I_img1: image = 'resources/images/impossible/imp_S3_1.JPEG'
53.1938 	EXP 	I_img2: image = 'resources/images/impossible/imp_S3_2.jpg'
53.1938 	EXP 	I_img3: image = 'resources/images/impossible/imp_S3_3.JPEG'
53.1938 	EXP 	I_img4: image = 'resources/images/impossible/imp_S3_4.JPEG'
53.1938 	EXP 	I_img5: image = 'resources/images/impossible/imp_S3_5.JPEG'
53.1938 	EXP 	I_img6: image = 'resources/images/impossible/imp_T2.jpg'
53.1938 	EXP 	I_query: autoDraw = True
53.1938 	EXP 	I_img1: autoDraw = True
53.1938 	EXP 	I_img2: autoDraw = True
53.1938 	EXP 	I_img3: autoDraw = True
53.1938 	EXP 	I_img4: autoDraw = True
53.1938 	EXP 	I_img5: autoDraw = True
53.1938 	EXP 	I_img6: autoDraw = True
54.9675 	EXP 	Device response: <KeyPress from None: t=54.96224454099138, value=space, duration=None>
54.9680 	EXP 	New trial (rep=0, index=4): <Trial 4 (4 in rep 0) data={'imp_query': 'resources/images/impossible/imp_Q4.jpg', 'imp_query_w': np.int64(4032), 'imp_query_h': np.int64(3024), 'imp_query_disp_w': np.float64(0.4), 'imp_query_disp_h': np.float64(0.3), 'imp1': 'resources/images/impossible/imp_S4_1.jpg', 'imp1_w': np.int64(1024), 'imp1_h': np.int64(768), 'imp1_disp_w': np.float64(0.35), 'imp1_disp_h': np.float64(0.2625), 'imp2': 'resources/images/impossible/imp_S4_2.jpg', 'imp2_w': np.int64(768), 'imp2_h': np.int64(1024), 'imp2_disp_w': np.float64(0.2625), 'imp2_disp_h': np.float64(0.35), 'imp3': 'resources/images/impossible/imp_S4_3.jpg', 'imp3_w': np.int64(1024), 'imp3_h': np.int64(768), 'imp3_disp_w': np.float64(0.35), 'imp3_disp_h': np.float64(0.2625), 'imp4': 'resources/images/impossible/imp_S4_4.jpg', 'imp4_w': np.int64(1024), 'imp4_h': np.int64(768), 'imp4_disp_w': np.float64(0.35), 'imp4_disp_h': np.float64(0.1875), 'imp5': 'resources/images/impossible/imp_S4_5.jpg', 'imp5_w': np.int64(3024), 'imp5_h': np.int64(4032), 'imp5_disp_w': np.float64(0.2625), 'imp5_disp_h': np.float64(0.35), 'imp_targ': 'resources/images/impossible/imp_T2.jpg', 'imp_targ_w': np.int64(4032), 'imp_targ_h': np.int64(3024), 'imp_targ_disp_w': np.float64(0.35), 'imp_targ_disp_h': np.float64(0.2625), 'thisN': 4, 'thisTrialN': 4, 'thisRepN': 0}>
55.3801 	EXP 	Device response: <KeyPress from None: t=54.96224454099138, value=space, duration=0.1279835840105079>
55.3822 	DATA 	Keypress: space
55.3860 	INFO 	Keyboard events cleared
55.3859 	EXP 	I_query: autoDraw = False
55.3859 	EXP 	I_img1: autoDraw = False
55.3859 	EXP 	I_img2: autoDraw = False
55.3859 	EXP 	I_img3: autoDraw = False
55.3859 	EXP 	I_img4: autoDraw = False
55.3859 	EXP 	I_img5: autoDraw = False
55.3859 	EXP 	I_img6: autoDraw = False
55.3859 	EXP 	I_query: image = 'resources/images/impossible/imp_Q4.jpg'
55.3859 	EXP 	I_img1: image = 'resources/images/impossible/imp_S4_1.jpg'
55.3859 	EXP 	I_img2: image = 'resources/images/impossible/imp_S4_2.jpg'
55.3859 	EXP 	I_img3: image = 'resources/images/impossible/imp_S4_3.jpg'
55.3859 	EXP 	I_img4: image = 'resources/images/impossible/imp_S4_4.jpg'
55.3859 	EXP 	I_img5: image = 'resources/images/impossible/imp_S4_5.jpg'
55.3859 	EXP 	I_img6: image = 'resources/images/impossible/imp_T2.jpg'
55.3859 	EXP 	I_query: autoDraw = True
55.3859 	EXP 	I_img1: autoDraw = True
55.3859 	EXP 	I_img2: autoDraw = True
55.3859 	EXP 	I_img3: autoDraw = True
55.3859 	EXP 	I_img4: autoDraw = True
55.3859 	EXP 	I_img5: autoDraw = True
55.3859 	EXP 	I_img6: autoDraw = True
56.1508 	EXP 	Device response: <KeyPress from None: t=56.137939874999574, value=space, duration=None>
56.1577 	DATA 	Keypress: space
56.1636 	EXP 	I_query: autoDraw = False
56.1636 	EXP 	I_img1: autoDraw = False
56.1636 	EXP 	I_img2: autoDraw = False
56.1636 	EXP 	I_img3: autoDraw = False
56.1636 	EXP 	I_img4: autoDraw = False
56.1636 	EXP 	I_img5: autoDraw = False
56.1636 	EXP 	I_img6: autoDraw = False
56.1636 	EXP 	end_message: autoDraw = True
56.2380 	EXP 	Device response: <KeyPress from None: t=56.137939874999574, value=space, duration=0.09611258299264591>
56.8185 	EXP 	Device response: <KeyPress from None: t=56.81222920799337, value=escape, duration=None>
56.8504 	DATA 	Keypress: escape
56.9474 	EXP 	Device response: <KeyPress from None: t=56.81222920799337, value=escape, duration=0.1319077920052223>
56.9474 	EXP 	pilot_study: status = STOPPED
56.9501 	EXP 	end_message: autoDraw = False
56.9501 	EXP 	pilot_study: status = STOPPED
56.9560 	INFO 	saved data to '/Users/marcogiven/Desktop/projects/S25_SURE/colorStudyPilot/data/_pilot_study_2025-06-27_12h10.29.296.csv'
56.9581 	INFO 	saved data to /Users/marcogiven/Desktop/projects/S25_SURE/colorStudyPilot/data/_pilot_study_2025-06-27_12h10.29.296.psydat
57.0873 	WARNING 	Stopping key buffers but this could be dangerous ifother keyboards rely on the same.
57.0873 	WARNING 	Stopping key buffers but this could be dangerous ifother keyboards rely on the same.
57.0873 	WARNING 	Stopping key buffers but this could be dangerous ifother keyboards rely on the same.
57.0873 	WARNING 	Stopping key buffers but this could be dangerous ifother keyboards rely on the same.
