17.5721 	WARNING 	Font Manager failed to load file /System/Library/PrivateFrameworks/FontServices.framework/Resources/Reserved/PingFangUI.ttc
17.7972 	WARNING 	Font Manager failed to load file /System/Library/PrivateFrameworks/FontServices.framework/Resources/Reserved/PingFangUI.ttc
20.1372 	INFO 	Loaded monitor calibration from ['2025_06_12 14:42']
20.2662 	INFO 	Using renderer 'Apple M1 Pro' for graphics
20.2663 	INFO 	OpenGL version supported by driver is 2..
20.3001 	EXP 	Created window1 = Window(allowGUI=True, allowStencil=False, autoLog=True, backendConf=UNKNOWN, backgroundFit=<method-wrapper '__getattribute__' of attributeSetter object at 0x15618a620>, backgroundImage=<method-wrapper '__getattribute__' of attributeSetter object at 0x15618a680>, bitsMode=UNKNOWN, blendMode='avg', bpc=(8, 8, 8), color=array([0, 0, 0]), colorSpace='rgb', depthBits=8, fullscr=False, gamma=None, gammaErrorPolicy='raise', infoMsg=UNKNOWN, lms=UNKNOWN, monitor=<psychopy.monitors.calibTools.Monitor object at 0x156227b20>, multiSample=False, name='window1', numSamples=2, pos=[np.float64(260.0), np.float64(224.5)], screen=0, size=array([2560, 1440]), stencilBits=0, stereo=False, title='PsychoPy', units='height', useFBO=True, useRetina=True, viewOri=0.0, viewPos=None, viewScale=None, waitBlanking=True, winType='pyglet')
20.3001 	EXP 	window1: backgroundImage = ''
20.3001 	EXP 	window1: backgroundFit = 'none'
20.8868 	INFO 	keyboard.Keyboard is using ptb backend.
21.0643 	INFO 	keyboard.Keyboard is using ptb backend.
21.1578 	INFO 	keyboard.Keyboard is using ptb backend.
21.1578 	EXP 	pilot_study: status = STARTED
21.2040 	EXP 	Created welcome_message = TextStim(__class__=<class 'psychopy.visual.text.TextStim'>, alignHoriz=method-wrapper(...), alignText='center', alignVert=method-wrapper(...), anchorHoriz='center', anchorVert='center', antialias=True, autoDraw=False, autoLog=True, bold=False, color=array([1., 1., 1.]), colorSpace='rgb', contrast=1.0, depth=0.0, draggable=False, flipHoriz=False, flipVert=False, font='Arial', fontFiles=[], height=np.float64(0.05), italic=False, languageStyle='LTR', name='welcome_message', opacity=1, ori=0.0, pos=array([0., 0.]), rgb=UNKNOWN, text=str(...), units='height', win=Window(...), wrapWidth=1)
21.2224 	EXP 	Created M_query = ImageStim(__class__=<class 'psychopy.visual.image.ImageStim'>, anchor=('center', 'center'), autoLog=True, color=array([1., 1., 1.]), colorSpace='rgb', contrast=1.0, depth=0.0, draggable=False, flipHoriz=np.False_, flipVert=np.False_, image='default.png', interpolate=True, mask=None, maskParams=None, name='M_query', opacity=1, ori=0.0, pos=array([0.  , 0.35]), size=array([1., 1.]), texRes=128.0, units='height', win=Window(...))
21.2256 	EXP 	Created M_top_left = ImageStim(__class__=<class 'psychopy.visual.image.ImageStim'>, anchor=('center', 'center'), autoLog=True, color=array([1., 1., 1.]), colorSpace='rgb', contrast=1.0, depth=-1.0, draggable=False, flipHoriz=np.False_, flipVert=np.False_, image='default.png', interpolate=True, mask=None, maskParams=None, name='M_top_left', opacity=1, ori=0.0, pos=array([0., 0.]), size=array([1., 1.]), texRes=128.0, units='height', win=Window(...))
21.2287 	EXP 	Created M_top_mid = ImageStim(__class__=<class 'psychopy.visual.image.ImageStim'>, anchor=('center', 'center'), autoLog=True, color=array([1., 1., 1.]), colorSpace='rgb', contrast=1.0, depth=-2.0, draggable=False, flipHoriz=np.False_, flipVert=np.False_, image='default.png', interpolate=True, mask=None, maskParams=None, name='M_top_mid', opacity=1, ori=0.0, pos=array([0., 0.]), size=array([1., 1.]), texRes=128.0, units='height', win=Window(...))
21.2317 	EXP 	Created M_top_right = ImageStim(__class__=<class 'psychopy.visual.image.ImageStim'>, anchor=('center', 'center'), autoLog=True, color=array([1., 1., 1.]), colorSpace='rgb', contrast=1.0, depth=-3.0, draggable=True, flipHoriz=np.False_, flipVert=np.False_, image='default.png', interpolate=True, mask=None, maskParams=None, name='M_top_right', opacity=1, ori=0.0, pos=array([0., 0.]), size=array([1., 1.]), texRes=128.0, units='height', win=Window(...))
21.2347 	EXP 	Created M_bot_left = ImageStim(__class__=<class 'psychopy.visual.image.ImageStim'>, anchor=('center', 'center'), autoLog=True, color=array([1., 1., 1.]), colorSpace='rgb', contrast=1.0, depth=-4.0, draggable=False, flipHoriz=np.False_, flipVert=np.False_, image='default.png', interpolate=True, mask=None, maskParams=None, name='M_bot_left', opacity=1, ori=0.0, pos=array([0., 0.]), size=array([1., 1.]), texRes=128.0, units='height', win=Window(...))
21.2377 	EXP 	Created M_bot_mid = ImageStim(__class__=<class 'psychopy.visual.image.ImageStim'>, anchor=('center', 'center'), autoLog=True, color=array([1., 1., 1.]), colorSpace='rgb', contrast=1.0, depth=-5.0, draggable=False, flipHoriz=np.False_, flipVert=np.False_, image='default.png', interpolate=True, mask=None, maskParams=None, name='M_bot_mid', opacity=1, ori=0.0, pos=array([0., 0.]), size=array([1., 1.]), texRes=128.0, units='height', win=Window(...))
21.2407 	EXP 	Created M_bot_right = ImageStim(__class__=<class 'psychopy.visual.image.ImageStim'>, anchor=('center', 'center'), autoLog=True, color=array([1., 1., 1.]), colorSpace='rgb', contrast=1.0, depth=-6.0, draggable=False, flipHoriz=np.False_, flipVert=np.False_, image='default.png', interpolate=True, mask=None, maskParams=None, name='M_bot_right', opacity=1, ori=0.0, pos=array([0., 0.]), size=array([1., 1.]), texRes=128.0, units='height', win=Window(...))
21.2452 	EXP 	Created end_message = TextStim(__class__=<class 'psychopy.visual.text.TextStim'>, alignHoriz=method-wrapper(...), alignText='center', alignVert=method-wrapper(...), anchorHoriz='center', anchorVert='center', antialias=True, autoDraw=False, autoLog=True, bold=False, color=array([1., 1., 1.]), colorSpace='rgb', contrast=1.0, depth=0.0, draggable=False, flipHoriz=False, flipVert=False, font='Arial', fontFiles=[], height=np.float64(0.05), italic=False, languageStyle='LTR', name='end_message', opacity=1, ori=0.0, pos=array([0., 0.]), rgb=UNKNOWN, text=str(...), units='height', win=Window(...), wrapWidth=1)
0.0573 	EXP 	welcome_message: autoDraw = True
9.1062 	DATA 	Mouse: Left button down, pos=(722,575)
9.2082 	DATA 	Mouse:  Left button up, pos=(722,575)
10.0915 	EXP 	Device response: <KeyPress from None: t=9.891243540987489, value=space, duration=None>
10.0917 	EXP 	Device response: <KeyPress from None: t=9.891243540987489, value=space, duration=0.06816754200553987>
10.0968 	EXP 	Imported resources/positions.csv as conditions, 5 conditions, 12 params
10.0971 	EXP 	New trial (rep=0, index=0): <Trial 0 (0 in rep 0) data={'pos1_x': np.float64(0.55), 'pos1_y': np.float64(-0.35), 'pos2_x': np.float64(0.0), 'pos2_y': np.float64(-0.35), 'pos3_x': np.float64(-0.55), 'pos3_y': np.float64(-0.35), 'pos4_x': np.float64(0.55), 'pos4_y': np.float64(0.0), 'pos5_x': np.float64(-0.55), 'pos5_y': np.float64(0.0), 'pos6_x': np.float64(0.0), 'pos6_y': np.float64(0.0), 'thisN': 0, 'thisTrialN': 0, 'thisRepN': 0}>
10.1014 	EXP 	Imported resources/midLoop.csv as conditions, 5 conditions, 35 params
10.1015 	EXP 	New trial (rep=0, index=0): <Trial 0 (0 in rep 0) data={'img_query': 'resources/images/medium/med_Q5.jpg', 'img_query_w': np.int64(1024), 'img_query_h': np.int64(768), 'img_query_disp_w': np.float64(0.3), 'img_query_disp_h': np.float64(0.225), 'sam_1': 'resources/images/medium/med_S1_5.jpg', 'sam_1_w': np.int64(1024), 'sam_1_h': np.int64(768), 'sam_1_disp_w': np.float64(0.3), 'sam_1_disp_h': np.float64(0.225), 'sam_2': 'resources/images/medium/med_S2_5.jpg', 'sam_2_w': np.int64(1024), 'sam_2_h': np.int64(768), 'sam_2_disp_w': np.float64(0.25), 'sam_2_disp_h': np.float64(0.1875), 'sam_3': 'resources/images/medium/med_S3_5.jpg', 'sam_3_w': np.int64(3264), 'sam_3_h': np.int64(1840), 'sam_3_disp_w': np.float64(0.25), 'sam_3_disp_h': np.float64(0.140931373), 'sam_4': 'resources/images/medium/med_S4_5.jpg', 'sam_4_w': np.int64(768), 'sam_4_h': np.int64(1024), 'sam_4_disp_w': np.float64(0.1875), 'sam_4_disp_h': np.float64(0.25), 'sam_5': 'resources/images/medium/med_S5_5.jpg', 'sam_5_w': np.int64(350), 'sam_5_h': np.int64(233), 'sam_5_disp_w': np.float64(0.25), 'sam_5_disp_h': np.float64(0.166428571), 'img_targ': 'resources/images/medium/med_T5.jpg', 'targ_w': np.int64(768), 'targ_h': np.int64(1024), 'targ_disp_w': np.float64(0.1875), 'targ_disp_h': np.float64(0.25), 'thisN': 0, 'thisTrialN': 0, 'thisRepN': 0}>
10.2573 	DATA 	Keypress: space
10.2617 	INFO 	Keyboard events cleared
10.2616 	EXP 	welcome_message: autoDraw = False
10.2616 	EXP 	M_query: image = 'resources/images/medium/med_Q5.jpg'
10.2616 	EXP 	M_top_left: image = 'resources/images/medium/med_S1_5.jpg'
10.2616 	EXP 	M_top_mid: image = 'resources/images/medium/med_S2_5.jpg'
10.2616 	EXP 	M_top_right: image = 'resources/images/medium/med_S3_5.jpg'
10.2616 	EXP 	M_bot_left: image = 'resources/images/medium/med_S4_5.jpg'
10.2616 	EXP 	M_bot_mid: image = 'resources/images/medium/med_S5_5.jpg'
10.2616 	EXP 	M_bot_right: image = 'resources/images/medium/med_T5.jpg'
10.2616 	EXP 	M_query: autoDraw = True
10.2616 	EXP 	M_top_left: autoDraw = True
10.2616 	EXP 	M_top_mid: autoDraw = True
10.2616 	EXP 	M_top_right: autoDraw = True
10.2616 	EXP 	M_bot_left: autoDraw = True
10.2616 	EXP 	M_bot_mid: autoDraw = True
10.2616 	EXP 	M_bot_right: autoDraw = True
17.5343 	DATA 	Mouse: Left button down, pos=(680,401)
17.5890 	DATA 	Mouse:  Left button up, pos=(680,401)
17.9092 	EXP 	Device response: <KeyPress from None: t=17.902908749994822, value=space, duration=None>
17.9098 	EXP 	New trial (rep=0, index=1): <Trial 1 (1 in rep 0) data={'img_query': 'resources/images/medium/med_Q4.jpg', 'img_query_w': np.int64(768), 'img_query_h': np.int64(1024), 'img_query_disp_w': np.float64(0.225), 'img_query_disp_h': np.float64(0.3), 'sam_1': 'resources/images/medium/med_S1_4.jpg', 'sam_1_w': np.int64(1024), 'sam_1_h': np.int64(768), 'sam_1_disp_w': np.float64(0.3), 'sam_1_disp_h': np.float64(0.225), 'sam_2': 'resources/images/medium/med_S2_4.jpg', 'sam_2_w': np.int64(350), 'sam_2_h': np.int64(234), 'sam_2_disp_w': np.float64(0.25), 'sam_2_disp_h': np.float64(0.167142857), 'sam_3': 'resources/images/medium/med_S3_4.jpg', 'sam_3_w': np.int64(350), 'sam_3_h': np.int64(341), 'sam_3_disp_w': np.float64(0.25), 'sam_3_disp_h': np.float64(0.243571429), 'sam_4': 'resources/images/medium/med_S4_4.jpg', 'sam_4_w': np.int64(768), 'sam_4_h': np.int64(1024), 'sam_4_disp_w': np.float64(0.1875), 'sam_4_disp_h': np.float64(0.25), 'sam_5': 'resources/images/medium/med_S5_4.jpg', 'sam_5_w': np.int64(350), 'sam_5_h': np.int64(208), 'sam_5_disp_w': np.float64(0.25), 'sam_5_disp_h': np.float64(0.148571429), 'img_targ': 'resources/images/medium/med_T4.jpg', 'targ_w': np.int64(768), 'targ_h': np.int64(1024), 'targ_disp_w': np.float64(0.1875), 'targ_disp_h': np.float64(0.25), 'thisN': 1, 'thisTrialN': 1, 'thisRepN': 0}>
17.9866 	DATA 	Keypress: space
17.9898 	INFO 	Keyboard events cleared
17.9897 	EXP 	M_query: autoDraw = False
17.9897 	EXP 	M_top_left: autoDraw = False
17.9897 	EXP 	M_top_mid: autoDraw = False
17.9897 	EXP 	M_top_right: autoDraw = False
17.9897 	EXP 	M_bot_left: autoDraw = False
17.9897 	EXP 	M_bot_mid: autoDraw = False
17.9897 	EXP 	M_bot_right: autoDraw = False
17.9897 	EXP 	M_query: image = 'resources/images/medium/med_Q4.jpg'
17.9897 	EXP 	M_top_left: image = 'resources/images/medium/med_S1_4.jpg'
17.9897 	EXP 	M_top_mid: image = 'resources/images/medium/med_S2_4.jpg'
17.9897 	EXP 	M_top_right: image = 'resources/images/medium/med_S3_4.jpg'
17.9897 	EXP 	M_bot_left: image = 'resources/images/medium/med_S4_4.jpg'
17.9897 	EXP 	M_bot_mid: image = 'resources/images/medium/med_S5_4.jpg'
17.9897 	EXP 	M_bot_right: image = 'resources/images/medium/med_T4.jpg'
17.9897 	EXP 	M_query: autoDraw = True
17.9897 	EXP 	M_top_left: autoDraw = True
17.9897 	EXP 	M_top_mid: autoDraw = True
17.9897 	EXP 	M_top_right: autoDraw = True
17.9897 	EXP 	M_bot_left: autoDraw = True
17.9897 	EXP 	M_bot_mid: autoDraw = True
17.9897 	EXP 	M_bot_right: autoDraw = True
18.0501 	EXP 	Device response: <KeyPress from None: t=17.902908749994822, value=space, duration=0.13607395799772348>
19.0249 	EXP 	Device response: <KeyPress from None: t=19.01963616599096, value=space, duration=None>
19.0256 	EXP 	New trial (rep=0, index=2): <Trial 2 (2 in rep 0) data={'img_query': 'resources/images/medium/med_Q1.jpg', 'img_query_w': np.int64(4032), 'img_query_h': np.int64(3024), 'img_query_disp_w': np.float64(0.3), 'img_query_disp_h': np.float64(0.225), 'sam_1': 'resources/images/medium/med_S1_1.jpg', 'sam_1_w': np.int64(768), 'sam_1_h': np.int64(1024), 'sam_1_disp_w': np.float64(0.225), 'sam_1_disp_h': np.float64(0.3), 'sam_2': 'resources/images/medium/med_S2_1.jpg', 'sam_2_w': np.int64(768), 'sam_2_h': np.int64(1024), 'sam_2_disp_w': np.float64(0.1875), 'sam_2_disp_h': np.float64(0.25), 'sam_3': 'resources/images/medium/med_S3_1.jpg', 'sam_3_w': np.int64(350), 'sam_3_h': np.int64(233), 'sam_3_disp_w': np.float64(0.25), 'sam_3_disp_h': np.float64(0.166428571), 'sam_4': 'resources/images/medium/med_S4_1.jpg', 'sam_4_w': np.int64(768), 'sam_4_h': np.int64(1024), 'sam_4_disp_w': np.float64(0.1875), 'sam_4_disp_h': np.float64(0.25), 'sam_5': 'resources/images/medium/med_S5_1.jpg', 'sam_5_w': np.int64(768), 'sam_5_h': np.int64(1040), 'sam_5_disp_w': np.float64(0.184615385), 'sam_5_disp_h': np.float64(0.25), 'img_targ': 'resources/images/medium/med_T1.jpg', 'targ_w': np.int64(1024), 'targ_h': np.int64(768), 'targ_disp_w': np.float64(0.25), 'targ_disp_h': np.float64(0.1875), 'thisN': 2, 'thisTrialN': 2, 'thisRepN': 0}>
19.2460 	EXP 	Device response: <KeyPress from None: t=19.01963616599096, value=space, duration=0.0560082090087235>
19.2480 	DATA 	Keypress: space
19.2514 	INFO 	Keyboard events cleared
19.2514 	EXP 	M_query: autoDraw = False
19.2514 	EXP 	M_top_left: autoDraw = False
19.2514 	EXP 	M_top_mid: autoDraw = False
19.2514 	EXP 	M_top_right: autoDraw = False
19.2514 	EXP 	M_bot_left: autoDraw = False
19.2514 	EXP 	M_bot_mid: autoDraw = False
19.2514 	EXP 	M_bot_right: autoDraw = False
19.2514 	EXP 	M_query: image = 'resources/images/medium/med_Q1.jpg'
19.2514 	EXP 	M_top_left: image = 'resources/images/medium/med_S1_1.jpg'
19.2514 	EXP 	M_top_mid: image = 'resources/images/medium/med_S2_1.jpg'
19.2514 	EXP 	M_top_right: image = 'resources/images/medium/med_S3_1.jpg'
19.2514 	EXP 	M_bot_left: image = 'resources/images/medium/med_S4_1.jpg'
19.2514 	EXP 	M_bot_mid: image = 'resources/images/medium/med_S5_1.jpg'
19.2514 	EXP 	M_bot_right: image = 'resources/images/medium/med_T1.jpg'
19.2514 	EXP 	M_query: autoDraw = True
19.2514 	EXP 	M_top_left: autoDraw = True
19.2514 	EXP 	M_top_mid: autoDraw = True
19.2514 	EXP 	M_top_right: autoDraw = True
19.2514 	EXP 	M_bot_left: autoDraw = True
19.2514 	EXP 	M_bot_mid: autoDraw = True
19.2514 	EXP 	M_bot_right: autoDraw = True
20.4861 	EXP 	Device response: <KeyPress from None: t=20.468967915992835, value=space, duration=None>
20.4873 	EXP 	New trial (rep=0, index=3): <Trial 3 (3 in rep 0) data={'img_query': 'resources/images/medium/med_Q2.jpg', 'img_query_w': np.int64(1024), 'img_query_h': np.int64(768), 'img_query_disp_w': np.float64(0.3), 'img_query_disp_h': np.float64(0.225), 'sam_1': 'resources/images/medium/med_S1_2.jpg', 'sam_1_w': np.int64(4032), 'sam_1_h': np.int64(3024), 'sam_1_disp_w': np.float64(0.3), 'sam_1_disp_h': np.float64(0.225), 'sam_2': 'resources/images/medium/med_S2_2.jpg', 'sam_2_w': np.int64(250), 'sam_2_h': np.int64(233), 'sam_2_disp_w': np.float64(0.25), 'sam_2_disp_h': np.float64(0.233), 'sam_3': 'resources/images/medium/med_S3_2.jpg', 'sam_3_w': np.int64(1024), 'sam_3_h': np.int64(768), 'sam_3_disp_w': np.float64(0.25), 'sam_3_disp_h': np.float64(0.1875), 'sam_4': 'resources/images/medium/med_S4_2.jpg', 'sam_4_w': np.int64(350), 'sam_4_h': np.int64(233), 'sam_4_disp_w': np.float64(0.25), 'sam_4_disp_h': np.float64(0.166428571), 'sam_5': 'resources/images/medium/med_S5_2.jpg', 'sam_5_w': np.int64(350), 'sam_5_h': np.int64(233), 'sam_5_disp_w': np.float64(0.25), 'sam_5_disp_h': np.float64(0.166428571), 'img_targ': 'resources/images/medium/med_T2.jpg', 'targ_w': np.int64(4032), 'targ_h': np.int64(2268), 'targ_disp_w': np.float64(0.25), 'targ_disp_h': np.float64(0.140625), 'thisN': 3, 'thisTrialN': 3, 'thisRepN': 0}>
20.7678 	EXP 	Device response: <KeyPress from None: t=20.468967915992835, value=space, duration=0.07211187500797678>
20.7698 	DATA 	Keypress: space
20.7732 	INFO 	Keyboard events cleared
20.7731 	EXP 	M_query: autoDraw = False
20.7731 	EXP 	M_top_left: autoDraw = False
20.7731 	EXP 	M_top_mid: autoDraw = False
20.7731 	EXP 	M_top_right: autoDraw = False
20.7731 	EXP 	M_bot_left: autoDraw = False
20.7731 	EXP 	M_bot_mid: autoDraw = False
20.7731 	EXP 	M_bot_right: autoDraw = False
20.7731 	EXP 	M_query: image = 'resources/images/medium/med_Q2.jpg'
20.7731 	EXP 	M_top_left: image = 'resources/images/medium/med_S1_2.jpg'
20.7731 	EXP 	M_top_mid: image = 'resources/images/medium/med_S2_2.jpg'
20.7731 	EXP 	M_top_right: image = 'resources/images/medium/med_S3_2.jpg'
20.7731 	EXP 	M_bot_left: image = 'resources/images/medium/med_S4_2.jpg'
20.7731 	EXP 	M_bot_mid: image = 'resources/images/medium/med_S5_2.jpg'
20.7731 	EXP 	M_bot_right: image = 'resources/images/medium/med_T2.jpg'
20.7731 	EXP 	M_query: autoDraw = True
20.7731 	EXP 	M_top_left: autoDraw = True
20.7731 	EXP 	M_top_mid: autoDraw = True
20.7731 	EXP 	M_top_right: autoDraw = True
20.7731 	EXP 	M_bot_left: autoDraw = True
20.7731 	EXP 	M_bot_mid: autoDraw = True
20.7731 	EXP 	M_bot_right: autoDraw = True
21.4552 	EXP 	Device response: <KeyPress from None: t=21.448784583000815, value=space, duration=None>
21.4557 	EXP 	New trial (rep=0, index=4): <Trial 4 (4 in rep 0) data={'img_query': 'resources/images/medium/med_Q3.jpg', 'img_query_w': np.int64(1024), 'img_query_h': np.int64(768), 'img_query_disp_w': np.float64(0.3), 'img_query_disp_h': np.float64(0.225), 'sam_1': 'resources/images/medium/med_S1_3.jpg', 'sam_1_w': np.int64(4160), 'sam_1_h': np.int64(2340), 'sam_1_disp_w': np.float64(0.3), 'sam_1_disp_h': np.float64(0.16875), 'sam_2': 'resources/images/medium/med_S2_3.jpg', 'sam_2_w': np.int64(1024), 'sam_2_h': np.int64(768), 'sam_2_disp_w': np.float64(0.25), 'sam_2_disp_h': np.float64(0.1875), 'sam_3': 'resources/images/medium/med_S3_3.jpg', 'sam_3_w': np.int64(1024), 'sam_3_h': np.int64(768), 'sam_3_disp_w': np.float64(0.25), 'sam_3_disp_h': np.float64(0.1875), 'sam_4': 'resources/images/medium/med_S4_3.jpg', 'sam_4_w': np.int64(350), 'sam_4_h': np.int64(197), 'sam_4_disp_w': np.float64(0.25), 'sam_4_disp_h': np.float64(0.140714286), 'sam_5': 'resources/images/medium/med_S5_3.jpg', 'sam_5_w': np.int64(2592), 'sam_5_h': np.int64(4608), 'sam_5_disp_w': np.float64(0.140625), 'sam_5_disp_h': np.float64(0.25), 'img_targ': 'resources/images/medium/med_T3.jpg', 'targ_w': np.int64(1024), 'targ_h': np.int64(768), 'targ_disp_w': np.float64(0.25), 'targ_disp_h': np.float64(0.1875), 'thisN': 4, 'thisTrialN': 4, 'thisRepN': 0}>
21.7838 	EXP 	Device response: <KeyPress from None: t=21.448784583000815, value=space, duration=0.08366470799956005>
21.7857 	DATA 	Keypress: space
21.7891 	INFO 	Keyboard events cleared
21.7890 	EXP 	M_query: autoDraw = False
21.7890 	EXP 	M_top_left: autoDraw = False
21.7890 	EXP 	M_top_mid: autoDraw = False
21.7890 	EXP 	M_top_right: autoDraw = False
21.7890 	EXP 	M_bot_left: autoDraw = False
21.7890 	EXP 	M_bot_mid: autoDraw = False
21.7890 	EXP 	M_bot_right: autoDraw = False
21.7890 	EXP 	M_query: image = 'resources/images/medium/med_Q3.jpg'
21.7890 	EXP 	M_top_left: image = 'resources/images/medium/med_S1_3.jpg'
21.7890 	EXP 	M_top_mid: image = 'resources/images/medium/med_S2_3.jpg'
21.7890 	EXP 	M_top_right: image = 'resources/images/medium/med_S3_3.jpg'
21.7890 	EXP 	M_bot_left: image = 'resources/images/medium/med_S4_3.jpg'
21.7890 	EXP 	M_bot_mid: image = 'resources/images/medium/med_S5_3.jpg'
21.7890 	EXP 	M_bot_right: image = 'resources/images/medium/med_T3.jpg'
21.7890 	EXP 	M_query: autoDraw = True
21.7890 	EXP 	M_top_left: autoDraw = True
21.7890 	EXP 	M_top_mid: autoDraw = True
21.7890 	EXP 	M_top_right: autoDraw = True
21.7890 	EXP 	M_bot_left: autoDraw = True
21.7890 	EXP 	M_bot_mid: autoDraw = True
21.7890 	EXP 	M_bot_right: autoDraw = True
22.3346 	EXP 	Device response: <KeyPress from None: t=22.32504583300033, value=space, duration=None>
22.3413 	EXP 	New trial (rep=0, index=1): <Trial 1 (1 in rep 0) data={'pos1_x': np.float64(0.55), 'pos1_y': np.float64(-0.35), 'pos2_x': np.float64(0.55), 'pos2_y': np.float64(0.0), 'pos3_x': np.float64(0.0), 'pos3_y': np.float64(-0.35), 'pos4_x': np.float64(-0.55), 'pos4_y': np.float64(0.0), 'pos5_x': np.float64(0.0), 'pos5_y': np.float64(0.0), 'pos6_x': np.float64(-0.55), 'pos6_y': np.float64(-0.35), 'thisN': 1, 'thisTrialN': 1, 'thisRepN': 0}>
22.3521 	EXP 	Imported resources/midLoop.csv as conditions, 5 conditions, 35 params
22.3525 	EXP 	New trial (rep=0, index=0): <Trial 0 (0 in rep 0) data={'img_query': 'resources/images/medium/med_Q1.jpg', 'img_query_w': np.int64(4032), 'img_query_h': np.int64(3024), 'img_query_disp_w': np.float64(0.3), 'img_query_disp_h': np.float64(0.225), 'sam_1': 'resources/images/medium/med_S1_1.jpg', 'sam_1_w': np.int64(768), 'sam_1_h': np.int64(1024), 'sam_1_disp_w': np.float64(0.225), 'sam_1_disp_h': np.float64(0.3), 'sam_2': 'resources/images/medium/med_S2_1.jpg', 'sam_2_w': np.int64(768), 'sam_2_h': np.int64(1024), 'sam_2_disp_w': np.float64(0.1875), 'sam_2_disp_h': np.float64(0.25), 'sam_3': 'resources/images/medium/med_S3_1.jpg', 'sam_3_w': np.int64(350), 'sam_3_h': np.int64(233), 'sam_3_disp_w': np.float64(0.25), 'sam_3_disp_h': np.float64(0.166428571), 'sam_4': 'resources/images/medium/med_S4_1.jpg', 'sam_4_w': np.int64(768), 'sam_4_h': np.int64(1024), 'sam_4_disp_w': np.float64(0.1875), 'sam_4_disp_h': np.float64(0.25), 'sam_5': 'resources/images/medium/med_S5_1.jpg', 'sam_5_w': np.int64(768), 'sam_5_h': np.int64(1040), 'sam_5_disp_w': np.float64(0.184615385), 'sam_5_disp_h': np.float64(0.25), 'img_targ': 'resources/images/medium/med_T1.jpg', 'targ_w': np.int64(1024), 'targ_h': np.int64(768), 'targ_disp_w': np.float64(0.25), 'targ_disp_h': np.float64(0.1875), 'thisN': 0, 'thisTrialN': 0, 'thisRepN': 0}>
22.5491 	EXP 	Device response: <KeyPress from None: t=22.32504583300033, value=space, duration=0.08394016699458007>
22.5511 	DATA 	Keypress: space
22.5545 	INFO 	Keyboard events cleared
22.5544 	EXP 	M_query: autoDraw = False
22.5544 	EXP 	M_top_left: autoDraw = False
22.5544 	EXP 	M_top_mid: autoDraw = False
22.5544 	EXP 	M_top_right: autoDraw = False
22.5544 	EXP 	M_bot_left: autoDraw = False
22.5544 	EXP 	M_bot_mid: autoDraw = False
22.5544 	EXP 	M_bot_right: autoDraw = False
22.5544 	EXP 	M_query: image = 'resources/images/medium/med_Q1.jpg'
22.5544 	EXP 	M_top_left: image = 'resources/images/medium/med_S1_1.jpg'
22.5544 	EXP 	M_top_mid: image = 'resources/images/medium/med_S2_1.jpg'
22.5544 	EXP 	M_top_right: image = 'resources/images/medium/med_S3_1.jpg'
22.5544 	EXP 	M_bot_left: image = 'resources/images/medium/med_S4_1.jpg'
22.5544 	EXP 	M_bot_mid: image = 'resources/images/medium/med_S5_1.jpg'
22.5544 	EXP 	M_bot_right: image = 'resources/images/medium/med_T1.jpg'
22.5544 	EXP 	M_query: autoDraw = True
22.5544 	EXP 	M_top_left: autoDraw = True
22.5544 	EXP 	M_top_mid: autoDraw = True
22.5544 	EXP 	M_top_right: autoDraw = True
22.5544 	EXP 	M_bot_left: autoDraw = True
22.5544 	EXP 	M_bot_mid: autoDraw = True
22.5544 	EXP 	M_bot_right: autoDraw = True
22.9680 	EXP 	Device response: <KeyPress from None: t=22.95429808300105, value=space, duration=None>
22.9686 	EXP 	New trial (rep=0, index=1): <Trial 1 (1 in rep 0) data={'img_query': 'resources/images/medium/med_Q4.jpg', 'img_query_w': np.int64(768), 'img_query_h': np.int64(1024), 'img_query_disp_w': np.float64(0.225), 'img_query_disp_h': np.float64(0.3), 'sam_1': 'resources/images/medium/med_S1_4.jpg', 'sam_1_w': np.int64(1024), 'sam_1_h': np.int64(768), 'sam_1_disp_w': np.float64(0.3), 'sam_1_disp_h': np.float64(0.225), 'sam_2': 'resources/images/medium/med_S2_4.jpg', 'sam_2_w': np.int64(350), 'sam_2_h': np.int64(234), 'sam_2_disp_w': np.float64(0.25), 'sam_2_disp_h': np.float64(0.167142857), 'sam_3': 'resources/images/medium/med_S3_4.jpg', 'sam_3_w': np.int64(350), 'sam_3_h': np.int64(341), 'sam_3_disp_w': np.float64(0.25), 'sam_3_disp_h': np.float64(0.243571429), 'sam_4': 'resources/images/medium/med_S4_4.jpg', 'sam_4_w': np.int64(768), 'sam_4_h': np.int64(1024), 'sam_4_disp_w': np.float64(0.1875), 'sam_4_disp_h': np.float64(0.25), 'sam_5': 'resources/images/medium/med_S5_4.jpg', 'sam_5_w': np.int64(350), 'sam_5_h': np.int64(208), 'sam_5_disp_w': np.float64(0.25), 'sam_5_disp_h': np.float64(0.148571429), 'img_targ': 'resources/images/medium/med_T4.jpg', 'targ_w': np.int64(768), 'targ_h': np.int64(1024), 'targ_disp_w': np.float64(0.1875), 'targ_disp_h': np.float64(0.25), 'thisN': 1, 'thisTrialN': 1, 'thisRepN': 0}>
23.0443 	EXP 	Device response: <KeyPress from None: t=22.95429808300105, value=space, duration=0.0881236249988433>
23.0463 	DATA 	Keypress: space
23.0497 	INFO 	Keyboard events cleared
23.0496 	EXP 	M_query: autoDraw = False
23.0496 	EXP 	M_top_left: autoDraw = False
23.0496 	EXP 	M_top_mid: autoDraw = False
23.0496 	EXP 	M_top_right: autoDraw = False
23.0496 	EXP 	M_bot_left: autoDraw = False
23.0496 	EXP 	M_bot_mid: autoDraw = False
23.0496 	EXP 	M_bot_right: autoDraw = False
23.0496 	EXP 	M_query: image = 'resources/images/medium/med_Q4.jpg'
23.0496 	EXP 	M_top_left: image = 'resources/images/medium/med_S1_4.jpg'
23.0496 	EXP 	M_top_mid: image = 'resources/images/medium/med_S2_4.jpg'
23.0496 	EXP 	M_top_right: image = 'resources/images/medium/med_S3_4.jpg'
23.0496 	EXP 	M_bot_left: image = 'resources/images/medium/med_S4_4.jpg'
23.0496 	EXP 	M_bot_mid: image = 'resources/images/medium/med_S5_4.jpg'
23.0496 	EXP 	M_bot_right: image = 'resources/images/medium/med_T4.jpg'
23.0496 	EXP 	M_query: autoDraw = True
23.0496 	EXP 	M_top_left: autoDraw = True
23.0496 	EXP 	M_top_mid: autoDraw = True
23.0496 	EXP 	M_top_right: autoDraw = True
23.0496 	EXP 	M_bot_left: autoDraw = True
23.0496 	EXP 	M_bot_mid: autoDraw = True
23.0496 	EXP 	M_bot_right: autoDraw = True
27.6710 	EXP 	Device response: <KeyPress from None: t=27.66756562500086, value=space, duration=None>
27.6717 	EXP 	New trial (rep=0, index=2): <Trial 2 (2 in rep 0) data={'img_query': 'resources/images/medium/med_Q3.jpg', 'img_query_w': np.int64(1024), 'img_query_h': np.int64(768), 'img_query_disp_w': np.float64(0.3), 'img_query_disp_h': np.float64(0.225), 'sam_1': 'resources/images/medium/med_S1_3.jpg', 'sam_1_w': np.int64(4160), 'sam_1_h': np.int64(2340), 'sam_1_disp_w': np.float64(0.3), 'sam_1_disp_h': np.float64(0.16875), 'sam_2': 'resources/images/medium/med_S2_3.jpg', 'sam_2_w': np.int64(1024), 'sam_2_h': np.int64(768), 'sam_2_disp_w': np.float64(0.25), 'sam_2_disp_h': np.float64(0.1875), 'sam_3': 'resources/images/medium/med_S3_3.jpg', 'sam_3_w': np.int64(1024), 'sam_3_h': np.int64(768), 'sam_3_disp_w': np.float64(0.25), 'sam_3_disp_h': np.float64(0.1875), 'sam_4': 'resources/images/medium/med_S4_3.jpg', 'sam_4_w': np.int64(350), 'sam_4_h': np.int64(197), 'sam_4_disp_w': np.float64(0.25), 'sam_4_disp_h': np.float64(0.140714286), 'sam_5': 'resources/images/medium/med_S5_3.jpg', 'sam_5_w': np.int64(2592), 'sam_5_h': np.int64(4608), 'sam_5_disp_w': np.float64(0.140625), 'sam_5_disp_h': np.float64(0.25), 'img_targ': 'resources/images/medium/med_T3.jpg', 'targ_w': np.int64(1024), 'targ_h': np.int64(768), 'targ_disp_w': np.float64(0.25), 'targ_disp_h': np.float64(0.1875), 'thisN': 2, 'thisTrialN': 2, 'thisRepN': 0}>
27.9378 	EXP 	Device response: <KeyPress from None: t=27.66756562500086, value=space, duration=0.05104337498778477>
27.9397 	DATA 	Keypress: space
27.9431 	INFO 	Keyboard events cleared
27.9430 	EXP 	M_query: autoDraw = False
27.9430 	EXP 	M_top_left: autoDraw = False
27.9430 	EXP 	M_top_mid: autoDraw = False
27.9430 	EXP 	M_top_right: autoDraw = False
27.9430 	EXP 	M_bot_left: autoDraw = False
27.9430 	EXP 	M_bot_mid: autoDraw = False
27.9430 	EXP 	M_bot_right: autoDraw = False
27.9430 	EXP 	M_query: image = 'resources/images/medium/med_Q3.jpg'
27.9430 	EXP 	M_top_left: image = 'resources/images/medium/med_S1_3.jpg'
27.9430 	EXP 	M_top_mid: image = 'resources/images/medium/med_S2_3.jpg'
27.9430 	EXP 	M_top_right: image = 'resources/images/medium/med_S3_3.jpg'
27.9430 	EXP 	M_bot_left: image = 'resources/images/medium/med_S4_3.jpg'
27.9430 	EXP 	M_bot_mid: image = 'resources/images/medium/med_S5_3.jpg'
27.9430 	EXP 	M_bot_right: image = 'resources/images/medium/med_T3.jpg'
27.9430 	EXP 	M_query: autoDraw = True
27.9430 	EXP 	M_top_left: autoDraw = True
27.9430 	EXP 	M_top_mid: autoDraw = True
27.9430 	EXP 	M_top_right: autoDraw = True
27.9430 	EXP 	M_bot_left: autoDraw = True
27.9430 	EXP 	M_bot_mid: autoDraw = True
27.9430 	EXP 	M_bot_right: autoDraw = True
29.0565 	EXP 	Device response: <KeyPress from None: t=29.050094332997105, value=space, duration=None>
29.0571 	EXP 	New trial (rep=0, index=3): <Trial 3 (3 in rep 0) data={'img_query': 'resources/images/medium/med_Q2.jpg', 'img_query_w': np.int64(1024), 'img_query_h': np.int64(768), 'img_query_disp_w': np.float64(0.3), 'img_query_disp_h': np.float64(0.225), 'sam_1': 'resources/images/medium/med_S1_2.jpg', 'sam_1_w': np.int64(4032), 'sam_1_h': np.int64(3024), 'sam_1_disp_w': np.float64(0.3), 'sam_1_disp_h': np.float64(0.225), 'sam_2': 'resources/images/medium/med_S2_2.jpg', 'sam_2_w': np.int64(250), 'sam_2_h': np.int64(233), 'sam_2_disp_w': np.float64(0.25), 'sam_2_disp_h': np.float64(0.233), 'sam_3': 'resources/images/medium/med_S3_2.jpg', 'sam_3_w': np.int64(1024), 'sam_3_h': np.int64(768), 'sam_3_disp_w': np.float64(0.25), 'sam_3_disp_h': np.float64(0.1875), 'sam_4': 'resources/images/medium/med_S4_2.jpg', 'sam_4_w': np.int64(350), 'sam_4_h': np.int64(233), 'sam_4_disp_w': np.float64(0.25), 'sam_4_disp_h': np.float64(0.166428571), 'sam_5': 'resources/images/medium/med_S5_2.jpg', 'sam_5_w': np.int64(350), 'sam_5_h': np.int64(233), 'sam_5_disp_w': np.float64(0.25), 'sam_5_disp_h': np.float64(0.166428571), 'img_targ': 'resources/images/medium/med_T2.jpg', 'targ_w': np.int64(4032), 'targ_h': np.int64(2268), 'targ_disp_w': np.float64(0.25), 'targ_disp_h': np.float64(0.140625), 'thisN': 3, 'thisTrialN': 3, 'thisRepN': 0}>
29.3129 	EXP 	Device response: <KeyPress from None: t=29.050094332997105, value=space, duration=0.05590370799473021>
29.3149 	DATA 	Keypress: space
29.3183 	INFO 	Keyboard events cleared
29.3182 	EXP 	M_query: autoDraw = False
29.3182 	EXP 	M_top_left: autoDraw = False
29.3182 	EXP 	M_top_mid: autoDraw = False
29.3182 	EXP 	M_top_right: autoDraw = False
29.3182 	EXP 	M_bot_left: autoDraw = False
29.3182 	EXP 	M_bot_mid: autoDraw = False
29.3182 	EXP 	M_bot_right: autoDraw = False
29.3182 	EXP 	M_query: image = 'resources/images/medium/med_Q2.jpg'
29.3182 	EXP 	M_top_left: image = 'resources/images/medium/med_S1_2.jpg'
29.3182 	EXP 	M_top_mid: image = 'resources/images/medium/med_S2_2.jpg'
29.3182 	EXP 	M_top_right: image = 'resources/images/medium/med_S3_2.jpg'
29.3182 	EXP 	M_bot_left: image = 'resources/images/medium/med_S4_2.jpg'
29.3182 	EXP 	M_bot_mid: image = 'resources/images/medium/med_S5_2.jpg'
29.3182 	EXP 	M_bot_right: image = 'resources/images/medium/med_T2.jpg'
29.3182 	EXP 	M_query: autoDraw = True
29.3182 	EXP 	M_top_left: autoDraw = True
29.3182 	EXP 	M_top_mid: autoDraw = True
29.3182 	EXP 	M_top_right: autoDraw = True
29.3182 	EXP 	M_bot_left: autoDraw = True
29.3182 	EXP 	M_bot_mid: autoDraw = True
29.3182 	EXP 	M_bot_right: autoDraw = True
29.9040 	EXP 	Device response: <KeyPress from None: t=29.894452041000477, value=space, duration=None>
29.9050 	EXP 	New trial (rep=0, index=4): <Trial 4 (4 in rep 0) data={'img_query': 'resources/images/medium/med_Q5.jpg', 'img_query_w': np.int64(1024), 'img_query_h': np.int64(768), 'img_query_disp_w': np.float64(0.3), 'img_query_disp_h': np.float64(0.225), 'sam_1': 'resources/images/medium/med_S1_5.jpg', 'sam_1_w': np.int64(1024), 'sam_1_h': np.int64(768), 'sam_1_disp_w': np.float64(0.3), 'sam_1_disp_h': np.float64(0.225), 'sam_2': 'resources/images/medium/med_S2_5.jpg', 'sam_2_w': np.int64(1024), 'sam_2_h': np.int64(768), 'sam_2_disp_w': np.float64(0.25), 'sam_2_disp_h': np.float64(0.1875), 'sam_3': 'resources/images/medium/med_S3_5.jpg', 'sam_3_w': np.int64(3264), 'sam_3_h': np.int64(1840), 'sam_3_disp_w': np.float64(0.25), 'sam_3_disp_h': np.float64(0.140931373), 'sam_4': 'resources/images/medium/med_S4_5.jpg', 'sam_4_w': np.int64(768), 'sam_4_h': np.int64(1024), 'sam_4_disp_w': np.float64(0.1875), 'sam_4_disp_h': np.float64(0.25), 'sam_5': 'resources/images/medium/med_S5_5.jpg', 'sam_5_w': np.int64(350), 'sam_5_h': np.int64(233), 'sam_5_disp_w': np.float64(0.25), 'sam_5_disp_h': np.float64(0.166428571), 'img_targ': 'resources/images/medium/med_T5.jpg', 'targ_w': np.int64(768), 'targ_h': np.int64(1024), 'targ_disp_w': np.float64(0.1875), 'targ_disp_h': np.float64(0.25), 'thisN': 4, 'thisTrialN': 4, 'thisRepN': 0}>
30.0529 	EXP 	Device response: <KeyPress from None: t=29.894452041000477, value=space, duration=0.07201891699514817>
30.0548 	DATA 	Keypress: space
30.0582 	INFO 	Keyboard events cleared
30.0581 	EXP 	M_query: autoDraw = False
30.0581 	EXP 	M_top_left: autoDraw = False
30.0581 	EXP 	M_top_mid: autoDraw = False
30.0581 	EXP 	M_top_right: autoDraw = False
30.0581 	EXP 	M_bot_left: autoDraw = False
30.0581 	EXP 	M_bot_mid: autoDraw = False
30.0581 	EXP 	M_bot_right: autoDraw = False
30.0581 	EXP 	M_query: image = 'resources/images/medium/med_Q5.jpg'
30.0581 	EXP 	M_top_left: image = 'resources/images/medium/med_S1_5.jpg'
30.0581 	EXP 	M_top_mid: image = 'resources/images/medium/med_S2_5.jpg'
30.0581 	EXP 	M_top_right: image = 'resources/images/medium/med_S3_5.jpg'
30.0581 	EXP 	M_bot_left: image = 'resources/images/medium/med_S4_5.jpg'
30.0581 	EXP 	M_bot_mid: image = 'resources/images/medium/med_S5_5.jpg'
30.0581 	EXP 	M_bot_right: image = 'resources/images/medium/med_T5.jpg'
30.0581 	EXP 	M_query: autoDraw = True
30.0581 	EXP 	M_top_left: autoDraw = True
30.0581 	EXP 	M_top_mid: autoDraw = True
30.0581 	EXP 	M_top_right: autoDraw = True
30.0581 	EXP 	M_bot_left: autoDraw = True
30.0581 	EXP 	M_bot_mid: autoDraw = True
30.0581 	EXP 	M_bot_right: autoDraw = True
30.5027 	EXP 	Device response: <KeyPress from None: t=30.501479124999605, value=space, duration=None>
30.5081 	EXP 	New trial (rep=0, index=2): <Trial 2 (2 in rep 0) data={'pos1_x': np.float64(0.0), 'pos1_y': np.float64(-0.35), 'pos2_x': np.float64(-0.55), 'pos2_y': np.float64(0.0), 'pos3_x': np.float64(0.55), 'pos3_y': np.float64(0.0), 'pos4_x': np.float64(0.55), 'pos4_y': np.float64(-0.35), 'pos5_x': np.float64(-0.55), 'pos5_y': np.float64(-0.35), 'pos6_x': np.float64(0.0), 'pos6_y': np.float64(0.0), 'thisN': 2, 'thisTrialN': 2, 'thisRepN': 0}>
30.5185 	EXP 	Imported resources/midLoop.csv as conditions, 5 conditions, 35 params
30.5188 	EXP 	New trial (rep=0, index=0): <Trial 0 (0 in rep 0) data={'img_query': 'resources/images/medium/med_Q1.jpg', 'img_query_w': np.int64(4032), 'img_query_h': np.int64(3024), 'img_query_disp_w': np.float64(0.3), 'img_query_disp_h': np.float64(0.225), 'sam_1': 'resources/images/medium/med_S1_1.jpg', 'sam_1_w': np.int64(768), 'sam_1_h': np.int64(1024), 'sam_1_disp_w': np.float64(0.225), 'sam_1_disp_h': np.float64(0.3), 'sam_2': 'resources/images/medium/med_S2_1.jpg', 'sam_2_w': np.int64(768), 'sam_2_h': np.int64(1024), 'sam_2_disp_w': np.float64(0.1875), 'sam_2_disp_h': np.float64(0.25), 'sam_3': 'resources/images/medium/med_S3_1.jpg', 'sam_3_w': np.int64(350), 'sam_3_h': np.int64(233), 'sam_3_disp_w': np.float64(0.25), 'sam_3_disp_h': np.float64(0.166428571), 'sam_4': 'resources/images/medium/med_S4_1.jpg', 'sam_4_w': np.int64(768), 'sam_4_h': np.int64(1024), 'sam_4_disp_w': np.float64(0.1875), 'sam_4_disp_h': np.float64(0.25), 'sam_5': 'resources/images/medium/med_S5_1.jpg', 'sam_5_w': np.int64(768), 'sam_5_h': np.int64(1040), 'sam_5_disp_w': np.float64(0.184615385), 'sam_5_disp_h': np.float64(0.25), 'img_targ': 'resources/images/medium/med_T1.jpg', 'targ_w': np.int64(1024), 'targ_h': np.int64(768), 'targ_disp_w': np.float64(0.25), 'targ_disp_h': np.float64(0.1875), 'thisN': 0, 'thisTrialN': 0, 'thisRepN': 0}>
30.6980 	EXP 	Device response: <KeyPress from None: t=30.501479124999605, value=space, duration=0.08379970799433067>
30.6999 	DATA 	Keypress: space
30.7033 	INFO 	Keyboard events cleared
30.7032 	EXP 	M_query: autoDraw = False
30.7032 	EXP 	M_top_left: autoDraw = False
30.7032 	EXP 	M_top_mid: autoDraw = False
30.7032 	EXP 	M_top_right: autoDraw = False
30.7032 	EXP 	M_bot_left: autoDraw = False
30.7032 	EXP 	M_bot_mid: autoDraw = False
30.7032 	EXP 	M_bot_right: autoDraw = False
30.7032 	EXP 	M_query: image = 'resources/images/medium/med_Q1.jpg'
30.7032 	EXP 	M_top_left: image = 'resources/images/medium/med_S1_1.jpg'
30.7032 	EXP 	M_top_mid: image = 'resources/images/medium/med_S2_1.jpg'
30.7032 	EXP 	M_top_right: image = 'resources/images/medium/med_S3_1.jpg'
30.7032 	EXP 	M_bot_left: image = 'resources/images/medium/med_S4_1.jpg'
30.7032 	EXP 	M_bot_mid: image = 'resources/images/medium/med_S5_1.jpg'
30.7032 	EXP 	M_bot_right: image = 'resources/images/medium/med_T1.jpg'
30.7032 	EXP 	M_query: autoDraw = True
30.7032 	EXP 	M_top_left: autoDraw = True
30.7032 	EXP 	M_top_mid: autoDraw = True
30.7032 	EXP 	M_top_right: autoDraw = True
30.7032 	EXP 	M_bot_left: autoDraw = True
30.7032 	EXP 	M_bot_mid: autoDraw = True
30.7032 	EXP 	M_bot_right: autoDraw = True
31.0701 	EXP 	Device response: <KeyPress from None: t=31.061708415989415, value=space, duration=None>
31.0711 	EXP 	New trial (rep=0, index=1): <Trial 1 (1 in rep 0) data={'img_query': 'resources/images/medium/med_Q2.jpg', 'img_query_w': np.int64(1024), 'img_query_h': np.int64(768), 'img_query_disp_w': np.float64(0.3), 'img_query_disp_h': np.float64(0.225), 'sam_1': 'resources/images/medium/med_S1_2.jpg', 'sam_1_w': np.int64(4032), 'sam_1_h': np.int64(3024), 'sam_1_disp_w': np.float64(0.3), 'sam_1_disp_h': np.float64(0.225), 'sam_2': 'resources/images/medium/med_S2_2.jpg', 'sam_2_w': np.int64(250), 'sam_2_h': np.int64(233), 'sam_2_disp_w': np.float64(0.25), 'sam_2_disp_h': np.float64(0.233), 'sam_3': 'resources/images/medium/med_S3_2.jpg', 'sam_3_w': np.int64(1024), 'sam_3_h': np.int64(768), 'sam_3_disp_w': np.float64(0.25), 'sam_3_disp_h': np.float64(0.1875), 'sam_4': 'resources/images/medium/med_S4_2.jpg', 'sam_4_w': np.int64(350), 'sam_4_h': np.int64(233), 'sam_4_disp_w': np.float64(0.25), 'sam_4_disp_h': np.float64(0.166428571), 'sam_5': 'resources/images/medium/med_S5_2.jpg', 'sam_5_w': np.int64(350), 'sam_5_h': np.int64(233), 'sam_5_disp_w': np.float64(0.25), 'sam_5_disp_h': np.float64(0.166428571), 'img_targ': 'resources/images/medium/med_T2.jpg', 'targ_w': np.int64(4032), 'targ_h': np.int64(2268), 'targ_disp_w': np.float64(0.25), 'targ_disp_h': np.float64(0.140625), 'thisN': 1, 'thisTrialN': 1, 'thisRepN': 0}>
31.3193 	EXP 	Device response: <KeyPress from None: t=31.061708415989415, value=space, duration=0.06393729201226961>
31.3213 	DATA 	Keypress: space
31.3246 	INFO 	Keyboard events cleared
31.3245 	EXP 	M_query: autoDraw = False
31.3245 	EXP 	M_top_left: autoDraw = False
31.3245 	EXP 	M_top_mid: autoDraw = False
31.3245 	EXP 	M_top_right: autoDraw = False
31.3245 	EXP 	M_bot_left: autoDraw = False
31.3245 	EXP 	M_bot_mid: autoDraw = False
31.3245 	EXP 	M_bot_right: autoDraw = False
31.3245 	EXP 	M_query: image = 'resources/images/medium/med_Q2.jpg'
31.3245 	EXP 	M_top_left: image = 'resources/images/medium/med_S1_2.jpg'
31.3245 	EXP 	M_top_mid: image = 'resources/images/medium/med_S2_2.jpg'
31.3245 	EXP 	M_top_right: image = 'resources/images/medium/med_S3_2.jpg'
31.3245 	EXP 	M_bot_left: image = 'resources/images/medium/med_S4_2.jpg'
31.3245 	EXP 	M_bot_mid: image = 'resources/images/medium/med_S5_2.jpg'
31.3245 	EXP 	M_bot_right: image = 'resources/images/medium/med_T2.jpg'
31.3245 	EXP 	M_query: autoDraw = True
31.3245 	EXP 	M_top_left: autoDraw = True
31.3245 	EXP 	M_top_mid: autoDraw = True
31.3245 	EXP 	M_top_right: autoDraw = True
31.3245 	EXP 	M_bot_left: autoDraw = True
31.3245 	EXP 	M_bot_mid: autoDraw = True
31.3245 	EXP 	M_bot_right: autoDraw = True
31.8683 	EXP 	Device response: <KeyPress from None: t=31.854537374994834, value=space, duration=None>
31.8690 	EXP 	New trial (rep=0, index=2): <Trial 2 (2 in rep 0) data={'img_query': 'resources/images/medium/med_Q4.jpg', 'img_query_w': np.int64(768), 'img_query_h': np.int64(1024), 'img_query_disp_w': np.float64(0.225), 'img_query_disp_h': np.float64(0.3), 'sam_1': 'resources/images/medium/med_S1_4.jpg', 'sam_1_w': np.int64(1024), 'sam_1_h': np.int64(768), 'sam_1_disp_w': np.float64(0.3), 'sam_1_disp_h': np.float64(0.225), 'sam_2': 'resources/images/medium/med_S2_4.jpg', 'sam_2_w': np.int64(350), 'sam_2_h': np.int64(234), 'sam_2_disp_w': np.float64(0.25), 'sam_2_disp_h': np.float64(0.167142857), 'sam_3': 'resources/images/medium/med_S3_4.jpg', 'sam_3_w': np.int64(350), 'sam_3_h': np.int64(341), 'sam_3_disp_w': np.float64(0.25), 'sam_3_disp_h': np.float64(0.243571429), 'sam_4': 'resources/images/medium/med_S4_4.jpg', 'sam_4_w': np.int64(768), 'sam_4_h': np.int64(1024), 'sam_4_disp_w': np.float64(0.1875), 'sam_4_disp_h': np.float64(0.25), 'sam_5': 'resources/images/medium/med_S5_4.jpg', 'sam_5_w': np.int64(350), 'sam_5_h': np.int64(208), 'sam_5_disp_w': np.float64(0.25), 'sam_5_disp_h': np.float64(0.148571429), 'img_targ': 'resources/images/medium/med_T4.jpg', 'targ_w': np.int64(768), 'targ_h': np.int64(1024), 'targ_disp_w': np.float64(0.1875), 'targ_disp_h': np.float64(0.25), 'thisN': 2, 'thisTrialN': 2, 'thisRepN': 0}>
31.9559 	EXP 	Device response: <KeyPress from None: t=31.854537374994834, value=space, duration=0.09603362499910872>
31.9579 	DATA 	Keypress: space
31.9612 	INFO 	Keyboard events cleared
31.9611 	EXP 	M_query: autoDraw = False
31.9611 	EXP 	M_top_left: autoDraw = False
31.9611 	EXP 	M_top_mid: autoDraw = False
31.9611 	EXP 	M_top_right: autoDraw = False
31.9611 	EXP 	M_bot_left: autoDraw = False
31.9611 	EXP 	M_bot_mid: autoDraw = False
31.9611 	EXP 	M_bot_right: autoDraw = False
31.9611 	EXP 	M_query: image = 'resources/images/medium/med_Q4.jpg'
31.9611 	EXP 	M_top_left: image = 'resources/images/medium/med_S1_4.jpg'
31.9611 	EXP 	M_top_mid: image = 'resources/images/medium/med_S2_4.jpg'
31.9611 	EXP 	M_top_right: image = 'resources/images/medium/med_S3_4.jpg'
31.9611 	EXP 	M_bot_left: image = 'resources/images/medium/med_S4_4.jpg'
31.9611 	EXP 	M_bot_mid: image = 'resources/images/medium/med_S5_4.jpg'
31.9611 	EXP 	M_bot_right: image = 'resources/images/medium/med_T4.jpg'
31.9611 	EXP 	M_query: autoDraw = True
31.9611 	EXP 	M_top_left: autoDraw = True
31.9611 	EXP 	M_top_mid: autoDraw = True
31.9611 	EXP 	M_top_right: autoDraw = True
31.9611 	EXP 	M_bot_left: autoDraw = True
31.9611 	EXP 	M_bot_mid: autoDraw = True
31.9611 	EXP 	M_bot_right: autoDraw = True
32.2352 	EXP 	Device response: <KeyPress from None: t=32.22865741599526, value=space, duration=None>
32.2357 	EXP 	New trial (rep=0, index=3): <Trial 3 (3 in rep 0) data={'img_query': 'resources/images/medium/med_Q3.jpg', 'img_query_w': np.int64(1024), 'img_query_h': np.int64(768), 'img_query_disp_w': np.float64(0.3), 'img_query_disp_h': np.float64(0.225), 'sam_1': 'resources/images/medium/med_S1_3.jpg', 'sam_1_w': np.int64(4160), 'sam_1_h': np.int64(2340), 'sam_1_disp_w': np.float64(0.3), 'sam_1_disp_h': np.float64(0.16875), 'sam_2': 'resources/images/medium/med_S2_3.jpg', 'sam_2_w': np.int64(1024), 'sam_2_h': np.int64(768), 'sam_2_disp_w': np.float64(0.25), 'sam_2_disp_h': np.float64(0.1875), 'sam_3': 'resources/images/medium/med_S3_3.jpg', 'sam_3_w': np.int64(1024), 'sam_3_h': np.int64(768), 'sam_3_disp_w': np.float64(0.25), 'sam_3_disp_h': np.float64(0.1875), 'sam_4': 'resources/images/medium/med_S4_3.jpg', 'sam_4_w': np.int64(350), 'sam_4_h': np.int64(197), 'sam_4_disp_w': np.float64(0.25), 'sam_4_disp_h': np.float64(0.140714286), 'sam_5': 'resources/images/medium/med_S5_3.jpg', 'sam_5_w': np.int64(2592), 'sam_5_h': np.int64(4608), 'sam_5_disp_w': np.float64(0.140625), 'sam_5_disp_h': np.float64(0.25), 'img_targ': 'resources/images/medium/med_T3.jpg', 'targ_w': np.int64(1024), 'targ_h': np.int64(768), 'targ_disp_w': np.float64(0.25), 'targ_disp_h': np.float64(0.1875), 'thisN': 3, 'thisTrialN': 3, 'thisRepN': 0}>
32.4887 	EXP 	Device response: <KeyPress from None: t=32.22865741599526, value=space, duration=0.12389087499468587>
32.4906 	DATA 	Keypress: space
32.4940 	INFO 	Keyboard events cleared
32.4939 	EXP 	M_query: autoDraw = False
32.4939 	EXP 	M_top_left: autoDraw = False
32.4939 	EXP 	M_top_mid: autoDraw = False
32.4939 	EXP 	M_top_right: autoDraw = False
32.4939 	EXP 	M_bot_left: autoDraw = False
32.4939 	EXP 	M_bot_mid: autoDraw = False
32.4939 	EXP 	M_bot_right: autoDraw = False
32.4939 	EXP 	M_query: image = 'resources/images/medium/med_Q3.jpg'
32.4939 	EXP 	M_top_left: image = 'resources/images/medium/med_S1_3.jpg'
32.4939 	EXP 	M_top_mid: image = 'resources/images/medium/med_S2_3.jpg'
32.4939 	EXP 	M_top_right: image = 'resources/images/medium/med_S3_3.jpg'
32.4939 	EXP 	M_bot_left: image = 'resources/images/medium/med_S4_3.jpg'
32.4939 	EXP 	M_bot_mid: image = 'resources/images/medium/med_S5_3.jpg'
32.4939 	EXP 	M_bot_right: image = 'resources/images/medium/med_T3.jpg'
32.4939 	EXP 	M_query: autoDraw = True
32.4939 	EXP 	M_top_left: autoDraw = True
32.4939 	EXP 	M_top_mid: autoDraw = True
32.4939 	EXP 	M_top_right: autoDraw = True
32.4939 	EXP 	M_bot_left: autoDraw = True
32.4939 	EXP 	M_bot_mid: autoDraw = True
32.4939 	EXP 	M_bot_right: autoDraw = True
32.8432 	EXP 	Device response: <KeyPress from None: t=32.837538874999154, value=space, duration=None>
32.8437 	EXP 	New trial (rep=0, index=4): <Trial 4 (4 in rep 0) data={'img_query': 'resources/images/medium/med_Q5.jpg', 'img_query_w': np.int64(1024), 'img_query_h': np.int64(768), 'img_query_disp_w': np.float64(0.3), 'img_query_disp_h': np.float64(0.225), 'sam_1': 'resources/images/medium/med_S1_5.jpg', 'sam_1_w': np.int64(1024), 'sam_1_h': np.int64(768), 'sam_1_disp_w': np.float64(0.3), 'sam_1_disp_h': np.float64(0.225), 'sam_2': 'resources/images/medium/med_S2_5.jpg', 'sam_2_w': np.int64(1024), 'sam_2_h': np.int64(768), 'sam_2_disp_w': np.float64(0.25), 'sam_2_disp_h': np.float64(0.1875), 'sam_3': 'resources/images/medium/med_S3_5.jpg', 'sam_3_w': np.int64(3264), 'sam_3_h': np.int64(1840), 'sam_3_disp_w': np.float64(0.25), 'sam_3_disp_h': np.float64(0.140931373), 'sam_4': 'resources/images/medium/med_S4_5.jpg', 'sam_4_w': np.int64(768), 'sam_4_h': np.int64(1024), 'sam_4_disp_w': np.float64(0.1875), 'sam_4_disp_h': np.float64(0.25), 'sam_5': 'resources/images/medium/med_S5_5.jpg', 'sam_5_w': np.int64(350), 'sam_5_h': np.int64(233), 'sam_5_disp_w': np.float64(0.25), 'sam_5_disp_h': np.float64(0.166428571), 'img_targ': 'resources/images/medium/med_T5.jpg', 'targ_w': np.int64(768), 'targ_h': np.int64(1024), 'targ_disp_w': np.float64(0.1875), 'targ_disp_h': np.float64(0.25), 'thisN': 4, 'thisTrialN': 4, 'thisRepN': 0}>
32.9782 	EXP 	Device response: <KeyPress from None: t=32.837538874999154, value=space, duration=0.0839452079962939>
32.9801 	DATA 	Keypress: space
32.9834 	INFO 	Keyboard events cleared
32.9834 	EXP 	M_query: autoDraw = False
32.9834 	EXP 	M_top_left: autoDraw = False
32.9834 	EXP 	M_top_mid: autoDraw = False
32.9834 	EXP 	M_top_right: autoDraw = False
32.9834 	EXP 	M_bot_left: autoDraw = False
32.9834 	EXP 	M_bot_mid: autoDraw = False
32.9834 	EXP 	M_bot_right: autoDraw = False
32.9834 	EXP 	M_query: image = 'resources/images/medium/med_Q5.jpg'
32.9834 	EXP 	M_top_left: image = 'resources/images/medium/med_S1_5.jpg'
32.9834 	EXP 	M_top_mid: image = 'resources/images/medium/med_S2_5.jpg'
32.9834 	EXP 	M_top_right: image = 'resources/images/medium/med_S3_5.jpg'
32.9834 	EXP 	M_bot_left: image = 'resources/images/medium/med_S4_5.jpg'
32.9834 	EXP 	M_bot_mid: image = 'resources/images/medium/med_S5_5.jpg'
32.9834 	EXP 	M_bot_right: image = 'resources/images/medium/med_T5.jpg'
32.9834 	EXP 	M_query: autoDraw = True
32.9834 	EXP 	M_top_left: autoDraw = True
32.9834 	EXP 	M_top_mid: autoDraw = True
32.9834 	EXP 	M_top_right: autoDraw = True
32.9834 	EXP 	M_bot_left: autoDraw = True
32.9834 	EXP 	M_bot_mid: autoDraw = True
32.9834 	EXP 	M_bot_right: autoDraw = True
33.3075 	EXP 	Device response: <KeyPress from None: t=33.30589154099289, value=space, duration=None>
33.3131 	EXP 	New trial (rep=0, index=3): <Trial 3 (3 in rep 0) data={'pos1_x': np.float64(-0.55), 'pos1_y': np.float64(-0.35), 'pos2_x': np.float64(0.0), 'pos2_y': np.float64(0.0), 'pos3_x': np.float64(0.55), 'pos3_y': np.float64(-0.35), 'pos4_x': np.float64(-0.55), 'pos4_y': np.float64(0.0), 'pos5_x': np.float64(0.55), 'pos5_y': np.float64(0.0), 'pos6_x': np.float64(0.0), 'pos6_y': np.float64(-0.35), 'thisN': 3, 'thisTrialN': 3, 'thisRepN': 0}>
33.3238 	EXP 	Imported resources/midLoop.csv as conditions, 5 conditions, 35 params
33.3242 	EXP 	New trial (rep=0, index=0): <Trial 0 (0 in rep 0) data={'img_query': 'resources/images/medium/med_Q4.jpg', 'img_query_w': np.int64(768), 'img_query_h': np.int64(1024), 'img_query_disp_w': np.float64(0.225), 'img_query_disp_h': np.float64(0.3), 'sam_1': 'resources/images/medium/med_S1_4.jpg', 'sam_1_w': np.int64(1024), 'sam_1_h': np.int64(768), 'sam_1_disp_w': np.float64(0.3), 'sam_1_disp_h': np.float64(0.225), 'sam_2': 'resources/images/medium/med_S2_4.jpg', 'sam_2_w': np.int64(350), 'sam_2_h': np.int64(234), 'sam_2_disp_w': np.float64(0.25), 'sam_2_disp_h': np.float64(0.167142857), 'sam_3': 'resources/images/medium/med_S3_4.jpg', 'sam_3_w': np.int64(350), 'sam_3_h': np.int64(341), 'sam_3_disp_w': np.float64(0.25), 'sam_3_disp_h': np.float64(0.243571429), 'sam_4': 'resources/images/medium/med_S4_4.jpg', 'sam_4_w': np.int64(768), 'sam_4_h': np.int64(1024), 'sam_4_disp_w': np.float64(0.1875), 'sam_4_disp_h': np.float64(0.25), 'sam_5': 'resources/images/medium/med_S5_4.jpg', 'sam_5_w': np.int64(350), 'sam_5_h': np.int64(208), 'sam_5_disp_w': np.float64(0.25), 'sam_5_disp_h': np.float64(0.148571429), 'img_targ': 'resources/images/medium/med_T4.jpg', 'targ_w': np.int64(768), 'targ_h': np.int64(1024), 'targ_disp_w': np.float64(0.1875), 'targ_disp_h': np.float64(0.25), 'thisN': 0, 'thisTrialN': 0, 'thisRepN': 0}>
33.3864 	DATA 	Keypress: space
33.3895 	INFO 	Keyboard events cleared
33.3894 	EXP 	M_query: autoDraw = False
33.3894 	EXP 	M_top_left: autoDraw = False
33.3894 	EXP 	M_top_mid: autoDraw = False
33.3894 	EXP 	M_top_right: autoDraw = False
33.3894 	EXP 	M_bot_left: autoDraw = False
33.3894 	EXP 	M_bot_mid: autoDraw = False
33.3894 	EXP 	M_bot_right: autoDraw = False
33.3894 	EXP 	M_query: image = 'resources/images/medium/med_Q4.jpg'
33.3894 	EXP 	M_top_left: image = 'resources/images/medium/med_S1_4.jpg'
33.3894 	EXP 	M_top_mid: image = 'resources/images/medium/med_S2_4.jpg'
33.3894 	EXP 	M_top_right: image = 'resources/images/medium/med_S3_4.jpg'
33.3894 	EXP 	M_bot_left: image = 'resources/images/medium/med_S4_4.jpg'
33.3894 	EXP 	M_bot_mid: image = 'resources/images/medium/med_S5_4.jpg'
33.3894 	EXP 	M_bot_right: image = 'resources/images/medium/med_T4.jpg'
33.3894 	EXP 	M_query: autoDraw = True
33.3894 	EXP 	M_top_left: autoDraw = True
33.3894 	EXP 	M_top_mid: autoDraw = True
33.3894 	EXP 	M_top_right: autoDraw = True
33.3894 	EXP 	M_bot_left: autoDraw = True
33.3894 	EXP 	M_bot_mid: autoDraw = True
33.3894 	EXP 	M_bot_right: autoDraw = True
33.4343 	EXP 	Device response: <KeyPress from None: t=33.30589154099289, value=space, duration=0.11994879199482966>
33.6682 	EXP 	Device response: <KeyPress from None: t=33.6578066660004, value=space, duration=None>
33.6687 	EXP 	New trial (rep=0, index=1): <Trial 1 (1 in rep 0) data={'img_query': 'resources/images/medium/med_Q1.jpg', 'img_query_w': np.int64(4032), 'img_query_h': np.int64(3024), 'img_query_disp_w': np.float64(0.3), 'img_query_disp_h': np.float64(0.225), 'sam_1': 'resources/images/medium/med_S1_1.jpg', 'sam_1_w': np.int64(768), 'sam_1_h': np.int64(1024), 'sam_1_disp_w': np.float64(0.225), 'sam_1_disp_h': np.float64(0.3), 'sam_2': 'resources/images/medium/med_S2_1.jpg', 'sam_2_w': np.int64(768), 'sam_2_h': np.int64(1024), 'sam_2_disp_w': np.float64(0.1875), 'sam_2_disp_h': np.float64(0.25), 'sam_3': 'resources/images/medium/med_S3_1.jpg', 'sam_3_w': np.int64(350), 'sam_3_h': np.int64(233), 'sam_3_disp_w': np.float64(0.25), 'sam_3_disp_h': np.float64(0.166428571), 'sam_4': 'resources/images/medium/med_S4_1.jpg', 'sam_4_w': np.int64(768), 'sam_4_h': np.int64(1024), 'sam_4_disp_w': np.float64(0.1875), 'sam_4_disp_h': np.float64(0.25), 'sam_5': 'resources/images/medium/med_S5_1.jpg', 'sam_5_w': np.int64(768), 'sam_5_h': np.int64(1040), 'sam_5_disp_w': np.float64(0.184615385), 'sam_5_disp_h': np.float64(0.25), 'img_targ': 'resources/images/medium/med_T1.jpg', 'targ_w': np.int64(1024), 'targ_h': np.int64(768), 'targ_disp_w': np.float64(0.25), 'targ_disp_h': np.float64(0.1875), 'thisN': 1, 'thisTrialN': 1, 'thisRepN': 0}>
33.8428 	EXP 	Device response: <KeyPress from None: t=33.6578066660004, value=space, duration=0.0841032919997815>
33.8447 	DATA 	Keypress: space
33.8481 	INFO 	Keyboard events cleared
33.8480 	EXP 	M_query: autoDraw = False
33.8480 	EXP 	M_top_left: autoDraw = False
33.8480 	EXP 	M_top_mid: autoDraw = False
33.8480 	EXP 	M_top_right: autoDraw = False
33.8480 	EXP 	M_bot_left: autoDraw = False
33.8480 	EXP 	M_bot_mid: autoDraw = False
33.8480 	EXP 	M_bot_right: autoDraw = False
33.8480 	EXP 	M_query: image = 'resources/images/medium/med_Q1.jpg'
33.8480 	EXP 	M_top_left: image = 'resources/images/medium/med_S1_1.jpg'
33.8480 	EXP 	M_top_mid: image = 'resources/images/medium/med_S2_1.jpg'
33.8480 	EXP 	M_top_right: image = 'resources/images/medium/med_S3_1.jpg'
33.8480 	EXP 	M_bot_left: image = 'resources/images/medium/med_S4_1.jpg'
33.8480 	EXP 	M_bot_mid: image = 'resources/images/medium/med_S5_1.jpg'
33.8480 	EXP 	M_bot_right: image = 'resources/images/medium/med_T1.jpg'
33.8480 	EXP 	M_query: autoDraw = True
33.8480 	EXP 	M_top_left: autoDraw = True
33.8480 	EXP 	M_top_mid: autoDraw = True
33.8480 	EXP 	M_top_right: autoDraw = True
33.8480 	EXP 	M_bot_left: autoDraw = True
33.8480 	EXP 	M_bot_mid: autoDraw = True
33.8480 	EXP 	M_bot_right: autoDraw = True
34.0516 	EXP 	Device response: <KeyPress from None: t=34.04653204100032, value=space, duration=None>
34.0521 	EXP 	New trial (rep=0, index=2): <Trial 2 (2 in rep 0) data={'img_query': 'resources/images/medium/med_Q2.jpg', 'img_query_w': np.int64(1024), 'img_query_h': np.int64(768), 'img_query_disp_w': np.float64(0.3), 'img_query_disp_h': np.float64(0.225), 'sam_1': 'resources/images/medium/med_S1_2.jpg', 'sam_1_w': np.int64(4032), 'sam_1_h': np.int64(3024), 'sam_1_disp_w': np.float64(0.3), 'sam_1_disp_h': np.float64(0.225), 'sam_2': 'resources/images/medium/med_S2_2.jpg', 'sam_2_w': np.int64(250), 'sam_2_h': np.int64(233), 'sam_2_disp_w': np.float64(0.25), 'sam_2_disp_h': np.float64(0.233), 'sam_3': 'resources/images/medium/med_S3_2.jpg', 'sam_3_w': np.int64(1024), 'sam_3_h': np.int64(768), 'sam_3_disp_w': np.float64(0.25), 'sam_3_disp_h': np.float64(0.1875), 'sam_4': 'resources/images/medium/med_S4_2.jpg', 'sam_4_w': np.int64(350), 'sam_4_h': np.int64(233), 'sam_4_disp_w': np.float64(0.25), 'sam_4_disp_h': np.float64(0.166428571), 'sam_5': 'resources/images/medium/med_S5_2.jpg', 'sam_5_w': np.int64(350), 'sam_5_h': np.int64(233), 'sam_5_disp_w': np.float64(0.25), 'sam_5_disp_h': np.float64(0.166428571), 'img_targ': 'resources/images/medium/med_T2.jpg', 'targ_w': np.int64(4032), 'targ_h': np.int64(2268), 'targ_disp_w': np.float64(0.25), 'targ_disp_h': np.float64(0.140625), 'thisN': 2, 'thisTrialN': 2, 'thisRepN': 0}>
34.2930 	EXP 	Device response: <KeyPress from None: t=34.04653204100032, value=space, duration=0.10380245899432339>
34.2950 	DATA 	Keypress: space
34.2983 	INFO 	Keyboard events cleared
34.2982 	EXP 	M_query: autoDraw = False
34.2982 	EXP 	M_top_left: autoDraw = False
34.2982 	EXP 	M_top_mid: autoDraw = False
34.2982 	EXP 	M_top_right: autoDraw = False
34.2982 	EXP 	M_bot_left: autoDraw = False
34.2982 	EXP 	M_bot_mid: autoDraw = False
34.2982 	EXP 	M_bot_right: autoDraw = False
34.2982 	EXP 	M_query: image = 'resources/images/medium/med_Q2.jpg'
34.2982 	EXP 	M_top_left: image = 'resources/images/medium/med_S1_2.jpg'
34.2982 	EXP 	M_top_mid: image = 'resources/images/medium/med_S2_2.jpg'
34.2982 	EXP 	M_top_right: image = 'resources/images/medium/med_S3_2.jpg'
34.2982 	EXP 	M_bot_left: image = 'resources/images/medium/med_S4_2.jpg'
34.2982 	EXP 	M_bot_mid: image = 'resources/images/medium/med_S5_2.jpg'
34.2982 	EXP 	M_bot_right: image = 'resources/images/medium/med_T2.jpg'
34.2982 	EXP 	M_query: autoDraw = True
34.2982 	EXP 	M_top_left: autoDraw = True
34.2982 	EXP 	M_top_mid: autoDraw = True
34.2982 	EXP 	M_top_right: autoDraw = True
34.2982 	EXP 	M_bot_left: autoDraw = True
34.2982 	EXP 	M_bot_mid: autoDraw = True
34.2982 	EXP 	M_bot_right: autoDraw = True
34.3511 	EXP 	Device response: <KeyPress from None: t=34.346282499987865, value=space, duration=None>
34.3513 	EXP 	New trial (rep=0, index=3): <Trial 3 (3 in rep 0) data={'img_query': 'resources/images/medium/med_Q5.jpg', 'img_query_w': np.int64(1024), 'img_query_h': np.int64(768), 'img_query_disp_w': np.float64(0.3), 'img_query_disp_h': np.float64(0.225), 'sam_1': 'resources/images/medium/med_S1_5.jpg', 'sam_1_w': np.int64(1024), 'sam_1_h': np.int64(768), 'sam_1_disp_w': np.float64(0.3), 'sam_1_disp_h': np.float64(0.225), 'sam_2': 'resources/images/medium/med_S2_5.jpg', 'sam_2_w': np.int64(1024), 'sam_2_h': np.int64(768), 'sam_2_disp_w': np.float64(0.25), 'sam_2_disp_h': np.float64(0.1875), 'sam_3': 'resources/images/medium/med_S3_5.jpg', 'sam_3_w': np.int64(3264), 'sam_3_h': np.int64(1840), 'sam_3_disp_w': np.float64(0.25), 'sam_3_disp_h': np.float64(0.140931373), 'sam_4': 'resources/images/medium/med_S4_5.jpg', 'sam_4_w': np.int64(768), 'sam_4_h': np.int64(1024), 'sam_4_disp_w': np.float64(0.1875), 'sam_4_disp_h': np.float64(0.25), 'sam_5': 'resources/images/medium/med_S5_5.jpg', 'sam_5_w': np.int64(350), 'sam_5_h': np.int64(233), 'sam_5_disp_w': np.float64(0.25), 'sam_5_disp_h': np.float64(0.166428571), 'img_targ': 'resources/images/medium/med_T5.jpg', 'targ_w': np.int64(768), 'targ_h': np.int64(1024), 'targ_disp_w': np.float64(0.1875), 'targ_disp_h': np.float64(0.25), 'thisN': 3, 'thisTrialN': 3, 'thisRepN': 0}>
34.4754 	EXP 	Device response: <KeyPress from None: t=34.346282499987865, value=space, duration=0.10391487501328811>
34.4788 	DATA 	Keypress: space
34.4818 	INFO 	Keyboard events cleared
34.4818 	EXP 	M_query: autoDraw = False
34.4818 	EXP 	M_top_left: autoDraw = False
34.4818 	EXP 	M_top_mid: autoDraw = False
34.4818 	EXP 	M_top_right: autoDraw = False
34.4818 	EXP 	M_bot_left: autoDraw = False
34.4818 	EXP 	M_bot_mid: autoDraw = False
34.4818 	EXP 	M_bot_right: autoDraw = False
34.4818 	EXP 	M_query: image = 'resources/images/medium/med_Q5.jpg'
34.4818 	EXP 	M_top_left: image = 'resources/images/medium/med_S1_5.jpg'
34.4818 	EXP 	M_top_mid: image = 'resources/images/medium/med_S2_5.jpg'
34.4818 	EXP 	M_top_right: image = 'resources/images/medium/med_S3_5.jpg'
34.4818 	EXP 	M_bot_left: image = 'resources/images/medium/med_S4_5.jpg'
34.4818 	EXP 	M_bot_mid: image = 'resources/images/medium/med_S5_5.jpg'
34.4818 	EXP 	M_bot_right: image = 'resources/images/medium/med_T5.jpg'
34.4818 	EXP 	M_query: autoDraw = True
34.4818 	EXP 	M_top_left: autoDraw = True
34.4818 	EXP 	M_top_mid: autoDraw = True
34.4818 	EXP 	M_top_right: autoDraw = True
34.4818 	EXP 	M_bot_left: autoDraw = True
34.4818 	EXP 	M_bot_mid: autoDraw = True
34.4818 	EXP 	M_bot_right: autoDraw = True
34.6181 	EXP 	Device response: <KeyPress from None: t=34.6078467079933, value=space, duration=None>
34.6185 	EXP 	New trial (rep=0, index=4): <Trial 4 (4 in rep 0) data={'img_query': 'resources/images/medium/med_Q3.jpg', 'img_query_w': np.int64(1024), 'img_query_h': np.int64(768), 'img_query_disp_w': np.float64(0.3), 'img_query_disp_h': np.float64(0.225), 'sam_1': 'resources/images/medium/med_S1_3.jpg', 'sam_1_w': np.int64(4160), 'sam_1_h': np.int64(2340), 'sam_1_disp_w': np.float64(0.3), 'sam_1_disp_h': np.float64(0.16875), 'sam_2': 'resources/images/medium/med_S2_3.jpg', 'sam_2_w': np.int64(1024), 'sam_2_h': np.int64(768), 'sam_2_disp_w': np.float64(0.25), 'sam_2_disp_h': np.float64(0.1875), 'sam_3': 'resources/images/medium/med_S3_3.jpg', 'sam_3_w': np.int64(1024), 'sam_3_h': np.int64(768), 'sam_3_disp_w': np.float64(0.25), 'sam_3_disp_h': np.float64(0.1875), 'sam_4': 'resources/images/medium/med_S4_3.jpg', 'sam_4_w': np.int64(350), 'sam_4_h': np.int64(197), 'sam_4_disp_w': np.float64(0.25), 'sam_4_disp_h': np.float64(0.140714286), 'sam_5': 'resources/images/medium/med_S5_3.jpg', 'sam_5_w': np.int64(2592), 'sam_5_h': np.int64(4608), 'sam_5_disp_w': np.float64(0.140625), 'sam_5_disp_h': np.float64(0.25), 'img_targ': 'resources/images/medium/med_T3.jpg', 'targ_w': np.int64(1024), 'targ_h': np.int64(768), 'targ_disp_w': np.float64(0.25), 'targ_disp_h': np.float64(0.1875), 'thisN': 4, 'thisTrialN': 4, 'thisRepN': 0}>
34.8609 	EXP 	Device response: <KeyPress from None: t=34.6078467079933, value=space, duration=0.07196558300347533>
34.8609 	EXP 	Device response: <KeyPress from None: t=34.84665920799307, value=space, duration=None>
34.8628 	DATA 	Keypress: space
34.8638 	DATA 	Keypress: space
34.8667 	INFO 	Keyboard events cleared
34.8667 	EXP 	M_query: autoDraw = False
34.8667 	EXP 	M_top_left: autoDraw = False
34.8667 	EXP 	M_top_mid: autoDraw = False
34.8667 	EXP 	M_top_right: autoDraw = False
34.8667 	EXP 	M_bot_left: autoDraw = False
34.8667 	EXP 	M_bot_mid: autoDraw = False
34.8667 	EXP 	M_bot_right: autoDraw = False
34.8667 	EXP 	M_query: image = 'resources/images/medium/med_Q3.jpg'
34.8667 	EXP 	M_top_left: image = 'resources/images/medium/med_S1_3.jpg'
34.8667 	EXP 	M_top_mid: image = 'resources/images/medium/med_S2_3.jpg'
34.8667 	EXP 	M_top_right: image = 'resources/images/medium/med_S3_3.jpg'
34.8667 	EXP 	M_bot_left: image = 'resources/images/medium/med_S4_3.jpg'
34.8667 	EXP 	M_bot_mid: image = 'resources/images/medium/med_S5_3.jpg'
34.8667 	EXP 	M_bot_right: image = 'resources/images/medium/med_T3.jpg'
34.8667 	EXP 	M_query: autoDraw = True
34.8667 	EXP 	M_top_left: autoDraw = True
34.8667 	EXP 	M_top_mid: autoDraw = True
34.8667 	EXP 	M_top_right: autoDraw = True
34.8667 	EXP 	M_bot_left: autoDraw = True
34.8667 	EXP 	M_bot_mid: autoDraw = True
34.8667 	EXP 	M_bot_right: autoDraw = True
34.9215 	EXP 	Device response: <KeyPress from None: t=34.84665920799307, value=space, duration=0.07190562499454245>
35.0848 	EXP 	Device response: <KeyPress from None: t=35.0732367499877, value=space, duration=None>
35.0883 	EXP 	New trial (rep=0, index=4): <Trial 4 (4 in rep 0) data={'pos1_x': np.float64(0.55), 'pos1_y': np.float64(0.0), 'pos2_x': np.float64(0.0), 'pos2_y': np.float64(-0.35), 'pos3_x': np.float64(0.55), 'pos3_y': np.float64(-0.35), 'pos4_x': np.float64(-0.55), 'pos4_y': np.float64(0.0), 'pos5_x': np.float64(0.0), 'pos5_y': np.float64(0.0), 'pos6_x': np.float64(-0.55), 'pos6_y': np.float64(-0.35), 'thisN': 4, 'thisTrialN': 4, 'thisRepN': 0}>
35.0963 	EXP 	Imported resources/midLoop.csv as conditions, 5 conditions, 35 params
35.0966 	EXP 	New trial (rep=0, index=0): <Trial 0 (0 in rep 0) data={'img_query': 'resources/images/medium/med_Q5.jpg', 'img_query_w': np.int64(1024), 'img_query_h': np.int64(768), 'img_query_disp_w': np.float64(0.3), 'img_query_disp_h': np.float64(0.225), 'sam_1': 'resources/images/medium/med_S1_5.jpg', 'sam_1_w': np.int64(1024), 'sam_1_h': np.int64(768), 'sam_1_disp_w': np.float64(0.3), 'sam_1_disp_h': np.float64(0.225), 'sam_2': 'resources/images/medium/med_S2_5.jpg', 'sam_2_w': np.int64(1024), 'sam_2_h': np.int64(768), 'sam_2_disp_w': np.float64(0.25), 'sam_2_disp_h': np.float64(0.1875), 'sam_3': 'resources/images/medium/med_S3_5.jpg', 'sam_3_w': np.int64(3264), 'sam_3_h': np.int64(1840), 'sam_3_disp_w': np.float64(0.25), 'sam_3_disp_h': np.float64(0.140931373), 'sam_4': 'resources/images/medium/med_S4_5.jpg', 'sam_4_w': np.int64(768), 'sam_4_h': np.int64(1024), 'sam_4_disp_w': np.float64(0.1875), 'sam_4_disp_h': np.float64(0.25), 'sam_5': 'resources/images/medium/med_S5_5.jpg', 'sam_5_w': np.int64(350), 'sam_5_h': np.int64(233), 'sam_5_disp_w': np.float64(0.25), 'sam_5_disp_h': np.float64(0.166428571), 'img_targ': 'resources/images/medium/med_T5.jpg', 'targ_w': np.int64(768), 'targ_h': np.int64(1024), 'targ_disp_w': np.float64(0.1875), 'targ_disp_h': np.float64(0.25), 'thisN': 0, 'thisTrialN': 0, 'thisRepN': 0}>
35.2192 	EXP 	Device response: <KeyPress from None: t=35.0732367499877, value=space, duration=0.07586245800484903>
35.2212 	DATA 	Keypress: space
35.2245 	INFO 	Keyboard events cleared
35.2245 	EXP 	M_query: autoDraw = False
35.2245 	EXP 	M_top_left: autoDraw = False
35.2245 	EXP 	M_top_mid: autoDraw = False
35.2245 	EXP 	M_top_right: autoDraw = False
35.2245 	EXP 	M_bot_left: autoDraw = False
35.2245 	EXP 	M_bot_mid: autoDraw = False
35.2245 	EXP 	M_bot_right: autoDraw = False
35.2245 	EXP 	M_query: image = 'resources/images/medium/med_Q5.jpg'
35.2245 	EXP 	M_top_left: image = 'resources/images/medium/med_S1_5.jpg'
35.2245 	EXP 	M_top_mid: image = 'resources/images/medium/med_S2_5.jpg'
35.2245 	EXP 	M_top_right: image = 'resources/images/medium/med_S3_5.jpg'
35.2245 	EXP 	M_bot_left: image = 'resources/images/medium/med_S4_5.jpg'
35.2245 	EXP 	M_bot_mid: image = 'resources/images/medium/med_S5_5.jpg'
35.2245 	EXP 	M_bot_right: image = 'resources/images/medium/med_T5.jpg'
35.2245 	EXP 	M_query: autoDraw = True
35.2245 	EXP 	M_top_left: autoDraw = True
35.2245 	EXP 	M_top_mid: autoDraw = True
35.2245 	EXP 	M_top_right: autoDraw = True
35.2245 	EXP 	M_bot_left: autoDraw = True
35.2245 	EXP 	M_bot_mid: autoDraw = True
35.2245 	EXP 	M_bot_right: autoDraw = True
35.3014 	EXP 	Device response: <KeyPress from None: t=35.29989237499831, value=space, duration=None>
35.3017 	EXP 	New trial (rep=0, index=1): <Trial 1 (1 in rep 0) data={'img_query': 'resources/images/medium/med_Q2.jpg', 'img_query_w': np.int64(1024), 'img_query_h': np.int64(768), 'img_query_disp_w': np.float64(0.3), 'img_query_disp_h': np.float64(0.225), 'sam_1': 'resources/images/medium/med_S1_2.jpg', 'sam_1_w': np.int64(4032), 'sam_1_h': np.int64(3024), 'sam_1_disp_w': np.float64(0.3), 'sam_1_disp_h': np.float64(0.225), 'sam_2': 'resources/images/medium/med_S2_2.jpg', 'sam_2_w': np.int64(250), 'sam_2_h': np.int64(233), 'sam_2_disp_w': np.float64(0.25), 'sam_2_disp_h': np.float64(0.233), 'sam_3': 'resources/images/medium/med_S3_2.jpg', 'sam_3_w': np.int64(1024), 'sam_3_h': np.int64(768), 'sam_3_disp_w': np.float64(0.25), 'sam_3_disp_h': np.float64(0.1875), 'sam_4': 'resources/images/medium/med_S4_2.jpg', 'sam_4_w': np.int64(350), 'sam_4_h': np.int64(233), 'sam_4_disp_w': np.float64(0.25), 'sam_4_disp_h': np.float64(0.166428571), 'sam_5': 'resources/images/medium/med_S5_2.jpg', 'sam_5_w': np.int64(350), 'sam_5_h': np.int64(233), 'sam_5_disp_w': np.float64(0.25), 'sam_5_disp_h': np.float64(0.166428571), 'img_targ': 'resources/images/medium/med_T2.jpg', 'targ_w': np.int64(4032), 'targ_h': np.int64(2268), 'targ_disp_w': np.float64(0.25), 'targ_disp_h': np.float64(0.140625), 'thisN': 1, 'thisTrialN': 1, 'thisRepN': 0}>
35.5197 	EXP 	Device response: <KeyPress from None: t=35.29989237499831, value=space, duration=0.07617462499183603>
35.5217 	DATA 	Keypress: space
35.5250 	INFO 	Keyboard events cleared
35.5249 	EXP 	M_query: autoDraw = False
35.5249 	EXP 	M_top_left: autoDraw = False
35.5249 	EXP 	M_top_mid: autoDraw = False
35.5249 	EXP 	M_top_right: autoDraw = False
35.5249 	EXP 	M_bot_left: autoDraw = False
35.5249 	EXP 	M_bot_mid: autoDraw = False
35.5249 	EXP 	M_bot_right: autoDraw = False
35.5249 	EXP 	M_query: image = 'resources/images/medium/med_Q2.jpg'
35.5249 	EXP 	M_top_left: image = 'resources/images/medium/med_S1_2.jpg'
35.5249 	EXP 	M_top_mid: image = 'resources/images/medium/med_S2_2.jpg'
35.5249 	EXP 	M_top_right: image = 'resources/images/medium/med_S3_2.jpg'
35.5249 	EXP 	M_bot_left: image = 'resources/images/medium/med_S4_2.jpg'
35.5249 	EXP 	M_bot_mid: image = 'resources/images/medium/med_S5_2.jpg'
35.5249 	EXP 	M_bot_right: image = 'resources/images/medium/med_T2.jpg'
35.5249 	EXP 	M_query: autoDraw = True
35.5249 	EXP 	M_top_left: autoDraw = True
35.5249 	EXP 	M_top_mid: autoDraw = True
35.5249 	EXP 	M_top_right: autoDraw = True
35.5249 	EXP 	M_bot_left: autoDraw = True
35.5249 	EXP 	M_bot_mid: autoDraw = True
35.5249 	EXP 	M_bot_right: autoDraw = True
35.5511 	EXP 	Device response: <KeyPress from None: t=35.54801920799946, value=space, duration=None>
35.5514 	EXP 	New trial (rep=0, index=2): <Trial 2 (2 in rep 0) data={'img_query': 'resources/images/medium/med_Q4.jpg', 'img_query_w': np.int64(768), 'img_query_h': np.int64(1024), 'img_query_disp_w': np.float64(0.225), 'img_query_disp_h': np.float64(0.3), 'sam_1': 'resources/images/medium/med_S1_4.jpg', 'sam_1_w': np.int64(1024), 'sam_1_h': np.int64(768), 'sam_1_disp_w': np.float64(0.3), 'sam_1_disp_h': np.float64(0.225), 'sam_2': 'resources/images/medium/med_S2_4.jpg', 'sam_2_w': np.int64(350), 'sam_2_h': np.int64(234), 'sam_2_disp_w': np.float64(0.25), 'sam_2_disp_h': np.float64(0.167142857), 'sam_3': 'resources/images/medium/med_S3_4.jpg', 'sam_3_w': np.int64(350), 'sam_3_h': np.int64(341), 'sam_3_disp_w': np.float64(0.25), 'sam_3_disp_h': np.float64(0.243571429), 'sam_4': 'resources/images/medium/med_S4_4.jpg', 'sam_4_w': np.int64(768), 'sam_4_h': np.int64(1024), 'sam_4_disp_w': np.float64(0.1875), 'sam_4_disp_h': np.float64(0.25), 'sam_5': 'resources/images/medium/med_S5_4.jpg', 'sam_5_w': np.int64(350), 'sam_5_h': np.int64(208), 'sam_5_disp_w': np.float64(0.25), 'sam_5_disp_h': np.float64(0.148571429), 'img_targ': 'resources/images/medium/med_T4.jpg', 'targ_w': np.int64(768), 'targ_h': np.int64(1024), 'targ_disp_w': np.float64(0.1875), 'targ_disp_h': np.float64(0.25), 'thisN': 2, 'thisTrialN': 2, 'thisRepN': 0}>
35.6129 	DATA 	Keypress: space
35.6159 	INFO 	Keyboard events cleared
35.6159 	EXP 	M_query: autoDraw = False
35.6159 	EXP 	M_top_left: autoDraw = False
35.6159 	EXP 	M_top_mid: autoDraw = False
35.6159 	EXP 	M_top_right: autoDraw = False
35.6159 	EXP 	M_bot_left: autoDraw = False
35.6159 	EXP 	M_bot_mid: autoDraw = False
35.6159 	EXP 	M_bot_right: autoDraw = False
35.6159 	EXP 	M_query: image = 'resources/images/medium/med_Q4.jpg'
35.6159 	EXP 	M_top_left: image = 'resources/images/medium/med_S1_4.jpg'
35.6159 	EXP 	M_top_mid: image = 'resources/images/medium/med_S2_4.jpg'
35.6159 	EXP 	M_top_right: image = 'resources/images/medium/med_S3_4.jpg'
35.6159 	EXP 	M_bot_left: image = 'resources/images/medium/med_S4_4.jpg'
35.6159 	EXP 	M_bot_mid: image = 'resources/images/medium/med_S5_4.jpg'
35.6159 	EXP 	M_bot_right: image = 'resources/images/medium/med_T4.jpg'
35.6159 	EXP 	M_query: autoDraw = True
35.6159 	EXP 	M_top_left: autoDraw = True
35.6159 	EXP 	M_top_mid: autoDraw = True
35.6159 	EXP 	M_top_right: autoDraw = True
35.6159 	EXP 	M_bot_left: autoDraw = True
35.6159 	EXP 	M_bot_mid: autoDraw = True
35.6159 	EXP 	M_bot_right: autoDraw = True
35.6213 	EXP 	Device response: <KeyPress from None: t=35.54801920799946, value=space, duration=0.0718733749963576>
35.7847 	EXP 	Device response: <KeyPress from None: t=35.78000987500127, value=space, duration=None>
35.7851 	EXP 	New trial (rep=0, index=3): <Trial 3 (3 in rep 0) data={'img_query': 'resources/images/medium/med_Q1.jpg', 'img_query_w': np.int64(4032), 'img_query_h': np.int64(3024), 'img_query_disp_w': np.float64(0.3), 'img_query_disp_h': np.float64(0.225), 'sam_1': 'resources/images/medium/med_S1_1.jpg', 'sam_1_w': np.int64(768), 'sam_1_h': np.int64(1024), 'sam_1_disp_w': np.float64(0.225), 'sam_1_disp_h': np.float64(0.3), 'sam_2': 'resources/images/medium/med_S2_1.jpg', 'sam_2_w': np.int64(768), 'sam_2_h': np.int64(1024), 'sam_2_disp_w': np.float64(0.1875), 'sam_2_disp_h': np.float64(0.25), 'sam_3': 'resources/images/medium/med_S3_1.jpg', 'sam_3_w': np.int64(350), 'sam_3_h': np.int64(233), 'sam_3_disp_w': np.float64(0.25), 'sam_3_disp_h': np.float64(0.166428571), 'sam_4': 'resources/images/medium/med_S4_1.jpg', 'sam_4_w': np.int64(768), 'sam_4_h': np.int64(1024), 'sam_4_disp_w': np.float64(0.1875), 'sam_4_disp_h': np.float64(0.25), 'sam_5': 'resources/images/medium/med_S5_1.jpg', 'sam_5_w': np.int64(768), 'sam_5_h': np.int64(1040), 'sam_5_disp_w': np.float64(0.184615385), 'sam_5_disp_h': np.float64(0.25), 'img_targ': 'resources/images/medium/med_T1.jpg', 'targ_w': np.int64(1024), 'targ_h': np.int64(768), 'targ_disp_w': np.float64(0.25), 'targ_disp_h': np.float64(0.1875), 'thisN': 3, 'thisTrialN': 3, 'thisRepN': 0}>
35.9446 	EXP 	Device response: <KeyPress from None: t=35.78000987500127, value=space, duration=0.06383074999030214>
35.9465 	DATA 	Keypress: space
35.9499 	INFO 	Keyboard events cleared
35.9498 	EXP 	M_query: autoDraw = False
35.9498 	EXP 	M_top_left: autoDraw = False
35.9498 	EXP 	M_top_mid: autoDraw = False
35.9498 	EXP 	M_top_right: autoDraw = False
35.9498 	EXP 	M_bot_left: autoDraw = False
35.9498 	EXP 	M_bot_mid: autoDraw = False
35.9498 	EXP 	M_bot_right: autoDraw = False
35.9498 	EXP 	M_query: image = 'resources/images/medium/med_Q1.jpg'
35.9498 	EXP 	M_top_left: image = 'resources/images/medium/med_S1_1.jpg'
35.9498 	EXP 	M_top_mid: image = 'resources/images/medium/med_S2_1.jpg'
35.9498 	EXP 	M_top_right: image = 'resources/images/medium/med_S3_1.jpg'
35.9498 	EXP 	M_bot_left: image = 'resources/images/medium/med_S4_1.jpg'
35.9498 	EXP 	M_bot_mid: image = 'resources/images/medium/med_S5_1.jpg'
35.9498 	EXP 	M_bot_right: image = 'resources/images/medium/med_T1.jpg'
35.9498 	EXP 	M_query: autoDraw = True
35.9498 	EXP 	M_top_left: autoDraw = True
35.9498 	EXP 	M_top_mid: autoDraw = True
35.9498 	EXP 	M_top_right: autoDraw = True
35.9498 	EXP 	M_bot_left: autoDraw = True
35.9498 	EXP 	M_bot_mid: autoDraw = True
35.9498 	EXP 	M_bot_right: autoDraw = True
36.0046 	EXP 	Device response: <KeyPress from None: t=36.00223754098988, value=space, duration=None>
36.0049 	EXP 	New trial (rep=0, index=4): <Trial 4 (4 in rep 0) data={'img_query': 'resources/images/medium/med_Q3.jpg', 'img_query_w': np.int64(1024), 'img_query_h': np.int64(768), 'img_query_disp_w': np.float64(0.3), 'img_query_disp_h': np.float64(0.225), 'sam_1': 'resources/images/medium/med_S1_3.jpg', 'sam_1_w': np.int64(4160), 'sam_1_h': np.int64(2340), 'sam_1_disp_w': np.float64(0.3), 'sam_1_disp_h': np.float64(0.16875), 'sam_2': 'resources/images/medium/med_S2_3.jpg', 'sam_2_w': np.int64(1024), 'sam_2_h': np.int64(768), 'sam_2_disp_w': np.float64(0.25), 'sam_2_disp_h': np.float64(0.1875), 'sam_3': 'resources/images/medium/med_S3_3.jpg', 'sam_3_w': np.int64(1024), 'sam_3_h': np.int64(768), 'sam_3_disp_w': np.float64(0.25), 'sam_3_disp_h': np.float64(0.1875), 'sam_4': 'resources/images/medium/med_S4_3.jpg', 'sam_4_w': np.int64(350), 'sam_4_h': np.int64(197), 'sam_4_disp_w': np.float64(0.25), 'sam_4_disp_h': np.float64(0.140714286), 'sam_5': 'resources/images/medium/med_S5_3.jpg', 'sam_5_w': np.int64(2592), 'sam_5_h': np.int64(4608), 'sam_5_disp_w': np.float64(0.140625), 'sam_5_disp_h': np.float64(0.25), 'img_targ': 'resources/images/medium/med_T3.jpg', 'targ_w': np.int64(1024), 'targ_h': np.int64(768), 'targ_disp_w': np.float64(0.25), 'targ_disp_h': np.float64(0.1875), 'thisN': 4, 'thisTrialN': 4, 'thisRepN': 0}>
36.2513 	EXP 	Device response: <KeyPress from None: t=36.00223754098988, value=space, duration=0.0682251670077676>
36.2513 	EXP 	Device response: <KeyPress from None: t=36.22809674999735, value=space, duration=None>
36.2533 	DATA 	Keypress: space
36.2542 	DATA 	Keypress: space
36.2573 	INFO 	Keyboard events cleared
36.2572 	EXP 	M_query: autoDraw = False
36.2572 	EXP 	M_top_left: autoDraw = False
36.2572 	EXP 	M_top_mid: autoDraw = False
36.2572 	EXP 	M_top_right: autoDraw = False
36.2572 	EXP 	M_bot_left: autoDraw = False
36.2572 	EXP 	M_bot_mid: autoDraw = False
36.2572 	EXP 	M_bot_right: autoDraw = False
36.2572 	EXP 	M_query: image = 'resources/images/medium/med_Q3.jpg'
36.2572 	EXP 	M_top_left: image = 'resources/images/medium/med_S1_3.jpg'
36.2572 	EXP 	M_top_mid: image = 'resources/images/medium/med_S2_3.jpg'
36.2572 	EXP 	M_top_right: image = 'resources/images/medium/med_S3_3.jpg'
36.2572 	EXP 	M_bot_left: image = 'resources/images/medium/med_S4_3.jpg'
36.2572 	EXP 	M_bot_mid: image = 'resources/images/medium/med_S5_3.jpg'
36.2572 	EXP 	M_bot_right: image = 'resources/images/medium/med_T3.jpg'
36.2572 	EXP 	M_query: autoDraw = True
36.2572 	EXP 	M_top_left: autoDraw = True
36.2572 	EXP 	M_top_mid: autoDraw = True
36.2572 	EXP 	M_top_right: autoDraw = True
36.2572 	EXP 	M_bot_left: autoDraw = True
36.2572 	EXP 	M_bot_mid: autoDraw = True
36.2572 	EXP 	M_bot_right: autoDraw = True
36.3179 	EXP 	Device response: <KeyPress from None: t=36.22809674999735, value=space, duration=0.07993929099757224>
36.5015 	EXP 	Device response: <KeyPress from None: t=36.491186957995524, value=space, duration=None>
36.5086 	DATA 	Keypress: space
36.5114 	EXP 	M_query: autoDraw = False
36.5114 	EXP 	M_top_left: autoDraw = False
36.5114 	EXP 	M_top_mid: autoDraw = False
36.5114 	EXP 	M_top_right: autoDraw = False
36.5114 	EXP 	M_bot_left: autoDraw = False
36.5114 	EXP 	M_bot_mid: autoDraw = False
36.5114 	EXP 	M_bot_right: autoDraw = False
36.5114 	EXP 	end_message: autoDraw = True
36.5851 	EXP 	Device response: <KeyPress from None: t=36.491186957995524, value=space, duration=0.0881100830010837>
37.8719 	EXP 	Device response: <KeyPress from None: t=37.86895208299393, value=escape, duration=None>
37.9098 	DATA 	Keypress: escape
37.9849 	EXP 	Device response: <KeyPress from None: t=37.86895208299393, value=escape, duration=0.11189504200592637>
37.9849 	EXP 	pilot_study: status = STOPPED
37.9872 	EXP 	end_message: autoDraw = False
37.9872 	EXP 	pilot_study: status = STOPPED
37.9979 	INFO 	saved data to '/Users/marcogiven/Desktop/projects/S25_SURE/colorStudyPilot/data/_pilot_study_2025-06-27_09h48.39.778.csv'
38.0008 	INFO 	saved data to /Users/marcogiven/Desktop/projects/S25_SURE/colorStudyPilot/data/_pilot_study_2025-06-27_09h48.39.778.psydat
38.1286 	WARNING 	Stopping key buffers but this could be dangerous ifother keyboards rely on the same.
38.1287 	WARNING 	Stopping key buffers but this could be dangerous ifother keyboards rely on the same.
38.1287 	WARNING 	Stopping key buffers but this could be dangerous ifother keyboards rely on the same.
