17.4828 	WARNING 	Font Manager failed to load file /System/Library/PrivateFrameworks/FontServices.framework/Resources/Reserved/PingFangUI.ttc
17.6884 	WARNING 	Font Manager failed to load file /System/Library/PrivateFrameworks/FontServices.framework/Resources/Reserved/PingFangUI.ttc
25.0507 	INFO 	Loaded monitor calibration from ['2025_06_12 14:42']
25.1834 	INFO 	Using renderer 'Apple M1 Pro' for graphics
25.1834 	INFO 	OpenGL version supported by driver is 2..
25.2159 	EXP 	Created window1 = Window(allowGUI=True, allowStencil=False, autoLog=True, backendConf=UNKNOWN, backgroundFit=<method-wrapper '__getattribute__' of attributeSetter object at 0x15a1fe6e0>, backgroundImage=<method-wrapper '__getattribute__' of attributeSetter object at 0x15a1fe680>, bitsMode=UNKNOWN, blendMode='avg', bpc=(8, 8, 8), color=array([0, 0, 0]), colorSpace='rgb', depthBits=8, fullscr=False, gamma=None, gammaErrorPolicy='raise', infoMsg=UNKNOWN, lms=UNKNOWN, monitor=<psychopy.monitors.calibTools.Monitor object at 0x15a23ad70>, multiSample=False, name='window1', numSamples=2, pos=[np.float64(260.0), np.float64(224.5)], screen=0, size=array([2560, 1440]), stencilBits=0, stereo=False, title='PsychoPy', units='height', useFBO=True, useRetina=True, viewOri=0.0, viewPos=None, viewScale=None, waitBlanking=True, winType='pyglet')
25.2160 	EXP 	window1: backgroundImage = ''
25.2160 	EXP 	window1: backgroundFit = 'none'
25.7675 	INFO 	keyboard.Keyboard is using ptb backend.
25.9412 	INFO 	keyboard.Keyboard is using ptb backend.
25.9412 	EXP 	pilot_study: status = STARTED
25.9832 	EXP 	Created welcome_message = TextStim(__class__=<class 'psychopy.visual.text.TextStim'>, alignHoriz=method-wrapper(...), alignText='center', alignVert=method-wrapper(...), anchorHoriz='center', anchorVert='center', antialias=True, autoDraw=False, autoLog=True, bold=False, color=array([1., 1., 1.]), colorSpace='rgb', contrast=1.0, depth=0.0, draggable=False, flipHoriz=False, flipVert=False, font='Arial', fontFiles=[], height=np.float64(0.05), italic=False, languageStyle='LTR', name='welcome_message', opacity=1, ori=0.0, pos=array([0., 0.]), rgb=UNKNOWN, text=str(...), units='height', win=Window(...), wrapWidth=1)
25.9998 	EXP 	Created M_query = ImageStim(__class__=<class 'psychopy.visual.image.ImageStim'>, anchor=('center', 'center'), autoLog=True, color=array([1., 1., 1.]), colorSpace='rgb', contrast=1.0, depth=0.0, draggable=False, flipHoriz=np.False_, flipVert=np.False_, image='default.png', interpolate=True, mask=None, maskParams=None, name='M_query', opacity=1, ori=0.0, pos=array([0. , 0.3]), size=array([0.25, 0.25]), texRes=128.0, units='height', win=Window(...))
26.0031 	EXP 	Created M_top_left = ImageStim(__class__=<class 'psychopy.visual.image.ImageStim'>, anchor=('center', 'center'), autoLog=True, color=array([1., 1., 1.]), colorSpace='rgb', contrast=1.0, depth=-1.0, draggable=False, flipHoriz=np.False_, flipVert=np.False_, image='default.png', interpolate=True, mask=None, maskParams=None, name='M_top_left', opacity=1, ori=0.0, pos=array([-0.55,  0.  ]), size=array([0.25, 0.25]), texRes=128.0, units='height', win=Window(...))
26.0061 	EXP 	Created M_top_mid = ImageStim(__class__=<class 'psychopy.visual.image.ImageStim'>, anchor=('center', 'center'), autoLog=True, color=array([1., 1., 1.]), colorSpace='rgb', contrast=1.0, depth=-2.0, draggable=False, flipHoriz=np.False_, flipVert=np.False_, image='default.png', interpolate=True, mask=None, maskParams=None, name='M_top_mid', opacity=1, ori=0.0, pos=array([0., 0.]), size=array([0.25, 0.25]), texRes=128.0, units='height', win=Window(...))
26.0092 	EXP 	Created M_top_right = ImageStim(__class__=<class 'psychopy.visual.image.ImageStim'>, anchor=('center', 'center'), autoLog=True, color=array([1., 1., 1.]), colorSpace='rgb', contrast=1.0, depth=-3.0, draggable=False, flipHoriz=np.False_, flipVert=np.False_, image='default.png', interpolate=True, mask=None, maskParams=None, name='M_top_right', opacity=1, ori=0.0, pos=array([0.55, 0.  ]), size=array([0.25, 0.25]), texRes=128.0, units='height', win=Window(...))
26.0123 	EXP 	Created M_bot_left = ImageStim(__class__=<class 'psychopy.visual.image.ImageStim'>, anchor=('center', 'center'), autoLog=True, color=array([1., 1., 1.]), colorSpace='rgb', contrast=1.0, depth=-4.0, draggable=False, flipHoriz=np.False_, flipVert=np.False_, image='default.png', interpolate=True, mask=None, maskParams=None, name='M_bot_left', opacity=1, ori=0.0, pos=array([-0.55, -0.35]), size=array([0.25, 0.25]), texRes=128.0, units='height', win=Window(...))
26.0153 	EXP 	Created M_bot_mid = ImageStim(__class__=<class 'psychopy.visual.image.ImageStim'>, anchor=('center', 'center'), autoLog=True, color=array([1., 1., 1.]), colorSpace='rgb', contrast=1.0, depth=-5.0, draggable=False, flipHoriz=np.False_, flipVert=np.False_, image='default.png', interpolate=True, mask=None, maskParams=None, name='M_bot_mid', opacity=1, ori=0.0, pos=array([ 0.  , -0.35]), size=array([0.25, 0.25]), texRes=128.0, units='height', win=Window(...))
26.0184 	EXP 	Created M_bot_right = ImageStim(__class__=<class 'psychopy.visual.image.ImageStim'>, anchor=('center', 'center'), autoLog=True, color=array([1., 1., 1.]), colorSpace='rgb', contrast=1.0, depth=-6.0, draggable=False, flipHoriz=np.False_, flipVert=np.False_, image='default.png', interpolate=True, mask=None, maskParams=None, name='M_bot_right', opacity=1, ori=0.0, pos=array([ 0.55, -0.35]), size=array([0.25, 0.25]), texRes=128.0, units='height', win=Window(...))
26.0226 	EXP 	Created end_message = TextStim(__class__=<class 'psychopy.visual.text.TextStim'>, alignHoriz=method-wrapper(...), alignText='center', alignVert=method-wrapper(...), anchorHoriz='center', anchorVert='center', antialias=True, autoDraw=False, autoLog=True, bold=False, color=array([1., 1., 1.]), colorSpace='rgb', contrast=1.0, depth=0.0, draggable=False, flipHoriz=False, flipVert=False, font='Arial', fontFiles=[], height=np.float64(0.05), italic=False, languageStyle='LTR', name='end_message', opacity=1, ori=0.0, pos=array([0., 0.]), rgb=UNKNOWN, text=str(...), units='height', win=Window(...), wrapWidth=1)
0.0543 	EXP 	welcome_message: autoDraw = True
0.8023 	DATA 	Mouse: Left button down, pos=(571,365)
0.8888 	DATA 	Mouse:  Left button up, pos=(571,365)
1.3643 	EXP 	Device response: <KeyPress from None: t=1.1852352080022683, value=space, duration=None>
1.3645 	EXP 	Device response: <KeyPress from None: t=1.1852352080022683, value=space, duration=0.13618304199917475>
1.3685 	EXP 	Imported resources/midLoop.csv as conditions, 5 conditions, 7 params
1.3687 	EXP 	New trial (rep=0, index=0): <Trial 0 (0 in rep 0) data={'img_query': 'resources/images/medium/med_Q4.jpg', 'sam_1': 'resources/images/medium/med_S1_4.jpg', 'sam_2': 'resources/images/medium/med_S2_4.jpg', 'sam_3': 'resources/images/medium/med_S3_4.jpg', 'sam_4': 'resources/images/medium/med_S4_4.jpg', 'sam_5': 'resources/images/medium/med_S5_4.jpg', 'img_targ': 'resources/images/medium/med_T4.jpg', 'thisN': 0, 'thisTrialN': 0, 'thisRepN': 0}>
1.4329 	DATA 	Keypress: space
1.4361 	EXP 	welcome_message: autoDraw = False
1.4361 	EXP 	M_query: image = 'resources/images/medium/med_Q4.jpg'
1.4361 	EXP 	M_top_left: image = 'resources/images/medium/med_S1_4.jpg'
1.4361 	EXP 	M_top_mid: image = 'resources/images/medium/med_S2_4.jpg'
1.4361 	EXP 	M_top_right: image = 'resources/images/medium/med_S3_4.jpg'
1.4361 	EXP 	M_bot_left: image = 'resources/images/medium/med_S4_4.jpg'
1.4361 	EXP 	M_bot_mid: image = 'resources/images/medium/med_S5_4.jpg'
1.4361 	EXP 	M_bot_right: image = 'resources/images/medium/med_T4.jpg'
1.4361 	EXP 	M_query: autoDraw = True
1.4361 	EXP 	M_top_left: autoDraw = True
1.4361 	EXP 	M_top_mid: autoDraw = True
1.4361 	EXP 	M_top_right: autoDraw = True
1.4361 	EXP 	M_bot_left: autoDraw = True
1.4361 	EXP 	M_bot_mid: autoDraw = True
1.4361 	EXP 	M_bot_right: autoDraw = True
17.0523 	EXP 	Device response: <KeyPress from None: t=17.045109040998796, value=escape, duration=None>
17.0902 	DATA 	Keypress: escape
17.1042 	EXP 	Device response: <KeyPress from None: t=17.045109040998796, value=escape, duration=0.03992354199726833>
17.1043 	EXP 	pilot_study: status = STOPPED
17.1076 	EXP 	M_query: autoDraw = False
17.1076 	EXP 	M_top_left: autoDraw = False
17.1076 	EXP 	M_top_mid: autoDraw = False
17.1076 	EXP 	M_top_right: autoDraw = False
17.1076 	EXP 	M_bot_left: autoDraw = False
17.1076 	EXP 	M_bot_mid: autoDraw = False
17.1076 	EXP 	M_bot_right: autoDraw = False
17.1077 	EXP 	pilot_study: status = STOPPED
17.1090 	INFO 	saved data to '/Users/marcogiven/Desktop/projects/S25_SURE/colorStudyPilot/data/_pilot_study_2025-06-26_14h39.22.027.csv'
17.1095 	INFO 	saved data to /Users/marcogiven/Desktop/projects/S25_SURE/colorStudyPilot/data/_pilot_study_2025-06-26_14h39.22.027.psydat
17.2297 	WARNING 	Stopping key buffers but this could be dangerous ifother keyboards rely on the same.
17.2298 	WARNING 	Stopping key buffers but this could be dangerous ifother keyboards rely on the same.
