17.3153 	WARNING 	Font Manager failed to load file /System/Library/PrivateFrameworks/FontServices.framework/Resources/Reserved/PingFangUI.ttc
17.5436 	WARNING 	Font Manager failed to load file /System/Library/PrivateFrameworks/FontServices.framework/Resources/Reserved/PingFangUI.ttc
22.3145 	INFO 	Loaded monitor calibration from ['2025_06_12 14:42']
22.4494 	INFO 	Using renderer 'Apple M1 Pro' for graphics
22.4494 	INFO 	OpenGL version supported by driver is 2..
22.4817 	EXP 	Created window1 = Window(allowGUI=True, allowStencil=False, autoLog=True, backendConf=UNKNOWN, backgroundFit=<method-wrapper '__getattribute__' of attributeSetter object at 0x1594eeef0>, backgroundImage=<method-wrapper '__getattribute__' of attributeSetter object at 0x1594eef50>, bitsMode=UNKNOWN, blendMode='avg', bpc=(8, 8, 8), color=array([0, 0, 0]), colorSpace='rgb', depthBits=8, fullscr=False, gamma=None, gammaErrorPolicy='raise', infoMsg=UNKNOWN, lms=UNKNOWN, monitor=<psychopy.monitors.calibTools.Monitor object at 0x159e56c50>, multiSample=False, name='window1', numSamples=2, pos=[np.float64(260.0), np.float64(224.5)], screen=0, size=array([2560, 1440]), stencilBits=0, stereo=False, title='PsychoPy', units='height', useFBO=True, useRetina=True, viewOri=0.0, viewPos=None, viewScale=None, waitBlanking=True, winType='pyglet')
22.4817 	EXP 	window1: backgroundImage = ''
22.4817 	EXP 	window1: backgroundFit = 'none'
23.0436 	INFO 	keyboard.Keyboard is using ptb backend.
23.2231 	INFO 	keyboard.Keyboard is using ptb backend.
23.3140 	INFO 	keyboard.Keyboard is using ptb backend.
23.3140 	EXP 	pilot_study: status = STARTED
23.3612 	EXP 	Created welcome_message = TextStim(__class__=<class 'psychopy.visual.text.TextStim'>, alignHoriz=method-wrapper(...), alignText='center', alignVert=method-wrapper(...), anchorHoriz='center', anchorVert='center', antialias=True, autoDraw=False, autoLog=True, bold=False, color=array([1., 1., 1.]), colorSpace='rgb', contrast=1.0, depth=0.0, draggable=False, flipHoriz=False, flipVert=False, font='Arial', fontFiles=[], height=np.float64(0.05), italic=False, languageStyle='LTR', name='welcome_message', opacity=1, ori=0.0, pos=array([0., 0.]), rgb=UNKNOWN, text=str(...), units='height', win=Window(...), wrapWidth=1)
23.3812 	EXP 	Created M_query = ImageStim(__class__=<class 'psychopy.visual.image.ImageStim'>, anchor=('center', 'center'), autoLog=True, color=array([1., 1., 1.]), colorSpace='rgb', contrast=1.0, depth=0.0, draggable=False, flipHoriz=np.False_, flipVert=np.False_, image='default.png', interpolate=True, mask=None, maskParams=None, name='M_query', opacity=1, ori=0.0, pos=array([-0.45,  0.  ]), size=array([1., 1.]), texRes=128.0, units='height', win=Window(...))
23.3849 	EXP 	Created img1 = ImageStim(__class__=<class 'psychopy.visual.image.ImageStim'>, anchor=('center', 'center'), autoLog=True, color=array([1., 1., 1.]), colorSpace='rgb', contrast=1.0, depth=-1.0, draggable=False, flipHoriz=np.False_, flipVert=np.False_, image='default.png', interpolate=True, mask=None, maskParams=None, name='img1', opacity=1, ori=0.0, pos=array([0.  , 0.35]), size=array([1., 1.]), texRes=128.0, units='height', win=Window(...))
23.3884 	EXP 	Created img2 = ImageStim(__class__=<class 'psychopy.visual.image.ImageStim'>, anchor=('center', 'center'), autoLog=True, color=array([1., 1., 1.]), colorSpace='rgb', contrast=1.0, depth=-2.0, draggable=False, flipHoriz=np.False_, flipVert=np.False_, image='default.png', interpolate=True, mask=None, maskParams=None, name='img2', opacity=1, ori=0.0, pos=array([0.45, 0.35]), size=array([1., 1.]), texRes=128.0, units='height', win=Window(...))
23.3917 	EXP 	Created img3 = ImageStim(__class__=<class 'psychopy.visual.image.ImageStim'>, anchor=('center', 'center'), autoLog=True, color=array([1., 1., 1.]), colorSpace='rgb', contrast=1.0, depth=-3.0, draggable=True, flipHoriz=np.False_, flipVert=np.False_, image='default.png', interpolate=True, mask=None, maskParams=None, name='img3', opacity=1, ori=0.0, pos=array([0., 0.]), size=array([1., 1.]), texRes=128.0, units='height', win=Window(...))
23.3950 	EXP 	Created img4 = ImageStim(__class__=<class 'psychopy.visual.image.ImageStim'>, anchor=('center', 'center'), autoLog=True, color=array([1., 1., 1.]), colorSpace='rgb', contrast=1.0, depth=-4.0, draggable=False, flipHoriz=np.False_, flipVert=np.False_, image='default.png', interpolate=True, mask=None, maskParams=None, name='img4', opacity=1, ori=0.0, pos=array([0.45, 0.  ]), size=array([1., 1.]), texRes=128.0, units='height', win=Window(...))
23.3982 	EXP 	Created img5 = ImageStim(__class__=<class 'psychopy.visual.image.ImageStim'>, anchor=('center', 'center'), autoLog=True, color=array([1., 1., 1.]), colorSpace='rgb', contrast=1.0, depth=-5.0, draggable=False, flipHoriz=np.False_, flipVert=np.False_, image='default.png', interpolate=True, mask=None, maskParams=None, name='img5', opacity=1, ori=0.0, pos=array([ 0.  , -0.35]), size=array([1., 1.]), texRes=128.0, units='height', win=Window(...))
23.4018 	EXP 	Created img6 = ImageStim(__class__=<class 'psychopy.visual.image.ImageStim'>, anchor=('center', 'center'), autoLog=True, color=array([1., 1., 1.]), colorSpace='rgb', contrast=1.0, depth=-6.0, draggable=False, flipHoriz=np.False_, flipVert=np.False_, image='default.png', interpolate=True, mask=None, maskParams=None, name='img6', opacity=1, ori=0.0, pos=array([0., 0.]), size=array([1., 1.]), texRes=128.0, units='height', win=Window(...))
23.4062 	EXP 	Created end_message = TextStim(__class__=<class 'psychopy.visual.text.TextStim'>, alignHoriz=method-wrapper(...), alignText='center', alignVert=method-wrapper(...), anchorHoriz='center', anchorVert='center', antialias=True, autoDraw=False, autoLog=True, bold=False, color=array([1., 1., 1.]), colorSpace='rgb', contrast=1.0, depth=0.0, draggable=False, flipHoriz=False, flipVert=False, font='Arial', fontFiles=[], height=np.float64(0.05), italic=False, languageStyle='LTR', name='end_message', opacity=1, ori=0.0, pos=array([0., 0.]), rgb=UNKNOWN, text=str(...), units='height', win=Window(...), wrapWidth=1)
0.0573 	EXP 	welcome_message: autoDraw = True
1.5965 	DATA 	Mouse: Left button down, pos=(912,289)
1.6642 	DATA 	Mouse:  Left button up, pos=(912,289)
2.1866 	EXP 	Device response: <KeyPress from None: t=1.9946007079997798, value=space, duration=None>
2.1869 	EXP 	Device response: <KeyPress from None: t=1.9946007079997798, value=space, duration=0.11225095800182316>
2.1933 	EXP 	Imported resources/midLoop.csv as conditions, 5 conditions, 35 params
2.1939 	EXP 	New trial (rep=0, index=0): <Trial 0 (0 in rep 0) data={'img_query': 'resources/images/medium/med_Q3.jpg', 'img_query_w': np.int64(1024), 'img_query_h': np.int64(768), 'img_query_disp_w': np.float64(0.35), 'img_query_disp_h': np.float64(0.2625), 'sam_1': 'resources/images/medium/med_S3_1.jpg', 'sam_1_w': np.int64(350), 'sam_1_h': np.int64(233), 'sam_1_disp_w': np.float64(0.35), 'sam_1_disp_h': np.float64(0.233), 'sam_2': 'resources/images/medium/med_S3_2.jpg', 'sam_2_w': np.int64(1024), 'sam_2_h': np.int64(768), 'sam_2_disp_w': np.float64(0.35), 'sam_2_disp_h': np.float64(0.2625), 'sam_3': 'resources/images/medium/med_S3_3.jpg', 'sam_3_w': np.int64(1024), 'sam_3_h': np.int64(768), 'sam_3_disp_w': np.float64(0.35), 'sam_3_disp_h': np.float64(0.2625), 'sam_4': 'resources/images/medium/med_S3_4.jpg', 'sam_4_w': np.int64(350), 'sam_4_h': np.int64(341), 'sam_4_disp_w': np.float64(0.35), 'sam_4_disp_h': np.float64(0.341), 'sam_5': 'resources/images/medium/med_S3_5.jpg', 'sam_5_w': np.int64(3264), 'sam_5_h': np.int64(1080), 'sam_5_disp_w': np.float64(0.35), 'sam_5_disp_h': np.float64(0.115808824), 'img_targ': 'resources/images/medium/med_T3.jpg', 'targ_w': np.int64(1024), 'targ_h': np.int64(768), 'targ_disp_w': np.float64(0.35), 'targ_disp_h': np.float64(0.2625), 'thisN': 0, 'thisTrialN': 0, 'thisRepN': 0}>
2.3341 	DATA 	Keypress: space
2.3382 	INFO 	Keyboard events cleared
2.3381 	EXP 	welcome_message: autoDraw = False
2.3381 	EXP 	M_query: image = 'resources/images/medium/med_Q3.jpg'
2.3381 	EXP 	img1: image = 'resources/images/medium/med_S3_1.jpg'
2.3381 	EXP 	img2: image = 'resources/images/medium/med_S3_2.jpg'
2.3381 	EXP 	img3: image = 'resources/images/medium/med_S3_3.jpg'
2.3381 	EXP 	img4: image = 'resources/images/medium/med_S3_4.jpg'
2.3381 	EXP 	img5: image = 'resources/images/medium/med_S3_5.jpg'
2.3381 	EXP 	img6: image = 'resources/images/medium/med_T3.jpg'
2.3381 	EXP 	M_query: autoDraw = True
2.3381 	EXP 	img1: autoDraw = True
2.3381 	EXP 	img2: autoDraw = True
2.3381 	EXP 	img3: autoDraw = True
2.3381 	EXP 	img4: autoDraw = True
2.3381 	EXP 	img5: autoDraw = True
2.3381 	EXP 	img6: autoDraw = True
6.0128 	DATA 	Mouse: Left button down, pos=(508,158)
6.5287 	DATA 	Mouse:  Left button up, pos=(723,55)
6.9408 	DATA 	Mouse: Left button down, pos=(723,55)
7.4291 	DATA 	Mouse:  Left button up, pos=(708,134)
9.8915 	DATA 	Mouse: Left button down, pos=(807,190)
9.9874 	DATA 	Mouse:  Left button up, pos=(807,190)
57.6347 	EXP 	Device response: <KeyPress from None: t=57.62965258301119, value=left, duration=None>
57.6873 	DATA 	Keypress: left
57.7482 	EXP 	Device response: <KeyPress from None: t=57.62965258301119, value=left, duration=0.11599995799770113>
57.8654 	EXP 	Device response: <KeyPress from None: t=57.86092170800839, value=left, duration=None>
57.8726 	DATA 	Keypress: left
57.9237 	EXP 	Device response: <KeyPress from None: t=57.86092170800839, value=left, duration=0.05992041699937545>
58.0405 	EXP 	Device response: <KeyPress from None: t=58.03954125000746, value=left, duration=None>
58.0457 	DATA 	Keypress: left
58.1072 	EXP 	Device response: <KeyPress from None: t=58.03954125000746, value=left, duration=0.06009145799907856>
58.2156 	EXP 	Device response: <KeyPress from None: t=58.209379291001824, value=left, duration=None>
58.2181 	DATA 	Keypress: left
58.2739 	EXP 	Device response: <KeyPress from None: t=58.209379291001824, value=left, duration=0.05601712499628775>
111.3176 	EXP 	Device response: <KeyPress from None: t=111.31612908300303, value=space, duration=None>
111.3183 	EXP 	New trial (rep=0, index=1): <Trial 1 (1 in rep 0) data={'img_query': 'resources/images/medium/med_Q1.jpg', 'img_query_w': np.int64(4032), 'img_query_h': np.int64(3024), 'img_query_disp_w': np.float64(0.35), 'img_query_disp_h': np.float64(0.2625), 'sam_1': 'resources/images/medium/med_S1_1.jpg', 'sam_1_w': np.int64(768), 'sam_1_h': np.int64(1024), 'sam_1_disp_w': np.float64(0.2625), 'sam_1_disp_h': np.float64(0.35), 'sam_2': 'resources/images/medium/med_S1_2.jpg', 'sam_2_w': np.int64(4032), 'sam_2_h': np.int64(3024), 'sam_2_disp_w': np.float64(0.35), 'sam_2_disp_h': np.float64(0.2625), 'sam_3': 'resources/images/medium/med_S1_3.jpg', 'sam_3_w': np.int64(4160), 'sam_3_h': np.int64(2340), 'sam_3_disp_w': np.float64(0.35), 'sam_3_disp_h': np.float64(0.196875), 'sam_4': 'resources/images/medium/med_S1_4.jpg', 'sam_4_w': np.int64(1024), 'sam_4_h': np.int64(768), 'sam_4_disp_w': np.float64(0.35), 'sam_4_disp_h': np.float64(0.2625), 'sam_5': 'resources/images/medium/med_S1_5.jpg', 'sam_5_w': np.int64(1024), 'sam_5_h': np.int64(768), 'sam_5_disp_w': np.float64(0.35), 'sam_5_disp_h': np.float64(0.2625), 'img_targ': 'resources/images/medium/med_T1.jpg', 'targ_w': np.int64(1024), 'targ_h': np.int64(768), 'targ_disp_w': np.float64(0.35), 'targ_disp_h': np.float64(0.2625), 'thisN': 1, 'thisTrialN': 1, 'thisRepN': 0}>
111.7682 	EXP 	Device response: <KeyPress from None: t=111.31612908300303, value=space, duration=0.11644412500027101>
111.7702 	DATA 	Keypress: space
111.7746 	INFO 	Keyboard events cleared
111.7745 	EXP 	M_query: autoDraw = False
111.7745 	EXP 	img1: autoDraw = False
111.7745 	EXP 	img2: autoDraw = False
111.7745 	EXP 	img3: autoDraw = False
111.7745 	EXP 	img4: autoDraw = False
111.7745 	EXP 	img5: autoDraw = False
111.7745 	EXP 	img6: autoDraw = False
111.7745 	EXP 	M_query: image = 'resources/images/medium/med_Q1.jpg'
111.7745 	EXP 	img1: image = 'resources/images/medium/med_S1_1.jpg'
111.7745 	EXP 	img2: image = 'resources/images/medium/med_S1_2.jpg'
111.7745 	EXP 	img3: image = 'resources/images/medium/med_S1_3.jpg'
111.7745 	EXP 	img4: image = 'resources/images/medium/med_S1_4.jpg'
111.7745 	EXP 	img5: image = 'resources/images/medium/med_S1_5.jpg'
111.7745 	EXP 	img6: image = 'resources/images/medium/med_T1.jpg'
111.7745 	EXP 	M_query: autoDraw = True
111.7745 	EXP 	img1: autoDraw = True
111.7745 	EXP 	img2: autoDraw = True
111.7745 	EXP 	img3: autoDraw = True
111.7745 	EXP 	img4: autoDraw = True
111.7745 	EXP 	img5: autoDraw = True
111.7745 	EXP 	img6: autoDraw = True
145.4442 	EXP 	Device response: <KeyPress from None: t=145.4394761660078, value=space, duration=None>
145.4447 	EXP 	New trial (rep=0, index=2): <Trial 2 (2 in rep 0) data={'img_query': 'resources/images/medium/med_Q5.jpg', 'img_query_w': np.int64(1024), 'img_query_h': np.int64(768), 'img_query_disp_w': np.float64(0.35), 'img_query_disp_h': np.float64(0.2625), 'sam_1': 'resources/images/medium/med_S5_1.jpg', 'sam_1_w': np.int64(768), 'sam_1_h': np.int64(1024), 'sam_1_disp_w': np.float64(0.2625), 'sam_1_disp_h': np.float64(0.35), 'sam_2': 'resources/images/medium/med_S5_2.jpg', 'sam_2_w': np.int64(350), 'sam_2_h': np.int64(233), 'sam_2_disp_w': np.float64(0.35), 'sam_2_disp_h': np.float64(0.233), 'sam_3': 'resources/images/medium/med_S5_3.jpg', 'sam_3_w': np.int64(2592), 'sam_3_h': np.int64(4608), 'sam_3_disp_w': np.float64(0.196875), 'sam_3_disp_h': np.float64(0.35), 'sam_4': 'resources/images/medium/med_S5_4.jpg', 'sam_4_w': np.int64(350), 'sam_4_h': np.int64(208), 'sam_4_disp_w': np.float64(0.35), 'sam_4_disp_h': np.float64(0.208), 'sam_5': 'resources/images/medium/med_S5_5.jpg', 'sam_5_w': np.int64(350), 'sam_5_h': np.int64(233), 'sam_5_disp_w': np.float64(0.35), 'sam_5_disp_h': np.float64(0.233), 'img_targ': 'resources/images/medium/med_T5.jpg', 'targ_w': np.int64(768), 'targ_h': np.int64(1024), 'targ_disp_w': np.float64(0.2625), 'targ_disp_h': np.float64(0.35), 'thisN': 2, 'thisTrialN': 2, 'thisRepN': 0}>
145.6570 	EXP 	Device response: <KeyPress from None: t=145.4394761660078, value=space, duration=0.12414512499526609>
145.6590 	DATA 	Keypress: space
145.6624 	INFO 	Keyboard events cleared
145.6623 	EXP 	M_query: autoDraw = False
145.6623 	EXP 	img1: autoDraw = False
145.6623 	EXP 	img2: autoDraw = False
145.6623 	EXP 	img3: autoDraw = False
145.6623 	EXP 	img4: autoDraw = False
145.6623 	EXP 	img5: autoDraw = False
145.6623 	EXP 	img6: autoDraw = False
145.6623 	EXP 	M_query: image = 'resources/images/medium/med_Q5.jpg'
145.6623 	EXP 	img1: image = 'resources/images/medium/med_S5_1.jpg'
145.6623 	EXP 	img2: image = 'resources/images/medium/med_S5_2.jpg'
145.6623 	EXP 	img3: image = 'resources/images/medium/med_S5_3.jpg'
145.6623 	EXP 	img4: image = 'resources/images/medium/med_S5_4.jpg'
145.6623 	EXP 	img5: image = 'resources/images/medium/med_S5_5.jpg'
145.6623 	EXP 	img6: image = 'resources/images/medium/med_T5.jpg'
145.6623 	EXP 	M_query: autoDraw = True
145.6623 	EXP 	img1: autoDraw = True
145.6623 	EXP 	img2: autoDraw = True
145.6623 	EXP 	img3: autoDraw = True
145.6623 	EXP 	img4: autoDraw = True
145.6623 	EXP 	img5: autoDraw = True
145.6623 	EXP 	img6: autoDraw = True
206.7682 	EXP 	Device response: <KeyPress from None: t=206.76212850000593, value=space, duration=None>
206.7687 	EXP 	New trial (rep=0, index=3): <Trial 3 (3 in rep 0) data={'img_query': 'resources/images/medium/med_Q2.jpg', 'img_query_w': np.int64(1024), 'img_query_h': np.int64(768), 'img_query_disp_w': np.float64(0.35), 'img_query_disp_h': np.float64(0.2625), 'sam_1': 'resources/images/medium/med_S2_1.jpg', 'sam_1_w': np.int64(768), 'sam_1_h': np.int64(1024), 'sam_1_disp_w': np.float64(0.2625), 'sam_1_disp_h': np.float64(0.35), 'sam_2': 'resources/images/medium/med_S2_2.jpg', 'sam_2_w': np.int64(350), 'sam_2_h': np.int64(233), 'sam_2_disp_w': np.float64(0.35), 'sam_2_disp_h': np.float64(0.233), 'sam_3': 'resources/images/medium/med_S2_3.jpg', 'sam_3_w': np.int64(1024), 'sam_3_h': np.int64(768), 'sam_3_disp_w': np.float64(0.35), 'sam_3_disp_h': np.float64(0.2625), 'sam_4': 'resources/images/medium/med_S2_4.jpg', 'sam_4_w': np.int64(350), 'sam_4_h': np.int64(234), 'sam_4_disp_w': np.float64(0.35), 'sam_4_disp_h': np.float64(0.234), 'sam_5': 'resources/images/medium/med_S2_5.jpg', 'sam_5_w': np.int64(1024), 'sam_5_h': np.int64(768), 'sam_5_disp_w': np.float64(0.35), 'sam_5_disp_h': np.float64(0.2625), 'img_targ': 'resources/images/medium/med_T2.jpg', 'targ_w': np.int64(4032), 'targ_h': np.int64(2268), 'targ_disp_w': np.float64(0.35), 'targ_disp_h': np.float64(0.196875), 'thisN': 3, 'thisTrialN': 3, 'thisRepN': 0}>
206.9188 	EXP 	Device response: <KeyPress from None: t=206.76212850000593, value=space, duration=0.12017654099327046>
206.9208 	DATA 	Keypress: space
206.9243 	INFO 	Keyboard events cleared
206.9242 	EXP 	M_query: autoDraw = False
206.9242 	EXP 	img1: autoDraw = False
206.9242 	EXP 	img2: autoDraw = False
206.9242 	EXP 	img3: autoDraw = False
206.9242 	EXP 	img4: autoDraw = False
206.9242 	EXP 	img5: autoDraw = False
206.9242 	EXP 	img6: autoDraw = False
206.9242 	EXP 	M_query: image = 'resources/images/medium/med_Q2.jpg'
206.9242 	EXP 	img1: image = 'resources/images/medium/med_S2_1.jpg'
206.9242 	EXP 	img2: image = 'resources/images/medium/med_S2_2.jpg'
206.9242 	EXP 	img3: image = 'resources/images/medium/med_S2_3.jpg'
206.9242 	EXP 	img4: image = 'resources/images/medium/med_S2_4.jpg'
206.9242 	EXP 	img5: image = 'resources/images/medium/med_S2_5.jpg'
206.9242 	EXP 	img6: image = 'resources/images/medium/med_T2.jpg'
206.9242 	EXP 	M_query: autoDraw = True
206.9242 	EXP 	img1: autoDraw = True
206.9242 	EXP 	img2: autoDraw = True
206.9242 	EXP 	img3: autoDraw = True
206.9242 	EXP 	img4: autoDraw = True
206.9242 	EXP 	img5: autoDraw = True
206.9242 	EXP 	img6: autoDraw = True
240.3173 	EXP 	Device response: <KeyPress from None: t=240.31064820800384, value=space, duration=None>
240.3179 	EXP 	New trial (rep=0, index=4): <Trial 4 (4 in rep 0) data={'img_query': 'resources/images/medium/med_Q4.jpg', 'img_query_w': np.int64(768), 'img_query_h': np.int64(1024), 'img_query_disp_w': np.float64(0.2625), 'img_query_disp_h': np.float64(0.35), 'sam_1': 'resources/images/medium/med_S4_1/jpg', 'sam_1_w': np.int64(768), 'sam_1_h': np.int64(1024), 'sam_1_disp_w': np.float64(0.2625), 'sam_1_disp_h': np.float64(0.35), 'sam_2': 'resources/images/medium/med_S4_2.jpg', 'sam_2_w': np.int64(350), 'sam_2_h': np.int64(233), 'sam_2_disp_w': np.float64(0.35), 'sam_2_disp_h': np.float64(0.233), 'sam_3': 'resources/images/medium/med_S4_3.jpg', 'sam_3_w': np.int64(350), 'sam_3_h': np.int64(197), 'sam_3_disp_w': np.float64(0.35), 'sam_3_disp_h': np.float64(0.197), 'sam_4': 'resources/images/medium/med_S4_4.jpg', 'sam_4_w': np.int64(768), 'sam_4_h': np.int64(1024), 'sam_4_disp_w': np.float64(0.2625), 'sam_4_disp_h': np.float64(0.35), 'sam_5': 'resources/images/medium/med_S4_5.jpg', 'sam_5_w': np.int64(768), 'sam_5_h': np.int64(1024), 'sam_5_disp_w': np.float64(0.2625), 'sam_5_disp_h': np.float64(0.35), 'img_targ': 'resources/images/medium/med_T4.jpg', 'targ_w': np.int64(768), 'targ_h': np.int64(1024), 'targ_disp_w': np.float64(0.2625), 'targ_disp_h': np.float64(0.35), 'thisN': 4, 'thisTrialN': 4, 'thisRepN': 0}>
240.3403 	ERROR 	Couldn't find image resources/images/medium/med_S4_1/jpg; check path? (tried: /Users/marcogiven/Desktop/projects/S25_SURE/colorStudyPilot/resources/images/medium/med_S4_1/jpg)
240.3557 	INFO 	saved data to /Users/marcogiven/Desktop/projects/S25_SURE/colorStudyPilot/data/_pilot_study_2025-06-27_11h03.04.218.psydat
240.3564 	INFO 	saved data to '/Users/marcogiven/Desktop/projects/S25_SURE/colorStudyPilot/data/_pilot_study_2025-06-27_11h03.04.218.csv'
240.3574 	WARNING 	Stopping key buffers but this could be dangerous ifother keyboards rely on the same.
240.3575 	WARNING 	Stopping key buffers but this could be dangerous ifother keyboards rely on the same.
240.3575 	WARNING 	Stopping key buffers but this could be dangerous ifother keyboards rely on the same.
