17.4088 	WARNING 	Font Manager failed to load file /System/Library/PrivateFrameworks/FontServices.framework/Resources/Reserved/PingFangUI.ttc
17.6690 	WARNING 	Font Manager failed to load file /System/Library/PrivateFrameworks/FontServices.framework/Resources/Reserved/PingFangUI.ttc
20.3724 	INFO 	Loaded monitor calibration from ['2025_06_12 14:42']
20.5365 	INFO 	Using renderer 'Apple M1 Pro' for graphics
20.5365 	INFO 	OpenGL version supported by driver is 2..
20.5828 	EXP 	Created window1 = Window(allowGUI=True, allowStencil=False, autoLog=True, backendConf=UNKNOWN, backgroundFit=<method-wrapper '__getattribute__' of attributeSetter object at 0x1587eb880>, backgroundImage=<method-wrapper '__getattribute__' of attributeSetter object at 0x1587eb820>, bitsMode=UNKNOWN, blendMode='avg', bpc=(8, 8, 8), color=array([0, 0, 0]), colorSpace='rgb', depthBits=8, fullscr=False, gamma=None, gammaErrorPolicy='raise', infoMsg=UNKNOWN, lms=UNKNOWN, monitor=<psychopy.monitors.calibTools.Monitor object at 0x15882db40>, multiSample=False, name='window1', numSamples=2, pos=[np.float64(260.0), np.float64(224.5)], screen=0, size=array([2560, 1440]), stencilBits=0, stereo=False, title='PsychoPy', units='height', useFBO=True, useRetina=True, viewOri=0.0, viewPos=None, viewScale=None, waitBlanking=True, winType='pyglet')
20.5829 	EXP 	window1: backgroundImage = ''
20.5829 	EXP 	window1: backgroundFit = 'none'
21.6552 	INFO 	keyboard.Keyboard is using ptb backend.
21.9092 	INFO 	keyboard.Keyboard is using ptb backend.
22.0811 	INFO 	keyboard.Keyboard is using ptb backend.
22.2527 	INFO 	keyboard.Keyboard is using ptb backend.
22.4238 	INFO 	keyboard.Keyboard is using ptb backend.
22.5980 	INFO 	keyboard.Keyboard is using ptb backend.
22.5981 	EXP 	pilot_study: status = STARTED
22.6486 	EXP 	Created welcome_message = TextStim(__class__=<class 'psychopy.visual.text.TextStim'>, alignHoriz=method-wrapper(...), alignText='center', alignVert=method-wrapper(...), anchorHoriz='center', anchorVert='center', antialias=True, autoDraw=False, autoLog=True, bold=False, color=array([1., 1., 1.]), colorSpace='rgb', contrast=1.0, depth=0.0, draggable=False, flipHoriz=False, flipVert=False, font='Arial', fontFiles=[], height=np.float64(0.05), italic=False, languageStyle='LTR', name='welcome_message', opacity=1, ori=0.0, pos=array([0., 0.]), rgb=UNKNOWN, text=str(...), units='height', win=Window(...), wrapWidth=1)
22.6549 	EXP 	Created ask_consent = TextStim(__class__=<class 'psychopy.visual.text.TextStim'>, alignHoriz=method-wrapper(...), alignText='center', alignVert=method-wrapper(...), anchorHoriz='center', anchorVert='center', antialias=True, autoDraw=False, autoLog=True, bold=False, color=array([1., 1., 1.]), colorSpace='rgb', contrast=1.0, depth=0.0, draggable=False, flipHoriz=False, flipVert=False, font='Arial', fontFiles=[], height=np.float64(0.05), italic=False, languageStyle='LTR', name='ask_consent', opacity=1, ori=0.0, pos=array([0., 0.]), rgb=UNKNOWN, text=str(...), units='height', win=Window(...), wrapWidth=1)
22.6857 	EXP 	Created top_left_img = ImageStim(__class__=<class 'psychopy.visual.image.ImageStim'>, anchor=('center', 'center'), autoLog=True, color=array([1., 1., 1.]), colorSpace='rgb', contrast=1.0, depth=0.0, draggable=False, flipHoriz=np.False_, flipVert=np.False_, image='default.png', interpolate=True, mask=None, maskParams=None, name='top_left_img', opacity=1, ori=0.0, pos=array([-0.35, -0.05]), size=array([1., 1.]), texRes=128.0, units='height', win=Window(...))
22.6893 	EXP 	Created top_mid_img = ImageStim(__class__=<class 'psychopy.visual.image.ImageStim'>, anchor=('center', 'center'), autoLog=True, color=array([1., 1., 1.]), colorSpace='rgb', contrast=1.0, depth=-1.0, draggable=False, flipHoriz=np.False_, flipVert=np.False_, image='default.png', interpolate=True, mask=None, maskParams=None, name='top_mid_img', opacity=1, ori=0.0, pos=array([ 0.  , -0.05]), size=array([1., 1.]), texRes=128.0, units='height', win=Window(...))
22.6925 	EXP 	Created top_right_img = ImageStim(__class__=<class 'psychopy.visual.image.ImageStim'>, anchor=('center', 'center'), autoLog=True, color=array([1., 1., 1.]), colorSpace='rgb', contrast=1.0, depth=-2.0, draggable=False, flipHoriz=np.False_, flipVert=np.False_, image='default.png', interpolate=True, mask=None, maskParams=None, name='top_right_img', opacity=1, ori=0.0, pos=array([ 0.35, -0.05]), size=array([1., 1.]), texRes=128.0, units='height', win=Window(...))
22.6956 	EXP 	Created bott_right_img = ImageStim(__class__=<class 'psychopy.visual.image.ImageStim'>, anchor=('center', 'center'), autoLog=True, color=array([1., 1., 1.]), colorSpace='rgb', contrast=1.0, depth=-3.0, draggable=False, flipHoriz=np.False_, flipVert=np.False_, image='default.png', interpolate=True, mask=None, maskParams=None, name='bott_right_img', opacity=1, ori=0.0, pos=array([ 0.35, -0.35]), size=array([1., 1.]), texRes=128.0, units='height', win=Window(...))
22.6988 	EXP 	Created bott_mid_img = ImageStim(__class__=<class 'psychopy.visual.image.ImageStim'>, anchor=('center', 'center'), autoLog=True, color=array([1., 1., 1.]), colorSpace='rgb', contrast=1.0, depth=-4.0, draggable=True, flipHoriz=np.False_, flipVert=np.False_, image='default.png', interpolate=True, mask=None, maskParams=None, name='bott_mid_img', opacity=1, ori=0.0, pos=array([ 0.  , -0.35]), size=array([1., 1.]), texRes=128.0, units='height', win=Window(...))
22.7019 	EXP 	Created bott_left_img = ImageStim(__class__=<class 'psychopy.visual.image.ImageStim'>, anchor=('center', 'center'), autoLog=True, color=array([1., 1., 1.]), colorSpace='rgb', contrast=1.0, depth=-5.0, draggable=False, flipHoriz=np.False_, flipVert=np.False_, image='default.png', interpolate=True, mask=None, maskParams=None, name='bott_left_img', opacity=1, ori=0.0, pos=array([-0.35, -0.35]), size=array([1., 1.]), texRes=128.0, units='height', win=Window(...))
22.7050 	EXP 	Created ref_img = ImageStim(__class__=<class 'psychopy.visual.image.ImageStim'>, anchor=('center', 'center'), autoLog=True, color=array([1., 1., 1.]), colorSpace='rgb', contrast=1.0, depth=-7.0, draggable=False, flipHoriz=np.False_, flipVert=np.False_, image='default.png', interpolate=True, mask=None, maskParams=None, name='ref_img', opacity=1, ori=0.0, pos=array([0.  , 0.35]), size=array([1., 1.]), texRes=128.0, units='height', win=Window(...))
22.7141 	EXP 	Created text_3 = TextStim(__class__=<class 'psychopy.visual.text.TextStim'>, alignHoriz=method-wrapper(...), alignText='center', alignVert=method-wrapper(...), anchorHoriz='center', anchorVert='center', antialias=True, autoDraw=False, autoLog=True, bold=False, color=array([1., 1., 1.]), colorSpace='rgb', contrast=1.0, depth=0.0, draggable=False, flipHoriz=False, flipVert=False, font='Arial', fontFiles=[], height=np.float64(0.05), italic=False, languageStyle='LTR', name='text_3', opacity=1, ori=0.0, pos=array([0., 0.]), rgb=UNKNOWN, text=str(...), units='height', win=Window(...), wrapWidth=1)
22.7175 	EXP 	Created image = ImageStim(__class__=<class 'psychopy.visual.image.ImageStim'>, anchor=('center', 'center'), autoLog=True, color=array([1., 1., 1.]), colorSpace='rgb', contrast=1.0, depth=0.0, draggable=False, flipHoriz=np.False_, flipVert=np.False_, image='default.png', interpolate=True, mask=None, maskParams=None, name='image', opacity=1, ori=0.0, pos=array([0., 0.]), size=array([1.8, 1. ]), texRes=128.0, units='height', win=Window(...))
22.7183 	EXP 	Created text = TextStim(__class__=<class 'psychopy.visual.text.TextStim'>, alignHoriz=method-wrapper(...), alignText='center', alignVert=method-wrapper(...), anchorHoriz='center', anchorVert='center', antialias=True, autoDraw=False, autoLog=True, bold=False, color=array([1., 1., 1.]), colorSpace='rgb', contrast=1.0, depth=0.0, draggable=False, flipHoriz=False, flipVert=False, font='Arial', fontFiles=[], height=np.float64(0.05), italic=False, languageStyle='LTR', name='text', opacity=1, ori=0.0, pos=array([0., 0.]), rgb=UNKNOWN, text='', units='height', win=Window(...), wrapWidth=1)
22.7215 	EXP 	Created text_4 = TextStim(__class__=<class 'psychopy.visual.text.TextStim'>, alignHoriz=method-wrapper(...), alignText='center', alignVert=method-wrapper(...), anchorHoriz='center', anchorVert='center', antialias=True, autoDraw=False, autoLog=True, bold=False, color=array([1., 1., 1.]), colorSpace='rgb', contrast=1.0, depth=0.0, draggable=False, flipHoriz=False, flipVert=False, font='Arial', fontFiles=[], height=np.float64(0.05), italic=False, languageStyle='LTR', name='text_4', opacity=1, ori=0.0, pos=array([0., 0.]), rgb=UNKNOWN, text='NEXT DIFFICULTY', units='height', win=Window(...), wrapWidth=1)
22.7248 	EXP 	Created image2 = ImageStim(__class__=<class 'psychopy.visual.image.ImageStim'>, anchor=('center', 'center'), autoLog=True, color=array([1., 1., 1.]), colorSpace='rgb', contrast=1.0, depth=0.0, draggable=False, flipHoriz=np.False_, flipVert=np.False_, image='default.png', interpolate=True, mask=None, maskParams=None, name='image2', opacity=1, ori=0.0, pos=array([0., 0.]), size=array([1.8, 1. ]), texRes=128.0, units='height', win=Window(...))
22.7255 	EXP 	Created text = TextStim(__class__=<class 'psychopy.visual.text.TextStim'>, alignHoriz=method-wrapper(...), alignText='center', alignVert=method-wrapper(...), anchorHoriz='center', anchorVert='center', antialias=True, autoDraw=False, autoLog=True, bold=False, color=array([1., 1., 1.]), colorSpace='rgb', contrast=1.0, depth=0.0, draggable=False, flipHoriz=False, flipVert=False, font='Arial', fontFiles=[], height=np.float64(0.05), italic=False, languageStyle='LTR', name='text', opacity=1, ori=0.0, pos=array([0., 0.]), rgb=UNKNOWN, text='', units='height', win=Window(...), wrapWidth=1)
22.7298 	EXP 	Created end_message = TextStim(__class__=<class 'psychopy.visual.text.TextStim'>, alignHoriz=method-wrapper(...), alignText='center', alignVert=method-wrapper(...), anchorHoriz='center', anchorVert='center', antialias=True, autoDraw=False, autoLog=True, bold=False, color=array([1., 1., 1.]), colorSpace='rgb', contrast=1.0, depth=0.0, draggable=False, flipHoriz=False, flipVert=False, font='Arial', fontFiles=[], height=np.float64(0.05), italic=False, languageStyle='LTR', name='end_message', opacity=1, ori=0.0, pos=array([0., 0.]), rgb=UNKNOWN, text=str(...), units='height', win=Window(...), wrapWidth=1)
0.0908 	EXP 	welcome_message: autoDraw = True
0.8370 	DATA 	Mouse: Left button down, pos=(714,508)
0.9197 	DATA 	Mouse:  Left button up, pos=(714,508)
3.3193 	DATA 	Mouse: Left button down, pos=(740,572)
3.4030 	DATA 	Mouse:  Left button up, pos=(740,572)
4.0715 	EXP 	Device response: <KeyPress from None: t=3.837091583001893, value=space, duration=None>
4.0718 	EXP 	Device response: <KeyPress from None: t=3.837091583001893, value=space, duration=0.0961621250025928>
4.0800 	DATA 	Keypress: space
4.0842 	EXP 	welcome_message: autoDraw = False
4.0842 	EXP 	ask_consent: autoDraw = True
5.2009 	EXP 	Device response: <KeyPress from None: t=5.190399582992541, value=y, duration=None>
5.2257 	INFO 	saved data to /Users/marcogiven/Desktop/projects/S25_SURE/colorStudyPilot/data/_pilot_study_2025-06-30_10h02.21.660.psydat
5.2262 	INFO 	saved data to '/Users/marcogiven/Desktop/projects/S25_SURE/colorStudyPilot/data/_pilot_study_2025-06-30_10h02.21.660.csv'
5.2326 	WARNING 	Stopping key buffers but this could be dangerous ifother keyboards rely on the same.
5.2327 	WARNING 	Stopping key buffers but this could be dangerous ifother keyboards rely on the same.
5.2327 	WARNING 	Stopping key buffers but this could be dangerous ifother keyboards rely on the same.
5.2328 	WARNING 	Stopping key buffers but this could be dangerous ifother keyboards rely on the same.
5.2328 	WARNING 	Stopping key buffers but this could be dangerous ifother keyboards rely on the same.
5.2328 	WARNING 	Stopping key buffers but this could be dangerous ifother keyboards rely on the same.
