17.7778 	WARNING 	Font Manager failed to load file /System/Library/PrivateFrameworks/FontServices.framework/Resources/Reserved/PingFangUI.ttc
18.0173 	WARNING 	Font Manager failed to load file /System/Library/PrivateFrameworks/FontServices.framework/Resources/Reserved/PingFangUI.ttc
32.0623 	INFO 	Loaded monitor calibration from ['2025_06_12 14:42']
32.1968 	INFO 	Using renderer 'Apple M1 Pro' for graphics
32.1968 	INFO 	OpenGL version supported by driver is 2..
32.2309 	EXP 	Created window1 = Window(allowGUI=True, allowStencil=False, autoLog=True, backendConf=UNKNOWN, backgroundFit=<method-wrapper '__getattribute__' of attributeSetter object at 0x159f8a620>, backgroundImage=<method-wrapper '__getattribute__' of attributeSetter object at 0x159f8a680>, bitsMode=UNKNOWN, blendMode='avg', bpc=(8, 8, 8), color=array([0, 0, 0]), colorSpace='rgb', depthBits=8, fullscr=False, gamma=None, gammaErrorPolicy='raise', infoMsg=UNKNOWN, lms=UNKNOWN, monitor=<psychopy.monitors.calibTools.Monitor object at 0x155a93be0>, multiSample=False, name='window1', numSamples=2, pos=[np.float64(260.0), np.float64(224.5)], screen=0, size=array([2560, 1440]), stencilBits=0, stereo=False, title='PsychoPy', units='height', useFBO=True, useRetina=True, viewOri=0.0, viewPos=None, viewScale=None, waitBlanking=True, winType='pyglet')
32.2309 	EXP 	window1: backgroundImage = ''
32.2309 	EXP 	window1: backgroundFit = 'none'
33.0502 	INFO 	keyboard.Keyboard is using ptb backend.
33.2307 	INFO 	keyboard.Keyboard is using ptb backend.
33.3219 	INFO 	keyboard.Keyboard is using ptb backend.
33.3219 	EXP 	pilot_study: status = STARTED
33.3856 	EXP 	Created welcome_message = TextStim(__class__=<class 'psychopy.visual.text.TextStim'>, alignHoriz=method-wrapper(...), alignText='center', alignVert=method-wrapper(...), anchorHoriz='center', anchorVert='center', antialias=True, autoDraw=False, autoLog=True, bold=False, color=array([1., 1., 1.]), colorSpace='rgb', contrast=1.0, depth=0.0, draggable=False, flipHoriz=False, flipVert=False, font='Arial', fontFiles=[], height=np.float64(0.05), italic=False, languageStyle='LTR', name='welcome_message', opacity=1, ori=0.0, pos=array([0., 0.]), rgb=UNKNOWN, text=str(...), units='height', win=Window(...), wrapWidth=1)
33.4065 	EXP 	Created M_query = ImageStim(__class__=<class 'psychopy.visual.image.ImageStim'>, anchor=('center', 'center'), autoLog=True, color=array([1., 1., 1.]), colorSpace='rgb', contrast=1.0, depth=0.0, draggable=False, flipHoriz=np.False_, flipVert=np.False_, image='default.png', interpolate=True, mask=None, maskParams=None, name='M_query', opacity=1, ori=0.0, pos=array([0. , 0.3]), size=array([1., 1.]), texRes=128.0, units='height', win=Window(...))
33.4100 	EXP 	Created M_top_left = ImageStim(__class__=<class 'psychopy.visual.image.ImageStim'>, anchor=('center', 'center'), autoLog=True, color=array([1., 1., 1.]), colorSpace='rgb', contrast=1.0, depth=-1.0, draggable=False, flipHoriz=np.False_, flipVert=np.False_, image='default.png', interpolate=True, mask=None, maskParams=None, name='M_top_left', opacity=1, ori=0.0, pos=array([0., 0.]), size=array([1., 1.]), texRes=128.0, units='height', win=Window(...))
33.4135 	EXP 	Created M_top_mid = ImageStim(__class__=<class 'psychopy.visual.image.ImageStim'>, anchor=('center', 'center'), autoLog=True, color=array([1., 1., 1.]), colorSpace='rgb', contrast=1.0, depth=-2.0, draggable=False, flipHoriz=np.False_, flipVert=np.False_, image='default.png', interpolate=True, mask=None, maskParams=None, name='M_top_mid', opacity=1, ori=0.0, pos=array([0., 0.]), size=array([1., 1.]), texRes=128.0, units='height', win=Window(...))
33.4168 	EXP 	Created M_top_right = ImageStim(__class__=<class 'psychopy.visual.image.ImageStim'>, anchor=('center', 'center'), autoLog=True, color=array([1., 1., 1.]), colorSpace='rgb', contrast=1.0, depth=-3.0, draggable=True, flipHoriz=np.False_, flipVert=np.False_, image='default.png', interpolate=True, mask=None, maskParams=None, name='M_top_right', opacity=1, ori=0.0, pos=array([0., 0.]), size=array([1., 1.]), texRes=128.0, units='height', win=Window(...))
33.4205 	EXP 	Created M_bot_left = ImageStim(__class__=<class 'psychopy.visual.image.ImageStim'>, anchor=('center', 'center'), autoLog=True, color=array([1., 1., 1.]), colorSpace='rgb', contrast=1.0, depth=-4.0, draggable=False, flipHoriz=np.False_, flipVert=np.False_, image='default.png', interpolate=True, mask=None, maskParams=None, name='M_bot_left', opacity=1, ori=0.0, pos=array([0., 0.]), size=array([1., 1.]), texRes=128.0, units='height', win=Window(...))
33.4241 	EXP 	Created M_bot_mid = ImageStim(__class__=<class 'psychopy.visual.image.ImageStim'>, anchor=('center', 'center'), autoLog=True, color=array([1., 1., 1.]), colorSpace='rgb', contrast=1.0, depth=-5.0, draggable=False, flipHoriz=np.False_, flipVert=np.False_, image='default.png', interpolate=True, mask=None, maskParams=None, name='M_bot_mid', opacity=1, ori=0.0, pos=array([0., 0.]), size=array([1., 1.]), texRes=128.0, units='height', win=Window(...))
33.4274 	EXP 	Created M_bot_right = ImageStim(__class__=<class 'psychopy.visual.image.ImageStim'>, anchor=('center', 'center'), autoLog=True, color=array([1., 1., 1.]), colorSpace='rgb', contrast=1.0, depth=-6.0, draggable=False, flipHoriz=np.False_, flipVert=np.False_, image='default.png', interpolate=True, mask=None, maskParams=None, name='M_bot_right', opacity=1, ori=0.0, pos=array([0., 0.]), size=array([1., 1.]), texRes=128.0, units='height', win=Window(...))
33.4323 	EXP 	Created end_message = TextStim(__class__=<class 'psychopy.visual.text.TextStim'>, alignHoriz=method-wrapper(...), alignText='center', alignVert=method-wrapper(...), anchorHoriz='center', anchorVert='center', antialias=True, autoDraw=False, autoLog=True, bold=False, color=array([1., 1., 1.]), colorSpace='rgb', contrast=1.0, depth=0.0, draggable=False, flipHoriz=False, flipVert=False, font='Arial', fontFiles=[], height=np.float64(0.05), italic=False, languageStyle='LTR', name='end_message', opacity=1, ori=0.0, pos=array([0., 0.]), rgb=UNKNOWN, text=str(...), units='height', win=Window(...), wrapWidth=1)
0.0638 	EXP 	welcome_message: autoDraw = True
1.3783 	EXP 	Device response: <KeyPress from None: t=1.187882082995202, value=space, duration=None>
1.3786 	EXP 	Device response: <KeyPress from None: t=1.187882082995202, value=space, duration=0.12419170800421853>
1.3828 	EXP 	Imported resources/positions.csv as conditions, 5 conditions, 12 params
1.3832 	EXP 	New trial (rep=0, index=0): <Trial 0 (0 in rep 0) data={'pos1_x': np.float64(-0.55), 'pos1_y': np.float64(-0.35), 'pos2_x': np.float64(0.0), 'pos2_y': np.float64(0.0), 'pos3_x': np.float64(0.55), 'pos3_y': np.float64(-0.35), 'pos4_x': np.float64(-0.55), 'pos4_y': np.float64(0.0), 'pos5_x': np.float64(0.55), 'pos5_y': np.float64(0.0), 'pos6_x': np.float64(0.0), 'pos6_y': np.float64(-0.35), 'thisN': 0, 'thisTrialN': 0, 'thisRepN': 0}>
1.3873 	EXP 	Imported resources/midLoop.csv as conditions, 5 conditions, 35 params
1.3875 	EXP 	New trial (rep=0, index=0): <Trial 0 (0 in rep 0) data={'img_query': 'resources/images/medium/med_Q1.jpg', 'img_query_w': np.int64(4032), 'img_query_h': np.int64(3024), 'img_query_disp_w': np.float64(0.25), 'img_query_disp_h': np.float64(0.1875), 'sam_1': 'resources/images/medium/med_S1_1.jpg', 'sam_1_w': np.int64(768), 'sam_1_h': np.int64(1024), 'sam_1_disp_w': np.float64(0.1875), 'sam_1_disp_h': np.float64(0.25), 'sam_2': 'resources/images/medium/med_S2_1.jpg', 'sam_2_w': np.int64(768), 'sam_2_h': np.int64(1024), 'sam_2_disp_w': np.float64(0.1875), 'sam_2_disp_h': np.float64(0.25), 'sam_3': 'resources/images/medium/med_S3_1.jpg', 'sam_3_w': np.int64(350), 'sam_3_h': np.int64(233), 'sam_3_disp_w': np.float64(0.25), 'sam_3_disp_h': np.float64(0.166428571), 'sam_4': 'resources/images/medium/med_S4_1.jpg', 'sam_4_w': np.int64(768), 'sam_4_h': np.int64(1024), 'sam_4_disp_w': np.float64(0.1875), 'sam_4_disp_h': np.float64(0.25), 'sam_5': 'resources/images/medium/med_S5_1.jpg', 'sam_5_w': np.int64(768), 'sam_5_h': np.int64(1040), 'sam_5_disp_w': np.float64(0.184615385), 'sam_5_disp_h': np.float64(0.25), 'img_targ': 'resources/images/medium/med_T1.jpg', 'targ_w': np.int64(1024), 'targ_h': np.int64(768), 'targ_disp_w': np.float64(0.25), 'targ_disp_h': np.float64(0.1875), 'thisN': 0, 'thisTrialN': 0, 'thisRepN': 0}>
1.6328 	DATA 	Keypress: space
1.6373 	INFO 	Keyboard events cleared
1.6372 	EXP 	welcome_message: autoDraw = False
1.6372 	EXP 	M_query: image = 'resources/images/medium/med_Q1.jpg'
1.6372 	EXP 	M_top_left: image = 'resources/images/medium/med_S1_1.jpg'
1.6372 	EXP 	M_top_mid: image = 'resources/images/medium/med_S2_1.jpg'
1.6372 	EXP 	M_top_right: image = 'resources/images/medium/med_S3_1.jpg'
1.6372 	EXP 	M_bot_left: image = 'resources/images/medium/med_S4_1.jpg'
1.6372 	EXP 	M_bot_mid: image = 'resources/images/medium/med_S5_1.jpg'
1.6372 	EXP 	M_bot_right: image = 'resources/images/medium/med_T1.jpg'
1.6372 	EXP 	M_query: autoDraw = True
1.6372 	EXP 	M_top_left: autoDraw = True
1.6372 	EXP 	M_top_mid: autoDraw = True
1.6372 	EXP 	M_top_right: autoDraw = True
1.6372 	EXP 	M_bot_left: autoDraw = True
1.6372 	EXP 	M_bot_mid: autoDraw = True
1.6372 	EXP 	M_bot_right: autoDraw = True
3.4316 	EXP 	Device response: <KeyPress from None: t=3.4220951659954153, value=lcommand, duration=None>
3.4334 	DATA 	Keypress: lcommand
3.5570 	EXP 	Device response: <KeyPress from None: t=3.5542686659973697, value=lshift, duration=None>
3.5624 	DATA 	Keypress: lshift
3.8519 	EXP 	Device response: <KeyPress from None: t=3.8380015829970944, value=5, duration=None>
3.9493 	EXP 	Device response: <KeyPress from None: t=3.8380015829970944, value=5, duration=0.08834100000240142>
3.9494 	EXP 	Device response: <KeyPress from None: t=3.5542686659973697, value=lshift, duration=0.39197199999762233>
3.9645 	EXP 	Device response: <KeyPress from None: t=3.4220951659954153, value=lcommand, duration=0.5359789590002038>
5.7484 	EXP 	Device response: <KeyPress from None: t=5.743888416000118, value=return, duration=None>
5.8232 	EXP 	Device response: <KeyPress from None: t=5.743888416000118, value=return, duration=0.07176941699435702>
14.0282 	DATA 	Mouse: Left button down, pos=(856,286)
14.1285 	DATA 	Mouse:  Left button up, pos=(856,286)
15.9254 	EXP 	Device response: <KeyPress from None: t=15.919876915999339, value=space, duration=None>
15.9258 	EXP 	New trial (rep=0, index=1): <Trial 1 (1 in rep 0) data={'img_query': 'resources/images/medium/med_Q5.jpg', 'img_query_w': np.int64(1024), 'img_query_h': np.int64(768), 'img_query_disp_w': np.float64(0.25), 'img_query_disp_h': np.float64(0.1875), 'sam_1': 'resources/images/medium/med_S1_5.jpg', 'sam_1_w': np.int64(1024), 'sam_1_h': np.int64(768), 'sam_1_disp_w': np.float64(0.25), 'sam_1_disp_h': np.float64(0.1875), 'sam_2': 'resources/images/medium/med_S2_5.jpg', 'sam_2_w': np.int64(1024), 'sam_2_h': np.int64(768), 'sam_2_disp_w': np.float64(0.25), 'sam_2_disp_h': np.float64(0.1875), 'sam_3': 'resources/images/medium/med_S3_5.jpg', 'sam_3_w': np.int64(3264), 'sam_3_h': np.int64(1840), 'sam_3_disp_w': np.float64(0.25), 'sam_3_disp_h': np.float64(0.140931373), 'sam_4': 'resources/images/medium/med_S4_5.jpg', 'sam_4_w': np.int64(768), 'sam_4_h': np.int64(1024), 'sam_4_disp_w': np.float64(0.1875), 'sam_4_disp_h': np.float64(0.25), 'sam_5': 'resources/images/medium/med_S5_5.jpg', 'sam_5_w': np.int64(350), 'sam_5_h': np.int64(233), 'sam_5_disp_w': np.float64(0.25), 'sam_5_disp_h': np.float64(0.166428571), 'img_targ': 'resources/images/medium/med_T5.jpg', 'targ_w': np.int64(768), 'targ_h': np.int64(1024), 'targ_disp_w': np.float64(0.1875), 'targ_disp_h': np.float64(0.25), 'thisN': 1, 'thisTrialN': 1, 'thisRepN': 0}>
16.0909 	EXP 	Device response: <KeyPress from None: t=15.919876915999339, value=space, duration=0.09211599999980535>
16.0929 	DATA 	Keypress: space
16.0962 	INFO 	Keyboard events cleared
16.0961 	EXP 	M_query: autoDraw = False
16.0961 	EXP 	M_top_left: autoDraw = False
16.0961 	EXP 	M_top_mid: autoDraw = False
16.0961 	EXP 	M_top_right: autoDraw = False
16.0961 	EXP 	M_bot_left: autoDraw = False
16.0961 	EXP 	M_bot_mid: autoDraw = False
16.0961 	EXP 	M_bot_right: autoDraw = False
16.0961 	EXP 	M_query: image = 'resources/images/medium/med_Q5.jpg'
16.0961 	EXP 	M_top_left: image = 'resources/images/medium/med_S1_5.jpg'
16.0961 	EXP 	M_top_mid: image = 'resources/images/medium/med_S2_5.jpg'
16.0961 	EXP 	M_top_right: image = 'resources/images/medium/med_S3_5.jpg'
16.0961 	EXP 	M_bot_left: image = 'resources/images/medium/med_S4_5.jpg'
16.0961 	EXP 	M_bot_mid: image = 'resources/images/medium/med_S5_5.jpg'
16.0961 	EXP 	M_bot_right: image = 'resources/images/medium/med_T5.jpg'
16.0961 	EXP 	M_query: autoDraw = True
16.0961 	EXP 	M_top_left: autoDraw = True
16.0961 	EXP 	M_top_mid: autoDraw = True
16.0961 	EXP 	M_top_right: autoDraw = True
16.0961 	EXP 	M_bot_left: autoDraw = True
16.0961 	EXP 	M_bot_mid: autoDraw = True
16.0961 	EXP 	M_bot_right: autoDraw = True
16.7582 	EXP 	Device response: <KeyPress from None: t=16.75486416599597, value=lcommand, duration=None>
16.7603 	DATA 	Keypress: lcommand
16.9039 	EXP 	Device response: <KeyPress from None: t=16.902834874999826, value=lshift, duration=None>
16.9102 	DATA 	Keypress: lshift
17.2917 	EXP 	Device response: <KeyPress from None: t=17.274713415994484, value=5, duration=None>
17.3900 	EXP 	Device response: <KeyPress from None: t=17.274713415994484, value=5, duration=0.1080740000033984>
17.4399 	EXP 	Device response: <KeyPress from None: t=16.902834874999826, value=lshift, duration=0.5278408329977538>
17.4577 	EXP 	Device response: <KeyPress from None: t=16.75486416599597, value=lcommand, duration=0.6918185419999645>
18.3201 	EXP 	Device response: <KeyPress from None: t=18.31763887499983, value=return, duration=None>
18.4035 	EXP 	Device response: <KeyPress from None: t=18.31763887499983, value=return, duration=0.08403354099573335>
27.5256 	EXP 	Device response: <KeyPress from None: t=27.50827083299373, value=f3, duration=None>
27.6049 	EXP 	Device response: <KeyPress from None: t=27.50827083299373, value=f3, duration=0.08713875000103144>
39.9027 	EXP 	Device response: <KeyPress from None: t=39.891191290997085, value=escape, duration=None>
39.9352 	DATA 	Keypress: escape
39.9470 	EXP 	Device response: <KeyPress from None: t=39.891191290997085, value=escape, duration=0.04335608400288038>
39.9471 	EXP 	pilot_study: status = STOPPED
39.9596 	EXP 	M_query: autoDraw = False
39.9596 	EXP 	M_top_left: autoDraw = False
39.9596 	EXP 	M_top_mid: autoDraw = False
39.9596 	EXP 	M_top_right: autoDraw = False
39.9596 	EXP 	M_bot_left: autoDraw = False
39.9596 	EXP 	M_bot_mid: autoDraw = False
39.9596 	EXP 	M_bot_right: autoDraw = False
39.9596 	EXP 	pilot_study: status = STOPPED
39.9615 	INFO 	saved data to '/Users/marcogiven/Desktop/projects/S25_SURE/colorStudyPilot/data/_pilot_study_2025-06-26_16h59.50.451.csv'
39.9623 	INFO 	saved data to /Users/marcogiven/Desktop/projects/S25_SURE/colorStudyPilot/data/_pilot_study_2025-06-26_16h59.50.451.psydat
40.1015 	WARNING 	Stopping key buffers but this could be dangerous ifother keyboards rely on the same.
40.1016 	WARNING 	Stopping key buffers but this could be dangerous ifother keyboards rely on the same.
40.1016 	WARNING 	Stopping key buffers but this could be dangerous ifother keyboards rely on the same.
