17.5474 	WARNING 	Font Manager failed to load file /System/Library/PrivateFrameworks/FontServices.framework/Resources/Reserved/PingFangUI.ttc
17.7618 	WARNING 	Font Manager failed to load file /System/Library/PrivateFrameworks/FontServices.framework/Resources/Reserved/PingFangUI.ttc
19.4346 	INFO 	Loaded monitor calibration from ['2025_06_12 14:42']
19.5729 	INFO 	Using renderer 'Apple M1 Pro' for graphics
19.5729 	INFO 	OpenGL version supported by driver is 2..
19.6050 	EXP 	Created window1 = Window(allowGUI=True, allowStencil=False, autoLog=True, backendConf=UNKNOWN, backgroundFit=<method-wrapper '__getattribute__' of attributeSetter object at 0x1565ea2f0>, backgroundImage=<method-wrapper '__getattribute__' of attributeSetter object at 0x1565ea350>, bitsMode=UNKNOWN, blendMode='avg', bpc=(8, 8, 8), color=array([0, 0, 0]), colorSpace='rgb', depthBits=8, fullscr=False, gamma=None, gammaErrorPolicy='raise', infoMsg=UNKNOWN, lms=UNKNOWN, monitor=<psychopy.monitors.calibTools.Monitor object at 0x1566a4f10>, multiSample=False, name='window1', numSamples=2, pos=[np.float64(260.0), np.float64(224.5)], screen=0, size=array([2560, 1440]), stencilBits=0, stereo=False, title='PsychoPy', units='height', useFBO=True, useRetina=True, viewOri=0.0, viewPos=None, viewScale=None, waitBlanking=True, winType='pyglet')
19.6050 	EXP 	window1: backgroundImage = ''
19.6050 	EXP 	window1: backgroundFit = 'none'
20.1765 	INFO 	keyboard.Keyboard is using ptb backend.
20.3463 	INFO 	keyboard.Keyboard is using ptb backend.
20.4329 	INFO 	keyboard.Keyboard is using ptb backend.
20.4330 	EXP 	pilot_study: status = STARTED
20.4791 	EXP 	Created welcome_message = TextStim(__class__=<class 'psychopy.visual.text.TextStim'>, alignHoriz=method-wrapper(...), alignText='center', alignVert=method-wrapper(...), anchorHoriz='center', anchorVert='center', antialias=True, autoDraw=False, autoLog=True, bold=False, color=array([1., 1., 1.]), colorSpace='rgb', contrast=1.0, depth=0.0, draggable=False, flipHoriz=False, flipVert=False, font='Arial', fontFiles=[], height=np.float64(0.05), italic=False, languageStyle='LTR', name='welcome_message', opacity=1, ori=0.0, pos=array([0., 0.]), rgb=UNKNOWN, text=str(...), units='height', win=Window(...), wrapWidth=1)
20.4980 	EXP 	Created M_query = ImageStim(__class__=<class 'psychopy.visual.image.ImageStim'>, anchor=('center', 'center'), autoLog=True, color=array([1., 1., 1.]), colorSpace='rgb', contrast=1.0, depth=0.0, draggable=False, flipHoriz=np.False_, flipVert=np.False_, image='default.png', interpolate=True, mask=None, maskParams=None, name='M_query', opacity=1, ori=0.0, pos=array([0. , 0.3]), size=array([1., 1.]), texRes=128.0, units='height', win=Window(...))
20.5014 	EXP 	Created M_top_left = ImageStim(__class__=<class 'psychopy.visual.image.ImageStim'>, anchor=('center', 'center'), autoLog=True, color=array([1., 1., 1.]), colorSpace='rgb', contrast=1.0, depth=-1.0, draggable=False, flipHoriz=np.False_, flipVert=np.False_, image='default.png', interpolate=True, mask=None, maskParams=None, name='M_top_left', opacity=1, ori=0.0, pos=array([0., 0.]), size=array([1., 1.]), texRes=128.0, units='height', win=Window(...))
20.5045 	EXP 	Created M_top_mid = ImageStim(__class__=<class 'psychopy.visual.image.ImageStim'>, anchor=('center', 'center'), autoLog=True, color=array([1., 1., 1.]), colorSpace='rgb', contrast=1.0, depth=-2.0, draggable=False, flipHoriz=np.False_, flipVert=np.False_, image='default.png', interpolate=True, mask=None, maskParams=None, name='M_top_mid', opacity=1, ori=0.0, pos=array([0., 0.]), size=array([1., 1.]), texRes=128.0, units='height', win=Window(...))
20.5077 	EXP 	Created M_top_right = ImageStim(__class__=<class 'psychopy.visual.image.ImageStim'>, anchor=('center', 'center'), autoLog=True, color=array([1., 1., 1.]), colorSpace='rgb', contrast=1.0, depth=-3.0, draggable=True, flipHoriz=np.False_, flipVert=np.False_, image='default.png', interpolate=True, mask=None, maskParams=None, name='M_top_right', opacity=1, ori=0.0, pos=array([0., 0.]), size=array([1., 1.]), texRes=128.0, units='height', win=Window(...))
20.5106 	EXP 	Created M_bot_left = ImageStim(__class__=<class 'psychopy.visual.image.ImageStim'>, anchor=('center', 'center'), autoLog=True, color=array([1., 1., 1.]), colorSpace='rgb', contrast=1.0, depth=-4.0, draggable=False, flipHoriz=np.False_, flipVert=np.False_, image='default.png', interpolate=True, mask=None, maskParams=None, name='M_bot_left', opacity=1, ori=0.0, pos=array([0., 0.]), size=array([1., 1.]), texRes=128.0, units='height', win=Window(...))
20.5137 	EXP 	Created M_bot_mid = ImageStim(__class__=<class 'psychopy.visual.image.ImageStim'>, anchor=('center', 'center'), autoLog=True, color=array([1., 1., 1.]), colorSpace='rgb', contrast=1.0, depth=-5.0, draggable=False, flipHoriz=np.False_, flipVert=np.False_, image='default.png', interpolate=True, mask=None, maskParams=None, name='M_bot_mid', opacity=1, ori=0.0, pos=array([0., 0.]), size=array([1., 1.]), texRes=128.0, units='height', win=Window(...))
20.5167 	EXP 	Created M_bot_right = ImageStim(__class__=<class 'psychopy.visual.image.ImageStim'>, anchor=('center', 'center'), autoLog=True, color=array([1., 1., 1.]), colorSpace='rgb', contrast=1.0, depth=-6.0, draggable=False, flipHoriz=np.False_, flipVert=np.False_, image='default.png', interpolate=True, mask=None, maskParams=None, name='M_bot_right', opacity=1, ori=0.0, pos=array([0., 0.]), size=array([1., 1.]), texRes=128.0, units='height', win=Window(...))
20.5210 	EXP 	Created end_message = TextStim(__class__=<class 'psychopy.visual.text.TextStim'>, alignHoriz=method-wrapper(...), alignText='center', alignVert=method-wrapper(...), anchorHoriz='center', anchorVert='center', antialias=True, autoDraw=False, autoLog=True, bold=False, color=array([1., 1., 1.]), colorSpace='rgb', contrast=1.0, depth=0.0, draggable=False, flipHoriz=False, flipVert=False, font='Arial', fontFiles=[], height=np.float64(0.05), italic=False, languageStyle='LTR', name='end_message', opacity=1, ori=0.0, pos=array([0., 0.]), rgb=UNKNOWN, text=str(...), units='height', win=Window(...), wrapWidth=1)
0.0551 	EXP 	welcome_message: autoDraw = True
1.3614 	DATA 	Mouse: Left button down, pos=(858,458)
1.4711 	DATA 	Mouse:  Left button up, pos=(858,458)
2.0715 	EXP 	Device response: <KeyPress from None: t=1.8803591670002788, value=space, duration=None>
2.0718 	EXP 	Device response: <KeyPress from None: t=1.8803591670002788, value=space, duration=0.07209004100150196>
2.0787 	EXP 	Imported resources/midLoop.csv as conditions, 5 conditions, 40 params
2.0791 	EXP 	New trial (rep=0, index=0): <Trial 0 (0 in rep 0) data={'img_query': 'resources/images/medium/med_Q4.jpg', 'img_query_w': np.int64(768), 'img_query_h': np.int64(1024), 'img_query_disp_w': np.float64(0.1875), 'img_query_disp_h': np.float64(0.25), 'sam_1': 'resources/images/medium/med_S1_4.jpg', 'sam_1_w': np.int64(1024), 'sam_1_h': np.int64(768), 'sam_1_disp_w': np.float64(0.25), 'sam_1_disp_h': np.float64(0.1875), 'sam_2': 'resources/images/medium/med_S2_4.jpg', 'sam_2_w': np.int64(350), 'sam_2_h': np.int64(234), 'sam_2_disp_w': np.float64(0.25), 'sam_2_disp_h': np.float64(0.167142857), 'sam_3': 'resources/images/medium/med_S3_4.jpg', 'sam_3_w': np.int64(350), 'sam_3_h': np.int64(341), 'sam_3_disp_w': np.float64(0.25), 'sam_3_disp_h': np.float64(0.243571429), 'sam_4': 'resources/images/medium/med_S4_4.jpg', 'sam_4_w': np.int64(768), 'sam_4_h': np.int64(1024), 'sam_4_disp_w': np.float64(0.1875), 'sam_4_disp_h': np.float64(0.25), 'sam_5': 'resources/images/medium/med_S5_4.jpg', 'sam_5_w': np.int64(350), 'sam_5_h': np.int64(208), 'sam_5_disp_w': np.float64(0.25), 'sam_5_disp_h': np.float64(0.148571429), 'img_targ': 'resources/images/medium/med_T4.jpg', 'targ_w': np.int64(768), 'targ_h': np.int64(1024), 'targ_disp_w': np.float64(0.1875), 'targ_disp_h': np.float64(0.25), 'x_1': np.float64(-0.55), 'x_2': np.float64(0.55), 'x_3': np.float64(0.0), 'y_1': np.float64(-0.35), 'y_2': np.float64(0.0), 'thisN': 0, 'thisTrialN': 0, 'thisRepN': 0}>
2.1396 	DATA 	Keypress: space
2.1439 	INFO 	Keyboard events cleared
2.1438 	EXP 	welcome_message: autoDraw = False
2.1438 	EXP 	M_query: image = 'resources/images/medium/med_Q4.jpg'
2.1438 	EXP 	M_top_left: image = 'resources/images/medium/med_S1_4.jpg'
2.1438 	EXP 	M_top_mid: image = 'resources/images/medium/med_S2_4.jpg'
2.1438 	EXP 	M_top_right: image = 'resources/images/medium/med_S3_4.jpg'
2.1438 	EXP 	M_bot_left: image = 'resources/images/medium/med_S4_4.jpg'
2.1438 	EXP 	M_bot_mid: image = 'resources/images/medium/med_S5_4.jpg'
2.1438 	EXP 	M_bot_right: image = 'resources/images/medium/med_T4.jpg'
2.1438 	EXP 	M_query: autoDraw = True
2.1438 	EXP 	M_top_left: autoDraw = True
2.1438 	EXP 	M_top_mid: autoDraw = True
2.1438 	EXP 	M_top_right: autoDraw = True
2.1438 	EXP 	M_bot_left: autoDraw = True
2.1438 	EXP 	M_bot_mid: autoDraw = True
2.1438 	EXP 	M_bot_right: autoDraw = True
3.1782 	EXP 	Device response: <KeyPress from None: t=3.172077499999432, value=lcommand, duration=None>
3.1795 	DATA 	Keypress: lcommand
3.3516 	EXP 	Device response: <KeyPress from None: t=3.344103000003088, value=lshift, duration=None>
3.3533 	DATA 	Keypress: lshift
3.6900 	EXP 	Device response: <KeyPress from None: t=3.6841716670023743, value=5, duration=None>
3.7678 	EXP 	Device response: <KeyPress from None: t=3.6841716670023743, value=5, duration=0.06796770799701335>
3.7931 	EXP 	Device response: <KeyPress from None: t=3.344103000003088, value=lshift, duration=0.44384262499806937>
3.8180 	EXP 	Device response: <KeyPress from None: t=3.172077499999432, value=lcommand, duration=0.6399968330006232>
56.0536 	EXP 	Device response: <KeyPress from None: t=56.046193375004805, value=return, duration=None>
56.1098 	EXP 	Device response: <KeyPress from None: t=56.046193375004805, value=return, duration=0.06005170799471671>
57.1514 	EXP 	Device response: <KeyPress from None: t=57.14796008299891, value=lcommand, duration=None>
57.1529 	DATA 	Keypress: lcommand
57.2211 	EXP 	Device response: <KeyPress from None: t=57.14796008299891, value=lcommand, duration=0.07209616700129118>
58.8219 	EXP 	Device response: <KeyPress from None: t=58.81890558300074, value=space, duration=None>
58.8257 	DATA 	Keypress: space
58.8296 	EXP 	New trial (rep=0, index=1): <Trial 1 (1 in rep 0) data={'img_query': 'resources/images/medium/med_Q5.jpg', 'img_query_w': np.int64(1024), 'img_query_h': np.int64(768), 'img_query_disp_w': np.float64(0.25), 'img_query_disp_h': np.float64(0.1875), 'sam_1': 'resources/images/medium/med_S1_5.jpg', 'sam_1_w': np.int64(1024), 'sam_1_h': np.int64(768), 'sam_1_disp_w': np.float64(0.25), 'sam_1_disp_h': np.float64(0.1875), 'sam_2': 'resources/images/medium/med_S2_5.jpg', 'sam_2_w': np.int64(1024), 'sam_2_h': np.int64(768), 'sam_2_disp_w': np.float64(0.25), 'sam_2_disp_h': np.float64(0.1875), 'sam_3': 'resources/images/medium/med_S3_5.jpg', 'sam_3_w': np.int64(3264), 'sam_3_h': np.int64(1840), 'sam_3_disp_w': np.float64(0.25), 'sam_3_disp_h': np.float64(0.140931373), 'sam_4': 'resources/images/medium/med_S4_5.jpg', 'sam_4_w': np.int64(768), 'sam_4_h': np.int64(1024), 'sam_4_disp_w': np.float64(0.1875), 'sam_4_disp_h': np.float64(0.25), 'sam_5': 'resources/images/medium/med_S5_5.jpg', 'sam_5_w': np.int64(350), 'sam_5_h': np.int64(233), 'sam_5_disp_w': np.float64(0.25), 'sam_5_disp_h': np.float64(0.166428571), 'img_targ': 'resources/images/medium/med_T5.jpg', 'targ_w': np.int64(768), 'targ_h': np.int64(1024), 'targ_disp_w': np.float64(0.1875), 'targ_disp_h': np.float64(0.25), 'x_1': np.float64(0.0), 'x_2': np.float64(0.55), 'x_3': np.float64(-0.55), 'y_1': np.float64(0.0), 'y_2': np.float64(-0.35), 'thisN': 1, 'thisTrialN': 1, 'thisRepN': 0}>
58.9750 	EXP 	Device response: <KeyPress from None: t=58.81890558300074, value=space, duration=0.0799727499979781>
58.9790 	INFO 	Keyboard events cleared
58.9790 	EXP 	M_query: autoDraw = False
58.9790 	EXP 	M_top_left: autoDraw = False
58.9790 	EXP 	M_top_mid: autoDraw = False
58.9790 	EXP 	M_top_right: autoDraw = False
58.9790 	EXP 	M_bot_left: autoDraw = False
58.9790 	EXP 	M_bot_mid: autoDraw = False
58.9790 	EXP 	M_bot_right: autoDraw = False
58.9790 	EXP 	M_query: image = 'resources/images/medium/med_Q5.jpg'
58.9790 	EXP 	M_top_left: image = 'resources/images/medium/med_S1_5.jpg'
58.9790 	EXP 	M_top_mid: image = 'resources/images/medium/med_S2_5.jpg'
58.9790 	EXP 	M_top_right: image = 'resources/images/medium/med_S3_5.jpg'
58.9790 	EXP 	M_bot_left: image = 'resources/images/medium/med_S4_5.jpg'
58.9790 	EXP 	M_bot_mid: image = 'resources/images/medium/med_S5_5.jpg'
58.9790 	EXP 	M_bot_right: image = 'resources/images/medium/med_T5.jpg'
58.9790 	EXP 	M_query: autoDraw = True
58.9790 	EXP 	M_top_left: autoDraw = True
58.9790 	EXP 	M_top_mid: autoDraw = True
58.9790 	EXP 	M_top_right: autoDraw = True
58.9790 	EXP 	M_bot_left: autoDraw = True
58.9790 	EXP 	M_bot_mid: autoDraw = True
58.9790 	EXP 	M_bot_right: autoDraw = True
95.2346 	EXP 	Device response: <KeyPress from None: t=95.03200987500168, value=lcommand, duration=0.1919131250033388>
95.2348 	EXP 	Device response: <KeyPress from None: t=95.13589525000134, value=tab, duration=0.09210941699711839>
96.5110 	DATA 	Mouse: Left button down, pos=(782,411)
96.5866 	DATA 	Mouse:  Left button up, pos=(782,411)
96.8790 	EXP 	Device response: <KeyPress from None: t=96.87401616699935, value=space, duration=None>
96.8796 	EXP 	New trial (rep=0, index=2): <Trial 2 (2 in rep 0) data={'img_query': 'resources/images/medium/med_Q3.jpg', 'img_query_w': np.int64(1024), 'img_query_h': np.int64(768), 'img_query_disp_w': np.float64(0.25), 'img_query_disp_h': np.float64(0.1875), 'sam_1': 'resources/images/medium/med_S1_3.jpg', 'sam_1_w': np.int64(4160), 'sam_1_h': np.int64(2340), 'sam_1_disp_w': np.float64(0.25), 'sam_1_disp_h': np.float64(0.140625), 'sam_2': 'resources/images/medium/med_S2_3.jpg', 'sam_2_w': np.int64(1024), 'sam_2_h': np.int64(768), 'sam_2_disp_w': np.float64(0.25), 'sam_2_disp_h': np.float64(0.1875), 'sam_3': 'resources/images/medium/med_S3_3.jpg', 'sam_3_w': np.int64(1024), 'sam_3_h': np.int64(768), 'sam_3_disp_w': np.float64(0.25), 'sam_3_disp_h': np.float64(0.1875), 'sam_4': 'resources/images/medium/med_S4_3.jpg', 'sam_4_w': np.int64(350), 'sam_4_h': np.int64(197), 'sam_4_disp_w': np.float64(0.25), 'sam_4_disp_h': np.float64(0.140714286), 'sam_5': 'resources/images/medium/med_S5_3.jpg', 'sam_5_w': np.int64(2592), 'sam_5_h': np.int64(4608), 'sam_5_disp_w': np.float64(0.140625), 'sam_5_disp_h': np.float64(0.25), 'img_targ': 'resources/images/medium/med_T3.jpg', 'targ_w': np.int64(1024), 'targ_h': np.int64(768), 'targ_disp_w': np.float64(0.25), 'targ_disp_h': np.float64(0.1875), 'x_1': np.float64(0.55), 'x_2': np.float64(0.0), 'x_3': np.float64(-0.55), 'y_1': np.float64(0.0), 'y_2': np.float64(-0.35), 'thisN': 2, 'thisTrialN': 2, 'thisRepN': 0}>
97.2675 	EXP 	Device response: <KeyPress from None: t=96.87401616699935, value=space, duration=0.08391591600229731>
97.2731 	DATA 	Keypress: space
97.2768 	INFO 	Keyboard events cleared
97.2767 	EXP 	M_query: autoDraw = False
97.2767 	EXP 	M_top_left: autoDraw = False
97.2767 	EXP 	M_top_mid: autoDraw = False
97.2767 	EXP 	M_top_right: autoDraw = False
97.2767 	EXP 	M_bot_left: autoDraw = False
97.2767 	EXP 	M_bot_mid: autoDraw = False
97.2767 	EXP 	M_bot_right: autoDraw = False
97.2767 	EXP 	M_query: image = 'resources/images/medium/med_Q3.jpg'
97.2767 	EXP 	M_top_left: image = 'resources/images/medium/med_S1_3.jpg'
97.2767 	EXP 	M_top_mid: image = 'resources/images/medium/med_S2_3.jpg'
97.2767 	EXP 	M_top_right: image = 'resources/images/medium/med_S3_3.jpg'
97.2767 	EXP 	M_bot_left: image = 'resources/images/medium/med_S4_3.jpg'
97.2767 	EXP 	M_bot_mid: image = 'resources/images/medium/med_S5_3.jpg'
97.2767 	EXP 	M_bot_right: image = 'resources/images/medium/med_T3.jpg'
97.2767 	EXP 	M_query: autoDraw = True
97.2767 	EXP 	M_top_left: autoDraw = True
97.2767 	EXP 	M_top_mid: autoDraw = True
97.2767 	EXP 	M_top_right: autoDraw = True
97.2767 	EXP 	M_bot_left: autoDraw = True
97.2767 	EXP 	M_bot_mid: autoDraw = True
97.2767 	EXP 	M_bot_right: autoDraw = True
98.9277 	DATA 	Mouse: Left button down, pos=(931,684)
99.0524 	DATA 	Mouse:  Left button up, pos=(931,684)
114.5519 	EXP 	Device response: <KeyPress from None: t=114.53901775000122, value=space, duration=None>
114.5525 	EXP 	New trial (rep=0, index=3): <Trial 3 (3 in rep 0) data={'img_query': 'resources/images/medium/med_Q2.jpg', 'img_query_w': np.int64(1024), 'img_query_h': np.int64(768), 'img_query_disp_w': np.float64(0.25), 'img_query_disp_h': np.float64(0.1875), 'sam_1': 'resources/images/medium/med_S1_2.jpg', 'sam_1_w': np.int64(4032), 'sam_1_h': np.int64(3024), 'sam_1_disp_w': np.float64(0.25), 'sam_1_disp_h': np.float64(0.1875), 'sam_2': 'resources/images/medium/med_S2_2.jpg', 'sam_2_w': np.int64(250), 'sam_2_h': np.int64(233), 'sam_2_disp_w': np.float64(0.25), 'sam_2_disp_h': np.float64(0.233), 'sam_3': 'resources/images/medium/med_S3_2.jpg', 'sam_3_w': np.int64(1024), 'sam_3_h': np.int64(768), 'sam_3_disp_w': np.float64(0.25), 'sam_3_disp_h': np.float64(0.1875), 'sam_4': 'resources/images/medium/med_S4_2.jpg', 'sam_4_w': np.int64(350), 'sam_4_h': np.int64(233), 'sam_4_disp_w': np.float64(0.25), 'sam_4_disp_h': np.float64(0.166428571), 'sam_5': 'resources/images/medium/med_S5_2.jpg', 'sam_5_w': np.int64(350), 'sam_5_h': np.int64(233), 'sam_5_disp_w': np.float64(0.25), 'sam_5_disp_h': np.float64(0.166428571), 'img_targ': 'resources/images/medium/med_T2.jpg', 'targ_w': np.int64(4032), 'targ_h': np.int64(2268), 'targ_disp_w': np.float64(0.25), 'targ_disp_h': np.float64(0.140625), 'x_1': np.float64(0.0), 'x_2': np.float64(-0.55), 'x_3': np.float64(0.55), 'y_1': np.float64(-0.35), 'y_2': np.float64(0.0), 'thisN': 3, 'thisTrialN': 3, 'thisRepN': 0}>
114.8573 	EXP 	Device response: <KeyPress from None: t=114.53901775000122, value=space, duration=0.0801085420025629>
114.8594 	DATA 	Keypress: space
114.8628 	INFO 	Keyboard events cleared
114.8628 	EXP 	M_query: autoDraw = False
114.8628 	EXP 	M_top_left: autoDraw = False
114.8628 	EXP 	M_top_mid: autoDraw = False
114.8628 	EXP 	M_top_right: autoDraw = False
114.8628 	EXP 	M_bot_left: autoDraw = False
114.8628 	EXP 	M_bot_mid: autoDraw = False
114.8628 	EXP 	M_bot_right: autoDraw = False
114.8628 	EXP 	M_query: image = 'resources/images/medium/med_Q2.jpg'
114.8628 	EXP 	M_top_left: image = 'resources/images/medium/med_S1_2.jpg'
114.8628 	EXP 	M_top_mid: image = 'resources/images/medium/med_S2_2.jpg'
114.8628 	EXP 	M_top_right: image = 'resources/images/medium/med_S3_2.jpg'
114.8628 	EXP 	M_bot_left: image = 'resources/images/medium/med_S4_2.jpg'
114.8628 	EXP 	M_bot_mid: image = 'resources/images/medium/med_S5_2.jpg'
114.8628 	EXP 	M_bot_right: image = 'resources/images/medium/med_T2.jpg'
114.8628 	EXP 	M_query: autoDraw = True
114.8628 	EXP 	M_top_left: autoDraw = True
114.8628 	EXP 	M_top_mid: autoDraw = True
114.8628 	EXP 	M_top_right: autoDraw = True
114.8628 	EXP 	M_bot_left: autoDraw = True
114.8628 	EXP 	M_bot_mid: autoDraw = True
114.8628 	EXP 	M_bot_right: autoDraw = True
143.4827 	EXP 	Device response: <KeyPress from None: t=143.24377095800446, value=lcommand, duration=0.23204912499932107>
144.7229 	DATA 	Mouse: Left button down, pos=(846,466)
144.8141 	DATA 	Mouse:  Left button up, pos=(846,466)
145.6301 	EXP 	Device response: <KeyPress from None: t=145.6232213750045, value=space, duration=None>
145.6307 	EXP 	New trial (rep=0, index=4): <Trial 4 (4 in rep 0) data={'img_query': 'resources/images/medium/med_Q1.jpg', 'img_query_w': np.int64(4032), 'img_query_h': np.int64(3024), 'img_query_disp_w': np.float64(0.25), 'img_query_disp_h': np.float64(0.1875), 'sam_1': 'resources/images/medium/med_S1_1.jpg', 'sam_1_w': np.int64(768), 'sam_1_h': np.int64(1024), 'sam_1_disp_w': np.float64(0.1875), 'sam_1_disp_h': np.float64(0.25), 'sam_2': 'resources/images/medium/med_S2_1.jpg', 'sam_2_w': np.int64(768), 'sam_2_h': np.int64(1024), 'sam_2_disp_w': np.float64(0.1875), 'sam_2_disp_h': np.float64(0.25), 'sam_3': 'resources/images/medium/med_S3_1.jpg', 'sam_3_w': np.int64(350), 'sam_3_h': np.int64(233), 'sam_3_disp_w': np.float64(0.25), 'sam_3_disp_h': np.float64(0.166428571), 'sam_4': 'resources/images/medium/med_S4_1.jpg', 'sam_4_w': np.int64(768), 'sam_4_h': np.int64(1024), 'sam_4_disp_w': np.float64(0.1875), 'sam_4_disp_h': np.float64(0.25), 'sam_5': 'resources/images/medium/med_S5_1.jpg', 'sam_5_w': np.int64(768), 'sam_5_h': np.int64(1040), 'sam_5_disp_w': np.float64(0.184615385), 'sam_5_disp_h': np.float64(0.25), 'img_targ': 'resources/images/medium/med_T1.jpg', 'targ_w': np.int64(1024), 'targ_h': np.int64(768), 'targ_disp_w': np.float64(0.25), 'targ_disp_h': np.float64(0.1875), 'x_1': np.float64(-0.55), 'x_2': np.float64(0.0), 'x_3': np.float64(0.55), 'y_1': np.float64(0.0), 'y_2': np.float64(-0.35), 'thisN': 4, 'thisTrialN': 4, 'thisRepN': 0}>
145.8489 	EXP 	Device response: <KeyPress from None: t=145.6232213750045, value=space, duration=0.06810054199740989>
145.8525 	DATA 	Keypress: space
145.8560 	INFO 	Keyboard events cleared
145.8559 	EXP 	M_query: autoDraw = False
145.8559 	EXP 	M_top_left: autoDraw = False
145.8559 	EXP 	M_top_mid: autoDraw = False
145.8559 	EXP 	M_top_right: autoDraw = False
145.8559 	EXP 	M_bot_left: autoDraw = False
145.8559 	EXP 	M_bot_mid: autoDraw = False
145.8559 	EXP 	M_bot_right: autoDraw = False
145.8559 	EXP 	M_query: image = 'resources/images/medium/med_Q1.jpg'
145.8559 	EXP 	M_top_left: image = 'resources/images/medium/med_S1_1.jpg'
145.8559 	EXP 	M_top_mid: image = 'resources/images/medium/med_S2_1.jpg'
145.8559 	EXP 	M_top_right: image = 'resources/images/medium/med_S3_1.jpg'
145.8559 	EXP 	M_bot_left: image = 'resources/images/medium/med_S4_1.jpg'
145.8559 	EXP 	M_bot_mid: image = 'resources/images/medium/med_S5_1.jpg'
145.8559 	EXP 	M_bot_right: image = 'resources/images/medium/med_T1.jpg'
145.8559 	EXP 	M_query: autoDraw = True
145.8559 	EXP 	M_top_left: autoDraw = True
145.8559 	EXP 	M_top_mid: autoDraw = True
145.8559 	EXP 	M_top_right: autoDraw = True
145.8559 	EXP 	M_bot_left: autoDraw = True
145.8559 	EXP 	M_bot_mid: autoDraw = True
145.8559 	EXP 	M_bot_right: autoDraw = True
146.2546 	EXP 	Device response: <KeyPress from None: t=146.25189554200188, value=lcommand, duration=None>
146.2559 	DATA 	Keypress: lcommand
146.4297 	EXP 	Device response: <KeyPress from None: t=146.42785575000016, value=lshift, duration=None>
146.4313 	DATA 	Keypress: lshift
146.8033 	EXP 	Device response: <KeyPress from None: t=146.79598175000137, value=5, duration=None>
146.8932 	EXP 	Device response: <KeyPress from None: t=146.79598175000137, value=5, duration=0.08395862500037765>
146.9051 	EXP 	Device response: <KeyPress from None: t=146.42785575000016, value=lshift, duration=0.4760417500001495>
146.9179 	EXP 	Device response: <KeyPress from None: t=146.25189554200188, value=lcommand, duration=0.6639672500023153>
151.6985 	EXP 	Device response: <KeyPress from None: t=151.69552158300212, value=return, duration=None>
151.7603 	EXP 	Device response: <KeyPress from None: t=151.69552158300212, value=return, duration=0.05205316699721152>
154.1176 	EXP 	Device response: <KeyPress from None: t=153.87872829200205, value=lcommand, duration=0.22402941600012127>
155.3866 	DATA 	Mouse: Left button down, pos=(740,366)
155.4725 	DATA 	Mouse:  Left button up, pos=(740,366)
155.6360 	EXP 	Device response: <KeyPress from None: t=155.62750591700024, value=space, duration=None>
155.6404 	DATA 	Keypress: space
155.6446 	EXP 	M_query: autoDraw = False
155.6446 	EXP 	M_top_left: autoDraw = False
155.6446 	EXP 	M_top_mid: autoDraw = False
155.6446 	EXP 	M_top_right: autoDraw = False
155.6446 	EXP 	M_bot_left: autoDraw = False
155.6446 	EXP 	M_bot_mid: autoDraw = False
155.6446 	EXP 	M_bot_right: autoDraw = False
155.6446 	EXP 	end_message: autoDraw = True
155.7098 	EXP 	Device response: <KeyPress from None: t=155.62750591700024, value=space, duration=0.07593445800011978>
156.5943 	EXP 	Device response: <KeyPress from None: t=156.58317970800272, value=escape, duration=None>
156.6335 	DATA 	Keypress: escape
156.6756 	EXP 	Device response: <KeyPress from None: t=156.58317970800272, value=escape, duration=0.08395908399688778>
156.6757 	EXP 	pilot_study: status = STOPPED
156.6787 	EXP 	end_message: autoDraw = False
156.6788 	EXP 	pilot_study: status = STOPPED
156.6823 	INFO 	saved data to '/Users/marcogiven/Desktop/projects/S25_SURE/colorStudyPilot/data/_pilot_study_2025-06-26_16h34.38.980.csv'
156.6833 	INFO 	saved data to /Users/marcogiven/Desktop/projects/S25_SURE/colorStudyPilot/data/_pilot_study_2025-06-26_16h34.38.980.psydat
156.8069 	WARNING 	Stopping key buffers but this could be dangerous ifother keyboards rely on the same.
156.8069 	WARNING 	Stopping key buffers but this could be dangerous ifother keyboards rely on the same.
156.8070 	WARNING 	Stopping key buffers but this could be dangerous ifother keyboards rely on the same.
