17.3035 	WARNING 	Font Manager failed to load file /System/Library/PrivateFrameworks/FontServices.framework/Resources/Reserved/PingFangUI.ttc
17.5355 	WARNING 	Font Manager failed to load file /System/Library/PrivateFrameworks/FontServices.framework/Resources/Reserved/PingFangUI.ttc
19.3423 	INFO 	Loaded monitor calibration from ['2025_06_12 14:42']
19.4728 	INFO 	Using renderer 'Apple M1 Pro' for graphics
19.4728 	INFO 	OpenGL version supported by driver is 2..
19.5044 	EXP 	Created window1 = Window(allowGUI=True, allowStencil=False, autoLog=True, backendConf=UNKNOWN, backgroundFit=<method-wrapper '__getattribute__' of attributeSetter object at 0x1582d6830>, backgroundImage=<method-wrapper '__getattribute__' of attributeSetter object at 0x1582d6890>, bitsMode=UNKNOWN, blendMode='avg', bpc=(8, 8, 8), color=array([0, 0, 0]), colorSpace='rgb', depthBits=8, fullscr=False, gamma=None, gammaErrorPolicy='raise', infoMsg=UNKNOWN, lms=UNKNOWN, monitor=<psychopy.monitors.calibTools.Monitor object at 0x15831c130>, multiSample=False, name='window1', numSamples=2, pos=[np.float64(260.0), np.float64(224.5)], screen=0, size=array([2560, 1440]), stencilBits=0, stereo=False, title='PsychoPy', units='height', useFBO=True, useRetina=True, viewOri=0.0, viewPos=None, viewScale=None, waitBlanking=True, winType='pyglet')
19.5045 	EXP 	window1: backgroundImage = ''
19.5045 	EXP 	window1: backgroundFit = 'none'
20.0972 	INFO 	keyboard.Keyboard is using ptb backend.
20.2672 	INFO 	keyboard.Keyboard is using ptb backend.
20.3542 	INFO 	keyboard.Keyboard is using ptb backend.
20.3543 	EXP 	pilot_study: status = STARTED
20.4017 	EXP 	Created welcome_message = TextStim(__class__=<class 'psychopy.visual.text.TextStim'>, alignHoriz=method-wrapper(...), alignText='center', alignVert=method-wrapper(...), anchorHoriz='center', anchorVert='center', antialias=True, autoDraw=False, autoLog=True, bold=False, color=array([1., 1., 1.]), colorSpace='rgb', contrast=1.0, depth=0.0, draggable=False, flipHoriz=False, flipVert=False, font='Arial', fontFiles=[], height=np.float64(0.05), italic=False, languageStyle='LTR', name='welcome_message', opacity=1, ori=0.0, pos=array([0., 0.]), rgb=UNKNOWN, text=str(...), units='height', win=Window(...), wrapWidth=1)
20.4202 	EXP 	Created M_query = ImageStim(__class__=<class 'psychopy.visual.image.ImageStim'>, anchor=('center', 'center'), autoLog=True, color=array([1., 1., 1.]), colorSpace='rgb', contrast=1.0, depth=0.0, draggable=False, flipHoriz=np.False_, flipVert=np.False_, image='default.png', interpolate=True, mask=None, maskParams=None, name='M_query', opacity=1, ori=0.0, pos=array([0.  , 0.35]), size=array([1., 1.]), texRes=128.0, units='height', win=Window(...))
20.4234 	EXP 	Created M_top_left = ImageStim(__class__=<class 'psychopy.visual.image.ImageStim'>, anchor=('center', 'center'), autoLog=True, color=array([1., 1., 1.]), colorSpace='rgb', contrast=1.0, depth=-1.0, draggable=False, flipHoriz=np.False_, flipVert=np.False_, image='default.png', interpolate=True, mask=None, maskParams=None, name='M_top_left', opacity=1, ori=0.0, pos=array([0., 0.]), size=array([1., 1.]), texRes=128.0, units='height', win=Window(...))
20.4265 	EXP 	Created M_top_mid = ImageStim(__class__=<class 'psychopy.visual.image.ImageStim'>, anchor=('center', 'center'), autoLog=True, color=array([1., 1., 1.]), colorSpace='rgb', contrast=1.0, depth=-2.0, draggable=False, flipHoriz=np.False_, flipVert=np.False_, image='default.png', interpolate=True, mask=None, maskParams=None, name='M_top_mid', opacity=1, ori=0.0, pos=array([0., 0.]), size=array([1., 1.]), texRes=128.0, units='height', win=Window(...))
20.4295 	EXP 	Created M_top_right = ImageStim(__class__=<class 'psychopy.visual.image.ImageStim'>, anchor=('center', 'center'), autoLog=True, color=array([1., 1., 1.]), colorSpace='rgb', contrast=1.0, depth=-3.0, draggable=True, flipHoriz=np.False_, flipVert=np.False_, image='default.png', interpolate=True, mask=None, maskParams=None, name='M_top_right', opacity=1, ori=0.0, pos=array([0., 0.]), size=array([1., 1.]), texRes=128.0, units='height', win=Window(...))
20.4325 	EXP 	Created M_bot_left = ImageStim(__class__=<class 'psychopy.visual.image.ImageStim'>, anchor=('center', 'center'), autoLog=True, color=array([1., 1., 1.]), colorSpace='rgb', contrast=1.0, depth=-4.0, draggable=False, flipHoriz=np.False_, flipVert=np.False_, image='default.png', interpolate=True, mask=None, maskParams=None, name='M_bot_left', opacity=1, ori=0.0, pos=array([0., 0.]), size=array([1., 1.]), texRes=128.0, units='height', win=Window(...))
20.4356 	EXP 	Created M_bot_mid = ImageStim(__class__=<class 'psychopy.visual.image.ImageStim'>, anchor=('center', 'center'), autoLog=True, color=array([1., 1., 1.]), colorSpace='rgb', contrast=1.0, depth=-5.0, draggable=False, flipHoriz=np.False_, flipVert=np.False_, image='default.png', interpolate=True, mask=None, maskParams=None, name='M_bot_mid', opacity=1, ori=0.0, pos=array([0., 0.]), size=array([1., 1.]), texRes=128.0, units='height', win=Window(...))
20.4387 	EXP 	Created M_bot_right = ImageStim(__class__=<class 'psychopy.visual.image.ImageStim'>, anchor=('center', 'center'), autoLog=True, color=array([1., 1., 1.]), colorSpace='rgb', contrast=1.0, depth=-6.0, draggable=False, flipHoriz=np.False_, flipVert=np.False_, image='default.png', interpolate=True, mask=None, maskParams=None, name='M_bot_right', opacity=1, ori=0.0, pos=array([0., 0.]), size=array([1., 1.]), texRes=128.0, units='height', win=Window(...))
20.4429 	EXP 	Created end_message = TextStim(__class__=<class 'psychopy.visual.text.TextStim'>, alignHoriz=method-wrapper(...), alignText='center', alignVert=method-wrapper(...), anchorHoriz='center', anchorVert='center', antialias=True, autoDraw=False, autoLog=True, bold=False, color=array([1., 1., 1.]), colorSpace='rgb', contrast=1.0, depth=0.0, draggable=False, flipHoriz=False, flipVert=False, font='Arial', fontFiles=[], height=np.float64(0.05), italic=False, languageStyle='LTR', name='end_message', opacity=1, ori=0.0, pos=array([0., 0.]), rgb=UNKNOWN, text=str(...), units='height', win=Window(...), wrapWidth=1)
0.0496 	EXP 	welcome_message: autoDraw = True
1.4090 	EXP 	Device response: <KeyPress from None: t=1.212984416008112, value=space, duration=None>
1.4093 	EXP 	Device response: <KeyPress from None: t=1.212984416008112, value=space, duration=0.11228829200263135>
1.4135 	EXP 	Imported resources/positions.csv as conditions, 5 conditions, 12 params
1.4140 	EXP 	New trial (rep=0, index=0): <Trial 0 (0 in rep 0) data={'pos1_x': np.float64(0.55), 'pos1_y': np.float64(0.0), 'pos2_x': np.float64(0.0), 'pos2_y': np.float64(-0.35), 'pos3_x': np.float64(0.55), 'pos3_y': np.float64(-0.35), 'pos4_x': np.float64(-0.55), 'pos4_y': np.float64(0.0), 'pos5_x': np.float64(0.0), 'pos5_y': np.float64(0.0), 'pos6_x': np.float64(-0.55), 'pos6_y': np.float64(-0.35), 'thisN': 0, 'thisTrialN': 0, 'thisRepN': 0}>
1.4181 	EXP 	Imported resources/midLoop.csv as conditions, 5 conditions, 35 params
1.4184 	EXP 	New trial (rep=0, index=0): <Trial 0 (0 in rep 0) data={'img_query': 'resources/images/medium/med_Q4.jpg', 'img_query_w': np.int64(768), 'img_query_h': np.int64(1024), 'img_query_disp_w': np.float64(0.2625), 'img_query_disp_h': np.float64(0.35), 'sam_1': 'resources/images/medium/med_S1_4.jpg', 'sam_1_w': np.int64(1024), 'sam_1_h': np.int64(768), 'sam_1_disp_w': np.float64(0.35), 'sam_1_disp_h': np.float64(0.2625), 'sam_2': 'resources/images/medium/med_S2_4.jpg', 'sam_2_w': np.int64(350), 'sam_2_h': np.int64(234), 'sam_2_disp_w': np.float64(0.35), 'sam_2_disp_h': np.float64(0.234), 'sam_3': 'resources/images/medium/med_S3_4.jpg', 'sam_3_w': np.int64(350), 'sam_3_h': np.int64(341), 'sam_3_disp_w': np.float64(0.35), 'sam_3_disp_h': np.float64(0.341), 'sam_4': 'resources/images/medium/med_S4_4.jpg', 'sam_4_w': np.int64(768), 'sam_4_h': np.int64(1024), 'sam_4_disp_w': np.float64(0.2625), 'sam_4_disp_h': np.float64(0.35), 'sam_5': 'resources/images/medium/med_S5_4.jpg', 'sam_5_w': np.int64(350), 'sam_5_h': np.int64(208), 'sam_5_disp_w': np.float64(0.35), 'sam_5_disp_h': np.float64(0.208), 'img_targ': 'resources/images/medium/med_T4.jpg', 'targ_w': np.int64(768), 'targ_h': np.int64(1024), 'targ_disp_w': np.float64(0.2625), 'targ_disp_h': np.float64(0.35), 'thisN': 0, 'thisTrialN': 0, 'thisRepN': 0}>
1.4857 	INFO 	Keyboard events cleared
1.4856 	EXP 	welcome_message: autoDraw = False
1.4856 	EXP 	M_query: image = 'resources/images/medium/med_Q4.jpg'
1.4856 	EXP 	M_top_left: image = 'resources/images/medium/med_S1_4.jpg'
1.4856 	EXP 	M_top_mid: image = 'resources/images/medium/med_S2_4.jpg'
1.4856 	EXP 	M_top_right: image = 'resources/images/medium/med_S3_4.jpg'
1.4856 	EXP 	M_bot_left: image = 'resources/images/medium/med_S4_4.jpg'
1.4856 	EXP 	M_bot_mid: image = 'resources/images/medium/med_S5_4.jpg'
1.4856 	EXP 	M_bot_right: image = 'resources/images/medium/med_T4.jpg'
1.4856 	EXP 	M_query: autoDraw = True
1.4856 	EXP 	M_top_left: autoDraw = True
1.4856 	EXP 	M_top_mid: autoDraw = True
1.4856 	EXP 	M_top_right: autoDraw = True
1.4856 	EXP 	M_bot_left: autoDraw = True
1.4856 	EXP 	M_bot_mid: autoDraw = True
1.4856 	EXP 	M_bot_right: autoDraw = True
17.3749 	EXP 	Device response: <KeyPress from None: t=17.367622458012193, value=space, duration=None>
17.3755 	EXP 	New trial (rep=0, index=1): <Trial 1 (1 in rep 0) data={'img_query': 'resources/images/medium/med_Q1.jpg', 'img_query_w': np.int64(4032), 'img_query_h': np.int64(3024), 'img_query_disp_w': np.float64(0.35), 'img_query_disp_h': np.float64(0.2625), 'sam_1': 'resources/images/medium/med_S1_1.jpg', 'sam_1_w': np.int64(768), 'sam_1_h': np.int64(1024), 'sam_1_disp_w': np.float64(0.2625), 'sam_1_disp_h': np.float64(0.35), 'sam_2': 'resources/images/medium/med_S2_1.jpg', 'sam_2_w': np.int64(768), 'sam_2_h': np.int64(1024), 'sam_2_disp_w': np.float64(0.2625), 'sam_2_disp_h': np.float64(0.35), 'sam_3': 'resources/images/medium/med_S3_1.jpg', 'sam_3_w': np.int64(350), 'sam_3_h': np.int64(233), 'sam_3_disp_w': np.float64(0.35), 'sam_3_disp_h': np.float64(0.233), 'sam_4': 'resources/images/medium/med_S4_1.jpg', 'sam_4_w': np.int64(768), 'sam_4_h': np.int64(1024), 'sam_4_disp_w': np.float64(0.2625), 'sam_4_disp_h': np.float64(0.35), 'sam_5': 'resources/images/medium/med_S5_1.jpg', 'sam_5_w': np.int64(768), 'sam_5_h': np.int64(1040), 'sam_5_disp_w': np.float64(0.258461538), 'sam_5_disp_h': np.float64(0.35), 'img_targ': 'resources/images/medium/med_T1.jpg', 'targ_w': np.int64(1024), 'targ_h': np.int64(768), 'targ_disp_w': np.float64(0.35), 'targ_disp_h': np.float64(0.2625), 'thisN': 1, 'thisTrialN': 1, 'thisRepN': 0}>
17.6115 	EXP 	Device response: <KeyPress from None: t=17.367622458012193, value=space, duration=0.10805320799408946>
17.6206 	INFO 	Keyboard events cleared
17.6205 	EXP 	M_query: autoDraw = False
17.6205 	EXP 	M_top_left: autoDraw = False
17.6205 	EXP 	M_top_mid: autoDraw = False
17.6205 	EXP 	M_top_right: autoDraw = False
17.6205 	EXP 	M_bot_left: autoDraw = False
17.6205 	EXP 	M_bot_mid: autoDraw = False
17.6205 	EXP 	M_bot_right: autoDraw = False
17.6205 	EXP 	M_query: image = 'resources/images/medium/med_Q1.jpg'
17.6205 	EXP 	M_top_left: image = 'resources/images/medium/med_S1_1.jpg'
17.6205 	EXP 	M_top_mid: image = 'resources/images/medium/med_S2_1.jpg'
17.6205 	EXP 	M_top_right: image = 'resources/images/medium/med_S3_1.jpg'
17.6205 	EXP 	M_bot_left: image = 'resources/images/medium/med_S4_1.jpg'
17.6205 	EXP 	M_bot_mid: image = 'resources/images/medium/med_S5_1.jpg'
17.6205 	EXP 	M_bot_right: image = 'resources/images/medium/med_T1.jpg'
17.6205 	EXP 	M_query: autoDraw = True
17.6205 	EXP 	M_top_left: autoDraw = True
17.6205 	EXP 	M_top_mid: autoDraw = True
17.6205 	EXP 	M_top_right: autoDraw = True
17.6205 	EXP 	M_bot_left: autoDraw = True
17.6205 	EXP 	M_bot_mid: autoDraw = True
17.6205 	EXP 	M_bot_right: autoDraw = True
20.5550 	DATA 	Mouse: Left button down, pos=(1136,536)
20.6501 	DATA 	Mouse:  Left button up, pos=(1136,536)
21.1724 	EXP 	Device response: <KeyPress from None: t=21.15750487500918, value=space, duration=None>
21.1734 	EXP 	New trial (rep=0, index=2): <Trial 2 (2 in rep 0) data={'img_query': 'resources/images/medium/med_Q5.jpg', 'img_query_w': np.int64(1024), 'img_query_h': np.int64(768), 'img_query_disp_w': np.float64(0.35), 'img_query_disp_h': np.float64(0.2625), 'sam_1': 'resources/images/medium/med_S1_5.jpg', 'sam_1_w': np.int64(1024), 'sam_1_h': np.int64(768), 'sam_1_disp_w': np.float64(0.35), 'sam_1_disp_h': np.float64(0.2625), 'sam_2': 'resources/images/medium/med_S2_5.jpg', 'sam_2_w': np.int64(1024), 'sam_2_h': np.int64(768), 'sam_2_disp_w': np.float64(0.35), 'sam_2_disp_h': np.float64(0.2625), 'sam_3': 'resources/images/medium/med_S3_5.jpg', 'sam_3_w': np.int64(3264), 'sam_3_h': np.int64(1840), 'sam_3_disp_w': np.float64(0.35), 'sam_3_disp_h': np.float64(0.197303922), 'sam_4': 'resources/images/medium/med_S4_5.jpg', 'sam_4_w': np.int64(768), 'sam_4_h': np.int64(1024), 'sam_4_disp_w': np.float64(0.2625), 'sam_4_disp_h': np.float64(0.35), 'sam_5': 'resources/images/medium/med_S5_5.jpg', 'sam_5_w': np.int64(350), 'sam_5_h': np.int64(233), 'sam_5_disp_w': np.float64(0.35), 'sam_5_disp_h': np.float64(0.233), 'img_targ': 'resources/images/medium/med_T5.jpg', 'targ_w': np.int64(768), 'targ_h': np.int64(1024), 'targ_disp_w': np.float64(0.2625), 'targ_disp_h': np.float64(0.35), 'thisN': 2, 'thisTrialN': 2, 'thisRepN': 0}>
21.3370 	EXP 	Device response: <KeyPress from None: t=21.15750487500918, value=space, duration=0.12408300000242889>
21.3392 	DATA 	Keypress: space
21.3427 	INFO 	Keyboard events cleared
21.3426 	EXP 	M_query: autoDraw = False
21.3426 	EXP 	M_top_left: autoDraw = False
21.3426 	EXP 	M_top_mid: autoDraw = False
21.3426 	EXP 	M_top_right: autoDraw = False
21.3426 	EXP 	M_bot_left: autoDraw = False
21.3426 	EXP 	M_bot_mid: autoDraw = False
21.3426 	EXP 	M_bot_right: autoDraw = False
21.3426 	EXP 	M_query: image = 'resources/images/medium/med_Q5.jpg'
21.3426 	EXP 	M_top_left: image = 'resources/images/medium/med_S1_5.jpg'
21.3426 	EXP 	M_top_mid: image = 'resources/images/medium/med_S2_5.jpg'
21.3426 	EXP 	M_top_right: image = 'resources/images/medium/med_S3_5.jpg'
21.3426 	EXP 	M_bot_left: image = 'resources/images/medium/med_S4_5.jpg'
21.3426 	EXP 	M_bot_mid: image = 'resources/images/medium/med_S5_5.jpg'
21.3426 	EXP 	M_bot_right: image = 'resources/images/medium/med_T5.jpg'
21.3426 	EXP 	M_query: autoDraw = True
21.3426 	EXP 	M_top_left: autoDraw = True
21.3426 	EXP 	M_top_mid: autoDraw = True
21.3426 	EXP 	M_top_right: autoDraw = True
21.3426 	EXP 	M_bot_left: autoDraw = True
21.3426 	EXP 	M_bot_mid: autoDraw = True
21.3426 	EXP 	M_bot_right: autoDraw = True
24.6541 	DATA 	Mouse: Left button down, pos=(902,563)
24.7536 	DATA 	Mouse:  Left button up, pos=(902,563)
24.9355 	EXP 	Device response: <KeyPress from None: t=24.929179208003916, value=space, duration=None>
24.9363 	EXP 	New trial (rep=0, index=3): <Trial 3 (3 in rep 0) data={'img_query': 'resources/images/medium/med_Q2.jpg', 'img_query_w': np.int64(1024), 'img_query_h': np.int64(768), 'img_query_disp_w': np.float64(0.35), 'img_query_disp_h': np.float64(0.2625), 'sam_1': 'resources/images/medium/med_S1_2.jpg', 'sam_1_w': np.int64(4032), 'sam_1_h': np.int64(3024), 'sam_1_disp_w': np.float64(0.35), 'sam_1_disp_h': np.float64(0.2625), 'sam_2': 'resources/images/medium/med_S2_2.jpg', 'sam_2_w': np.int64(250), 'sam_2_h': np.int64(233), 'sam_2_disp_w': np.float64(0.35), 'sam_2_disp_h': np.float64(0.3262), 'sam_3': 'resources/images/medium/med_S3_2.jpg', 'sam_3_w': np.int64(1024), 'sam_3_h': np.int64(768), 'sam_3_disp_w': np.float64(0.35), 'sam_3_disp_h': np.float64(0.2625), 'sam_4': 'resources/images/medium/med_S4_2.jpg', 'sam_4_w': np.int64(350), 'sam_4_h': np.int64(233), 'sam_4_disp_w': np.float64(0.35), 'sam_4_disp_h': np.float64(0.233), 'sam_5': 'resources/images/medium/med_S5_2.jpg', 'sam_5_w': np.int64(350), 'sam_5_h': np.int64(233), 'sam_5_disp_w': np.float64(0.35), 'sam_5_disp_h': np.float64(0.233), 'img_targ': 'resources/images/medium/med_T2.jpg', 'targ_w': np.int64(4032), 'targ_h': np.int64(2268), 'targ_disp_w': np.float64(0.35), 'targ_disp_h': np.float64(0.196875), 'thisN': 3, 'thisTrialN': 3, 'thisRepN': 0}>
25.2017 	EXP 	Device response: <KeyPress from None: t=24.929179208003916, value=space, duration=0.12396479200106114>
25.2037 	DATA 	Keypress: space
25.2075 	INFO 	Keyboard events cleared
25.2075 	EXP 	M_query: autoDraw = False
25.2075 	EXP 	M_top_left: autoDraw = False
25.2075 	EXP 	M_top_mid: autoDraw = False
25.2075 	EXP 	M_top_right: autoDraw = False
25.2075 	EXP 	M_bot_left: autoDraw = False
25.2075 	EXP 	M_bot_mid: autoDraw = False
25.2075 	EXP 	M_bot_right: autoDraw = False
25.2075 	EXP 	M_query: image = 'resources/images/medium/med_Q2.jpg'
25.2075 	EXP 	M_top_left: image = 'resources/images/medium/med_S1_2.jpg'
25.2075 	EXP 	M_top_mid: image = 'resources/images/medium/med_S2_2.jpg'
25.2075 	EXP 	M_top_right: image = 'resources/images/medium/med_S3_2.jpg'
25.2075 	EXP 	M_bot_left: image = 'resources/images/medium/med_S4_2.jpg'
25.2075 	EXP 	M_bot_mid: image = 'resources/images/medium/med_S5_2.jpg'
25.2075 	EXP 	M_bot_right: image = 'resources/images/medium/med_T2.jpg'
25.2075 	EXP 	M_query: autoDraw = True
25.2075 	EXP 	M_top_left: autoDraw = True
25.2075 	EXP 	M_top_mid: autoDraw = True
25.2075 	EXP 	M_top_right: autoDraw = True
25.2075 	EXP 	M_bot_left: autoDraw = True
25.2075 	EXP 	M_bot_mid: autoDraw = True
25.2075 	EXP 	M_bot_right: autoDraw = True
25.6521 	EXP 	Device response: <KeyPress from None: t=25.637350333010545, value=space, duration=None>
25.6525 	EXP 	New trial (rep=0, index=4): <Trial 4 (4 in rep 0) data={'img_query': 'resources/images/medium/med_Q3.jpg', 'img_query_w': np.int64(1024), 'img_query_h': np.int64(768), 'img_query_disp_w': np.float64(0.35), 'img_query_disp_h': np.float64(0.2625), 'sam_1': 'resources/images/medium/med_S1_3.jpg', 'sam_1_w': np.int64(4160), 'sam_1_h': np.int64(2340), 'sam_1_disp_w': np.float64(0.35), 'sam_1_disp_h': np.float64(0.196875), 'sam_2': 'resources/images/medium/med_S2_3.jpg', 'sam_2_w': np.int64(1024), 'sam_2_h': np.int64(768), 'sam_2_disp_w': np.float64(0.35), 'sam_2_disp_h': np.float64(0.2625), 'sam_3': 'resources/images/medium/med_S3_3.jpg', 'sam_3_w': np.int64(1024), 'sam_3_h': np.int64(768), 'sam_3_disp_w': np.float64(0.35), 'sam_3_disp_h': np.float64(0.2625), 'sam_4': 'resources/images/medium/med_S4_3.jpg', 'sam_4_w': np.int64(350), 'sam_4_h': np.int64(197), 'sam_4_disp_w': np.float64(0.35), 'sam_4_disp_h': np.float64(0.197), 'sam_5': 'resources/images/medium/med_S5_3.jpg', 'sam_5_w': np.int64(2592), 'sam_5_h': np.int64(4608), 'sam_5_disp_w': np.float64(0.196875), 'sam_5_disp_h': np.float64(0.35), 'img_targ': 'resources/images/medium/med_T3.jpg', 'targ_w': np.int64(1024), 'targ_h': np.int64(768), 'targ_disp_w': np.float64(0.35), 'targ_disp_h': np.float64(0.2625), 'thisN': 4, 'thisTrialN': 4, 'thisRepN': 0}>
25.9681 	EXP 	Device response: <KeyPress from None: t=25.637350333010545, value=space, duration=0.10386158298933879>
25.9713 	DATA 	Keypress: space
25.9748 	INFO 	Keyboard events cleared
25.9747 	EXP 	M_query: autoDraw = False
25.9747 	EXP 	M_top_left: autoDraw = False
25.9747 	EXP 	M_top_mid: autoDraw = False
25.9747 	EXP 	M_top_right: autoDraw = False
25.9747 	EXP 	M_bot_left: autoDraw = False
25.9747 	EXP 	M_bot_mid: autoDraw = False
25.9747 	EXP 	M_bot_right: autoDraw = False
25.9747 	EXP 	M_query: image = 'resources/images/medium/med_Q3.jpg'
25.9747 	EXP 	M_top_left: image = 'resources/images/medium/med_S1_3.jpg'
25.9747 	EXP 	M_top_mid: image = 'resources/images/medium/med_S2_3.jpg'
25.9747 	EXP 	M_top_right: image = 'resources/images/medium/med_S3_3.jpg'
25.9747 	EXP 	M_bot_left: image = 'resources/images/medium/med_S4_3.jpg'
25.9747 	EXP 	M_bot_mid: image = 'resources/images/medium/med_S5_3.jpg'
25.9747 	EXP 	M_bot_right: image = 'resources/images/medium/med_T3.jpg'
25.9747 	EXP 	M_query: autoDraw = True
25.9747 	EXP 	M_top_left: autoDraw = True
25.9747 	EXP 	M_top_mid: autoDraw = True
25.9747 	EXP 	M_top_right: autoDraw = True
25.9747 	EXP 	M_bot_left: autoDraw = True
25.9747 	EXP 	M_bot_mid: autoDraw = True
25.9747 	EXP 	M_bot_right: autoDraw = True
26.4027 	EXP 	Device response: <KeyPress from None: t=26.393304125012946, value=space, duration=None>
26.4033 	EXP 	New trial (rep=1, index=0): <Trial 5 (0 in rep 1) data={'img_query': 'resources/images/medium/med_Q2.jpg', 'img_query_w': np.int64(1024), 'img_query_h': np.int64(768), 'img_query_disp_w': np.float64(0.35), 'img_query_disp_h': np.float64(0.2625), 'sam_1': 'resources/images/medium/med_S1_2.jpg', 'sam_1_w': np.int64(4032), 'sam_1_h': np.int64(3024), 'sam_1_disp_w': np.float64(0.35), 'sam_1_disp_h': np.float64(0.2625), 'sam_2': 'resources/images/medium/med_S2_2.jpg', 'sam_2_w': np.int64(250), 'sam_2_h': np.int64(233), 'sam_2_disp_w': np.float64(0.35), 'sam_2_disp_h': np.float64(0.3262), 'sam_3': 'resources/images/medium/med_S3_2.jpg', 'sam_3_w': np.int64(1024), 'sam_3_h': np.int64(768), 'sam_3_disp_w': np.float64(0.35), 'sam_3_disp_h': np.float64(0.2625), 'sam_4': 'resources/images/medium/med_S4_2.jpg', 'sam_4_w': np.int64(350), 'sam_4_h': np.int64(233), 'sam_4_disp_w': np.float64(0.35), 'sam_4_disp_h': np.float64(0.233), 'sam_5': 'resources/images/medium/med_S5_2.jpg', 'sam_5_w': np.int64(350), 'sam_5_h': np.int64(233), 'sam_5_disp_w': np.float64(0.35), 'sam_5_disp_h': np.float64(0.233), 'img_targ': 'resources/images/medium/med_T2.jpg', 'targ_w': np.int64(4032), 'targ_h': np.int64(2268), 'targ_disp_w': np.float64(0.35), 'targ_disp_h': np.float64(0.196875), 'thisN': 5, 'thisTrialN': 0, 'thisRepN': 1}>
26.6738 	EXP 	Device response: <KeyPress from None: t=26.393304125012946, value=space, duration=0.09985083299397957>
26.6758 	DATA 	Keypress: space
26.6796 	INFO 	Keyboard events cleared
26.6795 	EXP 	M_query: autoDraw = False
26.6795 	EXP 	M_top_left: autoDraw = False
26.6795 	EXP 	M_top_mid: autoDraw = False
26.6795 	EXP 	M_top_right: autoDraw = False
26.6795 	EXP 	M_bot_left: autoDraw = False
26.6795 	EXP 	M_bot_mid: autoDraw = False
26.6795 	EXP 	M_bot_right: autoDraw = False
26.6795 	EXP 	M_query: image = 'resources/images/medium/med_Q2.jpg'
26.6795 	EXP 	M_top_left: image = 'resources/images/medium/med_S1_2.jpg'
26.6795 	EXP 	M_top_mid: image = 'resources/images/medium/med_S2_2.jpg'
26.6795 	EXP 	M_top_right: image = 'resources/images/medium/med_S3_2.jpg'
26.6795 	EXP 	M_bot_left: image = 'resources/images/medium/med_S4_2.jpg'
26.6795 	EXP 	M_bot_mid: image = 'resources/images/medium/med_S5_2.jpg'
26.6795 	EXP 	M_bot_right: image = 'resources/images/medium/med_T2.jpg'
26.6795 	EXP 	M_query: autoDraw = True
26.6795 	EXP 	M_top_left: autoDraw = True
26.6795 	EXP 	M_top_mid: autoDraw = True
26.6795 	EXP 	M_top_right: autoDraw = True
26.6795 	EXP 	M_bot_left: autoDraw = True
26.6795 	EXP 	M_bot_mid: autoDraw = True
26.6795 	EXP 	M_bot_right: autoDraw = True
27.0530 	EXP 	Device response: <KeyPress from None: t=27.05143950000638, value=space, duration=None>
27.0534 	EXP 	New trial (rep=1, index=1): <Trial 6 (1 in rep 1) data={'img_query': 'resources/images/medium/med_Q5.jpg', 'img_query_w': np.int64(1024), 'img_query_h': np.int64(768), 'img_query_disp_w': np.float64(0.35), 'img_query_disp_h': np.float64(0.2625), 'sam_1': 'resources/images/medium/med_S1_5.jpg', 'sam_1_w': np.int64(1024), 'sam_1_h': np.int64(768), 'sam_1_disp_w': np.float64(0.35), 'sam_1_disp_h': np.float64(0.2625), 'sam_2': 'resources/images/medium/med_S2_5.jpg', 'sam_2_w': np.int64(1024), 'sam_2_h': np.int64(768), 'sam_2_disp_w': np.float64(0.35), 'sam_2_disp_h': np.float64(0.2625), 'sam_3': 'resources/images/medium/med_S3_5.jpg', 'sam_3_w': np.int64(3264), 'sam_3_h': np.int64(1840), 'sam_3_disp_w': np.float64(0.35), 'sam_3_disp_h': np.float64(0.197303922), 'sam_4': 'resources/images/medium/med_S4_5.jpg', 'sam_4_w': np.int64(768), 'sam_4_h': np.int64(1024), 'sam_4_disp_w': np.float64(0.2625), 'sam_4_disp_h': np.float64(0.35), 'sam_5': 'resources/images/medium/med_S5_5.jpg', 'sam_5_w': np.int64(350), 'sam_5_h': np.int64(233), 'sam_5_disp_w': np.float64(0.35), 'sam_5_disp_h': np.float64(0.233), 'img_targ': 'resources/images/medium/med_T5.jpg', 'targ_w': np.int64(768), 'targ_h': np.int64(1024), 'targ_disp_w': np.float64(0.2625), 'targ_disp_h': np.float64(0.35), 'thisN': 6, 'thisTrialN': 1, 'thisRepN': 1}>
27.1886 	EXP 	Device response: <KeyPress from None: t=27.05143950000638, value=space, duration=0.08813274999556597>
27.1922 	DATA 	Keypress: space
27.1957 	INFO 	Keyboard events cleared
27.1956 	EXP 	M_query: autoDraw = False
27.1956 	EXP 	M_top_left: autoDraw = False
27.1956 	EXP 	M_top_mid: autoDraw = False
27.1956 	EXP 	M_top_right: autoDraw = False
27.1956 	EXP 	M_bot_left: autoDraw = False
27.1956 	EXP 	M_bot_mid: autoDraw = False
27.1956 	EXP 	M_bot_right: autoDraw = False
27.1956 	EXP 	M_query: image = 'resources/images/medium/med_Q5.jpg'
27.1956 	EXP 	M_top_left: image = 'resources/images/medium/med_S1_5.jpg'
27.1956 	EXP 	M_top_mid: image = 'resources/images/medium/med_S2_5.jpg'
27.1956 	EXP 	M_top_right: image = 'resources/images/medium/med_S3_5.jpg'
27.1956 	EXP 	M_bot_left: image = 'resources/images/medium/med_S4_5.jpg'
27.1956 	EXP 	M_bot_mid: image = 'resources/images/medium/med_S5_5.jpg'
27.1956 	EXP 	M_bot_right: image = 'resources/images/medium/med_T5.jpg'
27.1956 	EXP 	M_query: autoDraw = True
27.1956 	EXP 	M_top_left: autoDraw = True
27.1956 	EXP 	M_top_mid: autoDraw = True
27.1956 	EXP 	M_top_right: autoDraw = True
27.1956 	EXP 	M_bot_left: autoDraw = True
27.1956 	EXP 	M_bot_mid: autoDraw = True
27.1956 	EXP 	M_bot_right: autoDraw = True
27.4823 	EXP 	Device response: <KeyPress from None: t=27.475115833003656, value=space, duration=None>
27.4828 	EXP 	New trial (rep=1, index=2): <Trial 7 (2 in rep 1) data={'img_query': 'resources/images/medium/med_Q4.jpg', 'img_query_w': np.int64(768), 'img_query_h': np.int64(1024), 'img_query_disp_w': np.float64(0.2625), 'img_query_disp_h': np.float64(0.35), 'sam_1': 'resources/images/medium/med_S1_4.jpg', 'sam_1_w': np.int64(1024), 'sam_1_h': np.int64(768), 'sam_1_disp_w': np.float64(0.35), 'sam_1_disp_h': np.float64(0.2625), 'sam_2': 'resources/images/medium/med_S2_4.jpg', 'sam_2_w': np.int64(350), 'sam_2_h': np.int64(234), 'sam_2_disp_w': np.float64(0.35), 'sam_2_disp_h': np.float64(0.234), 'sam_3': 'resources/images/medium/med_S3_4.jpg', 'sam_3_w': np.int64(350), 'sam_3_h': np.int64(341), 'sam_3_disp_w': np.float64(0.35), 'sam_3_disp_h': np.float64(0.341), 'sam_4': 'resources/images/medium/med_S4_4.jpg', 'sam_4_w': np.int64(768), 'sam_4_h': np.int64(1024), 'sam_4_disp_w': np.float64(0.2625), 'sam_4_disp_h': np.float64(0.35), 'sam_5': 'resources/images/medium/med_S5_4.jpg', 'sam_5_w': np.int64(350), 'sam_5_h': np.int64(208), 'sam_5_disp_w': np.float64(0.35), 'sam_5_disp_h': np.float64(0.208), 'img_targ': 'resources/images/medium/med_T4.jpg', 'targ_w': np.int64(768), 'targ_h': np.int64(1024), 'targ_disp_w': np.float64(0.2625), 'targ_disp_h': np.float64(0.35), 'thisN': 7, 'thisTrialN': 2, 'thisRepN': 1}>
27.5532 	DATA 	Keypress: space
27.5563 	INFO 	Keyboard events cleared
27.5562 	EXP 	M_query: autoDraw = False
27.5562 	EXP 	M_top_left: autoDraw = False
27.5562 	EXP 	M_top_mid: autoDraw = False
27.5562 	EXP 	M_top_right: autoDraw = False
27.5562 	EXP 	M_bot_left: autoDraw = False
27.5562 	EXP 	M_bot_mid: autoDraw = False
27.5562 	EXP 	M_bot_right: autoDraw = False
27.5562 	EXP 	M_query: image = 'resources/images/medium/med_Q4.jpg'
27.5562 	EXP 	M_top_left: image = 'resources/images/medium/med_S1_4.jpg'
27.5562 	EXP 	M_top_mid: image = 'resources/images/medium/med_S2_4.jpg'
27.5562 	EXP 	M_top_right: image = 'resources/images/medium/med_S3_4.jpg'
27.5562 	EXP 	M_bot_left: image = 'resources/images/medium/med_S4_4.jpg'
27.5562 	EXP 	M_bot_mid: image = 'resources/images/medium/med_S5_4.jpg'
27.5562 	EXP 	M_bot_right: image = 'resources/images/medium/med_T4.jpg'
27.5562 	EXP 	M_query: autoDraw = True
27.5562 	EXP 	M_top_left: autoDraw = True
27.5562 	EXP 	M_top_mid: autoDraw = True
27.5562 	EXP 	M_top_right: autoDraw = True
27.5562 	EXP 	M_bot_left: autoDraw = True
27.5562 	EXP 	M_bot_mid: autoDraw = True
27.5562 	EXP 	M_bot_right: autoDraw = True
27.5817 	EXP 	Device response: <KeyPress from None: t=27.475115833003656, value=space, duration=0.09987316699698567>
27.7821 	EXP 	Device response: <KeyPress from None: t=27.775023416004842, value=space, duration=None>
27.7826 	EXP 	New trial (rep=1, index=3): <Trial 8 (3 in rep 1) data={'img_query': 'resources/images/medium/med_Q3.jpg', 'img_query_w': np.int64(1024), 'img_query_h': np.int64(768), 'img_query_disp_w': np.float64(0.35), 'img_query_disp_h': np.float64(0.2625), 'sam_1': 'resources/images/medium/med_S1_3.jpg', 'sam_1_w': np.int64(4160), 'sam_1_h': np.int64(2340), 'sam_1_disp_w': np.float64(0.35), 'sam_1_disp_h': np.float64(0.196875), 'sam_2': 'resources/images/medium/med_S2_3.jpg', 'sam_2_w': np.int64(1024), 'sam_2_h': np.int64(768), 'sam_2_disp_w': np.float64(0.35), 'sam_2_disp_h': np.float64(0.2625), 'sam_3': 'resources/images/medium/med_S3_3.jpg', 'sam_3_w': np.int64(1024), 'sam_3_h': np.int64(768), 'sam_3_disp_w': np.float64(0.35), 'sam_3_disp_h': np.float64(0.2625), 'sam_4': 'resources/images/medium/med_S4_3.jpg', 'sam_4_w': np.int64(350), 'sam_4_h': np.int64(197), 'sam_4_disp_w': np.float64(0.35), 'sam_4_disp_h': np.float64(0.197), 'sam_5': 'resources/images/medium/med_S5_3.jpg', 'sam_5_w': np.int64(2592), 'sam_5_h': np.int64(4608), 'sam_5_disp_w': np.float64(0.196875), 'sam_5_disp_h': np.float64(0.35), 'img_targ': 'resources/images/medium/med_T3.jpg', 'targ_w': np.int64(1024), 'targ_h': np.int64(768), 'targ_disp_w': np.float64(0.35), 'targ_disp_h': np.float64(0.2625), 'thisN': 8, 'thisTrialN': 3, 'thisRepN': 1}>
28.0428 	EXP 	Device response: <KeyPress from None: t=27.775023416004842, value=space, duration=0.10375779200694524>
28.0447 	DATA 	Keypress: space
28.0482 	INFO 	Keyboard events cleared
28.0481 	EXP 	M_query: autoDraw = False
28.0481 	EXP 	M_top_left: autoDraw = False
28.0481 	EXP 	M_top_mid: autoDraw = False
28.0481 	EXP 	M_top_right: autoDraw = False
28.0481 	EXP 	M_bot_left: autoDraw = False
28.0481 	EXP 	M_bot_mid: autoDraw = False
28.0481 	EXP 	M_bot_right: autoDraw = False
28.0481 	EXP 	M_query: image = 'resources/images/medium/med_Q3.jpg'
28.0481 	EXP 	M_top_left: image = 'resources/images/medium/med_S1_3.jpg'
28.0481 	EXP 	M_top_mid: image = 'resources/images/medium/med_S2_3.jpg'
28.0481 	EXP 	M_top_right: image = 'resources/images/medium/med_S3_3.jpg'
28.0481 	EXP 	M_bot_left: image = 'resources/images/medium/med_S4_3.jpg'
28.0481 	EXP 	M_bot_mid: image = 'resources/images/medium/med_S5_3.jpg'
28.0481 	EXP 	M_bot_right: image = 'resources/images/medium/med_T3.jpg'
28.0481 	EXP 	M_query: autoDraw = True
28.0481 	EXP 	M_top_left: autoDraw = True
28.0481 	EXP 	M_top_mid: autoDraw = True
28.0481 	EXP 	M_top_right: autoDraw = True
28.0481 	EXP 	M_bot_left: autoDraw = True
28.0481 	EXP 	M_bot_mid: autoDraw = True
28.0481 	EXP 	M_bot_right: autoDraw = True
28.5705 	EXP 	Device response: <KeyPress from None: t=28.565770291010267, value=space, duration=None>
28.5709 	EXP 	New trial (rep=1, index=4): <Trial 9 (4 in rep 1) data={'img_query': 'resources/images/medium/med_Q1.jpg', 'img_query_w': np.int64(4032), 'img_query_h': np.int64(3024), 'img_query_disp_w': np.float64(0.35), 'img_query_disp_h': np.float64(0.2625), 'sam_1': 'resources/images/medium/med_S1_1.jpg', 'sam_1_w': np.int64(768), 'sam_1_h': np.int64(1024), 'sam_1_disp_w': np.float64(0.2625), 'sam_1_disp_h': np.float64(0.35), 'sam_2': 'resources/images/medium/med_S2_1.jpg', 'sam_2_w': np.int64(768), 'sam_2_h': np.int64(1024), 'sam_2_disp_w': np.float64(0.2625), 'sam_2_disp_h': np.float64(0.35), 'sam_3': 'resources/images/medium/med_S3_1.jpg', 'sam_3_w': np.int64(350), 'sam_3_h': np.int64(233), 'sam_3_disp_w': np.float64(0.35), 'sam_3_disp_h': np.float64(0.233), 'sam_4': 'resources/images/medium/med_S4_1.jpg', 'sam_4_w': np.int64(768), 'sam_4_h': np.int64(1024), 'sam_4_disp_w': np.float64(0.2625), 'sam_4_disp_h': np.float64(0.35), 'sam_5': 'resources/images/medium/med_S5_1.jpg', 'sam_5_w': np.int64(768), 'sam_5_h': np.int64(1040), 'sam_5_disp_w': np.float64(0.258461538), 'sam_5_disp_h': np.float64(0.35), 'img_targ': 'resources/images/medium/med_T1.jpg', 'targ_w': np.int64(1024), 'targ_h': np.int64(768), 'targ_disp_w': np.float64(0.35), 'targ_disp_h': np.float64(0.2625), 'thisN': 9, 'thisTrialN': 4, 'thisRepN': 1}>
28.7587 	EXP 	Device response: <KeyPress from None: t=28.565770291010267, value=space, duration=0.10407466698961798>
28.7606 	DATA 	Keypress: space
28.7644 	INFO 	Keyboard events cleared
28.7643 	EXP 	M_query: autoDraw = False
28.7643 	EXP 	M_top_left: autoDraw = False
28.7643 	EXP 	M_top_mid: autoDraw = False
28.7643 	EXP 	M_top_right: autoDraw = False
28.7643 	EXP 	M_bot_left: autoDraw = False
28.7643 	EXP 	M_bot_mid: autoDraw = False
28.7643 	EXP 	M_bot_right: autoDraw = False
28.7643 	EXP 	M_query: image = 'resources/images/medium/med_Q1.jpg'
28.7643 	EXP 	M_top_left: image = 'resources/images/medium/med_S1_1.jpg'
28.7643 	EXP 	M_top_mid: image = 'resources/images/medium/med_S2_1.jpg'
28.7643 	EXP 	M_top_right: image = 'resources/images/medium/med_S3_1.jpg'
28.7643 	EXP 	M_bot_left: image = 'resources/images/medium/med_S4_1.jpg'
28.7643 	EXP 	M_bot_mid: image = 'resources/images/medium/med_S5_1.jpg'
28.7643 	EXP 	M_bot_right: image = 'resources/images/medium/med_T1.jpg'
28.7643 	EXP 	M_query: autoDraw = True
28.7643 	EXP 	M_top_left: autoDraw = True
28.7643 	EXP 	M_top_mid: autoDraw = True
28.7643 	EXP 	M_top_right: autoDraw = True
28.7643 	EXP 	M_bot_left: autoDraw = True
28.7643 	EXP 	M_bot_mid: autoDraw = True
28.7643 	EXP 	M_bot_right: autoDraw = True
35.0363 	EXP 	Device response: <KeyPress from None: t=35.03221720800502, value=space, duration=None>
35.0367 	EXP 	New trial (rep=2, index=0): <Trial 10 (0 in rep 2) data={'img_query': 'resources/images/medium/med_Q2.jpg', 'img_query_w': np.int64(1024), 'img_query_h': np.int64(768), 'img_query_disp_w': np.float64(0.35), 'img_query_disp_h': np.float64(0.2625), 'sam_1': 'resources/images/medium/med_S1_2.jpg', 'sam_1_w': np.int64(4032), 'sam_1_h': np.int64(3024), 'sam_1_disp_w': np.float64(0.35), 'sam_1_disp_h': np.float64(0.2625), 'sam_2': 'resources/images/medium/med_S2_2.jpg', 'sam_2_w': np.int64(250), 'sam_2_h': np.int64(233), 'sam_2_disp_w': np.float64(0.35), 'sam_2_disp_h': np.float64(0.3262), 'sam_3': 'resources/images/medium/med_S3_2.jpg', 'sam_3_w': np.int64(1024), 'sam_3_h': np.int64(768), 'sam_3_disp_w': np.float64(0.35), 'sam_3_disp_h': np.float64(0.2625), 'sam_4': 'resources/images/medium/med_S4_2.jpg', 'sam_4_w': np.int64(350), 'sam_4_h': np.int64(233), 'sam_4_disp_w': np.float64(0.35), 'sam_4_disp_h': np.float64(0.233), 'sam_5': 'resources/images/medium/med_S5_2.jpg', 'sam_5_w': np.int64(350), 'sam_5_h': np.int64(233), 'sam_5_disp_w': np.float64(0.35), 'sam_5_disp_h': np.float64(0.233), 'img_targ': 'resources/images/medium/med_T2.jpg', 'targ_w': np.int64(4032), 'targ_h': np.int64(2268), 'targ_disp_w': np.float64(0.35), 'targ_disp_h': np.float64(0.196875), 'thisN': 10, 'thisTrialN': 0, 'thisRepN': 2}>
35.2868 	EXP 	Device response: <KeyPress from None: t=35.03221720800502, value=space, duration=0.14765383300255053>
35.2888 	DATA 	Keypress: space
35.2926 	INFO 	Keyboard events cleared
35.2925 	EXP 	M_query: autoDraw = False
35.2925 	EXP 	M_top_left: autoDraw = False
35.2925 	EXP 	M_top_mid: autoDraw = False
35.2925 	EXP 	M_top_right: autoDraw = False
35.2925 	EXP 	M_bot_left: autoDraw = False
35.2925 	EXP 	M_bot_mid: autoDraw = False
35.2925 	EXP 	M_bot_right: autoDraw = False
35.2925 	EXP 	M_query: image = 'resources/images/medium/med_Q2.jpg'
35.2925 	EXP 	M_top_left: image = 'resources/images/medium/med_S1_2.jpg'
35.2925 	EXP 	M_top_mid: image = 'resources/images/medium/med_S2_2.jpg'
35.2925 	EXP 	M_top_right: image = 'resources/images/medium/med_S3_2.jpg'
35.2925 	EXP 	M_bot_left: image = 'resources/images/medium/med_S4_2.jpg'
35.2925 	EXP 	M_bot_mid: image = 'resources/images/medium/med_S5_2.jpg'
35.2925 	EXP 	M_bot_right: image = 'resources/images/medium/med_T2.jpg'
35.2925 	EXP 	M_query: autoDraw = True
35.2925 	EXP 	M_top_left: autoDraw = True
35.2925 	EXP 	M_top_mid: autoDraw = True
35.2925 	EXP 	M_top_right: autoDraw = True
35.2925 	EXP 	M_bot_left: autoDraw = True
35.2925 	EXP 	M_bot_mid: autoDraw = True
35.2925 	EXP 	M_bot_right: autoDraw = True
35.6863 	EXP 	Device response: <KeyPress from None: t=35.68300929100951, value=space, duration=None>
35.6872 	EXP 	New trial (rep=2, index=1): <Trial 11 (1 in rep 2) data={'img_query': 'resources/images/medium/med_Q3.jpg', 'img_query_w': np.int64(1024), 'img_query_h': np.int64(768), 'img_query_disp_w': np.float64(0.35), 'img_query_disp_h': np.float64(0.2625), 'sam_1': 'resources/images/medium/med_S1_3.jpg', 'sam_1_w': np.int64(4160), 'sam_1_h': np.int64(2340), 'sam_1_disp_w': np.float64(0.35), 'sam_1_disp_h': np.float64(0.196875), 'sam_2': 'resources/images/medium/med_S2_3.jpg', 'sam_2_w': np.int64(1024), 'sam_2_h': np.int64(768), 'sam_2_disp_w': np.float64(0.35), 'sam_2_disp_h': np.float64(0.2625), 'sam_3': 'resources/images/medium/med_S3_3.jpg', 'sam_3_w': np.int64(1024), 'sam_3_h': np.int64(768), 'sam_3_disp_w': np.float64(0.35), 'sam_3_disp_h': np.float64(0.2625), 'sam_4': 'resources/images/medium/med_S4_3.jpg', 'sam_4_w': np.int64(350), 'sam_4_h': np.int64(197), 'sam_4_disp_w': np.float64(0.35), 'sam_4_disp_h': np.float64(0.197), 'sam_5': 'resources/images/medium/med_S5_3.jpg', 'sam_5_w': np.int64(2592), 'sam_5_h': np.int64(4608), 'sam_5_disp_w': np.float64(0.196875), 'sam_5_disp_h': np.float64(0.35), 'img_targ': 'resources/images/medium/med_T3.jpg', 'targ_w': np.int64(1024), 'targ_h': np.int64(768), 'targ_disp_w': np.float64(0.35), 'targ_disp_h': np.float64(0.2625), 'thisN': 11, 'thisTrialN': 1, 'thisRepN': 2}>
35.9541 	EXP 	Device response: <KeyPress from None: t=35.68300929100951, value=space, duration=0.11189491699042264>
35.9560 	DATA 	Keypress: space
35.9595 	INFO 	Keyboard events cleared
35.9594 	EXP 	M_query: autoDraw = False
35.9594 	EXP 	M_top_left: autoDraw = False
35.9594 	EXP 	M_top_mid: autoDraw = False
35.9594 	EXP 	M_top_right: autoDraw = False
35.9594 	EXP 	M_bot_left: autoDraw = False
35.9594 	EXP 	M_bot_mid: autoDraw = False
35.9594 	EXP 	M_bot_right: autoDraw = False
35.9594 	EXP 	M_query: image = 'resources/images/medium/med_Q3.jpg'
35.9594 	EXP 	M_top_left: image = 'resources/images/medium/med_S1_3.jpg'
35.9594 	EXP 	M_top_mid: image = 'resources/images/medium/med_S2_3.jpg'
35.9594 	EXP 	M_top_right: image = 'resources/images/medium/med_S3_3.jpg'
35.9594 	EXP 	M_bot_left: image = 'resources/images/medium/med_S4_3.jpg'
35.9594 	EXP 	M_bot_mid: image = 'resources/images/medium/med_S5_3.jpg'
35.9594 	EXP 	M_bot_right: image = 'resources/images/medium/med_T3.jpg'
35.9594 	EXP 	M_query: autoDraw = True
35.9594 	EXP 	M_top_left: autoDraw = True
35.9594 	EXP 	M_top_mid: autoDraw = True
35.9594 	EXP 	M_top_right: autoDraw = True
35.9594 	EXP 	M_bot_left: autoDraw = True
35.9594 	EXP 	M_bot_mid: autoDraw = True
35.9594 	EXP 	M_bot_right: autoDraw = True
36.1995 	EXP 	Device response: <KeyPress from None: t=36.19481945800362, value=space, duration=None>
36.1999 	EXP 	New trial (rep=2, index=2): <Trial 12 (2 in rep 2) data={'img_query': 'resources/images/medium/med_Q1.jpg', 'img_query_w': np.int64(4032), 'img_query_h': np.int64(3024), 'img_query_disp_w': np.float64(0.35), 'img_query_disp_h': np.float64(0.2625), 'sam_1': 'resources/images/medium/med_S1_1.jpg', 'sam_1_w': np.int64(768), 'sam_1_h': np.int64(1024), 'sam_1_disp_w': np.float64(0.2625), 'sam_1_disp_h': np.float64(0.35), 'sam_2': 'resources/images/medium/med_S2_1.jpg', 'sam_2_w': np.int64(768), 'sam_2_h': np.int64(1024), 'sam_2_disp_w': np.float64(0.2625), 'sam_2_disp_h': np.float64(0.35), 'sam_3': 'resources/images/medium/med_S3_1.jpg', 'sam_3_w': np.int64(350), 'sam_3_h': np.int64(233), 'sam_3_disp_w': np.float64(0.35), 'sam_3_disp_h': np.float64(0.233), 'sam_4': 'resources/images/medium/med_S4_1.jpg', 'sam_4_w': np.int64(768), 'sam_4_h': np.int64(1024), 'sam_4_disp_w': np.float64(0.2625), 'sam_4_disp_h': np.float64(0.35), 'sam_5': 'resources/images/medium/med_S5_1.jpg', 'sam_5_w': np.int64(768), 'sam_5_h': np.int64(1040), 'sam_5_disp_w': np.float64(0.258461538), 'sam_5_disp_h': np.float64(0.35), 'img_targ': 'resources/images/medium/med_T1.jpg', 'targ_w': np.int64(1024), 'targ_h': np.int64(768), 'targ_disp_w': np.float64(0.35), 'targ_disp_h': np.float64(0.2625), 'thisN': 12, 'thisTrialN': 2, 'thisRepN': 2}>
36.3782 	EXP 	Device response: <KeyPress from None: t=36.19481945800362, value=space, duration=0.10387541700038128>
36.3801 	DATA 	Keypress: space
36.3839 	INFO 	Keyboard events cleared
36.3839 	EXP 	M_query: autoDraw = False
36.3839 	EXP 	M_top_left: autoDraw = False
36.3839 	EXP 	M_top_mid: autoDraw = False
36.3839 	EXP 	M_top_right: autoDraw = False
36.3839 	EXP 	M_bot_left: autoDraw = False
36.3839 	EXP 	M_bot_mid: autoDraw = False
36.3839 	EXP 	M_bot_right: autoDraw = False
36.3839 	EXP 	M_query: image = 'resources/images/medium/med_Q1.jpg'
36.3839 	EXP 	M_top_left: image = 'resources/images/medium/med_S1_1.jpg'
36.3839 	EXP 	M_top_mid: image = 'resources/images/medium/med_S2_1.jpg'
36.3839 	EXP 	M_top_right: image = 'resources/images/medium/med_S3_1.jpg'
36.3839 	EXP 	M_bot_left: image = 'resources/images/medium/med_S4_1.jpg'
36.3839 	EXP 	M_bot_mid: image = 'resources/images/medium/med_S5_1.jpg'
36.3839 	EXP 	M_bot_right: image = 'resources/images/medium/med_T1.jpg'
36.3839 	EXP 	M_query: autoDraw = True
36.3839 	EXP 	M_top_left: autoDraw = True
36.3839 	EXP 	M_top_mid: autoDraw = True
36.3839 	EXP 	M_top_right: autoDraw = True
36.3839 	EXP 	M_bot_left: autoDraw = True
36.3839 	EXP 	M_bot_mid: autoDraw = True
36.3839 	EXP 	M_bot_right: autoDraw = True
36.6530 	EXP 	Device response: <KeyPress from None: t=36.650151958005154, value=space, duration=None>
36.6534 	EXP 	New trial (rep=2, index=3): <Trial 13 (3 in rep 2) data={'img_query': 'resources/images/medium/med_Q5.jpg', 'img_query_w': np.int64(1024), 'img_query_h': np.int64(768), 'img_query_disp_w': np.float64(0.35), 'img_query_disp_h': np.float64(0.2625), 'sam_1': 'resources/images/medium/med_S1_5.jpg', 'sam_1_w': np.int64(1024), 'sam_1_h': np.int64(768), 'sam_1_disp_w': np.float64(0.35), 'sam_1_disp_h': np.float64(0.2625), 'sam_2': 'resources/images/medium/med_S2_5.jpg', 'sam_2_w': np.int64(1024), 'sam_2_h': np.int64(768), 'sam_2_disp_w': np.float64(0.35), 'sam_2_disp_h': np.float64(0.2625), 'sam_3': 'resources/images/medium/med_S3_5.jpg', 'sam_3_w': np.int64(3264), 'sam_3_h': np.int64(1840), 'sam_3_disp_w': np.float64(0.35), 'sam_3_disp_h': np.float64(0.197303922), 'sam_4': 'resources/images/medium/med_S4_5.jpg', 'sam_4_w': np.int64(768), 'sam_4_h': np.int64(1024), 'sam_4_disp_w': np.float64(0.2625), 'sam_4_disp_h': np.float64(0.35), 'sam_5': 'resources/images/medium/med_S5_5.jpg', 'sam_5_w': np.int64(350), 'sam_5_h': np.int64(233), 'sam_5_disp_w': np.float64(0.35), 'sam_5_disp_h': np.float64(0.233), 'img_targ': 'resources/images/medium/med_T5.jpg', 'targ_w': np.int64(768), 'targ_h': np.int64(1024), 'targ_disp_w': np.float64(0.2625), 'targ_disp_h': np.float64(0.35), 'thisN': 13, 'thisTrialN': 3, 'thisRepN': 2}>
36.7870 	EXP 	Device response: <KeyPress from None: t=36.650151958005154, value=space, duration=0.07201883300149348>
36.7889 	DATA 	Keypress: space
36.7924 	INFO 	Keyboard events cleared
36.7923 	EXP 	M_query: autoDraw = False
36.7923 	EXP 	M_top_left: autoDraw = False
36.7923 	EXP 	M_top_mid: autoDraw = False
36.7923 	EXP 	M_top_right: autoDraw = False
36.7923 	EXP 	M_bot_left: autoDraw = False
36.7923 	EXP 	M_bot_mid: autoDraw = False
36.7923 	EXP 	M_bot_right: autoDraw = False
36.7923 	EXP 	M_query: image = 'resources/images/medium/med_Q5.jpg'
36.7923 	EXP 	M_top_left: image = 'resources/images/medium/med_S1_5.jpg'
36.7923 	EXP 	M_top_mid: image = 'resources/images/medium/med_S2_5.jpg'
36.7923 	EXP 	M_top_right: image = 'resources/images/medium/med_S3_5.jpg'
36.7923 	EXP 	M_bot_left: image = 'resources/images/medium/med_S4_5.jpg'
36.7923 	EXP 	M_bot_mid: image = 'resources/images/medium/med_S5_5.jpg'
36.7923 	EXP 	M_bot_right: image = 'resources/images/medium/med_T5.jpg'
36.7923 	EXP 	M_query: autoDraw = True
36.7923 	EXP 	M_top_left: autoDraw = True
36.7923 	EXP 	M_top_mid: autoDraw = True
36.7923 	EXP 	M_top_right: autoDraw = True
36.7923 	EXP 	M_bot_left: autoDraw = True
36.7923 	EXP 	M_bot_mid: autoDraw = True
36.7923 	EXP 	M_bot_right: autoDraw = True
37.0831 	EXP 	Device response: <KeyPress from None: t=37.06962220800051, value=space, duration=None>
37.0836 	EXP 	New trial (rep=2, index=4): <Trial 14 (4 in rep 2) data={'img_query': 'resources/images/medium/med_Q4.jpg', 'img_query_w': np.int64(768), 'img_query_h': np.int64(1024), 'img_query_disp_w': np.float64(0.2625), 'img_query_disp_h': np.float64(0.35), 'sam_1': 'resources/images/medium/med_S1_4.jpg', 'sam_1_w': np.int64(1024), 'sam_1_h': np.int64(768), 'sam_1_disp_w': np.float64(0.35), 'sam_1_disp_h': np.float64(0.2625), 'sam_2': 'resources/images/medium/med_S2_4.jpg', 'sam_2_w': np.int64(350), 'sam_2_h': np.int64(234), 'sam_2_disp_w': np.float64(0.35), 'sam_2_disp_h': np.float64(0.234), 'sam_3': 'resources/images/medium/med_S3_4.jpg', 'sam_3_w': np.int64(350), 'sam_3_h': np.int64(341), 'sam_3_disp_w': np.float64(0.35), 'sam_3_disp_h': np.float64(0.341), 'sam_4': 'resources/images/medium/med_S4_4.jpg', 'sam_4_w': np.int64(768), 'sam_4_h': np.int64(1024), 'sam_4_disp_w': np.float64(0.2625), 'sam_4_disp_h': np.float64(0.35), 'sam_5': 'resources/images/medium/med_S5_4.jpg', 'sam_5_w': np.int64(350), 'sam_5_h': np.int64(208), 'sam_5_disp_w': np.float64(0.35), 'sam_5_disp_h': np.float64(0.208), 'img_targ': 'resources/images/medium/med_T4.jpg', 'targ_w': np.int64(768), 'targ_h': np.int64(1024), 'targ_disp_w': np.float64(0.2625), 'targ_disp_h': np.float64(0.35), 'thisN': 14, 'thisTrialN': 4, 'thisRepN': 2}>
37.1470 	EXP 	Device response: <KeyPress from None: t=37.06962220800051, value=space, duration=0.07211525000457186>
37.1490 	DATA 	Keypress: space
37.1525 	INFO 	Keyboard events cleared
37.1524 	EXP 	M_query: autoDraw = False
37.1524 	EXP 	M_top_left: autoDraw = False
37.1524 	EXP 	M_top_mid: autoDraw = False
37.1524 	EXP 	M_top_right: autoDraw = False
37.1524 	EXP 	M_bot_left: autoDraw = False
37.1524 	EXP 	M_bot_mid: autoDraw = False
37.1524 	EXP 	M_bot_right: autoDraw = False
37.1524 	EXP 	M_query: image = 'resources/images/medium/med_Q4.jpg'
37.1524 	EXP 	M_top_left: image = 'resources/images/medium/med_S1_4.jpg'
37.1524 	EXP 	M_top_mid: image = 'resources/images/medium/med_S2_4.jpg'
37.1524 	EXP 	M_top_right: image = 'resources/images/medium/med_S3_4.jpg'
37.1524 	EXP 	M_bot_left: image = 'resources/images/medium/med_S4_4.jpg'
37.1524 	EXP 	M_bot_mid: image = 'resources/images/medium/med_S5_4.jpg'
37.1524 	EXP 	M_bot_right: image = 'resources/images/medium/med_T4.jpg'
37.1524 	EXP 	M_query: autoDraw = True
37.1524 	EXP 	M_top_left: autoDraw = True
37.1524 	EXP 	M_top_mid: autoDraw = True
37.1524 	EXP 	M_top_right: autoDraw = True
37.1524 	EXP 	M_bot_left: autoDraw = True
37.1524 	EXP 	M_bot_mid: autoDraw = True
37.1524 	EXP 	M_bot_right: autoDraw = True
37.4328 	EXP 	Device response: <KeyPress from None: t=37.42484879100812, value=space, duration=None>
37.4333 	EXP 	New trial (rep=3, index=0): <Trial 15 (0 in rep 3) data={'img_query': 'resources/images/medium/med_Q2.jpg', 'img_query_w': np.int64(1024), 'img_query_h': np.int64(768), 'img_query_disp_w': np.float64(0.35), 'img_query_disp_h': np.float64(0.2625), 'sam_1': 'resources/images/medium/med_S1_2.jpg', 'sam_1_w': np.int64(4032), 'sam_1_h': np.int64(3024), 'sam_1_disp_w': np.float64(0.35), 'sam_1_disp_h': np.float64(0.2625), 'sam_2': 'resources/images/medium/med_S2_2.jpg', 'sam_2_w': np.int64(250), 'sam_2_h': np.int64(233), 'sam_2_disp_w': np.float64(0.35), 'sam_2_disp_h': np.float64(0.3262), 'sam_3': 'resources/images/medium/med_S3_2.jpg', 'sam_3_w': np.int64(1024), 'sam_3_h': np.int64(768), 'sam_3_disp_w': np.float64(0.35), 'sam_3_disp_h': np.float64(0.2625), 'sam_4': 'resources/images/medium/med_S4_2.jpg', 'sam_4_w': np.int64(350), 'sam_4_h': np.int64(233), 'sam_4_disp_w': np.float64(0.35), 'sam_4_disp_h': np.float64(0.233), 'sam_5': 'resources/images/medium/med_S5_2.jpg', 'sam_5_w': np.int64(350), 'sam_5_h': np.int64(233), 'sam_5_disp_w': np.float64(0.35), 'sam_5_disp_h': np.float64(0.233), 'img_targ': 'resources/images/medium/med_T2.jpg', 'targ_w': np.int64(4032), 'targ_h': np.int64(2268), 'targ_disp_w': np.float64(0.35), 'targ_disp_h': np.float64(0.196875), 'thisN': 15, 'thisTrialN': 0, 'thisRepN': 3}>
37.6611 	EXP 	Device response: <KeyPress from None: t=37.42484879100812, value=space, duration=0.13593124999897555>
37.6631 	DATA 	Keypress: space
37.6669 	INFO 	Keyboard events cleared
37.6668 	EXP 	M_query: autoDraw = False
37.6668 	EXP 	M_top_left: autoDraw = False
37.6668 	EXP 	M_top_mid: autoDraw = False
37.6668 	EXP 	M_top_right: autoDraw = False
37.6668 	EXP 	M_bot_left: autoDraw = False
37.6668 	EXP 	M_bot_mid: autoDraw = False
37.6668 	EXP 	M_bot_right: autoDraw = False
37.6668 	EXP 	M_query: image = 'resources/images/medium/med_Q2.jpg'
37.6668 	EXP 	M_top_left: image = 'resources/images/medium/med_S1_2.jpg'
37.6668 	EXP 	M_top_mid: image = 'resources/images/medium/med_S2_2.jpg'
37.6668 	EXP 	M_top_right: image = 'resources/images/medium/med_S3_2.jpg'
37.6668 	EXP 	M_bot_left: image = 'resources/images/medium/med_S4_2.jpg'
37.6668 	EXP 	M_bot_mid: image = 'resources/images/medium/med_S5_2.jpg'
37.6668 	EXP 	M_bot_right: image = 'resources/images/medium/med_T2.jpg'
37.6668 	EXP 	M_query: autoDraw = True
37.6668 	EXP 	M_top_left: autoDraw = True
37.6668 	EXP 	M_top_mid: autoDraw = True
37.6668 	EXP 	M_top_right: autoDraw = True
37.6668 	EXP 	M_bot_left: autoDraw = True
37.6668 	EXP 	M_bot_mid: autoDraw = True
37.6668 	EXP 	M_bot_right: autoDraw = True
37.7012 	EXP 	Device response: <KeyPress from None: t=37.70011129100749, value=space, duration=None>
37.7014 	EXP 	New trial (rep=3, index=1): <Trial 16 (1 in rep 3) data={'img_query': 'resources/images/medium/med_Q1.jpg', 'img_query_w': np.int64(4032), 'img_query_h': np.int64(3024), 'img_query_disp_w': np.float64(0.35), 'img_query_disp_h': np.float64(0.2625), 'sam_1': 'resources/images/medium/med_S1_1.jpg', 'sam_1_w': np.int64(768), 'sam_1_h': np.int64(1024), 'sam_1_disp_w': np.float64(0.2625), 'sam_1_disp_h': np.float64(0.35), 'sam_2': 'resources/images/medium/med_S2_1.jpg', 'sam_2_w': np.int64(768), 'sam_2_h': np.int64(1024), 'sam_2_disp_w': np.float64(0.2625), 'sam_2_disp_h': np.float64(0.35), 'sam_3': 'resources/images/medium/med_S3_1.jpg', 'sam_3_w': np.int64(350), 'sam_3_h': np.int64(233), 'sam_3_disp_w': np.float64(0.35), 'sam_3_disp_h': np.float64(0.233), 'sam_4': 'resources/images/medium/med_S4_1.jpg', 'sam_4_w': np.int64(768), 'sam_4_h': np.int64(1024), 'sam_4_disp_w': np.float64(0.2625), 'sam_4_disp_h': np.float64(0.35), 'sam_5': 'resources/images/medium/med_S5_1.jpg', 'sam_5_w': np.int64(768), 'sam_5_h': np.int64(1040), 'sam_5_disp_w': np.float64(0.258461538), 'sam_5_disp_h': np.float64(0.35), 'img_targ': 'resources/images/medium/med_T1.jpg', 'targ_w': np.int64(1024), 'targ_h': np.int64(768), 'targ_disp_w': np.float64(0.35), 'targ_disp_h': np.float64(0.2625), 'thisN': 16, 'thisTrialN': 1, 'thisRepN': 3}>
37.8674 	EXP 	Device response: <KeyPress from None: t=37.70011129100749, value=space, duration=0.11601554199296515>
37.8694 	DATA 	Keypress: space
37.8732 	INFO 	Keyboard events cleared
37.8731 	EXP 	M_query: autoDraw = False
37.8731 	EXP 	M_top_left: autoDraw = False
37.8731 	EXP 	M_top_mid: autoDraw = False
37.8731 	EXP 	M_top_right: autoDraw = False
37.8731 	EXP 	M_bot_left: autoDraw = False
37.8731 	EXP 	M_bot_mid: autoDraw = False
37.8731 	EXP 	M_bot_right: autoDraw = False
37.8731 	EXP 	M_query: image = 'resources/images/medium/med_Q1.jpg'
37.8731 	EXP 	M_top_left: image = 'resources/images/medium/med_S1_1.jpg'
37.8731 	EXP 	M_top_mid: image = 'resources/images/medium/med_S2_1.jpg'
37.8731 	EXP 	M_top_right: image = 'resources/images/medium/med_S3_1.jpg'
37.8731 	EXP 	M_bot_left: image = 'resources/images/medium/med_S4_1.jpg'
37.8731 	EXP 	M_bot_mid: image = 'resources/images/medium/med_S5_1.jpg'
37.8731 	EXP 	M_bot_right: image = 'resources/images/medium/med_T1.jpg'
37.8731 	EXP 	M_query: autoDraw = True
37.8731 	EXP 	M_top_left: autoDraw = True
37.8731 	EXP 	M_top_mid: autoDraw = True
37.8731 	EXP 	M_top_right: autoDraw = True
37.8731 	EXP 	M_bot_left: autoDraw = True
37.8731 	EXP 	M_bot_mid: autoDraw = True
37.8731 	EXP 	M_bot_right: autoDraw = True
38.0160 	EXP 	Device response: <KeyPress from None: t=38.00501020801312, value=space, duration=None>
38.0163 	EXP 	New trial (rep=3, index=2): <Trial 17 (2 in rep 3) data={'img_query': 'resources/images/medium/med_Q3.jpg', 'img_query_w': np.int64(1024), 'img_query_h': np.int64(768), 'img_query_disp_w': np.float64(0.35), 'img_query_disp_h': np.float64(0.2625), 'sam_1': 'resources/images/medium/med_S1_3.jpg', 'sam_1_w': np.int64(4160), 'sam_1_h': np.int64(2340), 'sam_1_disp_w': np.float64(0.35), 'sam_1_disp_h': np.float64(0.196875), 'sam_2': 'resources/images/medium/med_S2_3.jpg', 'sam_2_w': np.int64(1024), 'sam_2_h': np.int64(768), 'sam_2_disp_w': np.float64(0.35), 'sam_2_disp_h': np.float64(0.2625), 'sam_3': 'resources/images/medium/med_S3_3.jpg', 'sam_3_w': np.int64(1024), 'sam_3_h': np.int64(768), 'sam_3_disp_w': np.float64(0.35), 'sam_3_disp_h': np.float64(0.2625), 'sam_4': 'resources/images/medium/med_S4_3.jpg', 'sam_4_w': np.int64(350), 'sam_4_h': np.int64(197), 'sam_4_disp_w': np.float64(0.35), 'sam_4_disp_h': np.float64(0.197), 'sam_5': 'resources/images/medium/med_S5_3.jpg', 'sam_5_w': np.int64(2592), 'sam_5_h': np.int64(4608), 'sam_5_disp_w': np.float64(0.196875), 'sam_5_disp_h': np.float64(0.35), 'img_targ': 'resources/images/medium/med_T3.jpg', 'targ_w': np.int64(1024), 'targ_h': np.int64(768), 'targ_disp_w': np.float64(0.35), 'targ_disp_h': np.float64(0.2625), 'thisN': 17, 'thisTrialN': 2, 'thisRepN': 3}>
38.2638 	EXP 	Device response: <KeyPress from None: t=38.00501020801312, value=space, duration=0.09605149998969864>
38.2657 	DATA 	Keypress: space
38.2693 	INFO 	Keyboard events cleared
38.2692 	EXP 	M_query: autoDraw = False
38.2692 	EXP 	M_top_left: autoDraw = False
38.2692 	EXP 	M_top_mid: autoDraw = False
38.2692 	EXP 	M_top_right: autoDraw = False
38.2692 	EXP 	M_bot_left: autoDraw = False
38.2692 	EXP 	M_bot_mid: autoDraw = False
38.2692 	EXP 	M_bot_right: autoDraw = False
38.2692 	EXP 	M_query: image = 'resources/images/medium/med_Q3.jpg'
38.2692 	EXP 	M_top_left: image = 'resources/images/medium/med_S1_3.jpg'
38.2692 	EXP 	M_top_mid: image = 'resources/images/medium/med_S2_3.jpg'
38.2692 	EXP 	M_top_right: image = 'resources/images/medium/med_S3_3.jpg'
38.2692 	EXP 	M_bot_left: image = 'resources/images/medium/med_S4_3.jpg'
38.2692 	EXP 	M_bot_mid: image = 'resources/images/medium/med_S5_3.jpg'
38.2692 	EXP 	M_bot_right: image = 'resources/images/medium/med_T3.jpg'
38.2692 	EXP 	M_query: autoDraw = True
38.2692 	EXP 	M_top_left: autoDraw = True
38.2692 	EXP 	M_top_mid: autoDraw = True
38.2692 	EXP 	M_top_right: autoDraw = True
38.2692 	EXP 	M_bot_left: autoDraw = True
38.2692 	EXP 	M_bot_mid: autoDraw = True
38.2692 	EXP 	M_bot_right: autoDraw = True
38.3659 	EXP 	Device response: <KeyPress from None: t=38.35872454100172, value=space, duration=None>
38.3662 	EXP 	New trial (rep=3, index=3): <Trial 18 (3 in rep 3) data={'img_query': 'resources/images/medium/med_Q4.jpg', 'img_query_w': np.int64(768), 'img_query_h': np.int64(1024), 'img_query_disp_w': np.float64(0.2625), 'img_query_disp_h': np.float64(0.35), 'sam_1': 'resources/images/medium/med_S1_4.jpg', 'sam_1_w': np.int64(1024), 'sam_1_h': np.int64(768), 'sam_1_disp_w': np.float64(0.35), 'sam_1_disp_h': np.float64(0.2625), 'sam_2': 'resources/images/medium/med_S2_4.jpg', 'sam_2_w': np.int64(350), 'sam_2_h': np.int64(234), 'sam_2_disp_w': np.float64(0.35), 'sam_2_disp_h': np.float64(0.234), 'sam_3': 'resources/images/medium/med_S3_4.jpg', 'sam_3_w': np.int64(350), 'sam_3_h': np.int64(341), 'sam_3_disp_w': np.float64(0.35), 'sam_3_disp_h': np.float64(0.341), 'sam_4': 'resources/images/medium/med_S4_4.jpg', 'sam_4_w': np.int64(768), 'sam_4_h': np.int64(1024), 'sam_4_disp_w': np.float64(0.2625), 'sam_4_disp_h': np.float64(0.35), 'sam_5': 'resources/images/medium/med_S5_4.jpg', 'sam_5_w': np.int64(350), 'sam_5_h': np.int64(208), 'sam_5_disp_w': np.float64(0.35), 'sam_5_disp_h': np.float64(0.208), 'img_targ': 'resources/images/medium/med_T4.jpg', 'targ_w': np.int64(768), 'targ_h': np.int64(1024), 'targ_disp_w': np.float64(0.2625), 'targ_disp_h': np.float64(0.35), 'thisN': 18, 'thisTrialN': 3, 'thisRepN': 3}>
38.4388 	DATA 	Keypress: space
38.4420 	INFO 	Keyboard events cleared
38.4419 	EXP 	M_query: autoDraw = False
38.4419 	EXP 	M_top_left: autoDraw = False
38.4419 	EXP 	M_top_mid: autoDraw = False
38.4419 	EXP 	M_top_right: autoDraw = False
38.4419 	EXP 	M_bot_left: autoDraw = False
38.4419 	EXP 	M_bot_mid: autoDraw = False
38.4419 	EXP 	M_bot_right: autoDraw = False
38.4419 	EXP 	M_query: image = 'resources/images/medium/med_Q4.jpg'
38.4419 	EXP 	M_top_left: image = 'resources/images/medium/med_S1_4.jpg'
38.4419 	EXP 	M_top_mid: image = 'resources/images/medium/med_S2_4.jpg'
38.4419 	EXP 	M_top_right: image = 'resources/images/medium/med_S3_4.jpg'
38.4419 	EXP 	M_bot_left: image = 'resources/images/medium/med_S4_4.jpg'
38.4419 	EXP 	M_bot_mid: image = 'resources/images/medium/med_S5_4.jpg'
38.4419 	EXP 	M_bot_right: image = 'resources/images/medium/med_T4.jpg'
38.4419 	EXP 	M_query: autoDraw = True
38.4419 	EXP 	M_top_left: autoDraw = True
38.4419 	EXP 	M_top_mid: autoDraw = True
38.4419 	EXP 	M_top_right: autoDraw = True
38.4419 	EXP 	M_bot_left: autoDraw = True
38.4419 	EXP 	M_bot_mid: autoDraw = True
38.4419 	EXP 	M_bot_right: autoDraw = True
38.4991 	EXP 	Device response: <KeyPress from None: t=38.35872454100172, value=space, duration=0.13199300000269432>
38.8561 	EXP 	Device response: <KeyPress from None: t=38.853596291010035, value=space, duration=None>
38.8566 	EXP 	New trial (rep=3, index=4): <Trial 19 (4 in rep 3) data={'img_query': 'resources/images/medium/med_Q5.jpg', 'img_query_w': np.int64(1024), 'img_query_h': np.int64(768), 'img_query_disp_w': np.float64(0.35), 'img_query_disp_h': np.float64(0.2625), 'sam_1': 'resources/images/medium/med_S1_5.jpg', 'sam_1_w': np.int64(1024), 'sam_1_h': np.int64(768), 'sam_1_disp_w': np.float64(0.35), 'sam_1_disp_h': np.float64(0.2625), 'sam_2': 'resources/images/medium/med_S2_5.jpg', 'sam_2_w': np.int64(1024), 'sam_2_h': np.int64(768), 'sam_2_disp_w': np.float64(0.35), 'sam_2_disp_h': np.float64(0.2625), 'sam_3': 'resources/images/medium/med_S3_5.jpg', 'sam_3_w': np.int64(3264), 'sam_3_h': np.int64(1840), 'sam_3_disp_w': np.float64(0.35), 'sam_3_disp_h': np.float64(0.197303922), 'sam_4': 'resources/images/medium/med_S4_5.jpg', 'sam_4_w': np.int64(768), 'sam_4_h': np.int64(1024), 'sam_4_disp_w': np.float64(0.2625), 'sam_4_disp_h': np.float64(0.35), 'sam_5': 'resources/images/medium/med_S5_5.jpg', 'sam_5_w': np.int64(350), 'sam_5_h': np.int64(233), 'sam_5_disp_w': np.float64(0.35), 'sam_5_disp_h': np.float64(0.233), 'img_targ': 'resources/images/medium/med_T5.jpg', 'targ_w': np.int64(768), 'targ_h': np.int64(1024), 'targ_disp_w': np.float64(0.2625), 'targ_disp_h': np.float64(0.35), 'thisN': 19, 'thisTrialN': 4, 'thisRepN': 3}>
38.9814 	EXP 	Device response: <KeyPress from None: t=38.853596291010035, value=space, duration=0.10408774999086745>
38.9833 	DATA 	Keypress: space
38.9868 	INFO 	Keyboard events cleared
38.9867 	EXP 	M_query: autoDraw = False
38.9867 	EXP 	M_top_left: autoDraw = False
38.9867 	EXP 	M_top_mid: autoDraw = False
38.9867 	EXP 	M_top_right: autoDraw = False
38.9867 	EXP 	M_bot_left: autoDraw = False
38.9867 	EXP 	M_bot_mid: autoDraw = False
38.9867 	EXP 	M_bot_right: autoDraw = False
38.9867 	EXP 	M_query: image = 'resources/images/medium/med_Q5.jpg'
38.9867 	EXP 	M_top_left: image = 'resources/images/medium/med_S1_5.jpg'
38.9867 	EXP 	M_top_mid: image = 'resources/images/medium/med_S2_5.jpg'
38.9867 	EXP 	M_top_right: image = 'resources/images/medium/med_S3_5.jpg'
38.9867 	EXP 	M_bot_left: image = 'resources/images/medium/med_S4_5.jpg'
38.9867 	EXP 	M_bot_mid: image = 'resources/images/medium/med_S5_5.jpg'
38.9867 	EXP 	M_bot_right: image = 'resources/images/medium/med_T5.jpg'
38.9867 	EXP 	M_query: autoDraw = True
38.9867 	EXP 	M_top_left: autoDraw = True
38.9867 	EXP 	M_top_mid: autoDraw = True
38.9867 	EXP 	M_top_right: autoDraw = True
38.9867 	EXP 	M_bot_left: autoDraw = True
38.9867 	EXP 	M_bot_mid: autoDraw = True
38.9867 	EXP 	M_bot_right: autoDraw = True
39.1525 	EXP 	Device response: <KeyPress from None: t=39.149996457999805, value=space, duration=None>
39.1528 	EXP 	New trial (rep=4, index=0): <Trial 20 (0 in rep 4) data={'img_query': 'resources/images/medium/med_Q3.jpg', 'img_query_w': np.int64(1024), 'img_query_h': np.int64(768), 'img_query_disp_w': np.float64(0.35), 'img_query_disp_h': np.float64(0.2625), 'sam_1': 'resources/images/medium/med_S1_3.jpg', 'sam_1_w': np.int64(4160), 'sam_1_h': np.int64(2340), 'sam_1_disp_w': np.float64(0.35), 'sam_1_disp_h': np.float64(0.196875), 'sam_2': 'resources/images/medium/med_S2_3.jpg', 'sam_2_w': np.int64(1024), 'sam_2_h': np.int64(768), 'sam_2_disp_w': np.float64(0.35), 'sam_2_disp_h': np.float64(0.2625), 'sam_3': 'resources/images/medium/med_S3_3.jpg', 'sam_3_w': np.int64(1024), 'sam_3_h': np.int64(768), 'sam_3_disp_w': np.float64(0.35), 'sam_3_disp_h': np.float64(0.2625), 'sam_4': 'resources/images/medium/med_S4_3.jpg', 'sam_4_w': np.int64(350), 'sam_4_h': np.int64(197), 'sam_4_disp_w': np.float64(0.35), 'sam_4_disp_h': np.float64(0.197), 'sam_5': 'resources/images/medium/med_S5_3.jpg', 'sam_5_w': np.int64(2592), 'sam_5_h': np.int64(4608), 'sam_5_disp_w': np.float64(0.196875), 'sam_5_disp_h': np.float64(0.35), 'img_targ': 'resources/images/medium/med_T3.jpg', 'targ_w': np.int64(1024), 'targ_h': np.int64(768), 'targ_disp_w': np.float64(0.35), 'targ_disp_h': np.float64(0.2625), 'thisN': 20, 'thisTrialN': 0, 'thisRepN': 4}>
39.3934 	EXP 	Device response: <KeyPress from None: t=39.149996457999805, value=space, duration=0.10007058300834615>
39.3935 	EXP 	Device response: <KeyPress from None: t=39.36875908300863, value=space, duration=None>
39.3954 	DATA 	Keypress: space
39.3964 	DATA 	Keypress: space
39.3995 	INFO 	Keyboard events cleared
39.3994 	EXP 	M_query: autoDraw = False
39.3994 	EXP 	M_top_left: autoDraw = False
39.3994 	EXP 	M_top_mid: autoDraw = False
39.3994 	EXP 	M_top_right: autoDraw = False
39.3994 	EXP 	M_bot_left: autoDraw = False
39.3994 	EXP 	M_bot_mid: autoDraw = False
39.3994 	EXP 	M_bot_right: autoDraw = False
39.3994 	EXP 	M_query: image = 'resources/images/medium/med_Q3.jpg'
39.3994 	EXP 	M_top_left: image = 'resources/images/medium/med_S1_3.jpg'
39.3994 	EXP 	M_top_mid: image = 'resources/images/medium/med_S2_3.jpg'
39.3994 	EXP 	M_top_right: image = 'resources/images/medium/med_S3_3.jpg'
39.3994 	EXP 	M_bot_left: image = 'resources/images/medium/med_S4_3.jpg'
39.3994 	EXP 	M_bot_mid: image = 'resources/images/medium/med_S5_3.jpg'
39.3994 	EXP 	M_bot_right: image = 'resources/images/medium/med_T3.jpg'
39.3994 	EXP 	M_query: autoDraw = True
39.3994 	EXP 	M_top_left: autoDraw = True
39.3994 	EXP 	M_top_mid: autoDraw = True
39.3994 	EXP 	M_top_right: autoDraw = True
39.3994 	EXP 	M_bot_left: autoDraw = True
39.3994 	EXP 	M_bot_mid: autoDraw = True
39.3994 	EXP 	M_bot_right: autoDraw = True
39.4826 	EXP 	Device response: <KeyPress from None: t=39.36875908300863, value=space, duration=0.10406316700391471>
39.6661 	EXP 	Device response: <KeyPress from None: t=39.66276129100879, value=space, duration=None>
39.6665 	EXP 	New trial (rep=4, index=1): <Trial 21 (1 in rep 4) data={'img_query': 'resources/images/medium/med_Q5.jpg', 'img_query_w': np.int64(1024), 'img_query_h': np.int64(768), 'img_query_disp_w': np.float64(0.35), 'img_query_disp_h': np.float64(0.2625), 'sam_1': 'resources/images/medium/med_S1_5.jpg', 'sam_1_w': np.int64(1024), 'sam_1_h': np.int64(768), 'sam_1_disp_w': np.float64(0.35), 'sam_1_disp_h': np.float64(0.2625), 'sam_2': 'resources/images/medium/med_S2_5.jpg', 'sam_2_w': np.int64(1024), 'sam_2_h': np.int64(768), 'sam_2_disp_w': np.float64(0.35), 'sam_2_disp_h': np.float64(0.2625), 'sam_3': 'resources/images/medium/med_S3_5.jpg', 'sam_3_w': np.int64(3264), 'sam_3_h': np.int64(1840), 'sam_3_disp_w': np.float64(0.35), 'sam_3_disp_h': np.float64(0.197303922), 'sam_4': 'resources/images/medium/med_S4_5.jpg', 'sam_4_w': np.int64(768), 'sam_4_h': np.int64(1024), 'sam_4_disp_w': np.float64(0.2625), 'sam_4_disp_h': np.float64(0.35), 'sam_5': 'resources/images/medium/med_S5_5.jpg', 'sam_5_w': np.int64(350), 'sam_5_h': np.int64(233), 'sam_5_disp_w': np.float64(0.35), 'sam_5_disp_h': np.float64(0.233), 'img_targ': 'resources/images/medium/med_T5.jpg', 'targ_w': np.int64(768), 'targ_h': np.int64(1024), 'targ_disp_w': np.float64(0.2625), 'targ_disp_h': np.float64(0.35), 'thisN': 21, 'thisTrialN': 1, 'thisRepN': 4}>
39.7949 	EXP 	Device response: <KeyPress from None: t=39.66276129100879, value=space, duration=0.11192850000225008>
39.7968 	DATA 	Keypress: space
39.8003 	INFO 	Keyboard events cleared
39.8002 	EXP 	M_query: autoDraw = False
39.8002 	EXP 	M_top_left: autoDraw = False
39.8002 	EXP 	M_top_mid: autoDraw = False
39.8002 	EXP 	M_top_right: autoDraw = False
39.8002 	EXP 	M_bot_left: autoDraw = False
39.8002 	EXP 	M_bot_mid: autoDraw = False
39.8002 	EXP 	M_bot_right: autoDraw = False
39.8002 	EXP 	M_query: image = 'resources/images/medium/med_Q5.jpg'
39.8002 	EXP 	M_top_left: image = 'resources/images/medium/med_S1_5.jpg'
39.8002 	EXP 	M_top_mid: image = 'resources/images/medium/med_S2_5.jpg'
39.8002 	EXP 	M_top_right: image = 'resources/images/medium/med_S3_5.jpg'
39.8002 	EXP 	M_bot_left: image = 'resources/images/medium/med_S4_5.jpg'
39.8002 	EXP 	M_bot_mid: image = 'resources/images/medium/med_S5_5.jpg'
39.8002 	EXP 	M_bot_right: image = 'resources/images/medium/med_T5.jpg'
39.8002 	EXP 	M_query: autoDraw = True
39.8002 	EXP 	M_top_left: autoDraw = True
39.8002 	EXP 	M_top_mid: autoDraw = True
39.8002 	EXP 	M_top_right: autoDraw = True
39.8002 	EXP 	M_bot_left: autoDraw = True
39.8002 	EXP 	M_bot_mid: autoDraw = True
39.8002 	EXP 	M_bot_right: autoDraw = True
40.1200 	EXP 	Device response: <KeyPress from None: t=40.118878166002105, value=space, duration=None>
40.1203 	EXP 	New trial (rep=4, index=2): <Trial 22 (2 in rep 4) data={'img_query': 'resources/images/medium/med_Q2.jpg', 'img_query_w': np.int64(1024), 'img_query_h': np.int64(768), 'img_query_disp_w': np.float64(0.35), 'img_query_disp_h': np.float64(0.2625), 'sam_1': 'resources/images/medium/med_S1_2.jpg', 'sam_1_w': np.int64(4032), 'sam_1_h': np.int64(3024), 'sam_1_disp_w': np.float64(0.35), 'sam_1_disp_h': np.float64(0.2625), 'sam_2': 'resources/images/medium/med_S2_2.jpg', 'sam_2_w': np.int64(250), 'sam_2_h': np.int64(233), 'sam_2_disp_w': np.float64(0.35), 'sam_2_disp_h': np.float64(0.3262), 'sam_3': 'resources/images/medium/med_S3_2.jpg', 'sam_3_w': np.int64(1024), 'sam_3_h': np.int64(768), 'sam_3_disp_w': np.float64(0.35), 'sam_3_disp_h': np.float64(0.2625), 'sam_4': 'resources/images/medium/med_S4_2.jpg', 'sam_4_w': np.int64(350), 'sam_4_h': np.int64(233), 'sam_4_disp_w': np.float64(0.35), 'sam_4_disp_h': np.float64(0.233), 'sam_5': 'resources/images/medium/med_S5_2.jpg', 'sam_5_w': np.int64(350), 'sam_5_h': np.int64(233), 'sam_5_disp_w': np.float64(0.35), 'sam_5_disp_h': np.float64(0.233), 'img_targ': 'resources/images/medium/med_T2.jpg', 'targ_w': np.int64(4032), 'targ_h': np.int64(2268), 'targ_disp_w': np.float64(0.35), 'targ_disp_h': np.float64(0.196875), 'thisN': 22, 'thisTrialN': 2, 'thisRepN': 4}>
40.3474 	EXP 	Device response: <KeyPress from None: t=40.118878166002105, value=space, duration=0.112037833998329>
40.3494 	DATA 	Keypress: space
40.3529 	INFO 	Keyboard events cleared
40.3528 	EXP 	M_query: autoDraw = False
40.3528 	EXP 	M_top_left: autoDraw = False
40.3528 	EXP 	M_top_mid: autoDraw = False
40.3528 	EXP 	M_top_right: autoDraw = False
40.3528 	EXP 	M_bot_left: autoDraw = False
40.3528 	EXP 	M_bot_mid: autoDraw = False
40.3528 	EXP 	M_bot_right: autoDraw = False
40.3528 	EXP 	M_query: image = 'resources/images/medium/med_Q2.jpg'
40.3528 	EXP 	M_top_left: image = 'resources/images/medium/med_S1_2.jpg'
40.3528 	EXP 	M_top_mid: image = 'resources/images/medium/med_S2_2.jpg'
40.3528 	EXP 	M_top_right: image = 'resources/images/medium/med_S3_2.jpg'
40.3528 	EXP 	M_bot_left: image = 'resources/images/medium/med_S4_2.jpg'
40.3528 	EXP 	M_bot_mid: image = 'resources/images/medium/med_S5_2.jpg'
40.3528 	EXP 	M_bot_right: image = 'resources/images/medium/med_T2.jpg'
40.3528 	EXP 	M_query: autoDraw = True
40.3528 	EXP 	M_top_left: autoDraw = True
40.3528 	EXP 	M_top_mid: autoDraw = True
40.3528 	EXP 	M_top_right: autoDraw = True
40.3528 	EXP 	M_bot_left: autoDraw = True
40.3528 	EXP 	M_bot_mid: autoDraw = True
40.3528 	EXP 	M_bot_right: autoDraw = True
40.4827 	EXP 	Device response: <KeyPress from None: t=40.479459041001974, value=space, duration=None>
40.4831 	EXP 	New trial (rep=4, index=3): <Trial 23 (3 in rep 4) data={'img_query': 'resources/images/medium/med_Q4.jpg', 'img_query_w': np.int64(768), 'img_query_h': np.int64(1024), 'img_query_disp_w': np.float64(0.2625), 'img_query_disp_h': np.float64(0.35), 'sam_1': 'resources/images/medium/med_S1_4.jpg', 'sam_1_w': np.int64(1024), 'sam_1_h': np.int64(768), 'sam_1_disp_w': np.float64(0.35), 'sam_1_disp_h': np.float64(0.2625), 'sam_2': 'resources/images/medium/med_S2_4.jpg', 'sam_2_w': np.int64(350), 'sam_2_h': np.int64(234), 'sam_2_disp_w': np.float64(0.35), 'sam_2_disp_h': np.float64(0.234), 'sam_3': 'resources/images/medium/med_S3_4.jpg', 'sam_3_w': np.int64(350), 'sam_3_h': np.int64(341), 'sam_3_disp_w': np.float64(0.35), 'sam_3_disp_h': np.float64(0.341), 'sam_4': 'resources/images/medium/med_S4_4.jpg', 'sam_4_w': np.int64(768), 'sam_4_h': np.int64(1024), 'sam_4_disp_w': np.float64(0.2625), 'sam_4_disp_h': np.float64(0.35), 'sam_5': 'resources/images/medium/med_S5_4.jpg', 'sam_5_w': np.int64(350), 'sam_5_h': np.int64(208), 'sam_5_disp_w': np.float64(0.35), 'sam_5_disp_h': np.float64(0.208), 'img_targ': 'resources/images/medium/med_T4.jpg', 'targ_w': np.int64(768), 'targ_h': np.int64(1024), 'targ_disp_w': np.float64(0.2625), 'targ_disp_h': np.float64(0.35), 'thisN': 23, 'thisTrialN': 3, 'thisRepN': 4}>
40.5511 	DATA 	Keypress: space
40.5542 	INFO 	Keyboard events cleared
40.5541 	EXP 	M_query: autoDraw = False
40.5541 	EXP 	M_top_left: autoDraw = False
40.5541 	EXP 	M_top_mid: autoDraw = False
40.5541 	EXP 	M_top_right: autoDraw = False
40.5541 	EXP 	M_bot_left: autoDraw = False
40.5541 	EXP 	M_bot_mid: autoDraw = False
40.5541 	EXP 	M_bot_right: autoDraw = False
40.5541 	EXP 	M_query: image = 'resources/images/medium/med_Q4.jpg'
40.5541 	EXP 	M_top_left: image = 'resources/images/medium/med_S1_4.jpg'
40.5541 	EXP 	M_top_mid: image = 'resources/images/medium/med_S2_4.jpg'
40.5541 	EXP 	M_top_right: image = 'resources/images/medium/med_S3_4.jpg'
40.5541 	EXP 	M_bot_left: image = 'resources/images/medium/med_S4_4.jpg'
40.5541 	EXP 	M_bot_mid: image = 'resources/images/medium/med_S5_4.jpg'
40.5541 	EXP 	M_bot_right: image = 'resources/images/medium/med_T4.jpg'
40.5541 	EXP 	M_query: autoDraw = True
40.5541 	EXP 	M_top_left: autoDraw = True
40.5541 	EXP 	M_top_mid: autoDraw = True
40.5541 	EXP 	M_top_right: autoDraw = True
40.5541 	EXP 	M_bot_left: autoDraw = True
40.5541 	EXP 	M_bot_mid: autoDraw = True
40.5541 	EXP 	M_bot_right: autoDraw = True
40.5991 	EXP 	Device response: <KeyPress from None: t=40.479459041001974, value=space, duration=0.11195937500451691>
40.8330 	EXP 	Device response: <KeyPress from None: t=40.83060170800309, value=space, duration=None>
40.8333 	EXP 	New trial (rep=4, index=4): <Trial 24 (4 in rep 4) data={'img_query': 'resources/images/medium/med_Q1.jpg', 'img_query_w': np.int64(4032), 'img_query_h': np.int64(3024), 'img_query_disp_w': np.float64(0.35), 'img_query_disp_h': np.float64(0.2625), 'sam_1': 'resources/images/medium/med_S1_1.jpg', 'sam_1_w': np.int64(768), 'sam_1_h': np.int64(1024), 'sam_1_disp_w': np.float64(0.2625), 'sam_1_disp_h': np.float64(0.35), 'sam_2': 'resources/images/medium/med_S2_1.jpg', 'sam_2_w': np.int64(768), 'sam_2_h': np.int64(1024), 'sam_2_disp_w': np.float64(0.2625), 'sam_2_disp_h': np.float64(0.35), 'sam_3': 'resources/images/medium/med_S3_1.jpg', 'sam_3_w': np.int64(350), 'sam_3_h': np.int64(233), 'sam_3_disp_w': np.float64(0.35), 'sam_3_disp_h': np.float64(0.233), 'sam_4': 'resources/images/medium/med_S4_1.jpg', 'sam_4_w': np.int64(768), 'sam_4_h': np.int64(1024), 'sam_4_disp_w': np.float64(0.2625), 'sam_4_disp_h': np.float64(0.35), 'sam_5': 'resources/images/medium/med_S5_1.jpg', 'sam_5_w': np.int64(768), 'sam_5_h': np.int64(1040), 'sam_5_disp_w': np.float64(0.258461538), 'sam_5_disp_h': np.float64(0.35), 'img_targ': 'resources/images/medium/med_T1.jpg', 'targ_w': np.int64(1024), 'targ_h': np.int64(768), 'targ_disp_w': np.float64(0.35), 'targ_disp_h': np.float64(0.2625), 'thisN': 24, 'thisTrialN': 4, 'thisRepN': 4}>
40.9994 	EXP 	Device response: <KeyPress from None: t=40.83060170800309, value=space, duration=0.12795291699876543>
41.0013 	DATA 	Keypress: space
41.0051 	INFO 	Keyboard events cleared
41.0050 	EXP 	M_query: autoDraw = False
41.0050 	EXP 	M_top_left: autoDraw = False
41.0050 	EXP 	M_top_mid: autoDraw = False
41.0050 	EXP 	M_top_right: autoDraw = False
41.0050 	EXP 	M_bot_left: autoDraw = False
41.0050 	EXP 	M_bot_mid: autoDraw = False
41.0050 	EXP 	M_bot_right: autoDraw = False
41.0050 	EXP 	M_query: image = 'resources/images/medium/med_Q1.jpg'
41.0050 	EXP 	M_top_left: image = 'resources/images/medium/med_S1_1.jpg'
41.0050 	EXP 	M_top_mid: image = 'resources/images/medium/med_S2_1.jpg'
41.0050 	EXP 	M_top_right: image = 'resources/images/medium/med_S3_1.jpg'
41.0050 	EXP 	M_bot_left: image = 'resources/images/medium/med_S4_1.jpg'
41.0050 	EXP 	M_bot_mid: image = 'resources/images/medium/med_S5_1.jpg'
41.0050 	EXP 	M_bot_right: image = 'resources/images/medium/med_T1.jpg'
41.0050 	EXP 	M_query: autoDraw = True
41.0050 	EXP 	M_top_left: autoDraw = True
41.0050 	EXP 	M_top_mid: autoDraw = True
41.0050 	EXP 	M_top_right: autoDraw = True
41.0050 	EXP 	M_bot_left: autoDraw = True
41.0050 	EXP 	M_bot_mid: autoDraw = True
41.0050 	EXP 	M_bot_right: autoDraw = True
41.5549 	EXP 	Device response: <KeyPress from None: t=41.54962391601293, value=escape, duration=None>
41.5815 	DATA 	Keypress: escape
41.6518 	EXP 	Device response: <KeyPress from None: t=41.54962391601293, value=escape, duration=0.09969754199846648>
41.6518 	EXP 	pilot_study: status = STOPPED
41.6655 	EXP 	M_query: autoDraw = False
41.6655 	EXP 	M_top_left: autoDraw = False
41.6655 	EXP 	M_top_mid: autoDraw = False
41.6655 	EXP 	M_top_right: autoDraw = False
41.6655 	EXP 	M_bot_left: autoDraw = False
41.6655 	EXP 	M_bot_mid: autoDraw = False
41.6655 	EXP 	M_bot_right: autoDraw = False
41.6656 	EXP 	pilot_study: status = STOPPED
41.6762 	INFO 	saved data to '/Users/marcogiven/Desktop/projects/S25_SURE/colorStudyPilot/data/_pilot_study_2025-06-27_10h03.09.061.csv'
41.6774 	INFO 	saved data to /Users/marcogiven/Desktop/projects/S25_SURE/colorStudyPilot/data/_pilot_study_2025-06-27_10h03.09.061.psydat
41.7968 	WARNING 	Stopping key buffers but this could be dangerous ifother keyboards rely on the same.
41.7968 	WARNING 	Stopping key buffers but this could be dangerous ifother keyboards rely on the same.
41.7969 	WARNING 	Stopping key buffers but this could be dangerous ifother keyboards rely on the same.
