17.3939 	WARNING 	Font Manager failed to load file /System/Library/PrivateFrameworks/FontServices.framework/Resources/Reserved/PingFangUI.ttc
17.6058 	WARNING 	Font Manager failed to load file /System/Library/PrivateFrameworks/FontServices.framework/Resources/Reserved/PingFangUI.ttc
19.4310 	INFO 	Loaded monitor calibration from ['2025_06_12 14:42']
19.5657 	INFO 	Using renderer 'Apple M1 Pro' for graphics
19.5658 	INFO 	OpenGL version supported by driver is 2..
19.5988 	EXP 	Created window1 = Window(allowGUI=True, allowStencil=False, autoLog=True, backendConf=UNKNOWN, backgroundFit=<method-wrapper '__getattribute__' of attributeSetter object at 0x159b7e710>, backgroundImage=<method-wrapper '__getattribute__' of attributeSetter object at 0x159b7e6b0>, bitsMode=UNKNOWN, blendMode='avg', bpc=(8, 8, 8), color=array([0, 0, 0]), colorSpace='rgb', depthBits=8, fullscr=False, gamma=None, gammaErrorPolicy='raise', infoMsg=UNKNOWN, lms=UNKNOWN, monitor=<psychopy.monitors.calibTools.Monitor object at 0x159be2d40>, multiSample=False, name='window1', numSamples=2, pos=[np.float64(260.0), np.float64(224.5)], screen=0, size=array([2560, 1440]), stencilBits=0, stereo=False, title='PsychoPy', units='height', useFBO=True, useRetina=True, viewOri=0.0, viewPos=None, viewScale=None, waitBlanking=True, winType='pyglet')
19.5988 	EXP 	window1: backgroundImage = ''
19.5988 	EXP 	window1: backgroundFit = 'none'
20.3472 	INFO 	keyboard.Keyboard is using ptb backend.
20.5233 	INFO 	keyboard.Keyboard is using ptb backend.
20.5233 	EXP 	pilot_study: status = STARTED
20.5689 	EXP 	Created welcome_message = TextStim(__class__=<class 'psychopy.visual.text.TextStim'>, alignHoriz=method-wrapper(...), alignText='center', alignVert=method-wrapper(...), anchorHoriz='center', anchorVert='center', antialias=True, autoDraw=False, autoLog=True, bold=False, color=array([1., 1., 1.]), colorSpace='rgb', contrast=1.0, depth=0.0, draggable=False, flipHoriz=False, flipVert=False, font='Arial', fontFiles=[], height=np.float64(0.05), italic=False, languageStyle='LTR', name='welcome_message', opacity=1, ori=0.0, pos=array([0., 0.]), rgb=UNKNOWN, text=str(...), units='height', win=Window(...), wrapWidth=1)
20.5874 	EXP 	Created M_query = ImageStim(__class__=<class 'psychopy.visual.image.ImageStim'>, anchor=('center', 'center'), autoLog=True, color=array([1., 1., 1.]), colorSpace='rgb', contrast=1.0, depth=0.0, draggable=False, flipHoriz=np.False_, flipVert=np.False_, image='default.png', interpolate=True, mask=None, maskParams=None, name='M_query', opacity=1, ori=0.0, pos=array([0. , 0.3]), size=array([1., 1.]), texRes=128.0, units='height', win=Window(...))
20.5907 	EXP 	Created M_top_left = ImageStim(__class__=<class 'psychopy.visual.image.ImageStim'>, anchor=('center', 'center'), autoLog=True, color=array([1., 1., 1.]), colorSpace='rgb', contrast=1.0, depth=-1.0, draggable=False, flipHoriz=np.False_, flipVert=np.False_, image='default.png', interpolate=True, mask=None, maskParams=None, name='M_top_left', opacity=1, ori=0.0, pos=array([-0.55,  0.  ]), size=array([0.25, 0.25]), texRes=128.0, units='height', win=Window(...))
20.5938 	EXP 	Created M_top_mid = ImageStim(__class__=<class 'psychopy.visual.image.ImageStim'>, anchor=('center', 'center'), autoLog=True, color=array([1., 1., 1.]), colorSpace='rgb', contrast=1.0, depth=-2.0, draggable=False, flipHoriz=np.False_, flipVert=np.False_, image='default.png', interpolate=True, mask=None, maskParams=None, name='M_top_mid', opacity=1, ori=0.0, pos=array([0., 0.]), size=array([0.25, 0.25]), texRes=128.0, units='height', win=Window(...))
20.5968 	EXP 	Created M_top_right = ImageStim(__class__=<class 'psychopy.visual.image.ImageStim'>, anchor=('center', 'center'), autoLog=True, color=array([1., 1., 1.]), colorSpace='rgb', contrast=1.0, depth=-3.0, draggable=False, flipHoriz=np.False_, flipVert=np.False_, image='default.png', interpolate=True, mask=None, maskParams=None, name='M_top_right', opacity=1, ori=0.0, pos=array([0.55, 0.  ]), size=array([0.25, 0.25]), texRes=128.0, units='height', win=Window(...))
20.5999 	EXP 	Created M_bot_left = ImageStim(__class__=<class 'psychopy.visual.image.ImageStim'>, anchor=('center', 'center'), autoLog=True, color=array([1., 1., 1.]), colorSpace='rgb', contrast=1.0, depth=-4.0, draggable=False, flipHoriz=np.False_, flipVert=np.False_, image='default.png', interpolate=True, mask=None, maskParams=None, name='M_bot_left', opacity=1, ori=0.0, pos=array([-0.55, -0.35]), size=array([0.25, 0.25]), texRes=128.0, units='height', win=Window(...))
20.6029 	EXP 	Created M_bot_mid = ImageStim(__class__=<class 'psychopy.visual.image.ImageStim'>, anchor=('center', 'center'), autoLog=True, color=array([1., 1., 1.]), colorSpace='rgb', contrast=1.0, depth=-5.0, draggable=False, flipHoriz=np.False_, flipVert=np.False_, image='default.png', interpolate=True, mask=None, maskParams=None, name='M_bot_mid', opacity=1, ori=0.0, pos=array([ 0.  , -0.35]), size=array([0.25, 0.25]), texRes=128.0, units='height', win=Window(...))
20.6059 	EXP 	Created M_bot_right = ImageStim(__class__=<class 'psychopy.visual.image.ImageStim'>, anchor=('center', 'center'), autoLog=True, color=array([1., 1., 1.]), colorSpace='rgb', contrast=1.0, depth=-6.0, draggable=False, flipHoriz=np.False_, flipVert=np.False_, image='default.png', interpolate=True, mask=None, maskParams=None, name='M_bot_right', opacity=1, ori=0.0, pos=array([ 0.55, -0.35]), size=array([0.25, 0.25]), texRes=128.0, units='height', win=Window(...))
20.6102 	EXP 	Created end_message = TextStim(__class__=<class 'psychopy.visual.text.TextStim'>, alignHoriz=method-wrapper(...), alignText='center', alignVert=method-wrapper(...), anchorHoriz='center', anchorVert='center', antialias=True, autoDraw=False, autoLog=True, bold=False, color=array([1., 1., 1.]), colorSpace='rgb', contrast=1.0, depth=0.0, draggable=False, flipHoriz=False, flipVert=False, font='Arial', fontFiles=[], height=np.float64(0.05), italic=False, languageStyle='LTR', name='end_message', opacity=1, ori=0.0, pos=array([0., 0.]), rgb=UNKNOWN, text=str(...), units='height', win=Window(...), wrapWidth=1)
0.0590 	EXP 	welcome_message: autoDraw = True
0.5231 	DATA 	Mouse: Left button down, pos=(779,657)
0.5975 	DATA 	Mouse:  Left button up, pos=(779,658)
1.1697 	EXP 	Device response: <KeyPress from None: t=0.9881918329992914, value=space, duration=None>
1.1699 	EXP 	Device response: <KeyPress from None: t=0.9881918329992914, value=space, duration=0.08011412500491133>
1.1746 	EXP 	Imported resources/midLoop.csv as conditions, 5 conditions, 11 params
1.1749 	EXP 	New trial (rep=0, index=0): <Trial 0 (0 in rep 0) data={'img_query': 'resources/images/medium/med_Q3.jpg', 'img_query_w': np.int64(1024), 'img_query_h': np.int64(768), 'img_query_disp_w': np.float64(0.25), 'img_query_disp_h': np.float64(0.1875), 'sam_1': 'resources/images/medium/med_S1_3.jpg', 'sam_2': 'resources/images/medium/med_S2_3.jpg', 'sam_3': 'resources/images/medium/med_S3_3.jpg', 'sam_4': 'resources/images/medium/med_S4_3.jpg', 'sam_5': 'resources/images/medium/med_S5_3.jpg', 'img_targ': 'resources/images/medium/med_T3.jpg', 'thisN': 0, 'thisTrialN': 0, 'thisRepN': 0}>
1.5327 	DATA 	Keypress: space
1.5365 	EXP 	welcome_message: autoDraw = False
1.5365 	EXP 	M_query: image = 'resources/images/medium/med_Q3.jpg'
1.5365 	EXP 	M_top_left: image = 'resources/images/medium/med_S1_3.jpg'
1.5365 	EXP 	M_top_mid: image = 'resources/images/medium/med_S2_3.jpg'
1.5365 	EXP 	M_top_right: image = 'resources/images/medium/med_S3_3.jpg'
1.5365 	EXP 	M_bot_left: image = 'resources/images/medium/med_S4_3.jpg'
1.5365 	EXP 	M_bot_mid: image = 'resources/images/medium/med_S5_3.jpg'
1.5365 	EXP 	M_bot_right: image = 'resources/images/medium/med_T3.jpg'
1.5365 	EXP 	M_query: autoDraw = True
1.5365 	EXP 	M_top_left: autoDraw = True
1.5365 	EXP 	M_top_mid: autoDraw = True
1.5365 	EXP 	M_top_right: autoDraw = True
1.5365 	EXP 	M_bot_left: autoDraw = True
1.5365 	EXP 	M_bot_mid: autoDraw = True
1.5365 	EXP 	M_bot_right: autoDraw = True
4.5822 	DATA 	Mouse: Left button down, pos=(688,401)
4.6756 	DATA 	Mouse:  Left button up, pos=(688,401)
6.0569 	EXP 	Device response: <KeyPress from None: t=6.043942166004854, value=escape, duration=None>
6.0983 	DATA 	Keypress: escape
6.1543 	EXP 	Device response: <KeyPress from None: t=6.043942166004854, value=escape, duration=0.10795854199386667>
6.1543 	EXP 	pilot_study: status = STOPPED
6.1621 	EXP 	M_query: autoDraw = False
6.1621 	EXP 	M_top_left: autoDraw = False
6.1621 	EXP 	M_top_mid: autoDraw = False
6.1621 	EXP 	M_top_right: autoDraw = False
6.1621 	EXP 	M_bot_left: autoDraw = False
6.1621 	EXP 	M_bot_mid: autoDraw = False
6.1621 	EXP 	M_bot_right: autoDraw = False
6.1621 	EXP 	pilot_study: status = STOPPED
6.1641 	INFO 	saved data to '/Users/marcogiven/Desktop/projects/S25_SURE/colorStudyPilot/data/_pilot_study_2025-06-26_14h57.56.697.csv'
6.1647 	INFO 	saved data to /Users/marcogiven/Desktop/projects/S25_SURE/colorStudyPilot/data/_pilot_study_2025-06-26_14h57.56.697.psydat
6.2940 	WARNING 	Stopping key buffers but this could be dangerous ifother keyboards rely on the same.
6.2940 	WARNING 	Stopping key buffers but this could be dangerous ifother keyboards rely on the same.
