17.2495 	WARNING 	Font Manager failed to load file /System/Library/PrivateFrameworks/FontServices.framework/Resources/Reserved/PingFangUI.ttc
17.4712 	WARNING 	Font Manager failed to load file /System/Library/PrivateFrameworks/FontServices.framework/Resources/Reserved/PingFangUI.ttc
27.5911 	INFO 	Loaded monitor calibration from ['2025_06_12 14:42']
27.7239 	INFO 	Using renderer 'Apple M1 Pro' for graphics
27.7239 	INFO 	OpenGL version supported by driver is 2..
27.7572 	EXP 	Created window1 = Window(allowGUI=True, allowStencil=False, autoLog=True, backendConf=UNKNOWN, backgroundFit=<method-wrapper '__getattribute__' of attributeSetter object at 0x15a68fbe0>, backgroundImage=<method-wrapper '__getattribute__' of attributeSetter object at 0x15a68fb80>, bitsMode=UNKNOWN, blendMode='avg', bpc=(8, 8, 8), color=array([0, 0, 0]), colorSpace='rgb', depthBits=8, fullscr=False, gamma=None, gammaErrorPolicy='raise', infoMsg=UNKNOWN, lms=UNKNOWN, monitor=<psychopy.monitors.calibTools.Monitor object at 0x15a7306d0>, multiSample=False, name='window1', numSamples=2, pos=[np.float64(260.0), np.float64(224.5)], screen=0, size=array([2560, 1440]), stencilBits=0, stereo=False, title='PsychoPy', units='height', useFBO=True, useRetina=True, viewOri=0.0, viewPos=None, viewScale=None, waitBlanking=True, winType='pyglet')
27.7572 	EXP 	window1: backgroundImage = ''
27.7572 	EXP 	window1: backgroundFit = 'none'
28.5078 	INFO 	keyboard.Keyboard is using ptb backend.
28.6861 	INFO 	keyboard.Keyboard is using ptb backend.
28.7771 	INFO 	keyboard.Keyboard is using ptb backend.
28.7771 	EXP 	pilot_study: status = STARTED
28.8264 	EXP 	Created welcome_message = TextStim(__class__=<class 'psychopy.visual.text.TextStim'>, alignHoriz=method-wrapper(...), alignText='center', alignVert=method-wrapper(...), anchorHoriz='center', anchorVert='center', antialias=True, autoDraw=False, autoLog=True, bold=False, color=array([1., 1., 1.]), colorSpace='rgb', contrast=1.0, depth=0.0, draggable=False, flipHoriz=False, flipVert=False, font='Arial', fontFiles=[], height=np.float64(0.05), italic=False, languageStyle='LTR', name='welcome_message', opacity=1, ori=0.0, pos=array([0., 0.]), rgb=UNKNOWN, text=str(...), units='height', win=Window(...), wrapWidth=1)
28.8462 	EXP 	Created image = ImageStim(__class__=<class 'psychopy.visual.image.ImageStim'>, anchor=('center', 'center'), autoLog=True, color=array([1., 1., 1.]), colorSpace='rgb', contrast=1.0, depth=0.0, draggable=False, flipHoriz=np.False_, flipVert=np.False_, image='default.png', interpolate=True, mask=None, maskParams=None, name='image', opacity=1, ori=0.0, pos=array([0., 0.]), size=array([2., 1.]), texRes=128.0, units='height', win=Window(...))
28.8472 	EXP 	Created text = TextStim(__class__=<class 'psychopy.visual.text.TextStim'>, alignHoriz=method-wrapper(...), alignText='center', alignVert=method-wrapper(...), anchorHoriz='center', anchorVert='center', antialias=True, autoDraw=False, autoLog=True, bold=False, color=array([1., 1., 1.]), colorSpace='rgb', contrast=1.0, depth=0.0, draggable=False, flipHoriz=False, flipVert=False, font='Arial', fontFiles=[], height=np.float64(0.05), italic=False, languageStyle='LTR', name='text', opacity=1, ori=0.0, pos=array([0., 0.]), rgb=UNKNOWN, text='', units='height', win=Window(...), wrapWidth=1)
28.8517 	EXP 	Created end_message = TextStim(__class__=<class 'psychopy.visual.text.TextStim'>, alignHoriz=method-wrapper(...), alignText='center', alignVert=method-wrapper(...), anchorHoriz='center', anchorVert='center', antialias=True, autoDraw=False, autoLog=True, bold=False, color=array([1., 1., 1.]), colorSpace='rgb', contrast=1.0, depth=0.0, draggable=False, flipHoriz=False, flipVert=False, font='Arial', fontFiles=[], height=np.float64(0.05), italic=False, languageStyle='LTR', name='end_message', opacity=1, ori=0.0, pos=array([0., 0.]), rgb=UNKNOWN, text=str(...), units='height', win=Window(...), wrapWidth=1)
0.0572 	EXP 	welcome_message: autoDraw = True
1.7497 	EXP 	Device response: <KeyPress from None: t=1.5669901670044055, value=space, duration=None>
1.7500 	EXP 	Device response: <KeyPress from None: t=1.5669901670044055, value=space, duration=0.12415312499797437>
1.7536 	EXP 	Imported resources/loopTest.csv as conditions, 5 conditions, 2 params
1.7543 	EXP 	New trial (rep=0, index=0): <Trial 0 (0 in rep 0) data={'set_img': 'resources/images/m3.jpg', 'correct': np.int64(3), 'thisN': 0, 'thisTrialN': 0, 'thisRepN': 0}>
1.7981 	EXP 	welcome_message: autoDraw = False
1.7981 	EXP 	image: image = 'resources/images/m3.jpg'
1.7981 	EXP 	image: autoDraw = True
7.8511 	EXP 	Device response: <KeyPress from None: t=7.845503000004101, value=lcommand, duration=None>
8.2123 	EXP 	Device response: <KeyPress from None: t=7.845503000004101, value=lcommand, duration=0.3638682499877177>
19.1607 	EXP 	Device response: <KeyPress from None: t=19.158462833001977, value=escape, duration=None>
19.1974 	DATA 	Keypress: escape
19.2547 	EXP 	Device response: <KeyPress from None: t=19.158462833001977, value=escape, duration=0.09202670899685472>
19.2547 	EXP 	pilot_study: status = STOPPED
19.2571 	EXP 	image: autoDraw = False
19.2572 	EXP 	pilot_study: status = STOPPED
19.2587 	INFO 	saved data to '/Users/marcogiven/Desktop/projects/S25_SURE/colorStudyPilot/data/_pilot_study_2025-06-27_14h58.34.063.csv'
19.2592 	INFO 	saved data to /Users/marcogiven/Desktop/projects/S25_SURE/colorStudyPilot/data/_pilot_study_2025-06-27_14h58.34.063.psydat
19.3966 	WARNING 	Stopping key buffers but this could be dangerous ifother keyboards rely on the same.
19.3967 	WARNING 	Stopping key buffers but this could be dangerous ifother keyboards rely on the same.
19.3967 	WARNING 	Stopping key buffers but this could be dangerous ifother keyboards rely on the same.
