17.1702 	WARNING 	Font Manager failed to load file /System/Library/PrivateFrameworks/FontServices.framework/Resources/Reserved/PingFangUI.ttc
17.3927 	WARNING 	Font Manager failed to load file /System/Library/PrivateFrameworks/FontServices.framework/Resources/Reserved/PingFangUI.ttc
22.0401 	INFO 	Loaded monitor calibration from ['2025_06_12 14:42']
22.1754 	INFO 	Using renderer 'Apple M1 Pro' for graphics
22.1754 	INFO 	OpenGL version supported by driver is 2..
22.2092 	EXP 	Created window1 = Window(allowGUI=True, allowStencil=False, autoLog=True, backendConf=UNKNOWN, backgroundFit=<method-wrapper '__getattribute__' of attributeSetter object at 0x158309780>, backgroundImage=<method-wrapper '__getattribute__' of attributeSetter object at 0x158309720>, bitsMode=UNKNOWN, blendMode='avg', bpc=(8, 8, 8), color=array([0, 0, 0]), colorSpace='rgb', depthBits=8, fullscr=False, gamma=None, gammaErrorPolicy='raise', infoMsg=UNKNOWN, lms=UNKNOWN, monitor=<psychopy.monitors.calibTools.Monitor object at 0x1589f6380>, multiSample=False, name='window1', numSamples=2, pos=[np.float64(260.0), np.float64(224.5)], screen=0, size=array([2560, 1440]), stencilBits=0, stereo=False, title='PsychoPy', units='height', useFBO=True, useRetina=True, viewOri=0.0, viewPos=None, viewScale=None, waitBlanking=True, winType='pyglet')
22.2092 	EXP 	window1: backgroundImage = ''
22.2093 	EXP 	window1: backgroundFit = 'none'
22.9240 	INFO 	keyboard.Keyboard is using ptb backend.
23.1060 	INFO 	keyboard.Keyboard is using ptb backend.
23.1935 	INFO 	keyboard.Keyboard is using ptb backend.
23.2807 	INFO 	keyboard.Keyboard is using ptb backend.
23.2808 	EXP 	pilot_study: status = STARTED
23.3280 	EXP 	Created welcome_message = TextStim(__class__=<class 'psychopy.visual.text.TextStim'>, alignHoriz=method-wrapper(...), alignText='center', alignVert=method-wrapper(...), anchorHoriz='center', anchorVert='center', antialias=True, autoDraw=False, autoLog=True, bold=False, color=array([1., 1., 1.]), colorSpace='rgb', contrast=1.0, depth=0.0, draggable=False, flipHoriz=False, flipVert=False, font='Arial', fontFiles=[], height=np.float64(0.05), italic=False, languageStyle='LTR', name='welcome_message', opacity=1, ori=0.0, pos=array([0., 0.]), rgb=UNKNOWN, text=str(...), units='height', win=Window(...), wrapWidth=1)
23.3468 	EXP 	Created M_query = ImageStim(__class__=<class 'psychopy.visual.image.ImageStim'>, anchor=('center', 'center'), autoLog=True, color=array([1., 1., 1.]), colorSpace='rgb', contrast=1.0, depth=0.0, draggable=False, flipHoriz=np.False_, flipVert=np.False_, image='default.png', interpolate=True, mask=None, maskParams=None, name='M_query', opacity=1, ori=0.0, pos=array([-0.5,  0. ]), size=array([1., 1.]), texRes=128.0, units='height', win=Window(...))
23.3501 	EXP 	Created M_img1 = ImageStim(__class__=<class 'psychopy.visual.image.ImageStim'>, anchor=('center', 'center'), autoLog=True, color=array([1., 1., 1.]), colorSpace='rgb', contrast=1.0, depth=-1.0, draggable=False, flipHoriz=np.False_, flipVert=np.False_, image='default.png', interpolate=True, mask=None, maskParams=None, name='M_img1', opacity=1, ori=0.0, pos=array([0.1 , 0.35]), size=array([1., 1.]), texRes=128.0, units='height', win=Window(...))
23.3532 	EXP 	Created M_img2 = ImageStim(__class__=<class 'psychopy.visual.image.ImageStim'>, anchor=('center', 'center'), autoLog=True, color=array([1., 1., 1.]), colorSpace='rgb', contrast=1.0, depth=-2.0, draggable=False, flipHoriz=np.False_, flipVert=np.False_, image='default.png', interpolate=True, mask=None, maskParams=None, name='M_img2', opacity=1, ori=0.0, pos=array([0.5 , 0.35]), size=array([1., 1.]), texRes=128.0, units='height', win=Window(...))
23.3563 	EXP 	Created M_img3 = ImageStim(__class__=<class 'psychopy.visual.image.ImageStim'>, anchor=('center', 'center'), autoLog=True, color=array([1., 1., 1.]), colorSpace='rgb', contrast=1.0, depth=-3.0, draggable=True, flipHoriz=np.False_, flipVert=np.False_, image='default.png', interpolate=True, mask=None, maskParams=None, name='M_img3', opacity=1, ori=0.0, pos=array([0.1, 0. ]), size=array([1., 1.]), texRes=128.0, units='height', win=Window(...))
23.3593 	EXP 	Created M_img4 = ImageStim(__class__=<class 'psychopy.visual.image.ImageStim'>, anchor=('center', 'center'), autoLog=True, color=array([1., 1., 1.]), colorSpace='rgb', contrast=1.0, depth=-4.0, draggable=False, flipHoriz=np.False_, flipVert=np.False_, image='default.png', interpolate=True, mask=None, maskParams=None, name='M_img4', opacity=1, ori=0.0, pos=array([0.5, 0. ]), size=array([1., 1.]), texRes=128.0, units='height', win=Window(...))
23.3624 	EXP 	Created M_img5 = ImageStim(__class__=<class 'psychopy.visual.image.ImageStim'>, anchor=('center', 'center'), autoLog=True, color=array([1., 1., 1.]), colorSpace='rgb', contrast=1.0, depth=-5.0, draggable=False, flipHoriz=np.False_, flipVert=np.False_, image='default.png', interpolate=True, mask=None, maskParams=None, name='M_img5', opacity=1, ori=0.0, pos=array([ 0.1 , -0.35]), size=array([1., 1.]), texRes=128.0, units='height', win=Window(...))
23.3654 	EXP 	Created M_img6 = ImageStim(__class__=<class 'psychopy.visual.image.ImageStim'>, anchor=('center', 'center'), autoLog=True, color=array([1., 1., 1.]), colorSpace='rgb', contrast=1.0, depth=-6.0, draggable=False, flipHoriz=np.False_, flipVert=np.False_, image='default.png', interpolate=True, mask=None, maskParams=None, name='M_img6', opacity=1, ori=0.0, pos=array([0., 0.]), size=array([1., 1.]), texRes=128.0, units='height', win=Window(...))
23.3684 	EXP 	Created I_query = ImageStim(__class__=<class 'psychopy.visual.image.ImageStim'>, anchor=('center', 'center'), autoLog=True, color=array([1., 1., 1.]), colorSpace='rgb', contrast=1.0, depth=0.0, draggable=False, flipHoriz=np.False_, flipVert=np.False_, image='default.png', interpolate=True, mask=None, maskParams=None, name='I_query', opacity=1, ori=0.0, pos=array([-0.5,  0. ]), size=array([1., 1.]), texRes=128.0, units='height', win=Window(...))
23.3715 	EXP 	Created I_img1 = ImageStim(__class__=<class 'psychopy.visual.image.ImageStim'>, anchor=('center', 'center'), autoLog=True, color=array([1., 1., 1.]), colorSpace='rgb', contrast=1.0, depth=-1.0, draggable=False, flipHoriz=np.False_, flipVert=np.False_, image='default.png', interpolate=True, mask=None, maskParams=None, name='I_img1', opacity=1, ori=0.0, pos=array([0.1 , 0.35]), size=array([1., 1.]), texRes=128.0, units='height', win=Window(...))
23.3748 	EXP 	Created I_img2 = ImageStim(__class__=<class 'psychopy.visual.image.ImageStim'>, anchor=('center', 'center'), autoLog=True, color=array([1., 1., 1.]), colorSpace='rgb', contrast=1.0, depth=-2.0, draggable=False, flipHoriz=np.False_, flipVert=np.False_, image='default.png', interpolate=True, mask=None, maskParams=None, name='I_img2', opacity=1, ori=0.0, pos=array([0.5 , 0.35]), size=array([1., 1.]), texRes=128.0, units='height', win=Window(...))
23.3782 	EXP 	Created I_img3 = ImageStim(__class__=<class 'psychopy.visual.image.ImageStim'>, anchor=('center', 'center'), autoLog=True, color=array([1., 1., 1.]), colorSpace='rgb', contrast=1.0, depth=-3.0, draggable=True, flipHoriz=np.False_, flipVert=np.False_, image='default.png', interpolate=True, mask=None, maskParams=None, name='I_img3', opacity=1, ori=0.0, pos=array([0.1, 0. ]), size=array([1., 1.]), texRes=128.0, units='height', win=Window(...))
23.3816 	EXP 	Created I_img4 = ImageStim(__class__=<class 'psychopy.visual.image.ImageStim'>, anchor=('center', 'center'), autoLog=True, color=array([1., 1., 1.]), colorSpace='rgb', contrast=1.0, depth=-4.0, draggable=False, flipHoriz=np.False_, flipVert=np.False_, image='default.png', interpolate=True, mask=None, maskParams=None, name='I_img4', opacity=1, ori=0.0, pos=array([0.5, 0. ]), size=array([1., 1.]), texRes=128.0, units='height', win=Window(...))
23.3850 	EXP 	Created I_img5 = ImageStim(__class__=<class 'psychopy.visual.image.ImageStim'>, anchor=('center', 'center'), autoLog=True, color=array([1., 1., 1.]), colorSpace='rgb', contrast=1.0, depth=-5.0, draggable=False, flipHoriz=np.False_, flipVert=np.False_, image='default.png', interpolate=True, mask=None, maskParams=None, name='I_img5', opacity=1, ori=0.0, pos=array([ 0.1 , -0.35]), size=array([1., 1.]), texRes=128.0, units='height', win=Window(...))
23.3881 	EXP 	Created I_img6 = ImageStim(__class__=<class 'psychopy.visual.image.ImageStim'>, anchor=('center', 'center'), autoLog=True, color=array([1., 1., 1.]), colorSpace='rgb', contrast=1.0, depth=-6.0, draggable=False, flipHoriz=np.False_, flipVert=np.False_, image='default.png', interpolate=True, mask=None, maskParams=None, name='I_img6', opacity=1, ori=0.0, pos=array([0., 0.]), size=array([1., 1.]), texRes=128.0, units='height', win=Window(...))
23.3924 	EXP 	Created end_message = TextStim(__class__=<class 'psychopy.visual.text.TextStim'>, alignHoriz=method-wrapper(...), alignText='center', alignVert=method-wrapper(...), anchorHoriz='center', anchorVert='center', antialias=True, autoDraw=False, autoLog=True, bold=False, color=array([1., 1., 1.]), colorSpace='rgb', contrast=1.0, depth=0.0, draggable=False, flipHoriz=False, flipVert=False, font='Arial', fontFiles=[], height=np.float64(0.05), italic=False, languageStyle='LTR', name='end_message', opacity=1, ori=0.0, pos=array([0., 0.]), rgb=UNKNOWN, text=str(...), units='height', win=Window(...), wrapWidth=1)
0.0624 	EXP 	welcome_message: autoDraw = True
0.9711 	DATA 	Mouse: Left button down, pos=(867,474)
1.0701 	DATA 	Mouse:  Left button up, pos=(867,474)
3.8934 	DATA 	Mouse: Left button down, pos=(775,488)
4.0087 	DATA 	Mouse:  Left button up, pos=(775,488)
4.5444 	EXP 	Device response: <KeyPress from None: t=4.343523832998471, value=space, duration=None>
4.5447 	EXP 	Device response: <KeyPress from None: t=4.343523832998471, value=space, duration=0.08793129200057592>
4.5514 	EXP 	Imported resources/midLoop.csv as conditions, 5 conditions, 35 params
4.5518 	EXP 	New trial (rep=0, index=0): <Trial 0 (0 in rep 0) data={'img_query': 'resources/images/medium/med_Q2.jpg', 'img_query_w': np.int64(1024), 'img_query_h': np.int64(768), 'img_query_disp_w': np.float64(0.4), 'img_query_disp_h': np.float64(0.3), 'sam_1': 'resources/images/medium/med_S2_1.jpg', 'sam_1_w': np.int64(768), 'sam_1_h': np.int64(1024), 'sam_1_disp_w': np.float64(0.2625), 'sam_1_disp_h': np.float64(0.35), 'sam_2': 'resources/images/medium/med_S2_2.jpg', 'sam_2_w': np.int64(350), 'sam_2_h': np.int64(233), 'sam_2_disp_w': np.float64(0.35), 'sam_2_disp_h': np.float64(0.233), 'sam_3': 'resources/images/medium/med_S2_3.jpg', 'sam_3_w': np.int64(1024), 'sam_3_h': np.int64(768), 'sam_3_disp_w': np.float64(0.35), 'sam_3_disp_h': np.float64(0.2625), 'sam_4': 'resources/images/medium/med_S2_4.jpg', 'sam_4_w': np.int64(350), 'sam_4_h': np.int64(234), 'sam_4_disp_w': np.float64(0.35), 'sam_4_disp_h': np.float64(0.234), 'sam_5': 'resources/images/medium/med_S2_5.jpg', 'sam_5_w': np.int64(1024), 'sam_5_h': np.int64(768), 'sam_5_disp_w': np.float64(0.35), 'sam_5_disp_h': np.float64(0.2625), 'img_targ': 'resources/images/medium/med_T2.jpg', 'targ_w': np.int64(4032), 'targ_h': np.int64(2268), 'targ_disp_w': np.float64(0.35), 'targ_disp_h': np.float64(0.196875), 'thisN': 0, 'thisTrialN': 0, 'thisRepN': 0}>
4.7497 	DATA 	Keypress: space
4.7545 	INFO 	Keyboard events cleared
4.7543 	EXP 	welcome_message: autoDraw = False
4.7543 	EXP 	M_query: image = 'resources/images/medium/med_Q2.jpg'
4.7543 	EXP 	M_img1: image = 'resources/images/medium/med_S2_1.jpg'
4.7543 	EXP 	M_img2: image = 'resources/images/medium/med_S2_2.jpg'
4.7543 	EXP 	M_img3: image = 'resources/images/medium/med_S2_3.jpg'
4.7543 	EXP 	M_img4: image = 'resources/images/medium/med_S2_4.jpg'
4.7543 	EXP 	M_img5: image = 'resources/images/medium/med_S2_5.jpg'
4.7543 	EXP 	M_img6: image = 'resources/images/medium/med_T2.jpg'
4.7543 	EXP 	M_query: autoDraw = True
4.7543 	EXP 	M_img1: autoDraw = True
4.7543 	EXP 	M_img2: autoDraw = True
4.7543 	EXP 	M_img3: autoDraw = True
4.7543 	EXP 	M_img4: autoDraw = True
4.7543 	EXP 	M_img5: autoDraw = True
4.7543 	EXP 	M_img6: autoDraw = True
6.2412 	EXP 	Device response: <KeyPress from None: t=6.23025375000725, value=space, duration=None>
6.2422 	EXP 	New trial (rep=0, index=1): <Trial 1 (1 in rep 0) data={'img_query': 'resources/images/medium/med_Q1.jpg', 'img_query_w': np.int64(4032), 'img_query_h': np.int64(3024), 'img_query_disp_w': np.float64(0.4), 'img_query_disp_h': np.float64(0.3), 'sam_1': 'resources/images/medium/med_S1_1.jpg', 'sam_1_w': np.int64(768), 'sam_1_h': np.int64(1024), 'sam_1_disp_w': np.float64(0.2625), 'sam_1_disp_h': np.float64(0.35), 'sam_2': 'resources/images/medium/med_S1_2.jpg', 'sam_2_w': np.int64(4032), 'sam_2_h': np.int64(3024), 'sam_2_disp_w': np.float64(0.35), 'sam_2_disp_h': np.float64(0.2625), 'sam_3': 'resources/images/medium/med_S1_3.jpg', 'sam_3_w': np.int64(4160), 'sam_3_h': np.int64(2340), 'sam_3_disp_w': np.float64(0.35), 'sam_3_disp_h': np.float64(0.196875), 'sam_4': 'resources/images/medium/med_S1_4.jpg', 'sam_4_w': np.int64(1024), 'sam_4_h': np.int64(768), 'sam_4_disp_w': np.float64(0.35), 'sam_4_disp_h': np.float64(0.2625), 'sam_5': 'resources/images/medium/med_S1_5.jpg', 'sam_5_w': np.int64(1024), 'sam_5_h': np.int64(768), 'sam_5_disp_w': np.float64(0.35), 'sam_5_disp_h': np.float64(0.2625), 'img_targ': 'resources/images/medium/med_T1.jpg', 'targ_w': np.int64(1024), 'targ_h': np.int64(768), 'targ_disp_w': np.float64(0.35), 'targ_disp_h': np.float64(0.2625), 'thisN': 1, 'thisTrialN': 1, 'thisRepN': 0}>
6.7007 	EXP 	Device response: <KeyPress from None: t=6.23025375000725, value=space, duration=0.09201120799116325>
6.7077 	DATA 	Keypress: space
6.7118 	INFO 	Keyboard events cleared
6.7117 	EXP 	M_query: autoDraw = False
6.7117 	EXP 	M_img1: autoDraw = False
6.7117 	EXP 	M_img2: autoDraw = False
6.7117 	EXP 	M_img3: autoDraw = False
6.7117 	EXP 	M_img4: autoDraw = False
6.7117 	EXP 	M_img5: autoDraw = False
6.7117 	EXP 	M_img6: autoDraw = False
6.7117 	EXP 	M_query: image = 'resources/images/medium/med_Q1.jpg'
6.7117 	EXP 	M_img1: image = 'resources/images/medium/med_S1_1.jpg'
6.7117 	EXP 	M_img2: image = 'resources/images/medium/med_S1_2.jpg'
6.7117 	EXP 	M_img3: image = 'resources/images/medium/med_S1_3.jpg'
6.7117 	EXP 	M_img4: image = 'resources/images/medium/med_S1_4.jpg'
6.7117 	EXP 	M_img5: image = 'resources/images/medium/med_S1_5.jpg'
6.7117 	EXP 	M_img6: image = 'resources/images/medium/med_T1.jpg'
6.7117 	EXP 	M_query: autoDraw = True
6.7117 	EXP 	M_img1: autoDraw = True
6.7117 	EXP 	M_img2: autoDraw = True
6.7117 	EXP 	M_img3: autoDraw = True
6.7117 	EXP 	M_img4: autoDraw = True
6.7117 	EXP 	M_img5: autoDraw = True
6.7117 	EXP 	M_img6: autoDraw = True
8.3085 	EXP 	Device response: <KeyPress from None: t=8.29632079199655, value=space, duration=None>
8.3092 	EXP 	New trial (rep=0, index=2): <Trial 2 (2 in rep 0) data={'img_query': 'resources/images/medium/med_Q4.jpg', 'img_query_w': np.int64(768), 'img_query_h': np.int64(1024), 'img_query_disp_w': np.float64(0.3), 'img_query_disp_h': np.float64(0.4), 'sam_1': 'resources/images/medium/med_S4_1.jpg', 'sam_1_w': np.int64(768), 'sam_1_h': np.int64(1024), 'sam_1_disp_w': np.float64(0.2625), 'sam_1_disp_h': np.float64(0.35), 'sam_2': 'resources/images/medium/med_S4_2.jpg', 'sam_2_w': np.int64(350), 'sam_2_h': np.int64(233), 'sam_2_disp_w': np.float64(0.35), 'sam_2_disp_h': np.float64(0.233), 'sam_3': 'resources/images/medium/med_S4_3.jpg', 'sam_3_w': np.int64(350), 'sam_3_h': np.int64(197), 'sam_3_disp_w': np.float64(0.35), 'sam_3_disp_h': np.float64(0.197), 'sam_4': 'resources/images/medium/med_S4_4.jpg', 'sam_4_w': np.int64(768), 'sam_4_h': np.int64(1024), 'sam_4_disp_w': np.float64(0.2625), 'sam_4_disp_h': np.float64(0.35), 'sam_5': 'resources/images/medium/med_S4_5.jpg', 'sam_5_w': np.int64(768), 'sam_5_h': np.int64(1024), 'sam_5_disp_w': np.float64(0.2625), 'sam_5_disp_h': np.float64(0.35), 'img_targ': 'resources/images/medium/med_T4.jpg', 'targ_w': np.int64(768), 'targ_h': np.int64(1024), 'targ_disp_w': np.float64(0.2625), 'targ_disp_h': np.float64(0.35), 'thisN': 2, 'thisTrialN': 2, 'thisRepN': 0}>
8.4100 	EXP 	Device response: <KeyPress from None: t=8.29632079199655, value=space, duration=0.08398541600035969>
8.4119 	DATA 	Keypress: space
8.4153 	INFO 	Keyboard events cleared
8.4152 	EXP 	M_query: autoDraw = False
8.4152 	EXP 	M_img1: autoDraw = False
8.4152 	EXP 	M_img2: autoDraw = False
8.4152 	EXP 	M_img3: autoDraw = False
8.4152 	EXP 	M_img4: autoDraw = False
8.4152 	EXP 	M_img5: autoDraw = False
8.4152 	EXP 	M_img6: autoDraw = False
8.4152 	EXP 	M_query: image = 'resources/images/medium/med_Q4.jpg'
8.4152 	EXP 	M_img1: image = 'resources/images/medium/med_S4_1.jpg'
8.4152 	EXP 	M_img2: image = 'resources/images/medium/med_S4_2.jpg'
8.4152 	EXP 	M_img3: image = 'resources/images/medium/med_S4_3.jpg'
8.4152 	EXP 	M_img4: image = 'resources/images/medium/med_S4_4.jpg'
8.4152 	EXP 	M_img5: image = 'resources/images/medium/med_S4_5.jpg'
8.4152 	EXP 	M_img6: image = 'resources/images/medium/med_T4.jpg'
8.4152 	EXP 	M_query: autoDraw = True
8.4152 	EXP 	M_img1: autoDraw = True
8.4152 	EXP 	M_img2: autoDraw = True
8.4152 	EXP 	M_img3: autoDraw = True
8.4152 	EXP 	M_img4: autoDraw = True
8.4152 	EXP 	M_img5: autoDraw = True
8.4152 	EXP 	M_img6: autoDraw = True
9.5072 	EXP 	Device response: <KeyPress from None: t=9.505209625000134, value=space, duration=None>
9.5079 	EXP 	New trial (rep=0, index=3): <Trial 3 (3 in rep 0) data={'img_query': 'resources/images/medium/med_Q5.jpg', 'img_query_w': np.int64(1024), 'img_query_h': np.int64(768), 'img_query_disp_w': np.float64(0.4), 'img_query_disp_h': np.float64(0.3), 'sam_1': 'resources/images/medium/med_S5_1.jpg', 'sam_1_w': np.int64(768), 'sam_1_h': np.int64(1024), 'sam_1_disp_w': np.float64(0.2625), 'sam_1_disp_h': np.float64(0.35), 'sam_2': 'resources/images/medium/med_S5_2.jpg', 'sam_2_w': np.int64(350), 'sam_2_h': np.int64(233), 'sam_2_disp_w': np.float64(0.35), 'sam_2_disp_h': np.float64(0.233), 'sam_3': 'resources/images/medium/med_S5_3.jpg', 'sam_3_w': np.int64(2592), 'sam_3_h': np.int64(4608), 'sam_3_disp_w': np.float64(0.196875), 'sam_3_disp_h': np.float64(0.35), 'sam_4': 'resources/images/medium/med_S5_4.jpg', 'sam_4_w': np.int64(350), 'sam_4_h': np.int64(208), 'sam_4_disp_w': np.float64(0.35), 'sam_4_disp_h': np.float64(0.208), 'sam_5': 'resources/images/medium/med_S5_5.jpg', 'sam_5_w': np.int64(350), 'sam_5_h': np.int64(233), 'sam_5_disp_w': np.float64(0.35), 'sam_5_disp_h': np.float64(0.233), 'img_targ': 'resources/images/medium/med_T5.jpg', 'targ_w': np.int64(768), 'targ_h': np.int64(1024), 'targ_disp_w': np.float64(0.2625), 'targ_disp_h': np.float64(0.35), 'thisN': 3, 'thisTrialN': 3, 'thisRepN': 0}>
9.6893 	EXP 	Device response: <KeyPress from None: t=9.505209625000134, value=space, duration=0.09982916699664202>
9.6913 	DATA 	Keypress: space
9.6947 	INFO 	Keyboard events cleared
9.6946 	EXP 	M_query: autoDraw = False
9.6946 	EXP 	M_img1: autoDraw = False
9.6946 	EXP 	M_img2: autoDraw = False
9.6946 	EXP 	M_img3: autoDraw = False
9.6946 	EXP 	M_img4: autoDraw = False
9.6946 	EXP 	M_img5: autoDraw = False
9.6946 	EXP 	M_img6: autoDraw = False
9.6946 	EXP 	M_query: image = 'resources/images/medium/med_Q5.jpg'
9.6946 	EXP 	M_img1: image = 'resources/images/medium/med_S5_1.jpg'
9.6946 	EXP 	M_img2: image = 'resources/images/medium/med_S5_2.jpg'
9.6946 	EXP 	M_img3: image = 'resources/images/medium/med_S5_3.jpg'
9.6946 	EXP 	M_img4: image = 'resources/images/medium/med_S5_4.jpg'
9.6946 	EXP 	M_img5: image = 'resources/images/medium/med_S5_5.jpg'
9.6946 	EXP 	M_img6: image = 'resources/images/medium/med_T5.jpg'
9.6946 	EXP 	M_query: autoDraw = True
9.6946 	EXP 	M_img1: autoDraw = True
9.6946 	EXP 	M_img2: autoDraw = True
9.6946 	EXP 	M_img3: autoDraw = True
9.6946 	EXP 	M_img4: autoDraw = True
9.6946 	EXP 	M_img5: autoDraw = True
9.6946 	EXP 	M_img6: autoDraw = True
11.0248 	EXP 	Device response: <KeyPress from None: t=11.011703458003467, value=space, duration=None>
11.0253 	EXP 	New trial (rep=0, index=4): <Trial 4 (4 in rep 0) data={'img_query': 'resources/images/medium/med_Q3.jpg', 'img_query_w': np.int64(1024), 'img_query_h': np.int64(768), 'img_query_disp_w': np.float64(0.4), 'img_query_disp_h': np.float64(0.3), 'sam_1': 'resources/images/medium/med_S3_1.jpg', 'sam_1_w': np.int64(350), 'sam_1_h': np.int64(233), 'sam_1_disp_w': np.float64(0.35), 'sam_1_disp_h': np.float64(0.233), 'sam_2': 'resources/images/medium/med_S3_2.jpg', 'sam_2_w': np.int64(1024), 'sam_2_h': np.int64(768), 'sam_2_disp_w': np.float64(0.35), 'sam_2_disp_h': np.float64(0.2625), 'sam_3': 'resources/images/medium/med_S3_3.jpg', 'sam_3_w': np.int64(1024), 'sam_3_h': np.int64(768), 'sam_3_disp_w': np.float64(0.35), 'sam_3_disp_h': np.float64(0.2625), 'sam_4': 'resources/images/medium/med_S3_4.jpg', 'sam_4_w': np.int64(350), 'sam_4_h': np.int64(341), 'sam_4_disp_w': np.float64(0.35), 'sam_4_disp_h': np.float64(0.341), 'sam_5': 'resources/images/medium/med_S3_5.jpg', 'sam_5_w': np.int64(3264), 'sam_5_h': np.int64(1840), 'sam_5_disp_w': np.float64(0.35), 'sam_5_disp_h': np.float64(0.197303922), 'img_targ': 'resources/images/medium/med_T3.jpg', 'targ_w': np.int64(1024), 'targ_h': np.int64(768), 'targ_disp_w': np.float64(0.35), 'targ_disp_h': np.float64(0.2625), 'thisN': 4, 'thisTrialN': 4, 'thisRepN': 0}>
11.1591 	EXP 	Device response: <KeyPress from None: t=11.011703458003467, value=space, duration=0.09199604199966416>
11.1610 	DATA 	Keypress: space
11.1645 	INFO 	Keyboard events cleared
11.1644 	EXP 	M_query: autoDraw = False
11.1644 	EXP 	M_img1: autoDraw = False
11.1644 	EXP 	M_img2: autoDraw = False
11.1644 	EXP 	M_img3: autoDraw = False
11.1644 	EXP 	M_img4: autoDraw = False
11.1644 	EXP 	M_img5: autoDraw = False
11.1644 	EXP 	M_img6: autoDraw = False
11.1644 	EXP 	M_query: image = 'resources/images/medium/med_Q3.jpg'
11.1644 	EXP 	M_img1: image = 'resources/images/medium/med_S3_1.jpg'
11.1644 	EXP 	M_img2: image = 'resources/images/medium/med_S3_2.jpg'
11.1644 	EXP 	M_img3: image = 'resources/images/medium/med_S3_3.jpg'
11.1644 	EXP 	M_img4: image = 'resources/images/medium/med_S3_4.jpg'
11.1644 	EXP 	M_img5: image = 'resources/images/medium/med_S3_5.jpg'
11.1644 	EXP 	M_img6: image = 'resources/images/medium/med_T3.jpg'
11.1644 	EXP 	M_query: autoDraw = True
11.1644 	EXP 	M_img1: autoDraw = True
11.1644 	EXP 	M_img2: autoDraw = True
11.1644 	EXP 	M_img3: autoDraw = True
11.1644 	EXP 	M_img4: autoDraw = True
11.1644 	EXP 	M_img5: autoDraw = True
11.1644 	EXP 	M_img6: autoDraw = True
13.3409 	EXP 	Device response: <KeyPress from None: t=13.331139917005203, value=space, duration=None>
13.3522 	EXP 	Imported resources/impLoop.csv as conditions, 5 conditions, 35 params
13.3529 	EXP 	New trial (rep=0, index=0): <Trial 0 (0 in rep 0) data={'imp_query': 'resources/images/impossible/imp_Q5.jpg', 'imp_query_w': np.int64(1024), 'imp_query_h': np.int64(768), 'imp_query_disp_w': np.float64(0.4), 'imp_query_disp_h': np.float64(0.3), 'imp1': 'resources/images/impossible/imp_S4_1.jpg', 'imp1_w': np.int64(1024), 'imp1_h': np.int64(768), 'imp1_disp_w': np.float64(0.35), 'imp1_disp_h': np.float64(0.2625), 'imp2': 'resources/images/impossible/imp_S5_2.jpg', 'imp2_w': np.int64(764), 'imp2_h': np.int64(1024), 'imp2_disp_w': np.float64(0.261132813), 'imp2_disp_h': np.float64(0.35), 'imp3': 'resources/images/impossible/imp_S5_3.jpg', 'imp3_w': np.int64(350), 'imp3_h': np.int64(233), 'imp3_disp_w': np.float64(0.35), 'imp3_disp_h': np.float64(0.233), 'imp4': 'resources/images/impossible/imp_S5_4.jpg', 'imp4_w': np.int64(1024), 'imp4_h': np.int64(768), 'imp4_disp_w': np.float64(0.35), 'imp4_disp_h': np.float64(0.1875), 'imp5': 'resources/images/impossible/imp_S5_5.jpg', 'imp5_w': np.int64(350), 'imp5_h': np.int64(233), 'imp5_disp_w': np.float64(0.35), 'imp5_disp_h': np.float64(0.233), 'imp_targ': 'resources/images/impossible/imp_T2.jpg', 'imp_targ_w': np.int64(1024), 'imp_targ_h': np.int64(768), 'imp_targ_disp_w': np.float64(0.35), 'imp_targ_disp_h': np.float64(0.2625), 'thisN': 0, 'thisTrialN': 0, 'thisRepN': 0}>
13.5210 	EXP 	Device response: <KeyPress from None: t=13.331139917005203, value=space, duration=0.09203408300527371>
13.5233 	DATA 	Keypress: space
13.5272 	INFO 	Keyboard events cleared
13.5271 	EXP 	M_query: autoDraw = False
13.5271 	EXP 	M_img1: autoDraw = False
13.5271 	EXP 	M_img2: autoDraw = False
13.5271 	EXP 	M_img3: autoDraw = False
13.5271 	EXP 	M_img4: autoDraw = False
13.5271 	EXP 	M_img5: autoDraw = False
13.5271 	EXP 	M_img6: autoDraw = False
13.5271 	EXP 	I_query: image = 'resources/images/impossible/imp_Q5.jpg'
13.5271 	EXP 	I_img1: image = 'resources/images/impossible/imp_S4_1.jpg'
13.5271 	EXP 	I_img2: image = 'resources/images/impossible/imp_S5_2.jpg'
13.5271 	EXP 	I_img3: image = 'resources/images/impossible/imp_S5_3.jpg'
13.5271 	EXP 	I_img4: image = 'resources/images/impossible/imp_S5_4.jpg'
13.5271 	EXP 	I_img5: image = 'resources/images/impossible/imp_S5_5.jpg'
13.5271 	EXP 	I_img6: image = 'resources/images/impossible/imp_T2.jpg'
13.5271 	EXP 	I_query: autoDraw = True
13.5271 	EXP 	I_img1: autoDraw = True
13.5271 	EXP 	I_img2: autoDraw = True
13.5271 	EXP 	I_img3: autoDraw = True
13.5271 	EXP 	I_img4: autoDraw = True
13.5271 	EXP 	I_img5: autoDraw = True
13.5271 	EXP 	I_img6: autoDraw = True
201.5203 	EXP 	Device response: <KeyPress from None: t=201.51815983300912, value=escape, duration=None>
201.5496 	DATA 	Keypress: escape
201.6166 	EXP 	Device response: <KeyPress from None: t=201.51815983300912, value=escape, duration=0.0920734589890344>
201.6166 	EXP 	pilot_study: status = STOPPED
201.6191 	EXP 	I_query: autoDraw = False
201.6191 	EXP 	I_img1: autoDraw = False
201.6191 	EXP 	I_img2: autoDraw = False
201.6191 	EXP 	I_img3: autoDraw = False
201.6191 	EXP 	I_img4: autoDraw = False
201.6191 	EXP 	I_img5: autoDraw = False
201.6191 	EXP 	I_img6: autoDraw = False
201.6191 	EXP 	pilot_study: status = STOPPED
201.6231 	INFO 	saved data to '/Users/marcogiven/Desktop/projects/S25_SURE/colorStudyPilot/data/_pilot_study_2025-06-27_12h05.56.161.csv'
201.6242 	INFO 	saved data to /Users/marcogiven/Desktop/projects/S25_SURE/colorStudyPilot/data/_pilot_study_2025-06-27_12h05.56.161.psydat
201.7539 	WARNING 	Stopping key buffers but this could be dangerous ifother keyboards rely on the same.
201.7540 	WARNING 	Stopping key buffers but this could be dangerous ifother keyboards rely on the same.
201.7540 	WARNING 	Stopping key buffers but this could be dangerous ifother keyboards rely on the same.
201.7540 	WARNING 	Stopping key buffers but this could be dangerous ifother keyboards rely on the same.
