18.4401 	WARNING 	Font Manager failed to load file /System/Library/PrivateFrameworks/FontServices.framework/Resources/Reserved/PingFangUI.ttc
18.7235 	WARNING 	Font Manager failed to load file /System/Library/PrivateFrameworks/FontServices.framework/Resources/Reserved/PingFangUI.ttc
20.9227 	INFO 	Loaded monitor calibration from ['2025_06_12 14:42']
21.0987 	INFO 	Using renderer 'Apple M1 Pro' for graphics
21.0987 	INFO 	OpenGL version supported by driver is 2..
21.1500 	EXP 	Created window1 = Window(allowGUI=True, allowStencil=False, autoLog=True, backendConf=UNKNOWN, backgroundFit=<method-wrapper '__getattribute__' of attributeSetter object at 0x155e11780>, backgroundImage=<method-wrapper '__getattribute__' of attributeSetter object at 0x155e11720>, bitsMode=UNKNOWN, blendMode='avg', bpc=(8, 8, 8), color=array([0, 0, 0]), colorSpace='rgb', depthBits=8, fullscr=False, gamma=None, gammaErrorPolicy='raise', infoMsg=UNKNOWN, lms=UNKNOWN, monitor=<psychopy.monitors.calibTools.Monitor object at 0x155dbdb70>, multiSample=False, name='window1', numSamples=2, pos=[np.float64(260.0), np.float64(224.5)], screen=0, size=array([2560, 1440]), stencilBits=0, stereo=False, title='PsychoPy', units='height', useFBO=True, useRetina=True, viewOri=0.0, viewPos=None, viewScale=None, waitBlanking=True, winType='pyglet')
21.1500 	EXP 	window1: backgroundImage = ''
21.1501 	EXP 	window1: backgroundFit = 'none'
22.0938 	INFO 	keyboard.Keyboard is using ptb backend.
22.2805 	INFO 	keyboard.Keyboard is using ptb backend.
22.3743 	INFO 	keyboard.Keyboard is using ptb backend.
22.4739 	INFO 	keyboard.Keyboard is using ptb backend.
22.5714 	INFO 	keyboard.Keyboard is using ptb backend.
22.6663 	INFO 	keyboard.Keyboard is using ptb backend.
22.7623 	INFO 	keyboard.Keyboard is using ptb backend.
22.8606 	INFO 	keyboard.Keyboard is using ptb backend.
22.8606 	EXP 	pilot_study: status = STARTED
22.9121 	EXP 	Created welcome_message = TextStim(__class__=<class 'psychopy.visual.text.TextStim'>, alignHoriz=method-wrapper(...), alignText='center', alignVert=method-wrapper(...), anchorHoriz='center', anchorVert='center', antialias=True, autoDraw=False, autoLog=True, bold=False, color=array([1., 1., 1.]), colorSpace='rgb', contrast=1.0, depth=0.0, draggable=False, flipHoriz=False, flipVert=False, font='Arial', fontFiles=[], height=np.float64(0.05), italic=False, languageStyle='LTR', name='welcome_message', opacity=1, ori=0.0, pos=array([0., 0.]), rgb=UNKNOWN, text=str(...), units='height', win=Window(...), wrapWidth=1)
22.9194 	EXP 	Created ask_consent = TextStim(__class__=<class 'psychopy.visual.text.TextStim'>, alignHoriz=method-wrapper(...), alignText='center', alignVert=method-wrapper(...), anchorHoriz='center', anchorVert='center', antialias=True, autoDraw=False, autoLog=True, bold=False, color=array([1., 1., 1.]), colorSpace='rgb', contrast=1.0, depth=0.0, draggable=False, flipHoriz=False, flipVert=False, font='Arial', fontFiles=[], height=np.float64(0.05), italic=False, languageStyle='LTR', name='ask_consent', opacity=1, ori=0.0, pos=array([0., 0.]), rgb=UNKNOWN, text=str(...), units='height', win=Window(...), wrapWidth=1)
22.9295 	EXP 	Created text_3 = TextStim(__class__=<class 'psychopy.visual.text.TextStim'>, alignHoriz=method-wrapper(...), alignText='center', alignVert=method-wrapper(...), anchorHoriz='center', anchorVert='center', antialias=True, autoDraw=False, autoLog=True, bold=False, color=array([1., 1., 1.]), colorSpace='rgb', contrast=1.0, depth=0.0, draggable=False, flipHoriz=False, flipVert=False, font='Arial', fontFiles=[], height=np.float64(0.05), italic=False, languageStyle='LTR', name='text_3', opacity=1, ori=0.0, pos=array([0., 0.]), rgb=UNKNOWN, text=str(...), units='height', win=Window(...), wrapWidth=1)
22.9560 	EXP 	Created imageEasy = ImageStim(__class__=<class 'psychopy.visual.image.ImageStim'>, anchor=('center', 'center'), autoLog=True, color=array([1., 1., 1.]), colorSpace='rgb', contrast=1.0, depth=0.0, draggable=False, flipHoriz=np.False_, flipVert=np.False_, image='default.png', interpolate=True, mask=None, maskParams=None, name='imageEasy', opacity=1, ori=0.0, pos=array([0., 0.]), size=array([1.8, 1. ]), texRes=128.0, units='height', win=Window(...))
22.9570 	EXP 	Created text = TextStim(__class__=<class 'psychopy.visual.text.TextStim'>, alignHoriz=method-wrapper(...), alignText='center', alignVert=method-wrapper(...), anchorHoriz='center', anchorVert='center', antialias=True, autoDraw=False, autoLog=True, bold=False, color=array([1., 1., 1.]), colorSpace='rgb', contrast=1.0, depth=0.0, draggable=False, flipHoriz=False, flipVert=False, font='Arial', fontFiles=[], height=np.float64(0.05), italic=False, languageStyle='LTR', name='text', opacity=1, ori=0.0, pos=array([0., 0.]), rgb=UNKNOWN, text='', units='height', win=Window(...), wrapWidth=1)
22.9612 	EXP 	Created text_4 = TextStim(__class__=<class 'psychopy.visual.text.TextStim'>, alignHoriz=method-wrapper(...), alignText='center', alignVert=method-wrapper(...), anchorHoriz='center', anchorVert='center', antialias=True, autoDraw=False, autoLog=True, bold=False, color=array([1., 1., 1.]), colorSpace='rgb', contrast=1.0, depth=0.0, draggable=False, flipHoriz=False, flipVert=False, font='Arial', fontFiles=[], height=np.float64(0.05), italic=False, languageStyle='LTR', name='text_4', opacity=1, ori=0.0, pos=array([0., 0.]), rgb=UNKNOWN, text='NEXT DIFFICULTY', units='height', win=Window(...), wrapWidth=1)
22.9654 	EXP 	Created image = ImageStim(__class__=<class 'psychopy.visual.image.ImageStim'>, anchor=('center', 'center'), autoLog=True, color=array([1., 1., 1.]), colorSpace='rgb', contrast=1.0, depth=0.0, draggable=False, flipHoriz=np.False_, flipVert=np.False_, image='default.png', interpolate=True, mask=None, maskParams=None, name='image', opacity=1, ori=0.0, pos=array([0., 0.]), size=array([1.8, 1. ]), texRes=128.0, units='height', win=Window(...))
22.9662 	EXP 	Created text = TextStim(__class__=<class 'psychopy.visual.text.TextStim'>, alignHoriz=method-wrapper(...), alignText='center', alignVert=method-wrapper(...), anchorHoriz='center', anchorVert='center', antialias=True, autoDraw=False, autoLog=True, bold=False, color=array([1., 1., 1.]), colorSpace='rgb', contrast=1.0, depth=0.0, draggable=False, flipHoriz=False, flipVert=False, font='Arial', fontFiles=[], height=np.float64(0.05), italic=False, languageStyle='LTR', name='text', opacity=1, ori=0.0, pos=array([0., 0.]), rgb=UNKNOWN, text='', units='height', win=Window(...), wrapWidth=1)
22.9680 	EXP 	Created text_4 = TextStim(__class__=<class 'psychopy.visual.text.TextStim'>, alignHoriz=method-wrapper(...), alignText='center', alignVert=method-wrapper(...), anchorHoriz='center', anchorVert='center', antialias=True, autoDraw=False, autoLog=True, bold=False, color=array([1., 1., 1.]), colorSpace='rgb', contrast=1.0, depth=0.0, draggable=False, flipHoriz=False, flipVert=False, font='Arial', fontFiles=[], height=np.float64(0.05), italic=False, languageStyle='LTR', name='text_4', opacity=1, ori=0.0, pos=array([0., 0.]), rgb=UNKNOWN, text='NEXT DIFFICULTY', units='height', win=Window(...), wrapWidth=1)
22.9722 	EXP 	Created imageHard = ImageStim(__class__=<class 'psychopy.visual.image.ImageStim'>, anchor=('center', 'center'), autoLog=True, color=array([1., 1., 1.]), colorSpace='rgb', contrast=1.0, depth=0.0, draggable=False, flipHoriz=np.False_, flipVert=np.False_, image='default.png', interpolate=True, mask=None, maskParams=None, name='imageHard', opacity=1, ori=0.0, pos=array([0., 0.]), size=array([1.8, 1. ]), texRes=128.0, units='height', win=Window(...))
22.9733 	EXP 	Created text = TextStim(__class__=<class 'psychopy.visual.text.TextStim'>, alignHoriz=method-wrapper(...), alignText='center', alignVert=method-wrapper(...), anchorHoriz='center', anchorVert='center', antialias=True, autoDraw=False, autoLog=True, bold=False, color=array([1., 1., 1.]), colorSpace='rgb', contrast=1.0, depth=0.0, draggable=False, flipHoriz=False, flipVert=False, font='Arial', fontFiles=[], height=np.float64(0.05), italic=False, languageStyle='LTR', name='text', opacity=1, ori=0.0, pos=array([0., 0.]), rgb=UNKNOWN, text='', units='height', win=Window(...), wrapWidth=1)
22.9751 	EXP 	Created text_4 = TextStim(__class__=<class 'psychopy.visual.text.TextStim'>, alignHoriz=method-wrapper(...), alignText='center', alignVert=method-wrapper(...), anchorHoriz='center', anchorVert='center', antialias=True, autoDraw=False, autoLog=True, bold=False, color=array([1., 1., 1.]), colorSpace='rgb', contrast=1.0, depth=0.0, draggable=False, flipHoriz=False, flipVert=False, font='Arial', fontFiles=[], height=np.float64(0.05), italic=False, languageStyle='LTR', name='text_4', opacity=1, ori=0.0, pos=array([0., 0.]), rgb=UNKNOWN, text='NEXT DIFFICULTY', units='height', win=Window(...), wrapWidth=1)
22.9793 	EXP 	Created image2 = ImageStim(__class__=<class 'psychopy.visual.image.ImageStim'>, anchor=('center', 'center'), autoLog=True, color=array([1., 1., 1.]), colorSpace='rgb', contrast=1.0, depth=0.0, draggable=False, flipHoriz=np.False_, flipVert=np.False_, image='default.png', interpolate=True, mask=None, maskParams=None, name='image2', opacity=1, ori=0.0, pos=array([0., 0.]), size=array([1.8, 1. ]), texRes=128.0, units='height', win=Window(...))
22.9801 	EXP 	Created text = TextStim(__class__=<class 'psychopy.visual.text.TextStim'>, alignHoriz=method-wrapper(...), alignText='center', alignVert=method-wrapper(...), anchorHoriz='center', anchorVert='center', antialias=True, autoDraw=False, autoLog=True, bold=False, color=array([1., 1., 1.]), colorSpace='rgb', contrast=1.0, depth=0.0, draggable=False, flipHoriz=False, flipVert=False, font='Arial', fontFiles=[], height=np.float64(0.05), italic=False, languageStyle='LTR', name='text', opacity=1, ori=0.0, pos=array([0., 0.]), rgb=UNKNOWN, text='', units='height', win=Window(...), wrapWidth=1)
22.9838 	EXP 	Created end_message = TextStim(__class__=<class 'psychopy.visual.text.TextStim'>, alignHoriz=method-wrapper(...), alignText='center', alignVert=method-wrapper(...), anchorHoriz='center', anchorVert='center', antialias=True, autoDraw=False, autoLog=True, bold=False, color=array([1., 1., 1.]), colorSpace='rgb', contrast=1.0, depth=0.0, draggable=False, flipHoriz=False, flipVert=False, font='Arial', fontFiles=[], height=np.float64(0.05), italic=False, languageStyle='LTR', name='end_message', opacity=1, ori=0.0, pos=array([0., 0.]), rgb=UNKNOWN, text=str(...), units='height', win=Window(...), wrapWidth=1)
0.0728 	EXP 	welcome_message: autoDraw = True
0.7854 	DATA 	Mouse: Left button down, pos=(795,264)
0.8857 	DATA 	Mouse:  Left button up, pos=(795,264)
1.3219 	EXP 	Device response: <KeyPress from None: t=1.0998125409823842, value=space, duration=None>
1.3222 	EXP 	Device response: <KeyPress from None: t=1.0998125409823842, value=space, duration=0.12384845901397057>
1.3378 	DATA 	Keypress: space
1.3416 	EXP 	welcome_message: autoDraw = False
1.3416 	EXP 	ask_consent: autoDraw = True
2.1282 	EXP 	Device response: <KeyPress from None: t=2.118734832998598, value=y, duration=None>
2.1335 	DATA 	Keypress: y
2.1372 	EXP 	ask_consent: autoDraw = False
2.1372 	EXP 	text_3: autoDraw = True
2.2016 	EXP 	Device response: <KeyPress from None: t=2.118734832998598, value=y, duration=0.07196008300525136>
2.9038 	EXP 	Device response: <KeyPress from None: t=2.899743124988163, value=space, duration=None>
2.9130 	EXP 	Imported resources/easyTest.csv as conditions, 5 conditions, 2 params
2.9147 	EXP 	New trial (rep=0, index=0): <Trial 0 (0 in rep 0) data={'set_img': 'resources/images/easy/easy_5.png', 'correct': np.int64(5), 'thisN': 0, 'thisTrialN': 0, 'thisRepN': 0}>
3.0144 	EXP 	Device response: <KeyPress from None: t=2.899743124988163, value=space, duration=0.10823604100733064>
3.0172 	DATA 	Keypress: space
3.0201 	EXP 	text_3: autoDraw = False
3.0201 	EXP 	imageEasy: image = 'resources/images/easy/easy_5.png'
3.0201 	EXP 	imageEasy: autoDraw = True
5.8287 	EXP 	Device response: <KeyPress from None: t=5.819456750003155, value=escape, duration=None>
5.8810 	DATA 	Keypress: escape
5.9177 	EXP 	Device response: <KeyPress from None: t=5.819456750003155, value=escape, duration=0.09145616600289941>
5.9178 	EXP 	pilot_study: status = STOPPED
5.9341 	EXP 	imageEasy: autoDraw = False
5.9341 	EXP 	pilot_study: status = STOPPED
5.9357 	INFO 	saved data to '/Users/marcogiven/Desktop/projects/S25_SURE/colorStudyPilot/data/_pilot_study_2025-07-01_09h43.52.656.csv'
5.9369 	INFO 	saved data to /Users/marcogiven/Desktop/projects/S25_SURE/colorStudyPilot/data/_pilot_study_2025-07-01_09h43.52.656.psydat
6.0948 	WARNING 	Stopping key buffers but this could be dangerous ifother keyboards rely on the same.
6.0949 	WARNING 	Stopping key buffers but this could be dangerous ifother keyboards rely on the same.
6.0949 	WARNING 	Stopping key buffers but this could be dangerous ifother keyboards rely on the same.
6.0949 	WARNING 	Stopping key buffers but this could be dangerous ifother keyboards rely on the same.
6.0949 	WARNING 	Stopping key buffers but this could be dangerous ifother keyboards rely on the same.
6.0949 	WARNING 	Stopping key buffers but this could be dangerous ifother keyboards rely on the same.
6.0949 	WARNING 	Stopping key buffers but this could be dangerous ifother keyboards rely on the same.
6.0949 	WARNING 	Stopping key buffers but this could be dangerous ifother keyboards rely on the same.
