17.3089 	WARNING 	Font Manager failed to load file /System/Library/PrivateFrameworks/FontServices.framework/Resources/Reserved/PingFangUI.ttc
17.5292 	WARNING 	Font Manager failed to load file /System/Library/PrivateFrameworks/FontServices.framework/Resources/Reserved/PingFangUI.ttc
19.1286 	INFO 	Loaded monitor calibration from ['2025_06_12 14:42']
19.2665 	INFO 	Using renderer 'Apple M1 Pro' for graphics
19.2665 	INFO 	OpenGL version supported by driver is 2..
19.2983 	EXP 	Created window1 = Window(allowGUI=True, allowStencil=False, autoLog=True, backendConf=UNKNOWN, backgroundFit=<method-wrapper '__getattribute__' of attributeSetter object at 0x157b52620>, backgroundImage=<method-wrapper '__getattribute__' of attributeSetter object at 0x157b52680>, bitsMode=UNKNOWN, blendMode='avg', bpc=(8, 8, 8), color=array([0, 0, 0]), colorSpace='rgb', depthBits=8, fullscr=False, gamma=None, gammaErrorPolicy='raise', infoMsg=UNKNOWN, lms=UNKNOWN, monitor=<psychopy.monitors.calibTools.Monitor object at 0x157bebb20>, multiSample=False, name='window1', numSamples=2, pos=[np.float64(260.0), np.float64(224.5)], screen=0, size=array([2560, 1440]), stencilBits=0, stereo=False, title='PsychoPy', units='height', useFBO=True, useRetina=True, viewOri=0.0, viewPos=None, viewScale=None, waitBlanking=True, winType='pyglet')
19.2983 	EXP 	window1: backgroundImage = ''
19.2983 	EXP 	window1: backgroundFit = 'none'
19.8740 	INFO 	keyboard.Keyboard is using ptb backend.
20.0513 	INFO 	keyboard.Keyboard is using ptb backend.
20.1399 	INFO 	keyboard.Keyboard is using ptb backend.
20.1399 	EXP 	pilot_study: status = STARTED
20.1853 	EXP 	Created welcome_message = TextStim(__class__=<class 'psychopy.visual.text.TextStim'>, alignHoriz=method-wrapper(...), alignText='center', alignVert=method-wrapper(...), anchorHoriz='center', anchorVert='center', antialias=True, autoDraw=False, autoLog=True, bold=False, color=array([1., 1., 1.]), colorSpace='rgb', contrast=1.0, depth=0.0, draggable=False, flipHoriz=False, flipVert=False, font='Arial', fontFiles=[], height=np.float64(0.05), italic=False, languageStyle='LTR', name='welcome_message', opacity=1, ori=0.0, pos=array([0., 0.]), rgb=UNKNOWN, text=str(...), units='height', win=Window(...), wrapWidth=1)
20.2037 	EXP 	Created M_query = ImageStim(__class__=<class 'psychopy.visual.image.ImageStim'>, anchor=('center', 'center'), autoLog=True, color=array([1., 1., 1.]), colorSpace='rgb', contrast=1.0, depth=0.0, draggable=False, flipHoriz=np.False_, flipVert=np.False_, image='default.png', interpolate=True, mask=None, maskParams=None, name='M_query', opacity=1, ori=0.0, pos=array([0.  , 0.35]), size=array([1., 1.]), texRes=128.0, units='height', win=Window(...))
20.2069 	EXP 	Created M_top_left = ImageStim(__class__=<class 'psychopy.visual.image.ImageStim'>, anchor=('center', 'center'), autoLog=True, color=array([1., 1., 1.]), colorSpace='rgb', contrast=1.0, depth=-1.0, draggable=False, flipHoriz=np.False_, flipVert=np.False_, image='default.png', interpolate=True, mask=None, maskParams=None, name='M_top_left', opacity=1, ori=0.0, pos=array([0., 0.]), size=array([1., 1.]), texRes=128.0, units='height', win=Window(...))
20.2100 	EXP 	Created M_top_mid = ImageStim(__class__=<class 'psychopy.visual.image.ImageStim'>, anchor=('center', 'center'), autoLog=True, color=array([1., 1., 1.]), colorSpace='rgb', contrast=1.0, depth=-2.0, draggable=False, flipHoriz=np.False_, flipVert=np.False_, image='default.png', interpolate=True, mask=None, maskParams=None, name='M_top_mid', opacity=1, ori=0.0, pos=array([0., 0.]), size=array([1., 1.]), texRes=128.0, units='height', win=Window(...))
20.2131 	EXP 	Created M_top_right = ImageStim(__class__=<class 'psychopy.visual.image.ImageStim'>, anchor=('center', 'center'), autoLog=True, color=array([1., 1., 1.]), colorSpace='rgb', contrast=1.0, depth=-3.0, draggable=True, flipHoriz=np.False_, flipVert=np.False_, image='default.png', interpolate=True, mask=None, maskParams=None, name='M_top_right', opacity=1, ori=0.0, pos=array([0., 0.]), size=array([1., 1.]), texRes=128.0, units='height', win=Window(...))
20.2161 	EXP 	Created M_bot_left = ImageStim(__class__=<class 'psychopy.visual.image.ImageStim'>, anchor=('center', 'center'), autoLog=True, color=array([1., 1., 1.]), colorSpace='rgb', contrast=1.0, depth=-4.0, draggable=False, flipHoriz=np.False_, flipVert=np.False_, image='default.png', interpolate=True, mask=None, maskParams=None, name='M_bot_left', opacity=1, ori=0.0, pos=array([0., 0.]), size=array([1., 1.]), texRes=128.0, units='height', win=Window(...))
20.2191 	EXP 	Created M_bot_mid = ImageStim(__class__=<class 'psychopy.visual.image.ImageStim'>, anchor=('center', 'center'), autoLog=True, color=array([1., 1., 1.]), colorSpace='rgb', contrast=1.0, depth=-5.0, draggable=False, flipHoriz=np.False_, flipVert=np.False_, image='default.png', interpolate=True, mask=None, maskParams=None, name='M_bot_mid', opacity=1, ori=0.0, pos=array([0., 0.]), size=array([1., 1.]), texRes=128.0, units='height', win=Window(...))
20.2221 	EXP 	Created M_bot_right = ImageStim(__class__=<class 'psychopy.visual.image.ImageStim'>, anchor=('center', 'center'), autoLog=True, color=array([1., 1., 1.]), colorSpace='rgb', contrast=1.0, depth=-6.0, draggable=False, flipHoriz=np.False_, flipVert=np.False_, image='default.png', interpolate=True, mask=None, maskParams=None, name='M_bot_right', opacity=1, ori=0.0, pos=array([0., 0.]), size=array([1., 1.]), texRes=128.0, units='height', win=Window(...))
20.2264 	EXP 	Created end_message = TextStim(__class__=<class 'psychopy.visual.text.TextStim'>, alignHoriz=method-wrapper(...), alignText='center', alignVert=method-wrapper(...), anchorHoriz='center', anchorVert='center', antialias=True, autoDraw=False, autoLog=True, bold=False, color=array([1., 1., 1.]), colorSpace='rgb', contrast=1.0, depth=0.0, draggable=False, flipHoriz=False, flipVert=False, font='Arial', fontFiles=[], height=np.float64(0.05), italic=False, languageStyle='LTR', name='end_message', opacity=1, ori=0.0, pos=array([0., 0.]), rgb=UNKNOWN, text=str(...), units='height', win=Window(...), wrapWidth=1)
0.0512 	EXP 	welcome_message: autoDraw = True
2.8590 	DATA 	Mouse: Left button down, pos=(607,596)
2.9747 	DATA 	Mouse:  Left button up, pos=(607,596)
3.4370 	EXP 	Device response: <KeyPress from None: t=3.2547053750022314, value=space, duration=None>
3.4431 	DATA 	Keypress: space
3.4475 	EXP 	Device response: <KeyPress from None: t=3.2547053750022314, value=space, duration=0.12015979099669494>
5.2443 	EXP 	Device response: <KeyPress from None: t=5.241011833000812, value=space, duration=None>
5.2570 	EXP 	Imported resources/positions.csv as conditions, 5 conditions, 12 params
5.2577 	EXP 	New trial (rep=0, index=0): <Trial 0 (0 in rep 0) data={'pos1_x': np.float64(-0.55), 'pos1_y': np.float64(-0.35), 'pos2_x': np.float64(0.0), 'pos2_y': np.float64(0.0), 'pos3_x': np.float64(0.55), 'pos3_y': np.float64(-0.35), 'pos4_x': np.float64(-0.55), 'pos4_y': np.float64(0.0), 'pos5_x': np.float64(0.55), 'pos5_y': np.float64(0.0), 'pos6_x': np.float64(0.0), 'pos6_y': np.float64(-0.35), 'thisN': 0, 'thisTrialN': 0, 'thisRepN': 0}>
5.2659 	EXP 	Imported resources/midLoop.csv as conditions, 5 conditions, 35 params
5.2662 	EXP 	New trial (rep=0, index=0): <Trial 0 (0 in rep 0) data={'img_query': 'resources/images/medium/med_Q1.jpg', 'img_query_w': np.int64(4032), 'img_query_h': np.int64(3024), 'img_query_disp_w': np.float64(0.3), 'img_query_disp_h': np.float64(0.225), 'sam_1': 'resources/images/medium/med_S1_1.jpg', 'sam_1_w': np.int64(768), 'sam_1_h': np.int64(1024), 'sam_1_disp_w': np.float64(0.225), 'sam_1_disp_h': np.float64(0.3), 'sam_2': 'resources/images/medium/med_S2_1.jpg', 'sam_2_w': np.int64(768), 'sam_2_h': np.int64(1024), 'sam_2_disp_w': np.float64(0.1875), 'sam_2_disp_h': np.float64(0.25), 'sam_3': 'resources/images/medium/med_S3_1.jpg', 'sam_3_w': np.int64(350), 'sam_3_h': np.int64(233), 'sam_3_disp_w': np.float64(0.25), 'sam_3_disp_h': np.float64(0.166428571), 'sam_4': 'resources/images/medium/med_S4_1.jpg', 'sam_4_w': np.int64(768), 'sam_4_h': np.int64(1024), 'sam_4_disp_w': np.float64(0.1875), 'sam_4_disp_h': np.float64(0.25), 'sam_5': 'resources/images/medium/med_S5_1.jpg', 'sam_5_w': np.int64(768), 'sam_5_h': np.int64(1040), 'sam_5_disp_w': np.float64(0.184615385), 'sam_5_disp_h': np.float64(0.25), 'img_targ': 'resources/images/medium/med_T1.jpg', 'targ_w': np.int64(1024), 'targ_h': np.int64(768), 'targ_disp_w': np.float64(0.25), 'targ_disp_h': np.float64(0.1875), 'thisN': 0, 'thisTrialN': 0, 'thisRepN': 0}>
5.4962 	EXP 	Device response: <KeyPress from None: t=5.241011833000812, value=space, duration=0.11598412500461563>
5.5027 	DATA 	Keypress: space
5.5064 	INFO 	Keyboard events cleared
5.5063 	EXP 	welcome_message: autoDraw = False
5.5063 	EXP 	M_query: image = 'resources/images/medium/med_Q1.jpg'
5.5063 	EXP 	M_top_left: image = 'resources/images/medium/med_S1_1.jpg'
5.5063 	EXP 	M_top_mid: image = 'resources/images/medium/med_S2_1.jpg'
5.5063 	EXP 	M_top_right: image = 'resources/images/medium/med_S3_1.jpg'
5.5063 	EXP 	M_bot_left: image = 'resources/images/medium/med_S4_1.jpg'
5.5063 	EXP 	M_bot_mid: image = 'resources/images/medium/med_S5_1.jpg'
5.5063 	EXP 	M_bot_right: image = 'resources/images/medium/med_T1.jpg'
5.5063 	EXP 	M_query: autoDraw = True
5.5063 	EXP 	M_top_left: autoDraw = True
5.5063 	EXP 	M_top_mid: autoDraw = True
5.5063 	EXP 	M_top_right: autoDraw = True
5.5063 	EXP 	M_bot_left: autoDraw = True
5.5063 	EXP 	M_bot_mid: autoDraw = True
5.5063 	EXP 	M_bot_right: autoDraw = True
9.8079 	EXP 	Device response: <KeyPress from None: t=9.801087458006805, value=space, duration=None>
9.8089 	EXP 	New trial (rep=0, index=1): <Trial 1 (1 in rep 0) data={'img_query': 'resources/images/medium/med_Q5.jpg', 'img_query_w': np.int64(1024), 'img_query_h': np.int64(768), 'img_query_disp_w': np.float64(0.3), 'img_query_disp_h': np.float64(0.225), 'sam_1': 'resources/images/medium/med_S1_5.jpg', 'sam_1_w': np.int64(1024), 'sam_1_h': np.int64(768), 'sam_1_disp_w': np.float64(0.3), 'sam_1_disp_h': np.float64(0.225), 'sam_2': 'resources/images/medium/med_S2_5.jpg', 'sam_2_w': np.int64(1024), 'sam_2_h': np.int64(768), 'sam_2_disp_w': np.float64(0.25), 'sam_2_disp_h': np.float64(0.1875), 'sam_3': 'resources/images/medium/med_S3_5.jpg', 'sam_3_w': np.int64(3264), 'sam_3_h': np.int64(1840), 'sam_3_disp_w': np.float64(0.25), 'sam_3_disp_h': np.float64(0.140931373), 'sam_4': 'resources/images/medium/med_S4_5.jpg', 'sam_4_w': np.int64(768), 'sam_4_h': np.int64(1024), 'sam_4_disp_w': np.float64(0.1875), 'sam_4_disp_h': np.float64(0.25), 'sam_5': 'resources/images/medium/med_S5_5.jpg', 'sam_5_w': np.int64(350), 'sam_5_h': np.int64(233), 'sam_5_disp_w': np.float64(0.25), 'sam_5_disp_h': np.float64(0.166428571), 'img_targ': 'resources/images/medium/med_T5.jpg', 'targ_w': np.int64(768), 'targ_h': np.int64(1024), 'targ_disp_w': np.float64(0.1875), 'targ_disp_h': np.float64(0.25), 'thisN': 1, 'thisTrialN': 1, 'thisRepN': 0}>
9.9661 	EXP 	Device response: <KeyPress from None: t=9.801087458006805, value=space, duration=0.09984987499774434>
9.9680 	DATA 	Keypress: space
9.9714 	INFO 	Keyboard events cleared
9.9713 	EXP 	M_query: autoDraw = False
9.9713 	EXP 	M_top_left: autoDraw = False
9.9713 	EXP 	M_top_mid: autoDraw = False
9.9713 	EXP 	M_top_right: autoDraw = False
9.9713 	EXP 	M_bot_left: autoDraw = False
9.9713 	EXP 	M_bot_mid: autoDraw = False
9.9713 	EXP 	M_bot_right: autoDraw = False
9.9713 	EXP 	M_query: image = 'resources/images/medium/med_Q5.jpg'
9.9713 	EXP 	M_top_left: image = 'resources/images/medium/med_S1_5.jpg'
9.9713 	EXP 	M_top_mid: image = 'resources/images/medium/med_S2_5.jpg'
9.9713 	EXP 	M_top_right: image = 'resources/images/medium/med_S3_5.jpg'
9.9713 	EXP 	M_bot_left: image = 'resources/images/medium/med_S4_5.jpg'
9.9713 	EXP 	M_bot_mid: image = 'resources/images/medium/med_S5_5.jpg'
9.9713 	EXP 	M_bot_right: image = 'resources/images/medium/med_T5.jpg'
9.9713 	EXP 	M_query: autoDraw = True
9.9713 	EXP 	M_top_left: autoDraw = True
9.9713 	EXP 	M_top_mid: autoDraw = True
9.9713 	EXP 	M_top_right: autoDraw = True
9.9713 	EXP 	M_bot_left: autoDraw = True
9.9713 	EXP 	M_bot_mid: autoDraw = True
9.9713 	EXP 	M_bot_right: autoDraw = True
11.2782 	EXP 	Device response: <KeyPress from None: t=11.274290875007864, value=space, duration=None>
11.2789 	EXP 	New trial (rep=0, index=2): <Trial 2 (2 in rep 0) data={'img_query': 'resources/images/medium/med_Q3.jpg', 'img_query_w': np.int64(1024), 'img_query_h': np.int64(768), 'img_query_disp_w': np.float64(0.3), 'img_query_disp_h': np.float64(0.225), 'sam_1': 'resources/images/medium/med_S1_3.jpg', 'sam_1_w': np.int64(4160), 'sam_1_h': np.int64(2340), 'sam_1_disp_w': np.float64(0.3), 'sam_1_disp_h': np.float64(0.16875), 'sam_2': 'resources/images/medium/med_S2_3.jpg', 'sam_2_w': np.int64(1024), 'sam_2_h': np.int64(768), 'sam_2_disp_w': np.float64(0.25), 'sam_2_disp_h': np.float64(0.1875), 'sam_3': 'resources/images/medium/med_S3_3.jpg', 'sam_3_w': np.int64(1024), 'sam_3_h': np.int64(768), 'sam_3_disp_w': np.float64(0.25), 'sam_3_disp_h': np.float64(0.1875), 'sam_4': 'resources/images/medium/med_S4_3.jpg', 'sam_4_w': np.int64(350), 'sam_4_h': np.int64(197), 'sam_4_disp_w': np.float64(0.25), 'sam_4_disp_h': np.float64(0.140714286), 'sam_5': 'resources/images/medium/med_S5_3.jpg', 'sam_5_w': np.int64(2592), 'sam_5_h': np.int64(4608), 'sam_5_disp_w': np.float64(0.140625), 'sam_5_disp_h': np.float64(0.25), 'img_targ': 'resources/images/medium/med_T3.jpg', 'targ_w': np.int64(1024), 'targ_h': np.int64(768), 'targ_disp_w': np.float64(0.25), 'targ_disp_h': np.float64(0.1875), 'thisN': 2, 'thisTrialN': 2, 'thisRepN': 0}>
11.5632 	EXP 	Device response: <KeyPress from None: t=11.274290875007864, value=space, duration=0.04786433299886994>
11.5651 	DATA 	Keypress: space
11.5684 	INFO 	Keyboard events cleared
11.5683 	EXP 	M_query: autoDraw = False
11.5683 	EXP 	M_top_left: autoDraw = False
11.5683 	EXP 	M_top_mid: autoDraw = False
11.5683 	EXP 	M_top_right: autoDraw = False
11.5683 	EXP 	M_bot_left: autoDraw = False
11.5683 	EXP 	M_bot_mid: autoDraw = False
11.5683 	EXP 	M_bot_right: autoDraw = False
11.5683 	EXP 	M_query: image = 'resources/images/medium/med_Q3.jpg'
11.5683 	EXP 	M_top_left: image = 'resources/images/medium/med_S1_3.jpg'
11.5683 	EXP 	M_top_mid: image = 'resources/images/medium/med_S2_3.jpg'
11.5683 	EXP 	M_top_right: image = 'resources/images/medium/med_S3_3.jpg'
11.5683 	EXP 	M_bot_left: image = 'resources/images/medium/med_S4_3.jpg'
11.5683 	EXP 	M_bot_mid: image = 'resources/images/medium/med_S5_3.jpg'
11.5683 	EXP 	M_bot_right: image = 'resources/images/medium/med_T3.jpg'
11.5683 	EXP 	M_query: autoDraw = True
11.5683 	EXP 	M_top_left: autoDraw = True
11.5683 	EXP 	M_top_mid: autoDraw = True
11.5683 	EXP 	M_top_right: autoDraw = True
11.5683 	EXP 	M_bot_left: autoDraw = True
11.5683 	EXP 	M_bot_mid: autoDraw = True
11.5683 	EXP 	M_bot_right: autoDraw = True
12.3081 	EXP 	Device response: <KeyPress from None: t=12.30410983299953, value=space, duration=None>
12.3085 	EXP 	New trial (rep=0, index=3): <Trial 3 (3 in rep 0) data={'img_query': 'resources/images/medium/med_Q4.jpg', 'img_query_w': np.int64(768), 'img_query_h': np.int64(1024), 'img_query_disp_w': np.float64(0.225), 'img_query_disp_h': np.float64(0.3), 'sam_1': 'resources/images/medium/med_S1_4.jpg', 'sam_1_w': np.int64(1024), 'sam_1_h': np.int64(768), 'sam_1_disp_w': np.float64(0.3), 'sam_1_disp_h': np.float64(0.225), 'sam_2': 'resources/images/medium/med_S2_4.jpg', 'sam_2_w': np.int64(350), 'sam_2_h': np.int64(234), 'sam_2_disp_w': np.float64(0.25), 'sam_2_disp_h': np.float64(0.167142857), 'sam_3': 'resources/images/medium/med_S3_4.jpg', 'sam_3_w': np.int64(350), 'sam_3_h': np.int64(341), 'sam_3_disp_w': np.float64(0.25), 'sam_3_disp_h': np.float64(0.243571429), 'sam_4': 'resources/images/medium/med_S4_4.jpg', 'sam_4_w': np.int64(768), 'sam_4_h': np.int64(1024), 'sam_4_disp_w': np.float64(0.1875), 'sam_4_disp_h': np.float64(0.25), 'sam_5': 'resources/images/medium/med_S5_4.jpg', 'sam_5_w': np.int64(350), 'sam_5_h': np.int64(208), 'sam_5_disp_w': np.float64(0.25), 'sam_5_disp_h': np.float64(0.148571429), 'img_targ': 'resources/images/medium/med_T4.jpg', 'targ_w': np.int64(768), 'targ_h': np.int64(1024), 'targ_disp_w': np.float64(0.1875), 'targ_disp_h': np.float64(0.25), 'thisN': 3, 'thisTrialN': 3, 'thisRepN': 0}>
12.3941 	DATA 	Keypress: space
12.3974 	INFO 	Keyboard events cleared
12.3973 	EXP 	M_query: autoDraw = False
12.3973 	EXP 	M_top_left: autoDraw = False
12.3973 	EXP 	M_top_mid: autoDraw = False
12.3973 	EXP 	M_top_right: autoDraw = False
12.3973 	EXP 	M_bot_left: autoDraw = False
12.3973 	EXP 	M_bot_mid: autoDraw = False
12.3973 	EXP 	M_bot_right: autoDraw = False
12.3973 	EXP 	M_query: image = 'resources/images/medium/med_Q4.jpg'
12.3973 	EXP 	M_top_left: image = 'resources/images/medium/med_S1_4.jpg'
12.3973 	EXP 	M_top_mid: image = 'resources/images/medium/med_S2_4.jpg'
12.3973 	EXP 	M_top_right: image = 'resources/images/medium/med_S3_4.jpg'
12.3973 	EXP 	M_bot_left: image = 'resources/images/medium/med_S4_4.jpg'
12.3973 	EXP 	M_bot_mid: image = 'resources/images/medium/med_S5_4.jpg'
12.3973 	EXP 	M_bot_right: image = 'resources/images/medium/med_T4.jpg'
12.3973 	EXP 	M_query: autoDraw = True
12.3973 	EXP 	M_top_left: autoDraw = True
12.3973 	EXP 	M_top_mid: autoDraw = True
12.3973 	EXP 	M_top_right: autoDraw = True
12.3973 	EXP 	M_bot_left: autoDraw = True
12.3973 	EXP 	M_bot_mid: autoDraw = True
12.3973 	EXP 	M_bot_right: autoDraw = True
13.2908 	EXP 	Device response: <KeyPress from None: t=13.28380437499436, value=space, duration=None>
13.2917 	EXP 	New trial (rep=0, index=4): <Trial 4 (4 in rep 0) data={'img_query': 'resources/images/medium/med_Q2.jpg', 'img_query_w': np.int64(1024), 'img_query_h': np.int64(768), 'img_query_disp_w': np.float64(0.3), 'img_query_disp_h': np.float64(0.225), 'sam_1': 'resources/images/medium/med_S1_2.jpg', 'sam_1_w': np.int64(4032), 'sam_1_h': np.int64(3024), 'sam_1_disp_w': np.float64(0.3), 'sam_1_disp_h': np.float64(0.225), 'sam_2': 'resources/images/medium/med_S2_2.jpg', 'sam_2_w': np.int64(250), 'sam_2_h': np.int64(233), 'sam_2_disp_w': np.float64(0.25), 'sam_2_disp_h': np.float64(0.233), 'sam_3': 'resources/images/medium/med_S3_2.jpg', 'sam_3_w': np.int64(1024), 'sam_3_h': np.int64(768), 'sam_3_disp_w': np.float64(0.25), 'sam_3_disp_h': np.float64(0.1875), 'sam_4': 'resources/images/medium/med_S4_2.jpg', 'sam_4_w': np.int64(350), 'sam_4_h': np.int64(233), 'sam_4_disp_w': np.float64(0.25), 'sam_4_disp_h': np.float64(0.166428571), 'sam_5': 'resources/images/medium/med_S5_2.jpg', 'sam_5_w': np.int64(350), 'sam_5_h': np.int64(233), 'sam_5_disp_w': np.float64(0.25), 'sam_5_disp_h': np.float64(0.166428571), 'img_targ': 'resources/images/medium/med_T2.jpg', 'targ_w': np.int64(4032), 'targ_h': np.int64(2268), 'targ_disp_w': np.float64(0.25), 'targ_disp_h': np.float64(0.140625), 'thisN': 4, 'thisTrialN': 4, 'thisRepN': 0}>
13.5381 	EXP 	Device response: <KeyPress from None: t=12.30410983299953, value=space, duration=1.1037110830075108>
13.5401 	DATA 	Keypress: space
13.5430 	INFO 	Keyboard events cleared
13.5429 	EXP 	M_query: autoDraw = False
13.5429 	EXP 	M_top_left: autoDraw = False
13.5429 	EXP 	M_top_mid: autoDraw = False
13.5429 	EXP 	M_top_right: autoDraw = False
13.5429 	EXP 	M_bot_left: autoDraw = False
13.5429 	EXP 	M_bot_mid: autoDraw = False
13.5429 	EXP 	M_bot_right: autoDraw = False
13.5429 	EXP 	M_query: image = 'resources/images/medium/med_Q2.jpg'
13.5429 	EXP 	M_top_left: image = 'resources/images/medium/med_S1_2.jpg'
13.5429 	EXP 	M_top_mid: image = 'resources/images/medium/med_S2_2.jpg'
13.5429 	EXP 	M_top_right: image = 'resources/images/medium/med_S3_2.jpg'
13.5429 	EXP 	M_bot_left: image = 'resources/images/medium/med_S4_2.jpg'
13.5429 	EXP 	M_bot_mid: image = 'resources/images/medium/med_S5_2.jpg'
13.5429 	EXP 	M_bot_right: image = 'resources/images/medium/med_T2.jpg'
13.5429 	EXP 	M_query: autoDraw = True
13.5429 	EXP 	M_top_left: autoDraw = True
13.5429 	EXP 	M_top_mid: autoDraw = True
13.5429 	EXP 	M_top_right: autoDraw = True
13.5429 	EXP 	M_bot_left: autoDraw = True
13.5429 	EXP 	M_bot_mid: autoDraw = True
13.5429 	EXP 	M_bot_right: autoDraw = True
14.1909 	EXP 	Device response: <KeyPress from None: t=14.183173083001748, value=space, duration=None>
14.1978 	EXP 	New trial (rep=0, index=1): <Trial 1 (1 in rep 0) data={'pos1_x': np.float64(0.55), 'pos1_y': np.float64(0.0), 'pos2_x': np.float64(0.0), 'pos2_y': np.float64(-0.35), 'pos3_x': np.float64(0.55), 'pos3_y': np.float64(-0.35), 'pos4_x': np.float64(-0.55), 'pos4_y': np.float64(0.0), 'pos5_x': np.float64(0.0), 'pos5_y': np.float64(0.0), 'pos6_x': np.float64(-0.55), 'pos6_y': np.float64(-0.35), 'thisN': 1, 'thisTrialN': 1, 'thisRepN': 0}>
14.2086 	EXP 	Imported resources/midLoop.csv as conditions, 5 conditions, 35 params
14.2090 	EXP 	New trial (rep=0, index=0): <Trial 0 (0 in rep 0) data={'img_query': 'resources/images/medium/med_Q3.jpg', 'img_query_w': np.int64(1024), 'img_query_h': np.int64(768), 'img_query_disp_w': np.float64(0.3), 'img_query_disp_h': np.float64(0.225), 'sam_1': 'resources/images/medium/med_S1_3.jpg', 'sam_1_w': np.int64(4160), 'sam_1_h': np.int64(2340), 'sam_1_disp_w': np.float64(0.3), 'sam_1_disp_h': np.float64(0.16875), 'sam_2': 'resources/images/medium/med_S2_3.jpg', 'sam_2_w': np.int64(1024), 'sam_2_h': np.int64(768), 'sam_2_disp_w': np.float64(0.25), 'sam_2_disp_h': np.float64(0.1875), 'sam_3': 'resources/images/medium/med_S3_3.jpg', 'sam_3_w': np.int64(1024), 'sam_3_h': np.int64(768), 'sam_3_disp_w': np.float64(0.25), 'sam_3_disp_h': np.float64(0.1875), 'sam_4': 'resources/images/medium/med_S4_3.jpg', 'sam_4_w': np.int64(350), 'sam_4_h': np.int64(197), 'sam_4_disp_w': np.float64(0.25), 'sam_4_disp_h': np.float64(0.140714286), 'sam_5': 'resources/images/medium/med_S5_3.jpg', 'sam_5_w': np.int64(2592), 'sam_5_h': np.int64(4608), 'sam_5_disp_w': np.float64(0.140625), 'sam_5_disp_h': np.float64(0.25), 'img_targ': 'resources/images/medium/med_T3.jpg', 'targ_w': np.int64(1024), 'targ_h': np.int64(768), 'targ_disp_w': np.float64(0.25), 'targ_disp_h': np.float64(0.1875), 'thisN': 0, 'thisTrialN': 0, 'thisRepN': 0}>
14.4887 	EXP 	Device response: <KeyPress from None: t=13.28380437499436, value=space, duration=0.9872502500074916>
14.4906 	DATA 	Keypress: space
14.4939 	INFO 	Keyboard events cleared
14.4938 	EXP 	M_query: autoDraw = False
14.4938 	EXP 	M_top_left: autoDraw = False
14.4938 	EXP 	M_top_mid: autoDraw = False
14.4938 	EXP 	M_top_right: autoDraw = False
14.4938 	EXP 	M_bot_left: autoDraw = False
14.4938 	EXP 	M_bot_mid: autoDraw = False
14.4938 	EXP 	M_bot_right: autoDraw = False
14.4938 	EXP 	M_query: image = 'resources/images/medium/med_Q3.jpg'
14.4938 	EXP 	M_top_left: image = 'resources/images/medium/med_S1_3.jpg'
14.4938 	EXP 	M_top_mid: image = 'resources/images/medium/med_S2_3.jpg'
14.4938 	EXP 	M_top_right: image = 'resources/images/medium/med_S3_3.jpg'
14.4938 	EXP 	M_bot_left: image = 'resources/images/medium/med_S4_3.jpg'
14.4938 	EXP 	M_bot_mid: image = 'resources/images/medium/med_S5_3.jpg'
14.4938 	EXP 	M_bot_right: image = 'resources/images/medium/med_T3.jpg'
14.4938 	EXP 	M_query: autoDraw = True
14.4938 	EXP 	M_top_left: autoDraw = True
14.4938 	EXP 	M_top_mid: autoDraw = True
14.4938 	EXP 	M_top_right: autoDraw = True
14.4938 	EXP 	M_bot_left: autoDraw = True
14.4938 	EXP 	M_bot_mid: autoDraw = True
14.4938 	EXP 	M_bot_right: autoDraw = True
15.2416 	EXP 	Device response: <KeyPress from None: t=15.23828862499795, value=space, duration=None>
15.2425 	EXP 	New trial (rep=0, index=1): <Trial 1 (1 in rep 0) data={'img_query': 'resources/images/medium/med_Q1.jpg', 'img_query_w': np.int64(4032), 'img_query_h': np.int64(3024), 'img_query_disp_w': np.float64(0.3), 'img_query_disp_h': np.float64(0.225), 'sam_1': 'resources/images/medium/med_S1_1.jpg', 'sam_1_w': np.int64(768), 'sam_1_h': np.int64(1024), 'sam_1_disp_w': np.float64(0.225), 'sam_1_disp_h': np.float64(0.3), 'sam_2': 'resources/images/medium/med_S2_1.jpg', 'sam_2_w': np.int64(768), 'sam_2_h': np.int64(1024), 'sam_2_disp_w': np.float64(0.1875), 'sam_2_disp_h': np.float64(0.25), 'sam_3': 'resources/images/medium/med_S3_1.jpg', 'sam_3_w': np.int64(350), 'sam_3_h': np.int64(233), 'sam_3_disp_w': np.float64(0.25), 'sam_3_disp_h': np.float64(0.166428571), 'sam_4': 'resources/images/medium/med_S4_1.jpg', 'sam_4_w': np.int64(768), 'sam_4_h': np.int64(1024), 'sam_4_disp_w': np.float64(0.1875), 'sam_4_disp_h': np.float64(0.25), 'sam_5': 'resources/images/medium/med_S5_1.jpg', 'sam_5_w': np.int64(768), 'sam_5_h': np.int64(1040), 'sam_5_disp_w': np.float64(0.184615385), 'sam_5_disp_h': np.float64(0.25), 'img_targ': 'resources/images/medium/med_T1.jpg', 'targ_w': np.int64(1024), 'targ_h': np.int64(768), 'targ_disp_w': np.float64(0.25), 'targ_disp_h': np.float64(0.1875), 'thisN': 1, 'thisTrialN': 1, 'thisRepN': 0}>
15.4621 	EXP 	Device response: <KeyPress from None: t=14.183173083001748, value=space, duration=1.138799124993966>
15.4641 	DATA 	Keypress: space
15.4674 	INFO 	Keyboard events cleared
15.4673 	EXP 	M_query: autoDraw = False
15.4673 	EXP 	M_top_left: autoDraw = False
15.4673 	EXP 	M_top_mid: autoDraw = False
15.4673 	EXP 	M_top_right: autoDraw = False
15.4673 	EXP 	M_bot_left: autoDraw = False
15.4673 	EXP 	M_bot_mid: autoDraw = False
15.4673 	EXP 	M_bot_right: autoDraw = False
15.4673 	EXP 	M_query: image = 'resources/images/medium/med_Q1.jpg'
15.4673 	EXP 	M_top_left: image = 'resources/images/medium/med_S1_1.jpg'
15.4673 	EXP 	M_top_mid: image = 'resources/images/medium/med_S2_1.jpg'
15.4673 	EXP 	M_top_right: image = 'resources/images/medium/med_S3_1.jpg'
15.4673 	EXP 	M_bot_left: image = 'resources/images/medium/med_S4_1.jpg'
15.4673 	EXP 	M_bot_mid: image = 'resources/images/medium/med_S5_1.jpg'
15.4673 	EXP 	M_bot_right: image = 'resources/images/medium/med_T1.jpg'
15.4673 	EXP 	M_query: autoDraw = True
15.4673 	EXP 	M_top_left: autoDraw = True
15.4673 	EXP 	M_top_mid: autoDraw = True
15.4673 	EXP 	M_top_right: autoDraw = True
15.4673 	EXP 	M_bot_left: autoDraw = True
15.4673 	EXP 	M_bot_mid: autoDraw = True
15.4673 	EXP 	M_bot_right: autoDraw = True
16.0894 	EXP 	Device response: <KeyPress from None: t=16.08279279099952, value=space, duration=None>
16.0900 	EXP 	New trial (rep=0, index=2): <Trial 2 (2 in rep 0) data={'img_query': 'resources/images/medium/med_Q2.jpg', 'img_query_w': np.int64(1024), 'img_query_h': np.int64(768), 'img_query_disp_w': np.float64(0.3), 'img_query_disp_h': np.float64(0.225), 'sam_1': 'resources/images/medium/med_S1_2.jpg', 'sam_1_w': np.int64(4032), 'sam_1_h': np.int64(3024), 'sam_1_disp_w': np.float64(0.3), 'sam_1_disp_h': np.float64(0.225), 'sam_2': 'resources/images/medium/med_S2_2.jpg', 'sam_2_w': np.int64(250), 'sam_2_h': np.int64(233), 'sam_2_disp_w': np.float64(0.25), 'sam_2_disp_h': np.float64(0.233), 'sam_3': 'resources/images/medium/med_S3_2.jpg', 'sam_3_w': np.int64(1024), 'sam_3_h': np.int64(768), 'sam_3_disp_w': np.float64(0.25), 'sam_3_disp_h': np.float64(0.1875), 'sam_4': 'resources/images/medium/med_S4_2.jpg', 'sam_4_w': np.int64(350), 'sam_4_h': np.int64(233), 'sam_4_disp_w': np.float64(0.25), 'sam_4_disp_h': np.float64(0.166428571), 'sam_5': 'resources/images/medium/med_S5_2.jpg', 'sam_5_w': np.int64(350), 'sam_5_h': np.int64(233), 'sam_5_disp_w': np.float64(0.25), 'sam_5_disp_h': np.float64(0.166428571), 'img_targ': 'resources/images/medium/med_T2.jpg', 'targ_w': np.int64(4032), 'targ_h': np.int64(2268), 'targ_disp_w': np.float64(0.25), 'targ_disp_h': np.float64(0.140625), 'thisN': 2, 'thisTrialN': 2, 'thisRepN': 0}>
16.3501 	EXP 	Device response: <KeyPress from None: t=15.23828862499795, value=space, duration=0.9525156250019791>
16.3521 	DATA 	Keypress: space
16.3554 	INFO 	Keyboard events cleared
16.3553 	EXP 	M_query: autoDraw = False
16.3553 	EXP 	M_top_left: autoDraw = False
16.3553 	EXP 	M_top_mid: autoDraw = False
16.3553 	EXP 	M_top_right: autoDraw = False
16.3553 	EXP 	M_bot_left: autoDraw = False
16.3553 	EXP 	M_bot_mid: autoDraw = False
16.3553 	EXP 	M_bot_right: autoDraw = False
16.3553 	EXP 	M_query: image = 'resources/images/medium/med_Q2.jpg'
16.3553 	EXP 	M_top_left: image = 'resources/images/medium/med_S1_2.jpg'
16.3553 	EXP 	M_top_mid: image = 'resources/images/medium/med_S2_2.jpg'
16.3553 	EXP 	M_top_right: image = 'resources/images/medium/med_S3_2.jpg'
16.3553 	EXP 	M_bot_left: image = 'resources/images/medium/med_S4_2.jpg'
16.3553 	EXP 	M_bot_mid: image = 'resources/images/medium/med_S5_2.jpg'
16.3553 	EXP 	M_bot_right: image = 'resources/images/medium/med_T2.jpg'
16.3553 	EXP 	M_query: autoDraw = True
16.3553 	EXP 	M_top_left: autoDraw = True
16.3553 	EXP 	M_top_mid: autoDraw = True
16.3553 	EXP 	M_top_right: autoDraw = True
16.3553 	EXP 	M_bot_left: autoDraw = True
16.3553 	EXP 	M_bot_mid: autoDraw = True
16.3553 	EXP 	M_bot_right: autoDraw = True
16.8412 	EXP 	Device response: <KeyPress from None: t=16.838080582994735, value=space, duration=None>
16.8420 	EXP 	New trial (rep=0, index=3): <Trial 3 (3 in rep 0) data={'img_query': 'resources/images/medium/med_Q5.jpg', 'img_query_w': np.int64(1024), 'img_query_h': np.int64(768), 'img_query_disp_w': np.float64(0.3), 'img_query_disp_h': np.float64(0.225), 'sam_1': 'resources/images/medium/med_S1_5.jpg', 'sam_1_w': np.int64(1024), 'sam_1_h': np.int64(768), 'sam_1_disp_w': np.float64(0.3), 'sam_1_disp_h': np.float64(0.225), 'sam_2': 'resources/images/medium/med_S2_5.jpg', 'sam_2_w': np.int64(1024), 'sam_2_h': np.int64(768), 'sam_2_disp_w': np.float64(0.25), 'sam_2_disp_h': np.float64(0.1875), 'sam_3': 'resources/images/medium/med_S3_5.jpg', 'sam_3_w': np.int64(3264), 'sam_3_h': np.int64(1840), 'sam_3_disp_w': np.float64(0.25), 'sam_3_disp_h': np.float64(0.140931373), 'sam_4': 'resources/images/medium/med_S4_5.jpg', 'sam_4_w': np.int64(768), 'sam_4_h': np.int64(1024), 'sam_4_disp_w': np.float64(0.1875), 'sam_4_disp_h': np.float64(0.25), 'sam_5': 'resources/images/medium/med_S5_5.jpg', 'sam_5_w': np.int64(350), 'sam_5_h': np.int64(233), 'sam_5_disp_w': np.float64(0.25), 'sam_5_disp_h': np.float64(0.166428571), 'img_targ': 'resources/images/medium/med_T5.jpg', 'targ_w': np.int64(768), 'targ_h': np.int64(1024), 'targ_disp_w': np.float64(0.1875), 'targ_disp_h': np.float64(0.25), 'thisN': 3, 'thisTrialN': 3, 'thisRepN': 0}>
16.9865 	EXP 	Device response: <KeyPress from None: t=16.08279279099952, value=space, duration=0.8911012089956785>
16.9884 	DATA 	Keypress: space
16.9917 	INFO 	Keyboard events cleared
16.9916 	EXP 	M_query: autoDraw = False
16.9916 	EXP 	M_top_left: autoDraw = False
16.9916 	EXP 	M_top_mid: autoDraw = False
16.9916 	EXP 	M_top_right: autoDraw = False
16.9916 	EXP 	M_bot_left: autoDraw = False
16.9916 	EXP 	M_bot_mid: autoDraw = False
16.9916 	EXP 	M_bot_right: autoDraw = False
16.9916 	EXP 	M_query: image = 'resources/images/medium/med_Q5.jpg'
16.9916 	EXP 	M_top_left: image = 'resources/images/medium/med_S1_5.jpg'
16.9916 	EXP 	M_top_mid: image = 'resources/images/medium/med_S2_5.jpg'
16.9916 	EXP 	M_top_right: image = 'resources/images/medium/med_S3_5.jpg'
16.9916 	EXP 	M_bot_left: image = 'resources/images/medium/med_S4_5.jpg'
16.9916 	EXP 	M_bot_mid: image = 'resources/images/medium/med_S5_5.jpg'
16.9916 	EXP 	M_bot_right: image = 'resources/images/medium/med_T5.jpg'
16.9916 	EXP 	M_query: autoDraw = True
16.9916 	EXP 	M_top_left: autoDraw = True
16.9916 	EXP 	M_top_mid: autoDraw = True
16.9916 	EXP 	M_top_right: autoDraw = True
16.9916 	EXP 	M_bot_left: autoDraw = True
16.9916 	EXP 	M_bot_mid: autoDraw = True
16.9916 	EXP 	M_bot_right: autoDraw = True
17.4910 	EXP 	Device response: <KeyPress from None: t=17.480578916001832, value=space, duration=None>
17.4919 	EXP 	New trial (rep=0, index=4): <Trial 4 (4 in rep 0) data={'img_query': 'resources/images/medium/med_Q4.jpg', 'img_query_w': np.int64(768), 'img_query_h': np.int64(1024), 'img_query_disp_w': np.float64(0.225), 'img_query_disp_h': np.float64(0.3), 'sam_1': 'resources/images/medium/med_S1_4.jpg', 'sam_1_w': np.int64(1024), 'sam_1_h': np.int64(768), 'sam_1_disp_w': np.float64(0.3), 'sam_1_disp_h': np.float64(0.225), 'sam_2': 'resources/images/medium/med_S2_4.jpg', 'sam_2_w': np.int64(350), 'sam_2_h': np.int64(234), 'sam_2_disp_w': np.float64(0.25), 'sam_2_disp_h': np.float64(0.167142857), 'sam_3': 'resources/images/medium/med_S3_4.jpg', 'sam_3_w': np.int64(350), 'sam_3_h': np.int64(341), 'sam_3_disp_w': np.float64(0.25), 'sam_3_disp_h': np.float64(0.243571429), 'sam_4': 'resources/images/medium/med_S4_4.jpg', 'sam_4_w': np.int64(768), 'sam_4_h': np.int64(1024), 'sam_4_disp_w': np.float64(0.1875), 'sam_4_disp_h': np.float64(0.25), 'sam_5': 'resources/images/medium/med_S5_4.jpg', 'sam_5_w': np.int64(350), 'sam_5_h': np.int64(208), 'sam_5_disp_w': np.float64(0.25), 'sam_5_disp_h': np.float64(0.148571429), 'img_targ': 'resources/images/medium/med_T4.jpg', 'targ_w': np.int64(768), 'targ_h': np.int64(1024), 'targ_disp_w': np.float64(0.1875), 'targ_disp_h': np.float64(0.25), 'thisN': 4, 'thisTrialN': 4, 'thisRepN': 0}>
17.5634 	DATA 	Keypress: space
17.5665 	INFO 	Keyboard events cleared
17.5664 	EXP 	M_query: autoDraw = False
17.5664 	EXP 	M_top_left: autoDraw = False
17.5664 	EXP 	M_top_mid: autoDraw = False
17.5664 	EXP 	M_top_right: autoDraw = False
17.5664 	EXP 	M_bot_left: autoDraw = False
17.5664 	EXP 	M_bot_mid: autoDraw = False
17.5664 	EXP 	M_bot_right: autoDraw = False
17.5664 	EXP 	M_query: image = 'resources/images/medium/med_Q4.jpg'
17.5664 	EXP 	M_top_left: image = 'resources/images/medium/med_S1_4.jpg'
17.5664 	EXP 	M_top_mid: image = 'resources/images/medium/med_S2_4.jpg'
17.5664 	EXP 	M_top_right: image = 'resources/images/medium/med_S3_4.jpg'
17.5664 	EXP 	M_bot_left: image = 'resources/images/medium/med_S4_4.jpg'
17.5664 	EXP 	M_bot_mid: image = 'resources/images/medium/med_S5_4.jpg'
17.5664 	EXP 	M_bot_right: image = 'resources/images/medium/med_T4.jpg'
17.5664 	EXP 	M_query: autoDraw = True
17.5664 	EXP 	M_top_left: autoDraw = True
17.5664 	EXP 	M_top_mid: autoDraw = True
17.5664 	EXP 	M_top_right: autoDraw = True
17.5664 	EXP 	M_bot_left: autoDraw = True
17.5664 	EXP 	M_bot_mid: autoDraw = True
17.5664 	EXP 	M_bot_right: autoDraw = True
17.6208 	EXP 	Device response: <KeyPress from None: t=16.838080582994735, value=space, duration=0.7747498750104569>
18.4409 	EXP 	Device response: <KeyPress from None: t=18.43562941599521, value=space, duration=None>
18.4466 	EXP 	New trial (rep=0, index=2): <Trial 2 (2 in rep 0) data={'pos1_x': np.float64(0.55), 'pos1_y': np.float64(-0.35), 'pos2_x': np.float64(0.0), 'pos2_y': np.float64(-0.35), 'pos3_x': np.float64(-0.55), 'pos3_y': np.float64(-0.35), 'pos4_x': np.float64(0.55), 'pos4_y': np.float64(0.0), 'pos5_x': np.float64(-0.55), 'pos5_y': np.float64(0.0), 'pos6_x': np.float64(0.0), 'pos6_y': np.float64(0.0), 'thisN': 2, 'thisTrialN': 2, 'thisRepN': 0}>
18.4575 	EXP 	Imported resources/midLoop.csv as conditions, 5 conditions, 35 params
18.4579 	EXP 	New trial (rep=0, index=0): <Trial 0 (0 in rep 0) data={'img_query': 'resources/images/medium/med_Q4.jpg', 'img_query_w': np.int64(768), 'img_query_h': np.int64(1024), 'img_query_disp_w': np.float64(0.225), 'img_query_disp_h': np.float64(0.3), 'sam_1': 'resources/images/medium/med_S1_4.jpg', 'sam_1_w': np.int64(1024), 'sam_1_h': np.int64(768), 'sam_1_disp_w': np.float64(0.3), 'sam_1_disp_h': np.float64(0.225), 'sam_2': 'resources/images/medium/med_S2_4.jpg', 'sam_2_w': np.int64(350), 'sam_2_h': np.int64(234), 'sam_2_disp_w': np.float64(0.25), 'sam_2_disp_h': np.float64(0.167142857), 'sam_3': 'resources/images/medium/med_S3_4.jpg', 'sam_3_w': np.int64(350), 'sam_3_h': np.int64(341), 'sam_3_disp_w': np.float64(0.25), 'sam_3_disp_h': np.float64(0.243571429), 'sam_4': 'resources/images/medium/med_S4_4.jpg', 'sam_4_w': np.int64(768), 'sam_4_h': np.int64(1024), 'sam_4_disp_w': np.float64(0.1875), 'sam_4_disp_h': np.float64(0.25), 'sam_5': 'resources/images/medium/med_S5_4.jpg', 'sam_5_w': np.int64(350), 'sam_5_h': np.int64(208), 'sam_5_disp_w': np.float64(0.25), 'sam_5_disp_h': np.float64(0.148571429), 'img_targ': 'resources/images/medium/med_T4.jpg', 'targ_w': np.int64(768), 'targ_h': np.int64(1024), 'targ_disp_w': np.float64(0.1875), 'targ_disp_h': np.float64(0.25), 'thisN': 0, 'thisTrialN': 0, 'thisRepN': 0}>
18.5096 	DATA 	Keypress: space
18.5127 	INFO 	Keyboard events cleared
18.5126 	EXP 	M_query: autoDraw = False
18.5126 	EXP 	M_top_left: autoDraw = False
18.5126 	EXP 	M_top_mid: autoDraw = False
18.5126 	EXP 	M_top_right: autoDraw = False
18.5126 	EXP 	M_bot_left: autoDraw = False
18.5126 	EXP 	M_bot_mid: autoDraw = False
18.5126 	EXP 	M_bot_right: autoDraw = False
18.5126 	EXP 	M_query: image = 'resources/images/medium/med_Q4.jpg'
18.5126 	EXP 	M_top_left: image = 'resources/images/medium/med_S1_4.jpg'
18.5126 	EXP 	M_top_mid: image = 'resources/images/medium/med_S2_4.jpg'
18.5126 	EXP 	M_top_right: image = 'resources/images/medium/med_S3_4.jpg'
18.5126 	EXP 	M_bot_left: image = 'resources/images/medium/med_S4_4.jpg'
18.5126 	EXP 	M_bot_mid: image = 'resources/images/medium/med_S5_4.jpg'
18.5126 	EXP 	M_bot_right: image = 'resources/images/medium/med_T4.jpg'
18.5126 	EXP 	M_query: autoDraw = True
18.5126 	EXP 	M_top_left: autoDraw = True
18.5126 	EXP 	M_top_mid: autoDraw = True
18.5126 	EXP 	M_top_right: autoDraw = True
18.5126 	EXP 	M_bot_left: autoDraw = True
18.5126 	EXP 	M_bot_mid: autoDraw = True
18.5126 	EXP 	M_bot_right: autoDraw = True
18.5571 	EXP 	Device response: <KeyPress from None: t=17.480578916001832, value=space, duration=1.0748938750039088>
19.2081 	EXP 	Device response: <KeyPress from None: t=19.201219166003284, value=space, duration=None>
19.2087 	EXP 	New trial (rep=0, index=1): <Trial 1 (1 in rep 0) data={'img_query': 'resources/images/medium/med_Q3.jpg', 'img_query_w': np.int64(1024), 'img_query_h': np.int64(768), 'img_query_disp_w': np.float64(0.3), 'img_query_disp_h': np.float64(0.225), 'sam_1': 'resources/images/medium/med_S1_3.jpg', 'sam_1_w': np.int64(4160), 'sam_1_h': np.int64(2340), 'sam_1_disp_w': np.float64(0.3), 'sam_1_disp_h': np.float64(0.16875), 'sam_2': 'resources/images/medium/med_S2_3.jpg', 'sam_2_w': np.int64(1024), 'sam_2_h': np.int64(768), 'sam_2_disp_w': np.float64(0.25), 'sam_2_disp_h': np.float64(0.1875), 'sam_3': 'resources/images/medium/med_S3_3.jpg', 'sam_3_w': np.int64(1024), 'sam_3_h': np.int64(768), 'sam_3_disp_w': np.float64(0.25), 'sam_3_disp_h': np.float64(0.1875), 'sam_4': 'resources/images/medium/med_S4_3.jpg', 'sam_4_w': np.int64(350), 'sam_4_h': np.int64(197), 'sam_4_disp_w': np.float64(0.25), 'sam_4_disp_h': np.float64(0.140714286), 'sam_5': 'resources/images/medium/med_S5_3.jpg', 'sam_5_w': np.int64(2592), 'sam_5_h': np.int64(4608), 'sam_5_disp_w': np.float64(0.140625), 'sam_5_disp_h': np.float64(0.25), 'img_targ': 'resources/images/medium/med_T3.jpg', 'targ_w': np.int64(1024), 'targ_h': np.int64(768), 'targ_disp_w': np.float64(0.25), 'targ_disp_h': np.float64(0.1875), 'thisN': 1, 'thisTrialN': 1, 'thisRepN': 0}>
19.4696 	EXP 	Device response: <KeyPress from None: t=18.43562941599521, value=space, duration=0.8735773340013111>
19.4715 	DATA 	Keypress: space
19.4748 	INFO 	Keyboard events cleared
19.4747 	EXP 	M_query: autoDraw = False
19.4747 	EXP 	M_top_left: autoDraw = False
19.4747 	EXP 	M_top_mid: autoDraw = False
19.4747 	EXP 	M_top_right: autoDraw = False
19.4747 	EXP 	M_bot_left: autoDraw = False
19.4747 	EXP 	M_bot_mid: autoDraw = False
19.4747 	EXP 	M_bot_right: autoDraw = False
19.4747 	EXP 	M_query: image = 'resources/images/medium/med_Q3.jpg'
19.4747 	EXP 	M_top_left: image = 'resources/images/medium/med_S1_3.jpg'
19.4747 	EXP 	M_top_mid: image = 'resources/images/medium/med_S2_3.jpg'
19.4747 	EXP 	M_top_right: image = 'resources/images/medium/med_S3_3.jpg'
19.4747 	EXP 	M_bot_left: image = 'resources/images/medium/med_S4_3.jpg'
19.4747 	EXP 	M_bot_mid: image = 'resources/images/medium/med_S5_3.jpg'
19.4747 	EXP 	M_bot_right: image = 'resources/images/medium/med_T3.jpg'
19.4747 	EXP 	M_query: autoDraw = True
19.4747 	EXP 	M_top_left: autoDraw = True
19.4747 	EXP 	M_top_mid: autoDraw = True
19.4747 	EXP 	M_top_right: autoDraw = True
19.4747 	EXP 	M_bot_left: autoDraw = True
19.4747 	EXP 	M_bot_mid: autoDraw = True
19.4747 	EXP 	M_bot_right: autoDraw = True
20.1087 	EXP 	Device response: <KeyPress from None: t=20.105847291008104, value=space, duration=None>
20.1097 	EXP 	New trial (rep=0, index=2): <Trial 2 (2 in rep 0) data={'img_query': 'resources/images/medium/med_Q2.jpg', 'img_query_w': np.int64(1024), 'img_query_h': np.int64(768), 'img_query_disp_w': np.float64(0.3), 'img_query_disp_h': np.float64(0.225), 'sam_1': 'resources/images/medium/med_S1_2.jpg', 'sam_1_w': np.int64(4032), 'sam_1_h': np.int64(3024), 'sam_1_disp_w': np.float64(0.3), 'sam_1_disp_h': np.float64(0.225), 'sam_2': 'resources/images/medium/med_S2_2.jpg', 'sam_2_w': np.int64(250), 'sam_2_h': np.int64(233), 'sam_2_disp_w': np.float64(0.25), 'sam_2_disp_h': np.float64(0.233), 'sam_3': 'resources/images/medium/med_S3_2.jpg', 'sam_3_w': np.int64(1024), 'sam_3_h': np.int64(768), 'sam_3_disp_w': np.float64(0.25), 'sam_3_disp_h': np.float64(0.1875), 'sam_4': 'resources/images/medium/med_S4_2.jpg', 'sam_4_w': np.int64(350), 'sam_4_h': np.int64(233), 'sam_4_disp_w': np.float64(0.25), 'sam_4_disp_h': np.float64(0.166428571), 'sam_5': 'resources/images/medium/med_S5_2.jpg', 'sam_5_w': np.int64(350), 'sam_5_h': np.int64(233), 'sam_5_disp_w': np.float64(0.25), 'sam_5_disp_h': np.float64(0.166428571), 'img_targ': 'resources/images/medium/med_T2.jpg', 'targ_w': np.int64(4032), 'targ_h': np.int64(2268), 'targ_disp_w': np.float64(0.25), 'targ_disp_h': np.float64(0.140625), 'thisN': 2, 'thisTrialN': 2, 'thisRepN': 0}>
20.3565 	EXP 	Device response: <KeyPress from None: t=19.201219166003284, value=space, duration=1.024827125002048>
20.3585 	DATA 	Keypress: space
20.3614 	INFO 	Keyboard events cleared
20.3614 	EXP 	M_query: autoDraw = False
20.3614 	EXP 	M_top_left: autoDraw = False
20.3614 	EXP 	M_top_mid: autoDraw = False
20.3614 	EXP 	M_top_right: autoDraw = False
20.3614 	EXP 	M_bot_left: autoDraw = False
20.3614 	EXP 	M_bot_mid: autoDraw = False
20.3614 	EXP 	M_bot_right: autoDraw = False
20.3614 	EXP 	M_query: image = 'resources/images/medium/med_Q2.jpg'
20.3614 	EXP 	M_top_left: image = 'resources/images/medium/med_S1_2.jpg'
20.3614 	EXP 	M_top_mid: image = 'resources/images/medium/med_S2_2.jpg'
20.3614 	EXP 	M_top_right: image = 'resources/images/medium/med_S3_2.jpg'
20.3614 	EXP 	M_bot_left: image = 'resources/images/medium/med_S4_2.jpg'
20.3614 	EXP 	M_bot_mid: image = 'resources/images/medium/med_S5_2.jpg'
20.3614 	EXP 	M_bot_right: image = 'resources/images/medium/med_T2.jpg'
20.3614 	EXP 	M_query: autoDraw = True
20.3614 	EXP 	M_top_left: autoDraw = True
20.3614 	EXP 	M_top_mid: autoDraw = True
20.3614 	EXP 	M_top_right: autoDraw = True
20.3614 	EXP 	M_bot_left: autoDraw = True
20.3614 	EXP 	M_bot_mid: autoDraw = True
20.3614 	EXP 	M_bot_right: autoDraw = True
20.8051 	EXP 	Device response: <KeyPress from None: t=20.803130375003093, value=space, duration=None>
20.8057 	EXP 	New trial (rep=0, index=3): <Trial 3 (3 in rep 0) data={'img_query': 'resources/images/medium/med_Q1.jpg', 'img_query_w': np.int64(4032), 'img_query_h': np.int64(3024), 'img_query_disp_w': np.float64(0.3), 'img_query_disp_h': np.float64(0.225), 'sam_1': 'resources/images/medium/med_S1_1.jpg', 'sam_1_w': np.int64(768), 'sam_1_h': np.int64(1024), 'sam_1_disp_w': np.float64(0.225), 'sam_1_disp_h': np.float64(0.3), 'sam_2': 'resources/images/medium/med_S2_1.jpg', 'sam_2_w': np.int64(768), 'sam_2_h': np.int64(1024), 'sam_2_disp_w': np.float64(0.1875), 'sam_2_disp_h': np.float64(0.25), 'sam_3': 'resources/images/medium/med_S3_1.jpg', 'sam_3_w': np.int64(350), 'sam_3_h': np.int64(233), 'sam_3_disp_w': np.float64(0.25), 'sam_3_disp_h': np.float64(0.166428571), 'sam_4': 'resources/images/medium/med_S4_1.jpg', 'sam_4_w': np.int64(768), 'sam_4_h': np.int64(1024), 'sam_4_disp_w': np.float64(0.1875), 'sam_4_disp_h': np.float64(0.25), 'sam_5': 'resources/images/medium/med_S5_1.jpg', 'sam_5_w': np.int64(768), 'sam_5_h': np.int64(1040), 'sam_5_disp_w': np.float64(0.184615385), 'sam_5_disp_h': np.float64(0.25), 'img_targ': 'resources/images/medium/med_T1.jpg', 'targ_w': np.int64(1024), 'targ_h': np.int64(768), 'targ_disp_w': np.float64(0.25), 'targ_disp_h': np.float64(0.1875), 'thisN': 3, 'thisTrialN': 3, 'thisRepN': 0}>
20.9989 	EXP 	Device response: <KeyPress from None: t=20.105847291008104, value=space, duration=0.8252654589887243>
21.0008 	DATA 	Keypress: space
21.0042 	INFO 	Keyboard events cleared
21.0041 	EXP 	M_query: autoDraw = False
21.0041 	EXP 	M_top_left: autoDraw = False
21.0041 	EXP 	M_top_mid: autoDraw = False
21.0041 	EXP 	M_top_right: autoDraw = False
21.0041 	EXP 	M_bot_left: autoDraw = False
21.0041 	EXP 	M_bot_mid: autoDraw = False
21.0041 	EXP 	M_bot_right: autoDraw = False
21.0041 	EXP 	M_query: image = 'resources/images/medium/med_Q1.jpg'
21.0041 	EXP 	M_top_left: image = 'resources/images/medium/med_S1_1.jpg'
21.0041 	EXP 	M_top_mid: image = 'resources/images/medium/med_S2_1.jpg'
21.0041 	EXP 	M_top_right: image = 'resources/images/medium/med_S3_1.jpg'
21.0041 	EXP 	M_bot_left: image = 'resources/images/medium/med_S4_1.jpg'
21.0041 	EXP 	M_bot_mid: image = 'resources/images/medium/med_S5_1.jpg'
21.0041 	EXP 	M_bot_right: image = 'resources/images/medium/med_T1.jpg'
21.0041 	EXP 	M_query: autoDraw = True
21.0041 	EXP 	M_top_left: autoDraw = True
21.0041 	EXP 	M_top_mid: autoDraw = True
21.0041 	EXP 	M_top_right: autoDraw = True
21.0041 	EXP 	M_bot_left: autoDraw = True
21.0041 	EXP 	M_bot_mid: autoDraw = True
21.0041 	EXP 	M_bot_right: autoDraw = True
21.5414 	EXP 	Device response: <KeyPress from None: t=21.53895950000151, value=space, duration=None>
21.5421 	EXP 	New trial (rep=0, index=4): <Trial 4 (4 in rep 0) data={'img_query': 'resources/images/medium/med_Q5.jpg', 'img_query_w': np.int64(1024), 'img_query_h': np.int64(768), 'img_query_disp_w': np.float64(0.3), 'img_query_disp_h': np.float64(0.225), 'sam_1': 'resources/images/medium/med_S1_5.jpg', 'sam_1_w': np.int64(1024), 'sam_1_h': np.int64(768), 'sam_1_disp_w': np.float64(0.3), 'sam_1_disp_h': np.float64(0.225), 'sam_2': 'resources/images/medium/med_S2_5.jpg', 'sam_2_w': np.int64(1024), 'sam_2_h': np.int64(768), 'sam_2_disp_w': np.float64(0.25), 'sam_2_disp_h': np.float64(0.1875), 'sam_3': 'resources/images/medium/med_S3_5.jpg', 'sam_3_w': np.int64(3264), 'sam_3_h': np.int64(1840), 'sam_3_disp_w': np.float64(0.25), 'sam_3_disp_h': np.float64(0.140931373), 'sam_4': 'resources/images/medium/med_S4_5.jpg', 'sam_4_w': np.int64(768), 'sam_4_h': np.int64(1024), 'sam_4_disp_w': np.float64(0.1875), 'sam_4_disp_h': np.float64(0.25), 'sam_5': 'resources/images/medium/med_S5_5.jpg', 'sam_5_w': np.int64(350), 'sam_5_h': np.int64(233), 'sam_5_disp_w': np.float64(0.25), 'sam_5_disp_h': np.float64(0.166428571), 'img_targ': 'resources/images/medium/med_T5.jpg', 'targ_w': np.int64(768), 'targ_h': np.int64(1024), 'targ_disp_w': np.float64(0.1875), 'targ_disp_h': np.float64(0.25), 'thisN': 4, 'thisTrialN': 4, 'thisRepN': 0}>
21.6795 	EXP 	Device response: <KeyPress from None: t=20.803130375003093, value=space, duration=0.8555296660051681>
21.6815 	DATA 	Keypress: space
21.6848 	INFO 	Keyboard events cleared
21.6847 	EXP 	M_query: autoDraw = False
21.6847 	EXP 	M_top_left: autoDraw = False
21.6847 	EXP 	M_top_mid: autoDraw = False
21.6847 	EXP 	M_top_right: autoDraw = False
21.6847 	EXP 	M_bot_left: autoDraw = False
21.6847 	EXP 	M_bot_mid: autoDraw = False
21.6847 	EXP 	M_bot_right: autoDraw = False
21.6847 	EXP 	M_query: image = 'resources/images/medium/med_Q5.jpg'
21.6847 	EXP 	M_top_left: image = 'resources/images/medium/med_S1_5.jpg'
21.6847 	EXP 	M_top_mid: image = 'resources/images/medium/med_S2_5.jpg'
21.6847 	EXP 	M_top_right: image = 'resources/images/medium/med_S3_5.jpg'
21.6847 	EXP 	M_bot_left: image = 'resources/images/medium/med_S4_5.jpg'
21.6847 	EXP 	M_bot_mid: image = 'resources/images/medium/med_S5_5.jpg'
21.6847 	EXP 	M_bot_right: image = 'resources/images/medium/med_T5.jpg'
21.6847 	EXP 	M_query: autoDraw = True
21.6847 	EXP 	M_top_left: autoDraw = True
21.6847 	EXP 	M_top_mid: autoDraw = True
21.6847 	EXP 	M_top_right: autoDraw = True
21.6847 	EXP 	M_bot_left: autoDraw = True
21.6847 	EXP 	M_bot_mid: autoDraw = True
21.6847 	EXP 	M_bot_right: autoDraw = True
22.3449 	EXP 	Device response: <KeyPress from None: t=22.34307820799586, value=space, duration=None>
22.3502 	EXP 	New trial (rep=0, index=3): <Trial 3 (3 in rep 0) data={'pos1_x': np.float64(0.0), 'pos1_y': np.float64(-0.35), 'pos2_x': np.float64(-0.55), 'pos2_y': np.float64(0.0), 'pos3_x': np.float64(0.55), 'pos3_y': np.float64(0.0), 'pos4_x': np.float64(0.55), 'pos4_y': np.float64(-0.35), 'pos5_x': np.float64(-0.55), 'pos5_y': np.float64(-0.35), 'pos6_x': np.float64(0.0), 'pos6_y': np.float64(0.0), 'thisN': 3, 'thisTrialN': 3, 'thisRepN': 0}>
22.3607 	EXP 	Imported resources/midLoop.csv as conditions, 5 conditions, 35 params
22.3611 	EXP 	New trial (rep=0, index=0): <Trial 0 (0 in rep 0) data={'img_query': 'resources/images/medium/med_Q4.jpg', 'img_query_w': np.int64(768), 'img_query_h': np.int64(1024), 'img_query_disp_w': np.float64(0.225), 'img_query_disp_h': np.float64(0.3), 'sam_1': 'resources/images/medium/med_S1_4.jpg', 'sam_1_w': np.int64(1024), 'sam_1_h': np.int64(768), 'sam_1_disp_w': np.float64(0.3), 'sam_1_disp_h': np.float64(0.225), 'sam_2': 'resources/images/medium/med_S2_4.jpg', 'sam_2_w': np.int64(350), 'sam_2_h': np.int64(234), 'sam_2_disp_w': np.float64(0.25), 'sam_2_disp_h': np.float64(0.167142857), 'sam_3': 'resources/images/medium/med_S3_4.jpg', 'sam_3_w': np.int64(350), 'sam_3_h': np.int64(341), 'sam_3_disp_w': np.float64(0.25), 'sam_3_disp_h': np.float64(0.243571429), 'sam_4': 'resources/images/medium/med_S4_4.jpg', 'sam_4_w': np.int64(768), 'sam_4_h': np.int64(1024), 'sam_4_disp_w': np.float64(0.1875), 'sam_4_disp_h': np.float64(0.25), 'sam_5': 'resources/images/medium/med_S5_4.jpg', 'sam_5_w': np.int64(350), 'sam_5_h': np.int64(208), 'sam_5_disp_w': np.float64(0.25), 'sam_5_disp_h': np.float64(0.148571429), 'img_targ': 'resources/images/medium/med_T4.jpg', 'targ_w': np.int64(768), 'targ_h': np.int64(1024), 'targ_disp_w': np.float64(0.1875), 'targ_disp_h': np.float64(0.25), 'thisN': 0, 'thisTrialN': 0, 'thisRepN': 0}>
22.4214 	DATA 	Keypress: space
22.4244 	INFO 	Keyboard events cleared
22.4243 	EXP 	M_query: autoDraw = False
22.4243 	EXP 	M_top_left: autoDraw = False
22.4243 	EXP 	M_top_mid: autoDraw = False
22.4243 	EXP 	M_top_right: autoDraw = False
22.4243 	EXP 	M_bot_left: autoDraw = False
22.4243 	EXP 	M_bot_mid: autoDraw = False
22.4243 	EXP 	M_bot_right: autoDraw = False
22.4243 	EXP 	M_query: image = 'resources/images/medium/med_Q4.jpg'
22.4243 	EXP 	M_top_left: image = 'resources/images/medium/med_S1_4.jpg'
22.4243 	EXP 	M_top_mid: image = 'resources/images/medium/med_S2_4.jpg'
22.4243 	EXP 	M_top_right: image = 'resources/images/medium/med_S3_4.jpg'
22.4243 	EXP 	M_bot_left: image = 'resources/images/medium/med_S4_4.jpg'
22.4243 	EXP 	M_bot_mid: image = 'resources/images/medium/med_S5_4.jpg'
22.4243 	EXP 	M_bot_right: image = 'resources/images/medium/med_T4.jpg'
22.4243 	EXP 	M_query: autoDraw = True
22.4243 	EXP 	M_top_left: autoDraw = True
22.4243 	EXP 	M_top_mid: autoDraw = True
22.4243 	EXP 	M_top_right: autoDraw = True
22.4243 	EXP 	M_bot_left: autoDraw = True
22.4243 	EXP 	M_bot_mid: autoDraw = True
22.4243 	EXP 	M_bot_right: autoDraw = True
22.4743 	EXP 	Device response: <KeyPress from None: t=21.53895950000151, value=space, duration=0.9321392080018995>
23.1955 	EXP 	Device response: <KeyPress from None: t=23.19317262500408, value=space, duration=None>
23.1961 	EXP 	New trial (rep=0, index=1): <Trial 1 (1 in rep 0) data={'img_query': 'resources/images/medium/med_Q5.jpg', 'img_query_w': np.int64(1024), 'img_query_h': np.int64(768), 'img_query_disp_w': np.float64(0.3), 'img_query_disp_h': np.float64(0.225), 'sam_1': 'resources/images/medium/med_S1_5.jpg', 'sam_1_w': np.int64(1024), 'sam_1_h': np.int64(768), 'sam_1_disp_w': np.float64(0.3), 'sam_1_disp_h': np.float64(0.225), 'sam_2': 'resources/images/medium/med_S2_5.jpg', 'sam_2_w': np.int64(1024), 'sam_2_h': np.int64(768), 'sam_2_disp_w': np.float64(0.25), 'sam_2_disp_h': np.float64(0.1875), 'sam_3': 'resources/images/medium/med_S3_5.jpg', 'sam_3_w': np.int64(3264), 'sam_3_h': np.int64(1840), 'sam_3_disp_w': np.float64(0.25), 'sam_3_disp_h': np.float64(0.140931373), 'sam_4': 'resources/images/medium/med_S4_5.jpg', 'sam_4_w': np.int64(768), 'sam_4_h': np.int64(1024), 'sam_4_disp_w': np.float64(0.1875), 'sam_4_disp_h': np.float64(0.25), 'sam_5': 'resources/images/medium/med_S5_5.jpg', 'sam_5_w': np.int64(350), 'sam_5_h': np.int64(233), 'sam_5_disp_w': np.float64(0.25), 'sam_5_disp_h': np.float64(0.166428571), 'img_targ': 'resources/images/medium/med_T5.jpg', 'targ_w': np.int64(768), 'targ_h': np.int64(1024), 'targ_disp_w': np.float64(0.1875), 'targ_disp_h': np.float64(0.25), 'thisN': 1, 'thisTrialN': 1, 'thisRepN': 0}>
23.3222 	DATA 	Keypress: space
23.3253 	INFO 	Keyboard events cleared
23.3252 	EXP 	M_query: autoDraw = False
23.3252 	EXP 	M_top_left: autoDraw = False
23.3252 	EXP 	M_top_mid: autoDraw = False
23.3252 	EXP 	M_top_right: autoDraw = False
23.3252 	EXP 	M_bot_left: autoDraw = False
23.3252 	EXP 	M_bot_mid: autoDraw = False
23.3252 	EXP 	M_bot_right: autoDraw = False
23.3252 	EXP 	M_query: image = 'resources/images/medium/med_Q5.jpg'
23.3252 	EXP 	M_top_left: image = 'resources/images/medium/med_S1_5.jpg'
23.3252 	EXP 	M_top_mid: image = 'resources/images/medium/med_S2_5.jpg'
23.3252 	EXP 	M_top_right: image = 'resources/images/medium/med_S3_5.jpg'
23.3252 	EXP 	M_bot_left: image = 'resources/images/medium/med_S4_5.jpg'
23.3252 	EXP 	M_bot_mid: image = 'resources/images/medium/med_S5_5.jpg'
23.3252 	EXP 	M_bot_right: image = 'resources/images/medium/med_T5.jpg'
23.3252 	EXP 	M_query: autoDraw = True
23.3252 	EXP 	M_top_left: autoDraw = True
23.3252 	EXP 	M_top_mid: autoDraw = True
23.3252 	EXP 	M_top_right: autoDraw = True
23.3252 	EXP 	M_bot_left: autoDraw = True
23.3252 	EXP 	M_bot_mid: autoDraw = True
23.3252 	EXP 	M_bot_right: autoDraw = True
23.3711 	EXP 	Device response: <KeyPress from None: t=22.34307820799586, value=space, duration=1.0260616250016028>
24.0791 	EXP 	Device response: <KeyPress from None: t=24.07723879099649, value=space, duration=None>
24.0796 	EXP 	New trial (rep=0, index=2): <Trial 2 (2 in rep 0) data={'img_query': 'resources/images/medium/med_Q3.jpg', 'img_query_w': np.int64(1024), 'img_query_h': np.int64(768), 'img_query_disp_w': np.float64(0.3), 'img_query_disp_h': np.float64(0.225), 'sam_1': 'resources/images/medium/med_S1_3.jpg', 'sam_1_w': np.int64(4160), 'sam_1_h': np.int64(2340), 'sam_1_disp_w': np.float64(0.3), 'sam_1_disp_h': np.float64(0.16875), 'sam_2': 'resources/images/medium/med_S2_3.jpg', 'sam_2_w': np.int64(1024), 'sam_2_h': np.int64(768), 'sam_2_disp_w': np.float64(0.25), 'sam_2_disp_h': np.float64(0.1875), 'sam_3': 'resources/images/medium/med_S3_3.jpg', 'sam_3_w': np.int64(1024), 'sam_3_h': np.int64(768), 'sam_3_disp_w': np.float64(0.25), 'sam_3_disp_h': np.float64(0.1875), 'sam_4': 'resources/images/medium/med_S4_3.jpg', 'sam_4_w': np.int64(350), 'sam_4_h': np.int64(197), 'sam_4_disp_w': np.float64(0.25), 'sam_4_disp_h': np.float64(0.140714286), 'sam_5': 'resources/images/medium/med_S5_3.jpg', 'sam_5_w': np.int64(2592), 'sam_5_h': np.int64(4608), 'sam_5_disp_w': np.float64(0.140625), 'sam_5_disp_h': np.float64(0.25), 'img_targ': 'resources/images/medium/med_T3.jpg', 'targ_w': np.int64(1024), 'targ_h': np.int64(768), 'targ_disp_w': np.float64(0.25), 'targ_disp_h': np.float64(0.1875), 'thisN': 2, 'thisTrialN': 2, 'thisRepN': 0}>
24.3428 	EXP 	Device response: <KeyPress from None: t=23.19317262500408, value=space, duration=1.0160157079953933>
24.3446 	DATA 	Keypress: space
24.3479 	INFO 	Keyboard events cleared
24.3479 	EXP 	M_query: autoDraw = False
24.3479 	EXP 	M_top_left: autoDraw = False
24.3479 	EXP 	M_top_mid: autoDraw = False
24.3479 	EXP 	M_top_right: autoDraw = False
24.3479 	EXP 	M_bot_left: autoDraw = False
24.3479 	EXP 	M_bot_mid: autoDraw = False
24.3479 	EXP 	M_bot_right: autoDraw = False
24.3479 	EXP 	M_query: image = 'resources/images/medium/med_Q3.jpg'
24.3479 	EXP 	M_top_left: image = 'resources/images/medium/med_S1_3.jpg'
24.3479 	EXP 	M_top_mid: image = 'resources/images/medium/med_S2_3.jpg'
24.3479 	EXP 	M_top_right: image = 'resources/images/medium/med_S3_3.jpg'
24.3479 	EXP 	M_bot_left: image = 'resources/images/medium/med_S4_3.jpg'
24.3479 	EXP 	M_bot_mid: image = 'resources/images/medium/med_S5_3.jpg'
24.3479 	EXP 	M_bot_right: image = 'resources/images/medium/med_T3.jpg'
24.3479 	EXP 	M_query: autoDraw = True
24.3479 	EXP 	M_top_left: autoDraw = True
24.3479 	EXP 	M_top_mid: autoDraw = True
24.3479 	EXP 	M_top_right: autoDraw = True
24.3479 	EXP 	M_bot_left: autoDraw = True
24.3479 	EXP 	M_bot_mid: autoDraw = True
24.3479 	EXP 	M_bot_right: autoDraw = True
24.9567 	EXP 	Device response: <KeyPress from None: t=24.949816166001256, value=space, duration=None>
24.9574 	EXP 	New trial (rep=0, index=3): <Trial 3 (3 in rep 0) data={'img_query': 'resources/images/medium/med_Q1.jpg', 'img_query_w': np.int64(4032), 'img_query_h': np.int64(3024), 'img_query_disp_w': np.float64(0.3), 'img_query_disp_h': np.float64(0.225), 'sam_1': 'resources/images/medium/med_S1_1.jpg', 'sam_1_w': np.int64(768), 'sam_1_h': np.int64(1024), 'sam_1_disp_w': np.float64(0.225), 'sam_1_disp_h': np.float64(0.3), 'sam_2': 'resources/images/medium/med_S2_1.jpg', 'sam_2_w': np.int64(768), 'sam_2_h': np.int64(1024), 'sam_2_disp_w': np.float64(0.1875), 'sam_2_disp_h': np.float64(0.25), 'sam_3': 'resources/images/medium/med_S3_1.jpg', 'sam_3_w': np.int64(350), 'sam_3_h': np.int64(233), 'sam_3_disp_w': np.float64(0.25), 'sam_3_disp_h': np.float64(0.166428571), 'sam_4': 'resources/images/medium/med_S4_1.jpg', 'sam_4_w': np.int64(768), 'sam_4_h': np.int64(1024), 'sam_4_disp_w': np.float64(0.1875), 'sam_4_disp_h': np.float64(0.25), 'sam_5': 'resources/images/medium/med_S5_1.jpg', 'sam_5_w': np.int64(768), 'sam_5_h': np.int64(1040), 'sam_5_disp_w': np.float64(0.184615385), 'sam_5_disp_h': np.float64(0.25), 'img_targ': 'resources/images/medium/med_T1.jpg', 'targ_w': np.int64(1024), 'targ_h': np.int64(768), 'targ_disp_w': np.float64(0.25), 'targ_disp_h': np.float64(0.1875), 'thisN': 3, 'thisTrialN': 3, 'thisRepN': 0}>
25.1494 	EXP 	Device response: <KeyPress from None: t=24.07723879099649, value=space, duration=0.9886691249994328>
25.1513 	DATA 	Keypress: space
25.1546 	INFO 	Keyboard events cleared
25.1545 	EXP 	M_query: autoDraw = False
25.1545 	EXP 	M_top_left: autoDraw = False
25.1545 	EXP 	M_top_mid: autoDraw = False
25.1545 	EXP 	M_top_right: autoDraw = False
25.1545 	EXP 	M_bot_left: autoDraw = False
25.1545 	EXP 	M_bot_mid: autoDraw = False
25.1545 	EXP 	M_bot_right: autoDraw = False
25.1545 	EXP 	M_query: image = 'resources/images/medium/med_Q1.jpg'
25.1545 	EXP 	M_top_left: image = 'resources/images/medium/med_S1_1.jpg'
25.1545 	EXP 	M_top_mid: image = 'resources/images/medium/med_S2_1.jpg'
25.1545 	EXP 	M_top_right: image = 'resources/images/medium/med_S3_1.jpg'
25.1545 	EXP 	M_bot_left: image = 'resources/images/medium/med_S4_1.jpg'
25.1545 	EXP 	M_bot_mid: image = 'resources/images/medium/med_S5_1.jpg'
25.1545 	EXP 	M_bot_right: image = 'resources/images/medium/med_T1.jpg'
25.1545 	EXP 	M_query: autoDraw = True
25.1545 	EXP 	M_top_left: autoDraw = True
25.1545 	EXP 	M_top_mid: autoDraw = True
25.1545 	EXP 	M_top_right: autoDraw = True
25.1545 	EXP 	M_bot_left: autoDraw = True
25.1545 	EXP 	M_bot_mid: autoDraw = True
25.1545 	EXP 	M_bot_right: autoDraw = True
25.8080 	EXP 	Device response: <KeyPress from None: t=25.79504199999792, value=space, duration=None>
25.8089 	EXP 	New trial (rep=0, index=4): <Trial 4 (4 in rep 0) data={'img_query': 'resources/images/medium/med_Q2.jpg', 'img_query_w': np.int64(1024), 'img_query_h': np.int64(768), 'img_query_disp_w': np.float64(0.3), 'img_query_disp_h': np.float64(0.225), 'sam_1': 'resources/images/medium/med_S1_2.jpg', 'sam_1_w': np.int64(4032), 'sam_1_h': np.int64(3024), 'sam_1_disp_w': np.float64(0.3), 'sam_1_disp_h': np.float64(0.225), 'sam_2': 'resources/images/medium/med_S2_2.jpg', 'sam_2_w': np.int64(250), 'sam_2_h': np.int64(233), 'sam_2_disp_w': np.float64(0.25), 'sam_2_disp_h': np.float64(0.233), 'sam_3': 'resources/images/medium/med_S3_2.jpg', 'sam_3_w': np.int64(1024), 'sam_3_h': np.int64(768), 'sam_3_disp_w': np.float64(0.25), 'sam_3_disp_h': np.float64(0.1875), 'sam_4': 'resources/images/medium/med_S4_2.jpg', 'sam_4_w': np.int64(350), 'sam_4_h': np.int64(233), 'sam_4_disp_w': np.float64(0.25), 'sam_4_disp_h': np.float64(0.166428571), 'sam_5': 'resources/images/medium/med_S5_2.jpg', 'sam_5_w': np.int64(350), 'sam_5_h': np.int64(233), 'sam_5_disp_w': np.float64(0.25), 'sam_5_disp_h': np.float64(0.166428571), 'img_targ': 'resources/images/medium/med_T2.jpg', 'targ_w': np.int64(4032), 'targ_h': np.int64(2268), 'targ_disp_w': np.float64(0.25), 'targ_disp_h': np.float64(0.140625), 'thisN': 4, 'thisTrialN': 4, 'thisRepN': 0}>
26.0540 	EXP 	Device response: <KeyPress from None: t=24.949816166001256, value=space, duration=0.9773615000012796>
26.0559 	DATA 	Keypress: space
26.0593 	INFO 	Keyboard events cleared
26.0592 	EXP 	M_query: autoDraw = False
26.0592 	EXP 	M_top_left: autoDraw = False
26.0592 	EXP 	M_top_mid: autoDraw = False
26.0592 	EXP 	M_top_right: autoDraw = False
26.0592 	EXP 	M_bot_left: autoDraw = False
26.0592 	EXP 	M_bot_mid: autoDraw = False
26.0592 	EXP 	M_bot_right: autoDraw = False
26.0592 	EXP 	M_query: image = 'resources/images/medium/med_Q2.jpg'
26.0592 	EXP 	M_top_left: image = 'resources/images/medium/med_S1_2.jpg'
26.0592 	EXP 	M_top_mid: image = 'resources/images/medium/med_S2_2.jpg'
26.0592 	EXP 	M_top_right: image = 'resources/images/medium/med_S3_2.jpg'
26.0592 	EXP 	M_bot_left: image = 'resources/images/medium/med_S4_2.jpg'
26.0592 	EXP 	M_bot_mid: image = 'resources/images/medium/med_S5_2.jpg'
26.0592 	EXP 	M_bot_right: image = 'resources/images/medium/med_T2.jpg'
26.0592 	EXP 	M_query: autoDraw = True
26.0592 	EXP 	M_top_left: autoDraw = True
26.0592 	EXP 	M_top_mid: autoDraw = True
26.0592 	EXP 	M_top_right: autoDraw = True
26.0592 	EXP 	M_bot_left: autoDraw = True
26.0592 	EXP 	M_bot_mid: autoDraw = True
26.0592 	EXP 	M_bot_right: autoDraw = True
26.9581 	EXP 	Device response: <KeyPress from None: t=26.955176250005024, value=space, duration=None>
26.9632 	EXP 	New trial (rep=0, index=4): <Trial 4 (4 in rep 0) data={'pos1_x': np.float64(0.55), 'pos1_y': np.float64(-0.35), 'pos2_x': np.float64(0.55), 'pos2_y': np.float64(0.0), 'pos3_x': np.float64(0.0), 'pos3_y': np.float64(-0.35), 'pos4_x': np.float64(-0.55), 'pos4_y': np.float64(0.0), 'pos5_x': np.float64(0.0), 'pos5_y': np.float64(0.0), 'pos6_x': np.float64(-0.55), 'pos6_y': np.float64(-0.35), 'thisN': 4, 'thisTrialN': 4, 'thisRepN': 0}>
26.9734 	EXP 	Imported resources/midLoop.csv as conditions, 5 conditions, 35 params
26.9738 	EXP 	New trial (rep=0, index=0): <Trial 0 (0 in rep 0) data={'img_query': 'resources/images/medium/med_Q1.jpg', 'img_query_w': np.int64(4032), 'img_query_h': np.int64(3024), 'img_query_disp_w': np.float64(0.3), 'img_query_disp_h': np.float64(0.225), 'sam_1': 'resources/images/medium/med_S1_1.jpg', 'sam_1_w': np.int64(768), 'sam_1_h': np.int64(1024), 'sam_1_disp_w': np.float64(0.225), 'sam_1_disp_h': np.float64(0.3), 'sam_2': 'resources/images/medium/med_S2_1.jpg', 'sam_2_w': np.int64(768), 'sam_2_h': np.int64(1024), 'sam_2_disp_w': np.float64(0.1875), 'sam_2_disp_h': np.float64(0.25), 'sam_3': 'resources/images/medium/med_S3_1.jpg', 'sam_3_w': np.int64(350), 'sam_3_h': np.int64(233), 'sam_3_disp_w': np.float64(0.25), 'sam_3_disp_h': np.float64(0.166428571), 'sam_4': 'resources/images/medium/med_S4_1.jpg', 'sam_4_w': np.int64(768), 'sam_4_h': np.int64(1024), 'sam_4_disp_w': np.float64(0.1875), 'sam_4_disp_h': np.float64(0.25), 'sam_5': 'resources/images/medium/med_S5_1.jpg', 'sam_5_w': np.int64(768), 'sam_5_h': np.int64(1040), 'sam_5_disp_w': np.float64(0.184615385), 'sam_5_disp_h': np.float64(0.25), 'img_targ': 'resources/images/medium/med_T1.jpg', 'targ_w': np.int64(1024), 'targ_h': np.int64(768), 'targ_disp_w': np.float64(0.25), 'targ_disp_h': np.float64(0.1875), 'thisN': 0, 'thisTrialN': 0, 'thisRepN': 0}>
27.1530 	EXP 	Device response: <KeyPress from None: t=25.79504199999792, value=space, duration=1.3040211659972556>
27.1550 	DATA 	Keypress: space
27.1583 	INFO 	Keyboard events cleared
27.1582 	EXP 	M_query: autoDraw = False
27.1582 	EXP 	M_top_left: autoDraw = False
27.1582 	EXP 	M_top_mid: autoDraw = False
27.1582 	EXP 	M_top_right: autoDraw = False
27.1582 	EXP 	M_bot_left: autoDraw = False
27.1582 	EXP 	M_bot_mid: autoDraw = False
27.1582 	EXP 	M_bot_right: autoDraw = False
27.1582 	EXP 	M_query: image = 'resources/images/medium/med_Q1.jpg'
27.1582 	EXP 	M_top_left: image = 'resources/images/medium/med_S1_1.jpg'
27.1582 	EXP 	M_top_mid: image = 'resources/images/medium/med_S2_1.jpg'
27.1582 	EXP 	M_top_right: image = 'resources/images/medium/med_S3_1.jpg'
27.1582 	EXP 	M_bot_left: image = 'resources/images/medium/med_S4_1.jpg'
27.1582 	EXP 	M_bot_mid: image = 'resources/images/medium/med_S5_1.jpg'
27.1582 	EXP 	M_bot_right: image = 'resources/images/medium/med_T1.jpg'
27.1582 	EXP 	M_query: autoDraw = True
27.1582 	EXP 	M_top_left: autoDraw = True
27.1582 	EXP 	M_top_mid: autoDraw = True
27.1582 	EXP 	M_top_right: autoDraw = True
27.1582 	EXP 	M_bot_left: autoDraw = True
27.1582 	EXP 	M_bot_mid: autoDraw = True
27.1582 	EXP 	M_bot_right: autoDraw = True
27.8926 	EXP 	Device response: <KeyPress from None: t=27.88399245799519, value=space, duration=None>
27.8935 	EXP 	New trial (rep=0, index=1): <Trial 1 (1 in rep 0) data={'img_query': 'resources/images/medium/med_Q3.jpg', 'img_query_w': np.int64(1024), 'img_query_h': np.int64(768), 'img_query_disp_w': np.float64(0.3), 'img_query_disp_h': np.float64(0.225), 'sam_1': 'resources/images/medium/med_S1_3.jpg', 'sam_1_w': np.int64(4160), 'sam_1_h': np.int64(2340), 'sam_1_disp_w': np.float64(0.3), 'sam_1_disp_h': np.float64(0.16875), 'sam_2': 'resources/images/medium/med_S2_3.jpg', 'sam_2_w': np.int64(1024), 'sam_2_h': np.int64(768), 'sam_2_disp_w': np.float64(0.25), 'sam_2_disp_h': np.float64(0.1875), 'sam_3': 'resources/images/medium/med_S3_3.jpg', 'sam_3_w': np.int64(1024), 'sam_3_h': np.int64(768), 'sam_3_disp_w': np.float64(0.25), 'sam_3_disp_h': np.float64(0.1875), 'sam_4': 'resources/images/medium/med_S4_3.jpg', 'sam_4_w': np.int64(350), 'sam_4_h': np.int64(197), 'sam_4_disp_w': np.float64(0.25), 'sam_4_disp_h': np.float64(0.140714286), 'sam_5': 'resources/images/medium/med_S5_3.jpg', 'sam_5_w': np.int64(2592), 'sam_5_h': np.int64(4608), 'sam_5_disp_w': np.float64(0.140625), 'sam_5_disp_h': np.float64(0.25), 'img_targ': 'resources/images/medium/med_T3.jpg', 'targ_w': np.int64(1024), 'targ_h': np.int64(768), 'targ_disp_w': np.float64(0.25), 'targ_disp_h': np.float64(0.1875), 'thisN': 1, 'thisTrialN': 1, 'thisRepN': 0}>
28.1621 	EXP 	Device response: <KeyPress from None: t=26.955176250005024, value=space, duration=1.0608866249967832>
28.1640 	DATA 	Keypress: space
28.1674 	INFO 	Keyboard events cleared
28.1673 	EXP 	M_query: autoDraw = False
28.1673 	EXP 	M_top_left: autoDraw = False
28.1673 	EXP 	M_top_mid: autoDraw = False
28.1673 	EXP 	M_top_right: autoDraw = False
28.1673 	EXP 	M_bot_left: autoDraw = False
28.1673 	EXP 	M_bot_mid: autoDraw = False
28.1673 	EXP 	M_bot_right: autoDraw = False
28.1673 	EXP 	M_query: image = 'resources/images/medium/med_Q3.jpg'
28.1673 	EXP 	M_top_left: image = 'resources/images/medium/med_S1_3.jpg'
28.1673 	EXP 	M_top_mid: image = 'resources/images/medium/med_S2_3.jpg'
28.1673 	EXP 	M_top_right: image = 'resources/images/medium/med_S3_3.jpg'
28.1673 	EXP 	M_bot_left: image = 'resources/images/medium/med_S4_3.jpg'
28.1673 	EXP 	M_bot_mid: image = 'resources/images/medium/med_S5_3.jpg'
28.1673 	EXP 	M_bot_right: image = 'resources/images/medium/med_T3.jpg'
28.1673 	EXP 	M_query: autoDraw = True
28.1673 	EXP 	M_top_left: autoDraw = True
28.1673 	EXP 	M_top_mid: autoDraw = True
28.1673 	EXP 	M_top_right: autoDraw = True
28.1673 	EXP 	M_bot_left: autoDraw = True
28.1673 	EXP 	M_bot_mid: autoDraw = True
28.1673 	EXP 	M_bot_right: autoDraw = True
28.6635 	EXP 	Device response: <KeyPress from None: t=28.661204500007443, value=space, duration=None>
28.6641 	EXP 	New trial (rep=0, index=2): <Trial 2 (2 in rep 0) data={'img_query': 'resources/images/medium/med_Q5.jpg', 'img_query_w': np.int64(1024), 'img_query_h': np.int64(768), 'img_query_disp_w': np.float64(0.3), 'img_query_disp_h': np.float64(0.225), 'sam_1': 'resources/images/medium/med_S1_5.jpg', 'sam_1_w': np.int64(1024), 'sam_1_h': np.int64(768), 'sam_1_disp_w': np.float64(0.3), 'sam_1_disp_h': np.float64(0.225), 'sam_2': 'resources/images/medium/med_S2_5.jpg', 'sam_2_w': np.int64(1024), 'sam_2_h': np.int64(768), 'sam_2_disp_w': np.float64(0.25), 'sam_2_disp_h': np.float64(0.1875), 'sam_3': 'resources/images/medium/med_S3_5.jpg', 'sam_3_w': np.int64(3264), 'sam_3_h': np.int64(1840), 'sam_3_disp_w': np.float64(0.25), 'sam_3_disp_h': np.float64(0.140931373), 'sam_4': 'resources/images/medium/med_S4_5.jpg', 'sam_4_w': np.int64(768), 'sam_4_h': np.int64(1024), 'sam_4_disp_w': np.float64(0.1875), 'sam_4_disp_h': np.float64(0.25), 'sam_5': 'resources/images/medium/med_S5_5.jpg', 'sam_5_w': np.int64(350), 'sam_5_h': np.int64(233), 'sam_5_disp_w': np.float64(0.25), 'sam_5_disp_h': np.float64(0.166428571), 'img_targ': 'resources/images/medium/med_T5.jpg', 'targ_w': np.int64(768), 'targ_h': np.int64(1024), 'targ_disp_w': np.float64(0.1875), 'targ_disp_h': np.float64(0.25), 'thisN': 2, 'thisTrialN': 2, 'thisRepN': 0}>
28.8065 	EXP 	Device response: <KeyPress from None: t=27.88399245799519, value=space, duration=0.9011411250103265>
28.8085 	DATA 	Keypress: space
28.8117 	INFO 	Keyboard events cleared
28.8116 	EXP 	M_query: autoDraw = False
28.8116 	EXP 	M_top_left: autoDraw = False
28.8116 	EXP 	M_top_mid: autoDraw = False
28.8116 	EXP 	M_top_right: autoDraw = False
28.8116 	EXP 	M_bot_left: autoDraw = False
28.8116 	EXP 	M_bot_mid: autoDraw = False
28.8116 	EXP 	M_bot_right: autoDraw = False
28.8116 	EXP 	M_query: image = 'resources/images/medium/med_Q5.jpg'
28.8116 	EXP 	M_top_left: image = 'resources/images/medium/med_S1_5.jpg'
28.8116 	EXP 	M_top_mid: image = 'resources/images/medium/med_S2_5.jpg'
28.8116 	EXP 	M_top_right: image = 'resources/images/medium/med_S3_5.jpg'
28.8116 	EXP 	M_bot_left: image = 'resources/images/medium/med_S4_5.jpg'
28.8116 	EXP 	M_bot_mid: image = 'resources/images/medium/med_S5_5.jpg'
28.8116 	EXP 	M_bot_right: image = 'resources/images/medium/med_T5.jpg'
28.8116 	EXP 	M_query: autoDraw = True
28.8116 	EXP 	M_top_left: autoDraw = True
28.8116 	EXP 	M_top_mid: autoDraw = True
28.8116 	EXP 	M_top_right: autoDraw = True
28.8116 	EXP 	M_bot_left: autoDraw = True
28.8116 	EXP 	M_bot_mid: autoDraw = True
28.8116 	EXP 	M_bot_right: autoDraw = True
29.3793 	EXP 	Device response: <KeyPress from None: t=29.3776131659979, value=space, duration=None>
29.3800 	EXP 	New trial (rep=0, index=3): <Trial 3 (3 in rep 0) data={'img_query': 'resources/images/medium/med_Q4.jpg', 'img_query_w': np.int64(768), 'img_query_h': np.int64(1024), 'img_query_disp_w': np.float64(0.225), 'img_query_disp_h': np.float64(0.3), 'sam_1': 'resources/images/medium/med_S1_4.jpg', 'sam_1_w': np.int64(1024), 'sam_1_h': np.int64(768), 'sam_1_disp_w': np.float64(0.3), 'sam_1_disp_h': np.float64(0.225), 'sam_2': 'resources/images/medium/med_S2_4.jpg', 'sam_2_w': np.int64(350), 'sam_2_h': np.int64(234), 'sam_2_disp_w': np.float64(0.25), 'sam_2_disp_h': np.float64(0.167142857), 'sam_3': 'resources/images/medium/med_S3_4.jpg', 'sam_3_w': np.int64(350), 'sam_3_h': np.int64(341), 'sam_3_disp_w': np.float64(0.25), 'sam_3_disp_h': np.float64(0.243571429), 'sam_4': 'resources/images/medium/med_S4_4.jpg', 'sam_4_w': np.int64(768), 'sam_4_h': np.int64(1024), 'sam_4_disp_w': np.float64(0.1875), 'sam_4_disp_h': np.float64(0.25), 'sam_5': 'resources/images/medium/med_S5_4.jpg', 'sam_5_w': np.int64(350), 'sam_5_h': np.int64(208), 'sam_5_disp_w': np.float64(0.25), 'sam_5_disp_h': np.float64(0.148571429), 'img_targ': 'resources/images/medium/med_T4.jpg', 'targ_w': np.int64(768), 'targ_h': np.int64(1024), 'targ_disp_w': np.float64(0.1875), 'targ_disp_h': np.float64(0.25), 'thisN': 3, 'thisTrialN': 3, 'thisRepN': 0}>
29.4507 	DATA 	Keypress: space
29.4537 	INFO 	Keyboard events cleared
29.4537 	EXP 	M_query: autoDraw = False
29.4537 	EXP 	M_top_left: autoDraw = False
29.4537 	EXP 	M_top_mid: autoDraw = False
29.4537 	EXP 	M_top_right: autoDraw = False
29.4537 	EXP 	M_bot_left: autoDraw = False
29.4537 	EXP 	M_bot_mid: autoDraw = False
29.4537 	EXP 	M_bot_right: autoDraw = False
29.4537 	EXP 	M_query: image = 'resources/images/medium/med_Q4.jpg'
29.4537 	EXP 	M_top_left: image = 'resources/images/medium/med_S1_4.jpg'
29.4537 	EXP 	M_top_mid: image = 'resources/images/medium/med_S2_4.jpg'
29.4537 	EXP 	M_top_right: image = 'resources/images/medium/med_S3_4.jpg'
29.4537 	EXP 	M_bot_left: image = 'resources/images/medium/med_S4_4.jpg'
29.4537 	EXP 	M_bot_mid: image = 'resources/images/medium/med_S5_4.jpg'
29.4537 	EXP 	M_bot_right: image = 'resources/images/medium/med_T4.jpg'
29.4537 	EXP 	M_query: autoDraw = True
29.4537 	EXP 	M_top_left: autoDraw = True
29.4537 	EXP 	M_top_mid: autoDraw = True
29.4537 	EXP 	M_top_right: autoDraw = True
29.4537 	EXP 	M_bot_left: autoDraw = True
29.4537 	EXP 	M_bot_mid: autoDraw = True
29.4537 	EXP 	M_bot_right: autoDraw = True
29.5050 	EXP 	Device response: <KeyPress from None: t=28.661204500007443, value=space, duration=0.8324266249983339>
30.2301 	EXP 	Device response: <KeyPress from None: t=30.22895991599944, value=space, duration=None>
30.2307 	EXP 	New trial (rep=0, index=4): <Trial 4 (4 in rep 0) data={'img_query': 'resources/images/medium/med_Q2.jpg', 'img_query_w': np.int64(1024), 'img_query_h': np.int64(768), 'img_query_disp_w': np.float64(0.3), 'img_query_disp_h': np.float64(0.225), 'sam_1': 'resources/images/medium/med_S1_2.jpg', 'sam_1_w': np.int64(4032), 'sam_1_h': np.int64(3024), 'sam_1_disp_w': np.float64(0.3), 'sam_1_disp_h': np.float64(0.225), 'sam_2': 'resources/images/medium/med_S2_2.jpg', 'sam_2_w': np.int64(250), 'sam_2_h': np.int64(233), 'sam_2_disp_w': np.float64(0.25), 'sam_2_disp_h': np.float64(0.233), 'sam_3': 'resources/images/medium/med_S3_2.jpg', 'sam_3_w': np.int64(1024), 'sam_3_h': np.int64(768), 'sam_3_disp_w': np.float64(0.25), 'sam_3_disp_h': np.float64(0.1875), 'sam_4': 'resources/images/medium/med_S4_2.jpg', 'sam_4_w': np.int64(350), 'sam_4_h': np.int64(233), 'sam_4_disp_w': np.float64(0.25), 'sam_4_disp_h': np.float64(0.166428571), 'sam_5': 'resources/images/medium/med_S5_2.jpg', 'sam_5_w': np.int64(350), 'sam_5_h': np.int64(233), 'sam_5_disp_w': np.float64(0.25), 'sam_5_disp_h': np.float64(0.166428571), 'img_targ': 'resources/images/medium/med_T2.jpg', 'targ_w': np.int64(4032), 'targ_h': np.int64(2268), 'targ_disp_w': np.float64(0.25), 'targ_disp_h': np.float64(0.140625), 'thisN': 4, 'thisTrialN': 4, 'thisRepN': 0}>
30.4659 	EXP 	Device response: <KeyPress from None: t=29.3776131659979, value=space, duration=0.9672857090045>
30.4679 	DATA 	Keypress: space
30.4712 	INFO 	Keyboard events cleared
30.4711 	EXP 	M_query: autoDraw = False
30.4711 	EXP 	M_top_left: autoDraw = False
30.4711 	EXP 	M_top_mid: autoDraw = False
30.4711 	EXP 	M_top_right: autoDraw = False
30.4711 	EXP 	M_bot_left: autoDraw = False
30.4711 	EXP 	M_bot_mid: autoDraw = False
30.4711 	EXP 	M_bot_right: autoDraw = False
30.4711 	EXP 	M_query: image = 'resources/images/medium/med_Q2.jpg'
30.4711 	EXP 	M_top_left: image = 'resources/images/medium/med_S1_2.jpg'
30.4711 	EXP 	M_top_mid: image = 'resources/images/medium/med_S2_2.jpg'
30.4711 	EXP 	M_top_right: image = 'resources/images/medium/med_S3_2.jpg'
30.4711 	EXP 	M_bot_left: image = 'resources/images/medium/med_S4_2.jpg'
30.4711 	EXP 	M_bot_mid: image = 'resources/images/medium/med_S5_2.jpg'
30.4711 	EXP 	M_bot_right: image = 'resources/images/medium/med_T2.jpg'
30.4711 	EXP 	M_query: autoDraw = True
30.4711 	EXP 	M_top_left: autoDraw = True
30.4711 	EXP 	M_top_mid: autoDraw = True
30.4711 	EXP 	M_top_right: autoDraw = True
30.4711 	EXP 	M_bot_left: autoDraw = True
30.4711 	EXP 	M_bot_mid: autoDraw = True
30.4711 	EXP 	M_bot_right: autoDraw = True
31.4305 	EXP 	Device response: <KeyPress from None: t=31.423313541003154, value=space, duration=None>
31.4403 	DATA 	Keypress: space
31.4433 	EXP 	M_query: autoDraw = False
31.4433 	EXP 	M_top_left: autoDraw = False
31.4433 	EXP 	M_top_mid: autoDraw = False
31.4433 	EXP 	M_top_right: autoDraw = False
31.4433 	EXP 	M_bot_left: autoDraw = False
31.4433 	EXP 	M_bot_mid: autoDraw = False
31.4433 	EXP 	M_bot_right: autoDraw = False
31.4433 	EXP 	end_message: autoDraw = True
31.5083 	EXP 	Device response: <KeyPress from None: t=30.22895991599944, value=space, duration=1.2783709590003127>
32.6263 	EXP 	Device response: <KeyPress from None: t=32.62398108300113, value=escape, duration=None>
32.6642 	DATA 	Keypress: escape
32.7218 	EXP 	Device response: <KeyPress from None: t=32.62398108300113, value=escape, duration=0.09195341699523851>
32.7219 	EXP 	pilot_study: status = STOPPED
32.7247 	EXP 	end_message: autoDraw = False
32.7248 	EXP 	pilot_study: status = STOPPED
32.7350 	INFO 	saved data to '/Users/marcogiven/Desktop/projects/S25_SURE/colorStudyPilot/data/_pilot_study_2025-06-27_09h49.49.626.csv'
32.7378 	INFO 	saved data to /Users/marcogiven/Desktop/projects/S25_SURE/colorStudyPilot/data/_pilot_study_2025-06-27_09h49.49.626.psydat
32.8590 	WARNING 	Stopping key buffers but this could be dangerous ifother keyboards rely on the same.
32.8591 	WARNING 	Stopping key buffers but this could be dangerous ifother keyboards rely on the same.
32.8591 	WARNING 	Stopping key buffers but this could be dangerous ifother keyboards rely on the same.
