17.7445 	WARNING 	Font Manager failed to load file /System/Library/PrivateFrameworks/FontServices.framework/Resources/Reserved/PingFangUI.ttc
17.9600 	WARNING 	Font Manager failed to load file /System/Library/PrivateFrameworks/FontServices.framework/Resources/Reserved/PingFangUI.ttc
19.8636 	INFO 	Loaded monitor calibration from ['2025_06_12 14:42']
20.0028 	INFO 	Using renderer 'Apple M1 Pro' for graphics
20.0028 	INFO 	OpenGL version supported by driver is 2..
20.0353 	EXP 	Created window1 = Window(allowGUI=True, allowStencil=False, autoLog=True, backendConf=UNKNOWN, backgroundFit=<method-wrapper '__getattribute__' of attributeSetter object at 0x159fca590>, backgroundImage=<method-wrapper '__getattribute__' of attributeSetter object at 0x159fca530>, bitsMode=UNKNOWN, blendMode='avg', bpc=(8, 8, 8), color=array([0, 0, 0]), colorSpace='rgb', depthBits=8, fullscr=False, gamma=None, gammaErrorPolicy='raise', infoMsg=UNKNOWN, lms=UNKNOWN, monitor=<psychopy.monitors.calibTools.Monitor object at 0x15a036ec0>, multiSample=False, name='window1', numSamples=2, pos=[np.float64(260.0), np.float64(224.5)], screen=0, size=array([2560, 1440]), stencilBits=0, stereo=False, title='PsychoPy', units='height', useFBO=True, useRetina=True, viewOri=0.0, viewPos=None, viewScale=None, waitBlanking=True, winType='pyglet')
20.0353 	EXP 	window1: backgroundImage = ''
20.0354 	EXP 	window1: backgroundFit = 'none'
20.5970 	INFO 	keyboard.Keyboard is using ptb backend.
20.7698 	INFO 	keyboard.Keyboard is using ptb backend.
20.7698 	EXP 	pilot_study: status = STARTED
20.8140 	EXP 	Created welcome_message = TextStim(__class__=<class 'psychopy.visual.text.TextStim'>, alignHoriz=method-wrapper(...), alignText='center', alignVert=method-wrapper(...), anchorHoriz='center', anchorVert='center', antialias=True, autoDraw=False, autoLog=True, bold=False, color=array([1., 1., 1.]), colorSpace='rgb', contrast=1.0, depth=0.0, draggable=False, flipHoriz=False, flipVert=False, font='Arial', fontFiles=[], height=np.float64(0.05), italic=False, languageStyle='LTR', name='welcome_message', opacity=1, ori=0.0, pos=array([0., 0.]), rgb=UNKNOWN, text=str(...), units='height', win=Window(...), wrapWidth=1)
20.8306 	EXP 	Created M_query = ImageStim(__class__=<class 'psychopy.visual.image.ImageStim'>, anchor=('center', 'center'), autoLog=True, color=array([1., 1., 1.]), colorSpace='rgb', contrast=1.0, depth=0.0, draggable=False, flipHoriz=np.False_, flipVert=np.False_, image='default.png', interpolate=True, mask=None, maskParams=None, name='M_query', opacity=1, ori=0.0, pos=array([0. , 0.3]), size=array([0.5, 0.5]), texRes=128.0, units='height', win=Window(...))
20.8340 	EXP 	Created M_top_left = ImageStim(__class__=<class 'psychopy.visual.image.ImageStim'>, anchor=('center', 'center'), autoLog=True, color=array([1., 1., 1.]), colorSpace='rgb', contrast=1.0, depth=-1.0, draggable=False, flipHoriz=np.False_, flipVert=np.False_, image='default.png', interpolate=True, mask=None, maskParams=None, name='M_top_left', opacity=1, ori=0.0, pos=array([0., 0.]), size=array([0.5, 0.5]), texRes=128.0, units='height', win=Window(...))
20.8371 	EXP 	Created M_top_mid = ImageStim(__class__=<class 'psychopy.visual.image.ImageStim'>, anchor=('center', 'center'), autoLog=True, color=array([1., 1., 1.]), colorSpace='rgb', contrast=1.0, depth=-2.0, draggable=False, flipHoriz=np.False_, flipVert=np.False_, image='default.png', interpolate=True, mask=None, maskParams=None, name='M_top_mid', opacity=1, ori=0.0, pos=array([0., 0.]), size=array([0.5, 0.5]), texRes=128.0, units='height', win=Window(...))
20.8402 	EXP 	Created M_top_right = ImageStim(__class__=<class 'psychopy.visual.image.ImageStim'>, anchor=('center', 'center'), autoLog=True, color=array([1., 1., 1.]), colorSpace='rgb', contrast=1.0, depth=-3.0, draggable=False, flipHoriz=np.False_, flipVert=np.False_, image='default.png', interpolate=True, mask=None, maskParams=None, name='M_top_right', opacity=1, ori=0.0, pos=array([0., 0.]), size=array([0.5, 0.5]), texRes=128.0, units='height', win=Window(...))
20.8434 	EXP 	Created M_bot_left = ImageStim(__class__=<class 'psychopy.visual.image.ImageStim'>, anchor=('center', 'center'), autoLog=True, color=array([1., 1., 1.]), colorSpace='rgb', contrast=1.0, depth=-4.0, draggable=False, flipHoriz=np.False_, flipVert=np.False_, image='default.png', interpolate=True, mask=None, maskParams=None, name='M_bot_left', opacity=1, ori=0.0, pos=array([0., 0.]), size=array([0.5, 0.5]), texRes=128.0, units='height', win=Window(...))
20.8465 	EXP 	Created M_bot_mid = ImageStim(__class__=<class 'psychopy.visual.image.ImageStim'>, anchor=('center', 'center'), autoLog=True, color=array([1., 1., 1.]), colorSpace='rgb', contrast=1.0, depth=-5.0, draggable=False, flipHoriz=np.False_, flipVert=np.False_, image='default.png', interpolate=True, mask=None, maskParams=None, name='M_bot_mid', opacity=1, ori=0.0, pos=array([0., 0.]), size=array([0.5, 0.5]), texRes=128.0, units='height', win=Window(...))
20.8495 	EXP 	Created M_bot_right = ImageStim(__class__=<class 'psychopy.visual.image.ImageStim'>, anchor=('center', 'center'), autoLog=True, color=array([1., 1., 1.]), colorSpace='rgb', contrast=1.0, depth=-6.0, draggable=False, flipHoriz=np.False_, flipVert=np.False_, image='default.png', interpolate=True, mask=None, maskParams=None, name='M_bot_right', opacity=1, ori=0.0, pos=array([0., 0.]), size=array([0.5, 0.5]), texRes=128.0, units='height', win=Window(...))
20.8538 	EXP 	Created end_message = TextStim(__class__=<class 'psychopy.visual.text.TextStim'>, alignHoriz=method-wrapper(...), alignText='center', alignVert=method-wrapper(...), anchorHoriz='center', anchorVert='center', antialias=True, autoDraw=False, autoLog=True, bold=False, color=array([1., 1., 1.]), colorSpace='rgb', contrast=1.0, depth=0.0, draggable=False, flipHoriz=False, flipVert=False, font='Arial', fontFiles=[], height=np.float64(0.05), italic=False, languageStyle='LTR', name='end_message', opacity=1, ori=0.0, pos=array([0., 0.]), rgb=UNKNOWN, text=str(...), units='height', win=Window(...), wrapWidth=1)
0.0511 	EXP 	welcome_message: autoDraw = True
1.8783 	EXP 	Device response: <KeyPress from None: t=1.6934020830012741, value=space, duration=None>
1.8785 	EXP 	Device response: <KeyPress from None: t=1.6934020830012741, value=space, duration=0.06804741700034356>
1.8826 	EXP 	Imported resources/midLoop.csv as conditions, 5 conditions, 7 params
1.8831 	EXP 	New trial (rep=0, index=0): <Trial 0 (0 in rep 0) data={'img_query': 'resources/images/medium/med_Q3.jpg', 'sam_1': 'resources/images/medium/med_S1_3.jpg', 'sam_2': 'resources/images/medium/med_S2_3.jpg', 'sam_3': 'resources/images/medium/med_S3_3.jpg', 'sam_4': 'resources/images/medium/med_S4_3.jpg', 'sam_5': 'resources/images/medium/med_S5_3.jpg', 'img_targ': 'resources/images/medium/med_T3.jpg', 'thisN': 0, 'thisTrialN': 0, 'thisRepN': 0}>
2.2465 	EXP 	welcome_message: autoDraw = False
2.2465 	EXP 	M_query: image = 'resources/images/medium/med_Q3.jpg'
2.2465 	EXP 	M_top_left: image = 'resources/images/medium/med_S1_3.jpg'
2.2465 	EXP 	M_top_mid: image = 'resources/images/medium/med_S2_3.jpg'
2.2465 	EXP 	M_top_right: image = 'resources/images/medium/med_S3_3.jpg'
2.2465 	EXP 	M_bot_left: image = 'resources/images/medium/med_S4_3.jpg'
2.2465 	EXP 	M_bot_mid: image = 'resources/images/medium/med_S5_3.jpg'
2.2465 	EXP 	M_bot_right: image = 'resources/images/medium/med_T3.jpg'
2.2465 	EXP 	M_query: autoDraw = True
2.2465 	EXP 	M_top_left: autoDraw = True
2.2465 	EXP 	M_top_mid: autoDraw = True
2.2465 	EXP 	M_top_right: autoDraw = True
2.2465 	EXP 	M_bot_left: autoDraw = True
2.2465 	EXP 	M_bot_mid: autoDraw = True
2.2465 	EXP 	M_bot_right: autoDraw = True
6.7127 	EXP 	Device response: <KeyPress from None: t=6.698802958002489, value=escape, duration=None>
6.7872 	EXP 	Device response: <KeyPress from None: t=6.698802958002489, value=escape, duration=0.08432670799811604>
6.7873 	EXP 	pilot_study: status = STOPPED
6.7949 	EXP 	M_query: autoDraw = False
6.7949 	EXP 	M_top_left: autoDraw = False
6.7949 	EXP 	M_top_mid: autoDraw = False
6.7949 	EXP 	M_top_right: autoDraw = False
6.7949 	EXP 	M_bot_left: autoDraw = False
6.7949 	EXP 	M_bot_mid: autoDraw = False
6.7949 	EXP 	M_bot_right: autoDraw = False
6.7949 	EXP 	pilot_study: status = STOPPED
6.7967 	INFO 	saved data to '/Users/marcogiven/Desktop/projects/S25_SURE/colorStudyPilot/data/_pilot_study_2025-06-26_14h03.28.424.csv'
6.7973 	INFO 	saved data to /Users/marcogiven/Desktop/projects/S25_SURE/colorStudyPilot/data/_pilot_study_2025-06-26_14h03.28.424.psydat
6.9236 	WARNING 	Stopping key buffers but this could be dangerous ifother keyboards rely on the same.
6.9236 	WARNING 	Stopping key buffers but this could be dangerous ifother keyboards rely on the same.
