17.3504 	WARNING 	Font Manager failed to load file /System/Library/PrivateFrameworks/FontServices.framework/Resources/Reserved/PingFangUI.ttc
17.5942 	WARNING 	Font Manager failed to load file /System/Library/PrivateFrameworks/FontServices.framework/Resources/Reserved/PingFangUI.ttc
38.4659 	INFO 	Loaded monitor calibration from ['2025_06_12 14:42']
38.6016 	INFO 	Using renderer 'Apple M1 Pro' for graphics
38.6016 	INFO 	OpenGL version supported by driver is 2..
38.6348 	EXP 	Created window1 = Window(allowGUI=True, allowStencil=False, autoLog=True, backendConf=UNKNOWN, backgroundFit=<method-wrapper '__getattribute__' of attributeSetter object at 0x1556f6ef0>, backgroundImage=<method-wrapper '__getattribute__' of attributeSetter object at 0x1556f6f50>, bitsMode=UNKNOWN, blendMode='avg', bpc=(8, 8, 8), color=array([0, 0, 0]), colorSpace='rgb', depthBits=8, fullscr=False, gamma=None, gammaErrorPolicy='raise', infoMsg=UNKNOWN, lms=UNKNOWN, monitor=<psychopy.monitors.calibTools.Monitor object at 0x155706c50>, multiSample=False, name='window1', numSamples=2, pos=[np.float64(260.0), np.float64(224.5)], screen=0, size=array([2560, 1440]), stencilBits=0, stereo=False, title='PsychoPy', units='height', useFBO=True, useRetina=True, viewOri=0.0, viewPos=None, viewScale=None, waitBlanking=True, winType='pyglet')
38.6348 	EXP 	window1: backgroundImage = ''
38.6348 	EXP 	window1: backgroundFit = 'none'
39.2024 	INFO 	keyboard.Keyboard is using ptb backend.
39.3736 	INFO 	keyboard.Keyboard is using ptb backend.
39.4634 	INFO 	keyboard.Keyboard is using ptb backend.
39.4635 	EXP 	pilot_study: status = STARTED
39.5106 	EXP 	Created welcome_message = TextStim(__class__=<class 'psychopy.visual.text.TextStim'>, alignHoriz=method-wrapper(...), alignText='center', alignVert=method-wrapper(...), anchorHoriz='center', anchorVert='center', antialias=True, autoDraw=False, autoLog=True, bold=False, color=array([1., 1., 1.]), colorSpace='rgb', contrast=1.0, depth=0.0, draggable=False, flipHoriz=False, flipVert=False, font='Arial', fontFiles=[], height=np.float64(0.05), italic=False, languageStyle='LTR', name='welcome_message', opacity=1, ori=0.0, pos=array([0., 0.]), rgb=UNKNOWN, text=str(...), units='height', win=Window(...), wrapWidth=1)
39.5291 	EXP 	Created M_query = ImageStim(__class__=<class 'psychopy.visual.image.ImageStim'>, anchor=('center', 'center'), autoLog=True, color=array([1., 1., 1.]), colorSpace='rgb', contrast=1.0, depth=0.0, draggable=False, flipHoriz=np.False_, flipVert=np.False_, image='default.png', interpolate=True, mask=None, maskParams=None, name='M_query', opacity=1, ori=0.0, pos=array([-0.45,  0.  ]), size=array([1., 1.]), texRes=128.0, units='height', win=Window(...))
39.5324 	EXP 	Created img1 = ImageStim(__class__=<class 'psychopy.visual.image.ImageStim'>, anchor=('center', 'center'), autoLog=True, color=array([1., 1., 1.]), colorSpace='rgb', contrast=1.0, depth=-1.0, draggable=False, flipHoriz=np.False_, flipVert=np.False_, image='default.png', interpolate=True, mask=None, maskParams=None, name='img1', opacity=1, ori=0.0, pos=array([0. , 0.4]), size=array([1., 1.]), texRes=128.0, units='height', win=Window(...))
39.5356 	EXP 	Created img2 = ImageStim(__class__=<class 'psychopy.visual.image.ImageStim'>, anchor=('center', 'center'), autoLog=True, color=array([1., 1., 1.]), colorSpace='rgb', contrast=1.0, depth=-2.0, draggable=False, flipHoriz=np.False_, flipVert=np.False_, image='default.png', interpolate=True, mask=None, maskParams=None, name='img2', opacity=1, ori=0.0, pos=array([0.4, 0.4]), size=array([1., 1.]), texRes=128.0, units='height', win=Window(...))
39.5387 	EXP 	Created img3 = ImageStim(__class__=<class 'psychopy.visual.image.ImageStim'>, anchor=('center', 'center'), autoLog=True, color=array([1., 1., 1.]), colorSpace='rgb', contrast=1.0, depth=-3.0, draggable=True, flipHoriz=np.False_, flipVert=np.False_, image='default.png', interpolate=True, mask=None, maskParams=None, name='img3', opacity=1, ori=0.0, pos=array([0., 0.]), size=array([1., 1.]), texRes=128.0, units='height', win=Window(...))
39.5418 	EXP 	Created img4 = ImageStim(__class__=<class 'psychopy.visual.image.ImageStim'>, anchor=('center', 'center'), autoLog=True, color=array([1., 1., 1.]), colorSpace='rgb', contrast=1.0, depth=-4.0, draggable=False, flipHoriz=np.False_, flipVert=np.False_, image='default.png', interpolate=True, mask=None, maskParams=None, name='img4', opacity=1, ori=0.0, pos=array([0.4, 0. ]), size=array([1., 1.]), texRes=128.0, units='height', win=Window(...))
39.5449 	EXP 	Created img5 = ImageStim(__class__=<class 'psychopy.visual.image.ImageStim'>, anchor=('center', 'center'), autoLog=True, color=array([1., 1., 1.]), colorSpace='rgb', contrast=1.0, depth=-5.0, draggable=False, flipHoriz=np.False_, flipVert=np.False_, image='default.png', interpolate=True, mask=None, maskParams=None, name='img5', opacity=1, ori=0.0, pos=array([-0.4,  0. ]), size=array([1., 1.]), texRes=128.0, units='height', win=Window(...))
39.5480 	EXP 	Created img6 = ImageStim(__class__=<class 'psychopy.visual.image.ImageStim'>, anchor=('center', 'center'), autoLog=True, color=array([1., 1., 1.]), colorSpace='rgb', contrast=1.0, depth=-6.0, draggable=False, flipHoriz=np.False_, flipVert=np.False_, image='default.png', interpolate=True, mask=None, maskParams=None, name='img6', opacity=1, ori=0.0, pos=array([0., 0.]), size=array([1., 1.]), texRes=128.0, units='height', win=Window(...))
39.5523 	EXP 	Created end_message = TextStim(__class__=<class 'psychopy.visual.text.TextStim'>, alignHoriz=method-wrapper(...), alignText='center', alignVert=method-wrapper(...), anchorHoriz='center', anchorVert='center', antialias=True, autoDraw=False, autoLog=True, bold=False, color=array([1., 1., 1.]), colorSpace='rgb', contrast=1.0, depth=0.0, draggable=False, flipHoriz=False, flipVert=False, font='Arial', fontFiles=[], height=np.float64(0.05), italic=False, languageStyle='LTR', name='end_message', opacity=1, ori=0.0, pos=array([0., 0.]), rgb=UNKNOWN, text=str(...), units='height', win=Window(...), wrapWidth=1)
0.0570 	EXP 	welcome_message: autoDraw = True
0.7162 	DATA 	Mouse: Left button down, pos=(805,306)
0.8281 	DATA 	Mouse:  Left button up, pos=(805,306)
1.2631 	EXP 	Device response: <KeyPress from None: t=1.0833852910000132, value=space, duration=None>
1.2634 	EXP 	Device response: <KeyPress from None: t=1.0833852910000132, value=space, duration=0.10798449999128934>
1.2699 	EXP 	Imported resources/midLoop.csv as conditions, 5 conditions, 35 params
1.2705 	EXP 	New trial (rep=0, index=0): <Trial 0 (0 in rep 0) data={'img_query': 'resources/images/medium/med_Q1.jpg', 'img_query_w': np.int64(4032), 'img_query_h': np.int64(3024), 'img_query_disp_w': np.float64(0.35), 'img_query_disp_h': np.float64(0.2625), 'sam_1': 'resources/images/medium/med_S1_1.jpg', 'sam_1_w': np.int64(768), 'sam_1_h': np.int64(1024), 'sam_1_disp_w': np.float64(0.2625), 'sam_1_disp_h': np.float64(0.35), 'sam_2': 'resources/images/medium/med_S2_1.jpg', 'sam_2_w': np.int64(768), 'sam_2_h': np.int64(1024), 'sam_2_disp_w': np.float64(0.2625), 'sam_2_disp_h': np.float64(0.35), 'sam_3': 'resources/images/medium/med_S3_1.jpg', 'sam_3_w': np.int64(350), 'sam_3_h': np.int64(233), 'sam_3_disp_w': np.float64(0.35), 'sam_3_disp_h': np.float64(0.233), 'sam_4': 'resources/images/medium/med_S4_1.jpg', 'sam_4_w': np.int64(768), 'sam_4_h': np.int64(1024), 'sam_4_disp_w': np.float64(0.2625), 'sam_4_disp_h': np.float64(0.35), 'sam_5': 'resources/images/medium/med_S5_1.jpg', 'sam_5_w': np.int64(768), 'sam_5_h': np.int64(1040), 'sam_5_disp_w': np.float64(0.258461538), 'sam_5_disp_h': np.float64(0.35), 'img_targ': 'resources/images/medium/med_T1.jpg', 'targ_w': np.int64(1024), 'targ_h': np.int64(768), 'targ_disp_w': np.float64(0.35), 'targ_disp_h': np.float64(0.2625), 'thisN': 0, 'thisTrialN': 0, 'thisRepN': 0}>
1.4951 	DATA 	Keypress: space
1.4998 	INFO 	Keyboard events cleared
1.4997 	EXP 	welcome_message: autoDraw = False
1.4997 	EXP 	M_query: image = 'resources/images/medium/med_Q1.jpg'
1.4997 	EXP 	img1: image = 'resources/images/medium/med_S1_1.jpg'
1.4997 	EXP 	img2: image = 'resources/images/medium/med_S2_1.jpg'
1.4997 	EXP 	img3: image = 'resources/images/medium/med_S3_1.jpg'
1.4997 	EXP 	img4: image = 'resources/images/medium/med_S4_1.jpg'
1.4997 	EXP 	img5: image = 'resources/images/medium/med_S5_1.jpg'
1.4997 	EXP 	img6: image = 'resources/images/medium/med_T1.jpg'
1.4997 	EXP 	M_query: autoDraw = True
1.4997 	EXP 	img1: autoDraw = True
1.4997 	EXP 	img2: autoDraw = True
1.4997 	EXP 	img3: autoDraw = True
1.4997 	EXP 	img4: autoDraw = True
1.4997 	EXP 	img5: autoDraw = True
1.4997 	EXP 	img6: autoDraw = True
7.3109 	EXP 	Device response: <KeyPress from None: t=7.308014665992232, value=escape, duration=None>
7.3465 	DATA 	Keypress: escape
7.3886 	EXP 	Device response: <KeyPress from None: t=7.308014665992232, value=escape, duration=0.07991549999860581>
7.3886 	EXP 	pilot_study: status = STOPPED
7.4013 	EXP 	M_query: autoDraw = False
7.4013 	EXP 	img1: autoDraw = False
7.4013 	EXP 	img2: autoDraw = False
7.4013 	EXP 	img3: autoDraw = False
7.4013 	EXP 	img4: autoDraw = False
7.4013 	EXP 	img5: autoDraw = False
7.4013 	EXP 	img6: autoDraw = False
7.4013 	EXP 	pilot_study: status = STOPPED
7.4029 	INFO 	saved data to '/Users/marcogiven/Desktop/projects/S25_SURE/colorStudyPilot/data/_pilot_study_2025-06-27_10h31.20.372.csv'
7.4038 	INFO 	saved data to /Users/marcogiven/Desktop/projects/S25_SURE/colorStudyPilot/data/_pilot_study_2025-06-27_10h31.20.372.psydat
7.5300 	WARNING 	Stopping key buffers but this could be dangerous ifother keyboards rely on the same.
7.5300 	WARNING 	Stopping key buffers but this could be dangerous ifother keyboards rely on the same.
7.5300 	WARNING 	Stopping key buffers but this could be dangerous ifother keyboards rely on the same.
