17.3287 	WARNING 	Font Manager failed to load file /System/Library/PrivateFrameworks/FontServices.framework/Resources/Reserved/PingFangUI.ttc
17.5296 	WARNING 	Font Manager failed to load file /System/Library/PrivateFrameworks/FontServices.framework/Resources/Reserved/PingFangUI.ttc
19.7943 	INFO 	Loaded monitor calibration from ['2025_06_12 14:42']
19.9287 	INFO 	Using renderer 'Apple M1 Pro' for graphics
19.9287 	INFO 	OpenGL version supported by driver is 2..
19.9603 	EXP 	Created window1 = Window(allowGUI=True, allowStencil=False, autoLog=True, backendConf=UNKNOWN, backgroundFit=<method-wrapper '__getattribute__' of attributeSetter object at 0x15a046770>, backgroundImage=<method-wrapper '__getattribute__' of attributeSetter object at 0x15a046710>, bitsMode=UNKNOWN, blendMode='avg', bpc=(8, 8, 8), color=array([0, 0, 0]), colorSpace='rgb', depthBits=8, fullscr=False, gamma=None, gammaErrorPolicy='raise', infoMsg=UNKNOWN, lms=UNKNOWN, monitor=<psychopy.monitors.calibTools.Monitor object at 0x15a07ece0>, multiSample=False, name='window1', numSamples=2, pos=[np.float64(260.0), np.float64(224.5)], screen=0, size=array([2560, 1440]), stencilBits=0, stereo=False, title='PsychoPy', units='height', useFBO=True, useRetina=True, viewOri=0.0, viewPos=None, viewScale=None, waitBlanking=True, winType='pyglet')
19.9604 	EXP 	window1: backgroundImage = ''
19.9604 	EXP 	window1: backgroundFit = 'none'
20.5165 	INFO 	keyboard.Keyboard is using ptb backend.
20.6877 	INFO 	keyboard.Keyboard is using ptb backend.
20.6878 	EXP 	pilot_study: status = STARTED
20.7291 	EXP 	Created welcome_message = TextStim(__class__=<class 'psychopy.visual.text.TextStim'>, alignHoriz=method-wrapper(...), alignText='center', alignVert=method-wrapper(...), anchorHoriz='center', anchorVert='center', antialias=True, autoDraw=False, autoLog=True, bold=False, color=array([1., 1., 1.]), colorSpace='rgb', contrast=1.0, depth=0.0, draggable=False, flipHoriz=False, flipVert=False, font='Arial', fontFiles=[], height=np.float64(0.05), italic=False, languageStyle='LTR', name='welcome_message', opacity=1, ori=0.0, pos=array([0., 0.]), rgb=UNKNOWN, text=str(...), units='height', win=Window(...), wrapWidth=1)
20.7459 	EXP 	Created M_query = ImageStim(__class__=<class 'psychopy.visual.image.ImageStim'>, anchor=('center', 'center'), autoLog=True, color=array([1., 1., 1.]), colorSpace='rgb', contrast=1.0, depth=0.0, draggable=False, flipHoriz=np.False_, flipVert=np.False_, image='default.png', interpolate=True, mask=None, maskParams=None, name='M_query', opacity=1, ori=0.0, pos=array([0. , 0.3]), size=array([0.4, 0.3]), texRes=128.0, units='height', win=Window(...))
20.7498 	EXP 	Created M_top_left = ImageStim(__class__=<class 'psychopy.visual.image.ImageStim'>, anchor=('center', 'center'), autoLog=True, color=array([1., 1., 1.]), colorSpace='rgb', contrast=1.0, depth=-1.0, draggable=False, flipHoriz=np.False_, flipVert=np.False_, image='default.png', interpolate=True, mask=None, maskParams=None, name='M_top_left', opacity=1, ori=0.0, pos=array([-0.55,  0.1 ]), size=array([0.3, 0.4]), texRes=128.0, units='height', win=Window(...))
20.7536 	EXP 	Created M_top_mid = ImageStim(__class__=<class 'psychopy.visual.image.ImageStim'>, anchor=('center', 'center'), autoLog=True, color=array([1., 1., 1.]), colorSpace='rgb', contrast=1.0, depth=-2.0, draggable=False, flipHoriz=np.False_, flipVert=np.False_, image='default.png', interpolate=True, mask=None, maskParams=None, name='M_top_mid', opacity=1, ori=0.0, pos=array([0. , 0.1]), size=array([0.4, 0.3]), texRes=128.0, units='height', win=Window(...))
20.7569 	EXP 	Created M_top_right = ImageStim(__class__=<class 'psychopy.visual.image.ImageStim'>, anchor=('center', 'center'), autoLog=True, color=array([1., 1., 1.]), colorSpace='rgb', contrast=1.0, depth=-3.0, draggable=False, flipHoriz=np.False_, flipVert=np.False_, image='default.png', interpolate=True, mask=None, maskParams=None, name='M_top_right', opacity=1, ori=0.0, pos=array([0.55, 0.1 ]), size=array([0.4  , 0.225]), texRes=128.0, units='height', win=Window(...))
20.7602 	EXP 	Created M_bot_left = ImageStim(__class__=<class 'psychopy.visual.image.ImageStim'>, anchor=('center', 'center'), autoLog=True, color=array([1., 1., 1.]), colorSpace='rgb', contrast=1.0, depth=-4.0, draggable=False, flipHoriz=np.False_, flipVert=np.False_, image='default.png', interpolate=True, mask=None, maskParams=None, name='M_bot_left', opacity=1, ori=0.0, pos=array([-0.55, -0.25]), size=array([0.4, 0.3]), texRes=128.0, units='height', win=Window(...))
20.7634 	EXP 	Created M_bot_mid = ImageStim(__class__=<class 'psychopy.visual.image.ImageStim'>, anchor=('center', 'center'), autoLog=True, color=array([1., 1., 1.]), colorSpace='rgb', contrast=1.0, depth=-5.0, draggable=False, flipHoriz=np.False_, flipVert=np.False_, image='default.png', interpolate=True, mask=None, maskParams=None, name='M_bot_mid', opacity=1, ori=0.0, pos=array([ 0.  , -0.25]), size=array([0.4, 0.3]), texRes=128.0, units='height', win=Window(...))
20.7665 	EXP 	Created M_bot_right = ImageStim(__class__=<class 'psychopy.visual.image.ImageStim'>, anchor=('center', 'center'), autoLog=True, color=array([1., 1., 1.]), colorSpace='rgb', contrast=1.0, depth=-6.0, draggable=False, flipHoriz=np.False_, flipVert=np.False_, image='default.png', interpolate=True, mask=None, maskParams=None, name='M_bot_right', opacity=1, ori=0.0, pos=array([ 0.55, -0.25]), size=array([0.4, 0.3]), texRes=128.0, units='height', win=Window(...))
20.7709 	EXP 	Created end_message = TextStim(__class__=<class 'psychopy.visual.text.TextStim'>, alignHoriz=method-wrapper(...), alignText='center', alignVert=method-wrapper(...), anchorHoriz='center', anchorVert='center', antialias=True, autoDraw=False, autoLog=True, bold=False, color=array([1., 1., 1.]), colorSpace='rgb', contrast=1.0, depth=0.0, draggable=False, flipHoriz=False, flipVert=False, font='Arial', fontFiles=[], height=np.float64(0.05), italic=False, languageStyle='LTR', name='end_message', opacity=1, ori=0.0, pos=array([0., 0.]), rgb=UNKNOWN, text=str(...), units='height', win=Window(...), wrapWidth=1)
0.1796 	EXP 	Device response: <KeyPress from None: t=-0.1190797509989352, value=f2, duration=None>
0.1797 	EXP 	Device response: <KeyPress from None: t=-0.1190797509989352, value=f2, duration=0.09184033399651526>
0.1799 	EXP 	Device response: <KeyPress from None: t=0.13882495799771277, value=f1, duration=None>
0.1900 	EXP 	welcome_message: autoDraw = True
0.2450 	EXP 	Device response: <KeyPress from None: t=0.13882495799771277, value=f1, duration=0.09984062500006985>
0.7271 	DATA 	Mouse: Left button down, pos=(666,438)
0.8059 	DATA 	Mouse:  Left button up, pos=(666,438)
1.1293 	EXP 	Device response: <KeyPress from None: t=1.1230363739960012, value=space, duration=None>
1.1390 	EXP 	Imported resources/midLoop.csv as conditions, 5 conditions, 7 params
1.1397 	EXP 	New trial (rep=0, index=0): <Trial 0 (0 in rep 0) data={'img_query': 'resources/images/medium/med_Q3.jpg', 'sam_1': 'resources/images/medium/med_S1_3.jpg', 'sam_2': 'resources/images/medium/med_S2_3.jpg', 'sam_3': 'resources/images/medium/med_S3_3.jpg', 'sam_4': 'resources/images/medium/med_S4_3.jpg', 'sam_5': 'resources/images/medium/med_S5_3.jpg', 'img_targ': 'resources/images/medium/med_T3.jpg', 'thisN': 0, 'thisTrialN': 0, 'thisRepN': 0}>
1.5064 	EXP 	Device response: <KeyPress from None: t=1.1230363739960012, value=space, duration=0.09209570900566177>
1.5144 	DATA 	Keypress: space
1.5199 	EXP 	welcome_message: autoDraw = False
1.5199 	EXP 	M_query: image = 'resources/images/medium/med_Q3.jpg'
1.5199 	EXP 	M_top_left: image = 'resources/images/medium/med_S1_3.jpg'
1.5199 	EXP 	M_top_mid: image = 'resources/images/medium/med_S2_3.jpg'
1.5199 	EXP 	M_top_right: image = 'resources/images/medium/med_S3_3.jpg'
1.5199 	EXP 	M_bot_left: image = 'resources/images/medium/med_S4_3.jpg'
1.5199 	EXP 	M_bot_mid: image = 'resources/images/medium/med_S5_3.jpg'
1.5199 	EXP 	M_bot_right: image = 'resources/images/medium/med_T3.jpg'
1.5199 	EXP 	M_query: autoDraw = True
1.5199 	EXP 	M_top_left: autoDraw = True
1.5199 	EXP 	M_top_mid: autoDraw = True
1.5199 	EXP 	M_top_right: autoDraw = True
1.5199 	EXP 	M_bot_left: autoDraw = True
1.5199 	EXP 	M_bot_mid: autoDraw = True
1.5199 	EXP 	M_bot_right: autoDraw = True
1.5835 	EXP 	Device response: <KeyPress from None: t=1.5756325830006972, value=f2, duration=None>
1.6836 	EXP 	Device response: <KeyPress from None: t=1.5756325830006972, value=f2, duration=0.10007858299650252>
15.3645 	EXP 	Device response: <KeyPress from None: t=15.363237457997457, value=escape, duration=None>
15.4065 	DATA 	Keypress: escape
15.4534 	EXP 	Device response: <KeyPress from None: t=15.363237457997457, value=escape, duration=0.08803504100069404>
15.4535 	EXP 	pilot_study: status = STOPPED
15.4661 	EXP 	M_query: autoDraw = False
15.4661 	EXP 	M_top_left: autoDraw = False
15.4661 	EXP 	M_top_mid: autoDraw = False
15.4661 	EXP 	M_top_right: autoDraw = False
15.4661 	EXP 	M_bot_left: autoDraw = False
15.4661 	EXP 	M_bot_mid: autoDraw = False
15.4661 	EXP 	M_bot_right: autoDraw = False
15.4661 	EXP 	pilot_study: status = STOPPED
15.4677 	INFO 	saved data to '/Users/marcogiven/Desktop/projects/S25_SURE/colorStudyPilot/data/_pilot_study_2025-06-26_14h36.41.233.csv'
15.4683 	INFO 	saved data to /Users/marcogiven/Desktop/projects/S25_SURE/colorStudyPilot/data/_pilot_study_2025-06-26_14h36.41.233.psydat
15.5952 	WARNING 	Stopping key buffers but this could be dangerous ifother keyboards rely on the same.
15.5952 	WARNING 	Stopping key buffers but this could be dangerous ifother keyboards rely on the same.
