17.0540 	WARNING 	Font Manager failed to load file /System/Library/PrivateFrameworks/FontServices.framework/Resources/Reserved/PingFangUI.ttc
17.2996 	WARNING 	Font Manager failed to load file /System/Library/PrivateFrameworks/FontServices.framework/Resources/Reserved/PingFangUI.ttc
19.0811 	INFO 	Loaded monitor calibration from ['2025_06_12 14:42']
19.2148 	INFO 	Using renderer 'Apple M1 Pro' for graphics
19.2148 	INFO 	OpenGL version supported by driver is 2..
19.2473 	EXP 	Created window1 = Window(allowGUI=True, allowStencil=False, autoLog=True, backendConf=UNKNOWN, backgroundFit=<method-wrapper '__getattribute__' of attributeSetter object at 0x15a1fc310>, backgroundImage=<method-wrapper '__getattribute__' of attributeSetter object at 0x15a1fc370>, bitsMode=UNKNOWN, blendMode='avg', bpc=(8, 8, 8), color=array([0, 0, 0]), colorSpace='rgb', depthBits=8, fullscr=False, gamma=None, gammaErrorPolicy='raise', infoMsg=UNKNOWN, lms=UNKNOWN, monitor=<psychopy.monitors.calibTools.Monitor object at 0x15a25d1e0>, multiSample=False, name='window1', numSamples=2, pos=[np.float64(260.0), np.float64(224.5)], screen=0, size=array([2560, 1440]), stencilBits=0, stereo=False, title='PsychoPy', units='height', useFBO=True, useRetina=True, viewOri=0.0, viewPos=None, viewScale=None, waitBlanking=True, winType='pyglet')
19.2474 	EXP 	window1: backgroundImage = ''
19.2474 	EXP 	window1: backgroundFit = 'none'
19.8009 	INFO 	keyboard.Keyboard is using ptb backend.
19.9721 	INFO 	keyboard.Keyboard is using ptb backend.
20.0659 	INFO 	keyboard.Keyboard is using ptb backend.
20.0659 	EXP 	pilot_study: status = STARTED
20.1082 	EXP 	Created welcome_message = TextStim(__class__=<class 'psychopy.visual.text.TextStim'>, alignHoriz=method-wrapper(...), alignText='center', alignVert=method-wrapper(...), anchorHoriz='center', anchorVert='center', antialias=True, autoDraw=False, autoLog=True, bold=False, color=array([1., 1., 1.]), colorSpace='rgb', contrast=1.0, depth=0.0, draggable=False, flipHoriz=False, flipVert=False, font='Arial', fontFiles=[], height=np.float64(0.05), italic=False, languageStyle='LTR', name='welcome_message', opacity=1, ori=0.0, pos=array([0., 0.]), rgb=UNKNOWN, text=str(...), units='height', win=Window(...), wrapWidth=1)
20.1248 	EXP 	Created M_query = ImageStim(__class__=<class 'psychopy.visual.image.ImageStim'>, anchor=('center', 'center'), autoLog=True, color=array([1., 1., 1.]), colorSpace='rgb', contrast=1.0, depth=0.0, draggable=False, flipHoriz=np.False_, flipVert=np.False_, image='default.png', interpolate=True, mask=None, maskParams=None, name='M_query', opacity=1, ori=0.0, pos=array([-0.45,  0.  ]), size=array([1., 1.]), texRes=128.0, units='height', win=Window(...))
20.1281 	EXP 	Created img1 = ImageStim(__class__=<class 'psychopy.visual.image.ImageStim'>, anchor=('center', 'center'), autoLog=True, color=array([1., 1., 1.]), colorSpace='rgb', contrast=1.0, depth=-1.0, draggable=False, flipHoriz=np.False_, flipVert=np.False_, image='default.png', interpolate=True, mask=None, maskParams=None, name='img1', opacity=1, ori=0.0, pos=array([0.  , 0.35]), size=array([1., 1.]), texRes=128.0, units='height', win=Window(...))
20.1313 	EXP 	Created img2 = ImageStim(__class__=<class 'psychopy.visual.image.ImageStim'>, anchor=('center', 'center'), autoLog=True, color=array([1., 1., 1.]), colorSpace='rgb', contrast=1.0, depth=-2.0, draggable=False, flipHoriz=np.False_, flipVert=np.False_, image='default.png', interpolate=True, mask=None, maskParams=None, name='img2', opacity=1, ori=0.0, pos=array([0.45, 0.35]), size=array([1., 1.]), texRes=128.0, units='height', win=Window(...))
20.1343 	EXP 	Created img3 = ImageStim(__class__=<class 'psychopy.visual.image.ImageStim'>, anchor=('center', 'center'), autoLog=True, color=array([1., 1., 1.]), colorSpace='rgb', contrast=1.0, depth=-3.0, draggable=True, flipHoriz=np.False_, flipVert=np.False_, image='default.png', interpolate=True, mask=None, maskParams=None, name='img3', opacity=1, ori=0.0, pos=array([0., 0.]), size=array([1., 1.]), texRes=128.0, units='height', win=Window(...))
20.1374 	EXP 	Created img4 = ImageStim(__class__=<class 'psychopy.visual.image.ImageStim'>, anchor=('center', 'center'), autoLog=True, color=array([1., 1., 1.]), colorSpace='rgb', contrast=1.0, depth=-4.0, draggable=False, flipHoriz=np.False_, flipVert=np.False_, image='default.png', interpolate=True, mask=None, maskParams=None, name='img4', opacity=1, ori=0.0, pos=array([0.45, 0.  ]), size=array([1., 1.]), texRes=128.0, units='height', win=Window(...))
20.1405 	EXP 	Created img5 = ImageStim(__class__=<class 'psychopy.visual.image.ImageStim'>, anchor=('center', 'center'), autoLog=True, color=array([1., 1., 1.]), colorSpace='rgb', contrast=1.0, depth=-5.0, draggable=False, flipHoriz=np.False_, flipVert=np.False_, image='default.png', interpolate=True, mask=None, maskParams=None, name='img5', opacity=1, ori=0.0, pos=array([ 0.  , -0.35]), size=array([1., 1.]), texRes=128.0, units='height', win=Window(...))
20.1435 	EXP 	Created img6 = ImageStim(__class__=<class 'psychopy.visual.image.ImageStim'>, anchor=('center', 'center'), autoLog=True, color=array([1., 1., 1.]), colorSpace='rgb', contrast=1.0, depth=-6.0, draggable=False, flipHoriz=np.False_, flipVert=np.False_, image='default.png', interpolate=True, mask=None, maskParams=None, name='img6', opacity=1, ori=0.0, pos=array([0., 0.]), size=array([1., 1.]), texRes=128.0, units='height', win=Window(...))
20.1479 	EXP 	Created end_message = TextStim(__class__=<class 'psychopy.visual.text.TextStim'>, alignHoriz=method-wrapper(...), alignText='center', alignVert=method-wrapper(...), anchorHoriz='center', anchorVert='center', antialias=True, autoDraw=False, autoLog=True, bold=False, color=array([1., 1., 1.]), colorSpace='rgb', contrast=1.0, depth=0.0, draggable=False, flipHoriz=False, flipVert=False, font='Arial', fontFiles=[], height=np.float64(0.05), italic=False, languageStyle='LTR', name='end_message', opacity=1, ori=0.0, pos=array([0., 0.]), rgb=UNKNOWN, text=str(...), units='height', win=Window(...), wrapWidth=1)
0.0552 	EXP 	welcome_message: autoDraw = True
0.8131 	DATA 	Mouse: Left button down, pos=(750,422)
0.9408 	DATA 	Mouse:  Left button up, pos=(750,422)
1.5066 	EXP 	Device response: <KeyPress from None: t=1.33293833200878, value=space, duration=None>
1.5069 	EXP 	Device response: <KeyPress from None: t=1.33293833200878, value=space, duration=0.14022479199047666>
1.5134 	EXP 	Imported resources/midLoop.csv as conditions, 5 conditions, 35 params
1.5139 	EXP 	New trial (rep=0, index=0): <Trial 0 (0 in rep 0) data={'img_query': 'resources/images/medium/med_Q1.jpg', 'img_query_w': np.int64(4032), 'img_query_h': np.int64(3024), 'img_query_disp_w': np.float64(0.35), 'img_query_disp_h': np.float64(0.2625), 'sam_1': 'resources/images/medium/med_S1_1.jpg', 'sam_1_w': np.int64(768), 'sam_1_h': np.int64(1024), 'sam_1_disp_w': np.float64(0.2625), 'sam_1_disp_h': np.float64(0.35), 'sam_2': 'resources/images/medium/med_S2_1.jpg', 'sam_2_w': np.int64(768), 'sam_2_h': np.int64(1024), 'sam_2_disp_w': np.float64(0.2625), 'sam_2_disp_h': np.float64(0.35), 'sam_3': 'resources/images/medium/med_S3_1.jpg', 'sam_3_w': np.int64(350), 'sam_3_h': np.int64(233), 'sam_3_disp_w': np.float64(0.35), 'sam_3_disp_h': np.float64(0.233), 'sam_4': 'resources/images/medium/med_S4_1.jpg', 'sam_4_w': np.int64(768), 'sam_4_h': np.int64(1024), 'sam_4_disp_w': np.float64(0.2625), 'sam_4_disp_h': np.float64(0.35), 'sam_5': 'resources/images/medium/med_S5_1.jpg', 'sam_5_w': np.int64(768), 'sam_5_h': np.int64(1040), 'sam_5_disp_w': np.float64(0.258461538), 'sam_5_disp_h': np.float64(0.35), 'img_targ': 'resources/images/medium/med_T1.jpg', 'targ_w': np.int64(1024), 'targ_h': np.int64(768), 'targ_disp_w': np.float64(0.35), 'targ_disp_h': np.float64(0.2625), 'thisN': 0, 'thisTrialN': 0, 'thisRepN': 0}>
1.7545 	DATA 	Keypress: space
1.7591 	INFO 	Keyboard events cleared
1.7590 	EXP 	welcome_message: autoDraw = False
1.7590 	EXP 	M_query: image = 'resources/images/medium/med_Q1.jpg'
1.7590 	EXP 	img1: image = 'resources/images/medium/med_S1_1.jpg'
1.7590 	EXP 	img2: image = 'resources/images/medium/med_S2_1.jpg'
1.7590 	EXP 	img3: image = 'resources/images/medium/med_S3_1.jpg'
1.7590 	EXP 	img4: image = 'resources/images/medium/med_S4_1.jpg'
1.7590 	EXP 	img5: image = 'resources/images/medium/med_S5_1.jpg'
1.7590 	EXP 	img6: image = 'resources/images/medium/med_T1.jpg'
1.7590 	EXP 	M_query: autoDraw = True
1.7590 	EXP 	img1: autoDraw = True
1.7590 	EXP 	img2: autoDraw = True
1.7590 	EXP 	img3: autoDraw = True
1.7590 	EXP 	img4: autoDraw = True
1.7590 	EXP 	img5: autoDraw = True
1.7590 	EXP 	img6: autoDraw = True
7.2278 	DATA 	Mouse: Left button down, pos=(1274,456)
7.3447 	DATA 	Mouse:  Left button up, pos=(1274,456)
17.3206 	DATA 	Mouse: Left button down, pos=(1183,331)
17.4148 	DATA 	Mouse:  Left button up, pos=(1183,331)
17.7805 	EXP 	Device response: <KeyPress from None: t=17.77408854100213, value=space, duration=None>
17.7812 	EXP 	New trial (rep=0, index=1): <Trial 1 (1 in rep 0) data={'img_query': 'resources/images/medium/med_Q4.jpg', 'img_query_w': np.int64(768), 'img_query_h': np.int64(1024), 'img_query_disp_w': np.float64(0.2625), 'img_query_disp_h': np.float64(0.35), 'sam_1': 'resources/images/medium/med_S1_4.jpg', 'sam_1_w': np.int64(1024), 'sam_1_h': np.int64(768), 'sam_1_disp_w': np.float64(0.35), 'sam_1_disp_h': np.float64(0.2625), 'sam_2': 'resources/images/medium/med_S2_4.jpg', 'sam_2_w': np.int64(350), 'sam_2_h': np.int64(234), 'sam_2_disp_w': np.float64(0.35), 'sam_2_disp_h': np.float64(0.234), 'sam_3': 'resources/images/medium/med_S3_4.jpg', 'sam_3_w': np.int64(350), 'sam_3_h': np.int64(341), 'sam_3_disp_w': np.float64(0.35), 'sam_3_disp_h': np.float64(0.341), 'sam_4': 'resources/images/medium/med_S4_4.jpg', 'sam_4_w': np.int64(768), 'sam_4_h': np.int64(1024), 'sam_4_disp_w': np.float64(0.2625), 'sam_4_disp_h': np.float64(0.35), 'sam_5': 'resources/images/medium/med_S5_4.jpg', 'sam_5_w': np.int64(350), 'sam_5_h': np.int64(208), 'sam_5_disp_w': np.float64(0.35), 'sam_5_disp_h': np.float64(0.208), 'img_targ': 'resources/images/medium/med_T4.jpg', 'targ_w': np.int64(768), 'targ_h': np.int64(1024), 'targ_disp_w': np.float64(0.2625), 'targ_disp_h': np.float64(0.35), 'thisN': 1, 'thisTrialN': 1, 'thisRepN': 0}>
17.8678 	DATA 	Keypress: space
17.8710 	INFO 	Keyboard events cleared
17.8709 	EXP 	M_query: autoDraw = False
17.8709 	EXP 	img1: autoDraw = False
17.8709 	EXP 	img2: autoDraw = False
17.8709 	EXP 	img3: autoDraw = False
17.8709 	EXP 	img4: autoDraw = False
17.8709 	EXP 	img5: autoDraw = False
17.8709 	EXP 	img6: autoDraw = False
17.8709 	EXP 	M_query: image = 'resources/images/medium/med_Q4.jpg'
17.8709 	EXP 	img1: image = 'resources/images/medium/med_S1_4.jpg'
17.8709 	EXP 	img2: image = 'resources/images/medium/med_S2_4.jpg'
17.8709 	EXP 	img3: image = 'resources/images/medium/med_S3_4.jpg'
17.8709 	EXP 	img4: image = 'resources/images/medium/med_S4_4.jpg'
17.8709 	EXP 	img5: image = 'resources/images/medium/med_S5_4.jpg'
17.8709 	EXP 	img6: image = 'resources/images/medium/med_T4.jpg'
17.8709 	EXP 	M_query: autoDraw = True
17.8709 	EXP 	img1: autoDraw = True
17.8709 	EXP 	img2: autoDraw = True
17.8709 	EXP 	img3: autoDraw = True
17.8709 	EXP 	img4: autoDraw = True
17.8709 	EXP 	img5: autoDraw = True
17.8709 	EXP 	img6: autoDraw = True
17.9188 	EXP 	Device response: <KeyPress from None: t=17.77408854100213, value=space, duration=0.14388208300806582>
24.7913 	DATA 	Mouse: Left button down, pos=(1129,418)
24.9118 	DATA 	Mouse:  Left button up, pos=(1129,418)
25.2861 	EXP 	Device response: <KeyPress from None: t=25.282937957003014, value=lcommand, duration=None>
25.2892 	DATA 	Keypress: lcommand
25.5369 	EXP 	Device response: <KeyPress from None: t=25.53100520699809, value=tab, duration=None>
26.7220 	EXP 	Device response: <KeyPress from None: t=26.43495145700581, value=lcommand, duration=0.2719139590044506>
27.6015 	DATA 	Mouse: Left button down, pos=(1167,372)
27.6871 	DATA 	Mouse:  Left button up, pos=(1168,372)
28.5281 	EXP 	Device response: <KeyPress from None: t=28.51428141600627, value=escape, duration=None>
28.5619 	DATA 	Keypress: escape
28.6022 	EXP 	Device response: <KeyPress from None: t=28.51428141600627, value=escape, duration=0.08417037500475999>
28.6023 	EXP 	pilot_study: status = STOPPED
28.6048 	EXP 	M_query: autoDraw = False
28.6048 	EXP 	img1: autoDraw = False
28.6048 	EXP 	img2: autoDraw = False
28.6048 	EXP 	img3: autoDraw = False
28.6048 	EXP 	img4: autoDraw = False
28.6048 	EXP 	img5: autoDraw = False
28.6048 	EXP 	img6: autoDraw = False
28.6049 	EXP 	pilot_study: status = STOPPED
28.6068 	INFO 	saved data to '/Users/marcogiven/Desktop/projects/S25_SURE/colorStudyPilot/data/_pilot_study_2025-06-27_10h41.47.509.csv'
28.6078 	INFO 	saved data to /Users/marcogiven/Desktop/projects/S25_SURE/colorStudyPilot/data/_pilot_study_2025-06-27_10h41.47.509.psydat
28.7367 	WARNING 	Stopping key buffers but this could be dangerous ifother keyboards rely on the same.
28.7367 	WARNING 	Stopping key buffers but this could be dangerous ifother keyboards rely on the same.
28.7367 	WARNING 	Stopping key buffers but this could be dangerous ifother keyboards rely on the same.
