17.4364 	WARNING 	Font Manager failed to load file /System/Library/PrivateFrameworks/FontServices.framework/Resources/Reserved/PingFangUI.ttc
17.6634 	WARNING 	Font Manager failed to load file /System/Library/PrivateFrameworks/FontServices.framework/Resources/Reserved/PingFangUI.ttc
19.2207 	INFO 	Loaded monitor calibration from ['2025_06_12 14:42']
19.3568 	INFO 	Using renderer 'Apple M1 Pro' for graphics
19.3568 	INFO 	OpenGL version supported by driver is 2..
19.3902 	EXP 	Created window1 = Window(allowGUI=True, allowStencil=False, autoLog=True, backendConf=UNKNOWN, backgroundFit=<method-wrapper '__getattribute__' of attributeSetter object at 0x15a655690>, backgroundImage=<method-wrapper '__getattribute__' of attributeSetter object at 0x15a655630>, bitsMode=UNKNOWN, blendMode='avg', bpc=(8, 8, 8), color=array([0, 0, 0]), colorSpace='rgb', depthBits=8, fullscr=False, gamma=None, gammaErrorPolicy='raise', infoMsg=UNKNOWN, lms=UNKNOWN, monitor=<psychopy.monitors.calibTools.Monitor object at 0x15a0e2f80>, multiSample=False, name='window1', numSamples=2, pos=[np.float64(260.0), np.float64(224.5)], screen=0, size=array([2560, 1440]), stencilBits=0, stereo=False, title='PsychoPy', units='height', useFBO=True, useRetina=True, viewOri=0.0, viewPos=None, viewScale=None, waitBlanking=True, winType='pyglet')
19.3902 	EXP 	window1: backgroundImage = ''
19.3902 	EXP 	window1: backgroundFit = 'none'
19.9487 	INFO 	keyboard.Keyboard is using ptb backend.
20.1198 	INFO 	keyboard.Keyboard is using ptb backend.
20.1198 	EXP 	pilot_study: status = STARTED
20.1659 	EXP 	Created welcome_message = TextStim(__class__=<class 'psychopy.visual.text.TextStim'>, alignHoriz=method-wrapper(...), alignText='center', alignVert=method-wrapper(...), anchorHoriz='center', anchorVert='center', antialias=True, autoDraw=False, autoLog=True, bold=False, color=array([1., 1., 1.]), colorSpace='rgb', contrast=1.0, depth=0.0, draggable=False, flipHoriz=False, flipVert=False, font='Arial', fontFiles=[], height=np.float64(0.05), italic=False, languageStyle='LTR', name='welcome_message', opacity=1, ori=0.0, pos=array([0., 0.]), rgb=UNKNOWN, text=str(...), units='height', win=Window(...), wrapWidth=1)
20.1844 	EXP 	Created M_query = ImageStim(__class__=<class 'psychopy.visual.image.ImageStim'>, anchor=('center', 'center'), autoLog=True, color=array([1., 1., 1.]), colorSpace='rgb', contrast=1.0, depth=0.0, draggable=False, flipHoriz=np.False_, flipVert=np.False_, image='default.png', interpolate=True, mask=None, maskParams=None, name='M_query', opacity=1, ori=0.0, pos=array([0. , 0.3]), size=array([0.25, 0.25]), texRes=128.0, units='height', win=Window(...))
20.1877 	EXP 	Created M_top_left = ImageStim(__class__=<class 'psychopy.visual.image.ImageStim'>, anchor=('center', 'center'), autoLog=True, color=array([1., 1., 1.]), colorSpace='rgb', contrast=1.0, depth=-1.0, draggable=False, flipHoriz=np.False_, flipVert=np.False_, image='default.png', interpolate=True, mask=None, maskParams=None, name='M_top_left', opacity=1, ori=0.0, pos=array([-0.55,  0.1 ]), size=array([0.25, 0.25]), texRes=128.0, units='height', win=Window(...))
20.1908 	EXP 	Created M_top_mid = ImageStim(__class__=<class 'psychopy.visual.image.ImageStim'>, anchor=('center', 'center'), autoLog=True, color=array([1., 1., 1.]), colorSpace='rgb', contrast=1.0, depth=-2.0, draggable=False, flipHoriz=np.False_, flipVert=np.False_, image='default.png', interpolate=True, mask=None, maskParams=None, name='M_top_mid', opacity=1, ori=0.0, pos=array([0. , 0.1]), size=array([0.25, 0.25]), texRes=128.0, units='height', win=Window(...))
20.1939 	EXP 	Created M_top_right = ImageStim(__class__=<class 'psychopy.visual.image.ImageStim'>, anchor=('center', 'center'), autoLog=True, color=array([1., 1., 1.]), colorSpace='rgb', contrast=1.0, depth=-3.0, draggable=False, flipHoriz=np.False_, flipVert=np.False_, image='default.png', interpolate=True, mask=None, maskParams=None, name='M_top_right', opacity=1, ori=0.0, pos=array([0.55, 0.1 ]), size=array([0.25, 0.25]), texRes=128.0, units='height', win=Window(...))
20.1970 	EXP 	Created M_bot_left = ImageStim(__class__=<class 'psychopy.visual.image.ImageStim'>, anchor=('center', 'center'), autoLog=True, color=array([1., 1., 1.]), colorSpace='rgb', contrast=1.0, depth=-4.0, draggable=False, flipHoriz=np.False_, flipVert=np.False_, image='default.png', interpolate=True, mask=None, maskParams=None, name='M_bot_left', opacity=1, ori=0.0, pos=array([-0.55, -0.25]), size=array([0.25, 0.25]), texRes=128.0, units='height', win=Window(...))
20.2000 	EXP 	Created M_bot_mid = ImageStim(__class__=<class 'psychopy.visual.image.ImageStim'>, anchor=('center', 'center'), autoLog=True, color=array([1., 1., 1.]), colorSpace='rgb', contrast=1.0, depth=-5.0, draggable=False, flipHoriz=np.False_, flipVert=np.False_, image='default.png', interpolate=True, mask=None, maskParams=None, name='M_bot_mid', opacity=1, ori=0.0, pos=array([ 0.  , -0.25]), size=array([0.25, 0.25]), texRes=128.0, units='height', win=Window(...))
20.2031 	EXP 	Created M_bot_right = ImageStim(__class__=<class 'psychopy.visual.image.ImageStim'>, anchor=('center', 'center'), autoLog=True, color=array([1., 1., 1.]), colorSpace='rgb', contrast=1.0, depth=-6.0, draggable=False, flipHoriz=np.False_, flipVert=np.False_, image='default.png', interpolate=True, mask=None, maskParams=None, name='M_bot_right', opacity=1, ori=0.0, pos=array([ 0.55, -0.25]), size=array([0.25, 0.25]), texRes=128.0, units='height', win=Window(...))
20.2073 	EXP 	Created end_message = TextStim(__class__=<class 'psychopy.visual.text.TextStim'>, alignHoriz=method-wrapper(...), alignText='center', alignVert=method-wrapper(...), anchorHoriz='center', anchorVert='center', antialias=True, autoDraw=False, autoLog=True, bold=False, color=array([1., 1., 1.]), colorSpace='rgb', contrast=1.0, depth=0.0, draggable=False, flipHoriz=False, flipVert=False, font='Arial', fontFiles=[], height=np.float64(0.05), italic=False, languageStyle='LTR', name='end_message', opacity=1, ori=0.0, pos=array([0., 0.]), rgb=UNKNOWN, text=str(...), units='height', win=Window(...), wrapWidth=1)
0.0609 	EXP 	welcome_message: autoDraw = True
0.7456 	DATA 	Mouse: Left button down, pos=(673,582)
0.8161 	DATA 	Mouse:  Left button up, pos=(673,582)
1.3824 	EXP 	Device response: <KeyPress from None: t=1.194850874999247, value=space, duration=None>
1.3827 	EXP 	Device response: <KeyPress from None: t=1.194850874999247, value=space, duration=0.08798962500441121>
1.3866 	EXP 	Imported resources/midLoop.csv as conditions, 5 conditions, 7 params
1.3869 	EXP 	New trial (rep=0, index=0): <Trial 0 (0 in rep 0) data={'img_query': 'resources/images/medium/med_Q5.jpg', 'sam_1': 'resources/images/medium/med_S1_5.jpg', 'sam_2': 'resources/images/medium/med_S2_5.jpg', 'sam_3': 'resources/images/medium/med_S3_5.jpg', 'sam_4': 'resources/images/medium/med_S4_5.jpg', 'sam_5': 'resources/images/medium/med_S5_5.jpg', 'img_targ': 'resources/images/medium/med_T5.jpg', 'thisN': 0, 'thisTrialN': 0, 'thisRepN': 0}>
1.5479 	DATA 	Keypress: space
1.5511 	EXP 	welcome_message: autoDraw = False
1.5511 	EXP 	M_query: image = 'resources/images/medium/med_Q5.jpg'
1.5511 	EXP 	M_top_left: image = 'resources/images/medium/med_S1_5.jpg'
1.5511 	EXP 	M_top_mid: image = 'resources/images/medium/med_S2_5.jpg'
1.5511 	EXP 	M_top_right: image = 'resources/images/medium/med_S3_5.jpg'
1.5511 	EXP 	M_bot_left: image = 'resources/images/medium/med_S4_5.jpg'
1.5511 	EXP 	M_bot_mid: image = 'resources/images/medium/med_S5_5.jpg'
1.5511 	EXP 	M_bot_right: image = 'resources/images/medium/med_T5.jpg'
1.5511 	EXP 	M_query: autoDraw = True
1.5511 	EXP 	M_top_left: autoDraw = True
1.5511 	EXP 	M_top_mid: autoDraw = True
1.5511 	EXP 	M_top_right: autoDraw = True
1.5511 	EXP 	M_bot_left: autoDraw = True
1.5511 	EXP 	M_bot_mid: autoDraw = True
1.5511 	EXP 	M_bot_right: autoDraw = True
8.5206 	EXP 	Device response: <KeyPress from None: t=8.518772540999635, value=escape, duration=None>
8.5598 	DATA 	Keypress: escape
8.5975 	EXP 	Device response: <KeyPress from None: t=8.518772540999635, value=escape, duration=0.07201916700432776>
8.5975 	EXP 	pilot_study: status = STOPPED
8.6036 	EXP 	M_query: autoDraw = False
8.6036 	EXP 	M_top_left: autoDraw = False
8.6036 	EXP 	M_top_mid: autoDraw = False
8.6036 	EXP 	M_top_right: autoDraw = False
8.6036 	EXP 	M_bot_left: autoDraw = False
8.6036 	EXP 	M_bot_mid: autoDraw = False
8.6036 	EXP 	M_bot_right: autoDraw = False
8.6036 	EXP 	pilot_study: status = STOPPED
8.6050 	INFO 	saved data to '/Users/marcogiven/Desktop/projects/S25_SURE/colorStudyPilot/data/_pilot_study_2025-06-26_14h38.12.054.csv'
8.6056 	INFO 	saved data to /Users/marcogiven/Desktop/projects/S25_SURE/colorStudyPilot/data/_pilot_study_2025-06-26_14h38.12.054.psydat
8.7288 	WARNING 	Stopping key buffers but this could be dangerous ifother keyboards rely on the same.
8.7289 	WARNING 	Stopping key buffers but this could be dangerous ifother keyboards rely on the same.
