17.3125 	WARNING 	Font Manager failed to load file /System/Library/PrivateFrameworks/FontServices.framework/Resources/Reserved/PingFangUI.ttc
17.5423 	WARNING 	Font Manager failed to load file /System/Library/PrivateFrameworks/FontServices.framework/Resources/Reserved/PingFangUI.ttc
19.1500 	INFO 	Loaded monitor calibration from ['2025_06_12 14:42']
19.2872 	INFO 	Using renderer 'Apple M1 Pro' for graphics
19.2872 	INFO 	OpenGL version supported by driver is 2..
19.3210 	EXP 	Created window1 = Window(allowGUI=True, allowStencil=False, autoLog=True, backendConf=UNKNOWN, backgroundFit=<method-wrapper '__getattribute__' of attributeSetter object at 0x15832bb50>, backgroundImage=<method-wrapper '__getattribute__' of attributeSetter object at 0x15832baf0>, bitsMode=UNKNOWN, blendMode='avg', bpc=(8, 8, 8), color=array([0, 0, 0]), colorSpace='rgb', depthBits=8, fullscr=False, gamma=None, gammaErrorPolicy='raise', infoMsg=UNKNOWN, lms=UNKNOWN, monitor=<psychopy.monitors.calibTools.Monitor object at 0x1583d0760>, multiSample=False, name='window1', numSamples=2, pos=[np.float64(260.0), np.float64(224.5)], screen=0, size=array([2560, 1440]), stencilBits=0, stereo=False, title='PsychoPy', units='height', useFBO=True, useRetina=True, viewOri=0.0, viewPos=None, viewScale=None, waitBlanking=True, winType='pyglet')
19.3211 	EXP 	window1: backgroundImage = ''
19.3211 	EXP 	window1: backgroundFit = 'none'
19.9048 	INFO 	keyboard.Keyboard is using ptb backend.
20.0758 	INFO 	keyboard.Keyboard is using ptb backend.
20.1644 	INFO 	keyboard.Keyboard is using ptb backend.
20.1644 	EXP 	pilot_study: status = STARTED
20.2099 	EXP 	Created welcome_message = TextStim(__class__=<class 'psychopy.visual.text.TextStim'>, alignHoriz=method-wrapper(...), alignText='center', alignVert=method-wrapper(...), anchorHoriz='center', anchorVert='center', antialias=True, autoDraw=False, autoLog=True, bold=False, color=array([1., 1., 1.]), colorSpace='rgb', contrast=1.0, depth=0.0, draggable=False, flipHoriz=False, flipVert=False, font='Arial', fontFiles=[], height=np.float64(0.05), italic=False, languageStyle='LTR', name='welcome_message', opacity=1, ori=0.0, pos=array([0., 0.]), rgb=UNKNOWN, text=str(...), units='height', win=Window(...), wrapWidth=1)
20.2284 	EXP 	Created image = ImageStim(__class__=<class 'psychopy.visual.image.ImageStim'>, anchor=('center', 'center'), autoLog=True, color=array([1., 1., 1.]), colorSpace='rgb', contrast=1.0, depth=0.0, draggable=False, flipHoriz=np.False_, flipVert=np.False_, image='default.png', interpolate=True, mask=None, maskParams=None, name='image', opacity=1, ori=0.0, pos=array([0., 0.]), size=array([1.8, 1. ]), texRes=128.0, units='height', win=Window(...))
20.2293 	EXP 	Created text = TextStim(__class__=<class 'psychopy.visual.text.TextStim'>, alignHoriz=method-wrapper(...), alignText='center', alignVert=method-wrapper(...), anchorHoriz='center', anchorVert='center', antialias=True, autoDraw=False, autoLog=True, bold=False, color=array([1., 1., 1.]), colorSpace='rgb', contrast=1.0, depth=0.0, draggable=False, flipHoriz=False, flipVert=False, font='Arial', fontFiles=[], height=np.float64(0.05), italic=False, languageStyle='LTR', name='text', opacity=1, ori=0.0, pos=array([0., 0.]), rgb=UNKNOWN, text='', units='height', win=Window(...), wrapWidth=1)
20.2334 	EXP 	Created end_message = TextStim(__class__=<class 'psychopy.visual.text.TextStim'>, alignHoriz=method-wrapper(...), alignText='center', alignVert=method-wrapper(...), anchorHoriz='center', anchorVert='center', antialias=True, autoDraw=False, autoLog=True, bold=False, color=array([1., 1., 1.]), colorSpace='rgb', contrast=1.0, depth=0.0, draggable=False, flipHoriz=False, flipVert=False, font='Arial', fontFiles=[], height=np.float64(0.05), italic=False, languageStyle='LTR', name='end_message', opacity=1, ori=0.0, pos=array([0., 0.]), rgb=UNKNOWN, text=str(...), units='height', win=Window(...), wrapWidth=1)
0.0540 	EXP 	welcome_message: autoDraw = True
8.0698 	EXP 	Device response: <KeyPress from None: t=7.88379129099485, value=space, duration=None>
8.0701 	EXP 	Device response: <KeyPress from None: t=7.88379129099485, value=space, duration=0.09198387499782257>
8.0737 	EXP 	Imported resources/loopTest.csv as conditions, 5 conditions, 2 params
8.0741 	EXP 	New trial (rep=0, index=0): <Trial 0 (0 in rep 0) data={'set_img': 'resources/images/m4.jpg', 'correct': np.int64(6), 'thisN': 0, 'thisTrialN': 0, 'thisRepN': 0}>
8.1119 	DATA 	Keypress: space
8.1156 	EXP 	welcome_message: autoDraw = False
8.1156 	EXP 	image: image = 'resources/images/m4.jpg'
8.1156 	EXP 	image: autoDraw = True
9.2042 	EXP 	Device response: <KeyPress from None: t=9.19939299998805, value=3, duration=None>
9.2094 	DATA 	Keypress: 3
9.2133 	EXP 	image: autoDraw = False
9.2133 	EXP 	text: autoDraw = True
9.3178 	EXP 	Device response: <KeyPress from None: t=9.19939299998805, value=3, duration=0.10406041600799654>
11.1989 	EXP 	New trial (rep=0, index=1): <Trial 1 (1 in rep 0) data={'set_img': 'resources/images/m1.jpg', 'correct': np.int64(3), 'thisN': 1, 'thisTrialN': 1, 'thisRepN': 0}>
11.2567 	EXP 	text: autoDraw = False
11.2567 	EXP 	text: autoDraw = False
11.2567 	EXP 	image: image = 'resources/images/m1.jpg'
11.2567 	EXP 	image: autoDraw = True
11.8190 	EXP 	Device response: <KeyPress from None: t=11.816275499993935, value=2, duration=None>
11.8228 	DATA 	Keypress: 2
11.8311 	EXP 	image: autoDraw = False
11.8311 	EXP 	text: autoDraw = True
11.8980 	EXP 	Device response: <KeyPress from None: t=11.816275499993935, value=2, duration=0.08011991600506008>
13.8141 	EXP 	New trial (rep=0, index=2): <Trial 2 (2 in rep 0) data={'set_img': 'resources/images/m3.jpg', 'correct': np.int64(3), 'thisN': 2, 'thisTrialN': 2, 'thisRepN': 0}>
13.8566 	EXP 	text: autoDraw = False
13.8566 	EXP 	text: autoDraw = False
13.8566 	EXP 	image: image = 'resources/images/m3.jpg'
13.8566 	EXP 	image: autoDraw = True
14.3669 	EXP 	Device response: <KeyPress from None: t=14.357958707987564, value=4, duration=None>
14.3712 	DATA 	Keypress: 4
14.3745 	EXP 	image: autoDraw = False
14.3745 	EXP 	text: autoDraw = True
14.4526 	EXP 	Device response: <KeyPress from None: t=14.357958707987564, value=4, duration=0.08790479200251866>
16.3655 	EXP 	New trial (rep=0, index=3): <Trial 3 (3 in rep 0) data={'set_img': 'resources/images/m2.jpg', 'correct': np.int64(1), 'thisN': 3, 'thisTrialN': 3, 'thisRepN': 0}>
16.4059 	EXP 	text: autoDraw = False
16.4059 	EXP 	text: autoDraw = False
16.4059 	EXP 	image: image = 'resources/images/m2.jpg'
16.4059 	EXP 	image: autoDraw = True
17.0843 	EXP 	Device response: <KeyPress from None: t=17.07487987499917, value=2, duration=None>
17.0874 	DATA 	Keypress: 2
17.0903 	EXP 	image: autoDraw = False
17.0903 	EXP 	text: autoDraw = True
17.1506 	EXP 	Device response: <KeyPress from None: t=17.07487987499917, value=2, duration=0.06817879099980928>
19.0832 	EXP 	New trial (rep=0, index=4): <Trial 4 (4 in rep 0) data={'set_img': 'resources/images/m5.jpg', 'correct': np.int64(4), 'thisN': 4, 'thisTrialN': 4, 'thisRepN': 0}>
19.1130 	EXP 	text: autoDraw = False
19.1130 	EXP 	text: autoDraw = False
19.1130 	EXP 	image: image = 'resources/images/m5.jpg'
19.1130 	EXP 	image: autoDraw = True
19.9851 	EXP 	Device response: <KeyPress from None: t=19.981244082999183, value=2, duration=None>
19.9933 	DATA 	Keypress: 2
19.9956 	EXP 	image: autoDraw = False
19.9956 	EXP 	text: autoDraw = True
20.0678 	EXP 	Device response: <KeyPress from None: t=19.981244082999183, value=2, duration=0.08007391699356958>
21.9961 	EXP 	Imported resources/midLoop.csv as conditions, 5 conditions, 35 params
21.9966 	EXP 	New trial (rep=0, index=0): <Trial 0 (0 in rep 0) data={'img_query': 'resources/images/medium/med_Q5.jpg', 'img_query_w': np.int64(1024), 'img_query_h': np.int64(768), 'img_query_disp_w': np.float64(0.4), 'img_query_disp_h': np.float64(0.3), 'sam_1': 'resources/images/medium/med_S5_1.jpg', 'sam_1_w': np.int64(768), 'sam_1_h': np.int64(1024), 'sam_1_disp_w': np.float64(0.2625), 'sam_1_disp_h': np.float64(0.35), 'sam_2': 'resources/images/medium/med_S5_2.jpg', 'sam_2_w': np.int64(350), 'sam_2_h': np.int64(233), 'sam_2_disp_w': np.float64(0.35), 'sam_2_disp_h': np.float64(0.233), 'sam_3': 'resources/images/medium/med_S5_3.jpg', 'sam_3_w': np.int64(2592), 'sam_3_h': np.int64(4608), 'sam_3_disp_w': np.float64(0.196875), 'sam_3_disp_h': np.float64(0.35), 'sam_4': 'resources/images/medium/med_S5_4.jpg', 'sam_4_w': np.int64(350), 'sam_4_h': np.int64(208), 'sam_4_disp_w': np.float64(0.35), 'sam_4_disp_h': np.float64(0.208), 'sam_5': 'resources/images/medium/med_S5_5.jpg', 'sam_5_w': np.int64(350), 'sam_5_h': np.int64(233), 'sam_5_disp_w': np.float64(0.35), 'sam_5_disp_h': np.float64(0.233), 'img_targ': 'resources/images/medium/med_T5.jpg', 'targ_w': np.int64(768), 'targ_h': np.int64(1024), 'targ_disp_w': np.float64(0.2625), 'targ_disp_h': np.float64(0.35), 'thisN': 0, 'thisTrialN': 0, 'thisRepN': 0}>
21.9969 	EXP 	New trial (rep=0, index=1): <Trial 1 (1 in rep 0) data={'img_query': 'resources/images/medium/med_Q2.jpg', 'img_query_w': np.int64(1024), 'img_query_h': np.int64(768), 'img_query_disp_w': np.float64(0.4), 'img_query_disp_h': np.float64(0.3), 'sam_1': 'resources/images/medium/med_S2_1.jpg', 'sam_1_w': np.int64(768), 'sam_1_h': np.int64(1024), 'sam_1_disp_w': np.float64(0.2625), 'sam_1_disp_h': np.float64(0.35), 'sam_2': 'resources/images/medium/med_S2_2.jpg', 'sam_2_w': np.int64(350), 'sam_2_h': np.int64(233), 'sam_2_disp_w': np.float64(0.35), 'sam_2_disp_h': np.float64(0.233), 'sam_3': 'resources/images/medium/med_S2_3.jpg', 'sam_3_w': np.int64(1024), 'sam_3_h': np.int64(768), 'sam_3_disp_w': np.float64(0.35), 'sam_3_disp_h': np.float64(0.2625), 'sam_4': 'resources/images/medium/med_S2_4.jpg', 'sam_4_w': np.int64(350), 'sam_4_h': np.int64(234), 'sam_4_disp_w': np.float64(0.35), 'sam_4_disp_h': np.float64(0.234), 'sam_5': 'resources/images/medium/med_S2_5.jpg', 'sam_5_w': np.int64(1024), 'sam_5_h': np.int64(768), 'sam_5_disp_w': np.float64(0.35), 'sam_5_disp_h': np.float64(0.2625), 'img_targ': 'resources/images/medium/med_T2.jpg', 'targ_w': np.int64(4032), 'targ_h': np.int64(2268), 'targ_disp_w': np.float64(0.35), 'targ_disp_h': np.float64(0.196875), 'thisN': 1, 'thisTrialN': 1, 'thisRepN': 0}>
21.9972 	EXP 	New trial (rep=0, index=2): <Trial 2 (2 in rep 0) data={'img_query': 'resources/images/medium/med_Q4.jpg', 'img_query_w': np.int64(768), 'img_query_h': np.int64(1024), 'img_query_disp_w': np.float64(0.3), 'img_query_disp_h': np.float64(0.4), 'sam_1': 'resources/images/medium/med_S4_1.jpg', 'sam_1_w': np.int64(768), 'sam_1_h': np.int64(1024), 'sam_1_disp_w': np.float64(0.2625), 'sam_1_disp_h': np.float64(0.35), 'sam_2': 'resources/images/medium/med_S4_2.jpg', 'sam_2_w': np.int64(350), 'sam_2_h': np.int64(233), 'sam_2_disp_w': np.float64(0.35), 'sam_2_disp_h': np.float64(0.233), 'sam_3': 'resources/images/medium/med_S4_3.jpg', 'sam_3_w': np.int64(350), 'sam_3_h': np.int64(197), 'sam_3_disp_w': np.float64(0.35), 'sam_3_disp_h': np.float64(0.197), 'sam_4': 'resources/images/medium/med_S4_4.jpg', 'sam_4_w': np.int64(768), 'sam_4_h': np.int64(1024), 'sam_4_disp_w': np.float64(0.2625), 'sam_4_disp_h': np.float64(0.35), 'sam_5': 'resources/images/medium/med_S4_5.jpg', 'sam_5_w': np.int64(768), 'sam_5_h': np.int64(1024), 'sam_5_disp_w': np.float64(0.2625), 'sam_5_disp_h': np.float64(0.35), 'img_targ': 'resources/images/medium/med_T4.jpg', 'targ_w': np.int64(768), 'targ_h': np.int64(1024), 'targ_disp_w': np.float64(0.2625), 'targ_disp_h': np.float64(0.35), 'thisN': 2, 'thisTrialN': 2, 'thisRepN': 0}>
21.9974 	EXP 	New trial (rep=0, index=3): <Trial 3 (3 in rep 0) data={'img_query': 'resources/images/medium/med_Q1.jpg', 'img_query_w': np.int64(4032), 'img_query_h': np.int64(3024), 'img_query_disp_w': np.float64(0.4), 'img_query_disp_h': np.float64(0.3), 'sam_1': 'resources/images/medium/med_S1_1.jpg', 'sam_1_w': np.int64(768), 'sam_1_h': np.int64(1024), 'sam_1_disp_w': np.float64(0.2625), 'sam_1_disp_h': np.float64(0.35), 'sam_2': 'resources/images/medium/med_S1_2.jpg', 'sam_2_w': np.int64(4032), 'sam_2_h': np.int64(3024), 'sam_2_disp_w': np.float64(0.35), 'sam_2_disp_h': np.float64(0.2625), 'sam_3': 'resources/images/medium/med_S1_3.jpg', 'sam_3_w': np.int64(4160), 'sam_3_h': np.int64(2340), 'sam_3_disp_w': np.float64(0.35), 'sam_3_disp_h': np.float64(0.196875), 'sam_4': 'resources/images/medium/med_S1_4.jpg', 'sam_4_w': np.int64(1024), 'sam_4_h': np.int64(768), 'sam_4_disp_w': np.float64(0.35), 'sam_4_disp_h': np.float64(0.2625), 'sam_5': 'resources/images/medium/med_S1_5.jpg', 'sam_5_w': np.int64(1024), 'sam_5_h': np.int64(768), 'sam_5_disp_w': np.float64(0.35), 'sam_5_disp_h': np.float64(0.2625), 'img_targ': 'resources/images/medium/med_T1.jpg', 'targ_w': np.int64(1024), 'targ_h': np.int64(768), 'targ_disp_w': np.float64(0.35), 'targ_disp_h': np.float64(0.2625), 'thisN': 3, 'thisTrialN': 3, 'thisRepN': 0}>
21.9976 	EXP 	New trial (rep=0, index=4): <Trial 4 (4 in rep 0) data={'img_query': 'resources/images/medium/med_Q3.jpg', 'img_query_w': np.int64(1024), 'img_query_h': np.int64(768), 'img_query_disp_w': np.float64(0.4), 'img_query_disp_h': np.float64(0.3), 'sam_1': 'resources/images/medium/med_S3_1.jpg', 'sam_1_w': np.int64(350), 'sam_1_h': np.int64(233), 'sam_1_disp_w': np.float64(0.35), 'sam_1_disp_h': np.float64(0.233), 'sam_2': 'resources/images/medium/med_S3_2.jpg', 'sam_2_w': np.int64(1024), 'sam_2_h': np.int64(768), 'sam_2_disp_w': np.float64(0.35), 'sam_2_disp_h': np.float64(0.2625), 'sam_3': 'resources/images/medium/med_S3_3.jpg', 'sam_3_w': np.int64(1024), 'sam_3_h': np.int64(768), 'sam_3_disp_w': np.float64(0.35), 'sam_3_disp_h': np.float64(0.2625), 'sam_4': 'resources/images/medium/med_S3_4.jpg', 'sam_4_w': np.int64(350), 'sam_4_h': np.int64(341), 'sam_4_disp_w': np.float64(0.35), 'sam_4_disp_h': np.float64(0.341), 'sam_5': 'resources/images/medium/med_S3_5.jpg', 'sam_5_w': np.int64(3264), 'sam_5_h': np.int64(1840), 'sam_5_disp_w': np.float64(0.35), 'sam_5_disp_h': np.float64(0.197303922), 'img_targ': 'resources/images/medium/med_T3.jpg', 'targ_w': np.int64(1024), 'targ_h': np.int64(768), 'targ_disp_w': np.float64(0.35), 'targ_disp_h': np.float64(0.2625), 'thisN': 4, 'thisTrialN': 4, 'thisRepN': 0}>
22.0057 	EXP 	Imported resources/impLoop.csv as conditions, 5 conditions, 35 params
22.0061 	EXP 	New trial (rep=0, index=0): <Trial 0 (0 in rep 0) data={'imp_query': 'resources/images/impossible/imp_Q5.jpg', 'imp_query_w': np.int64(1024), 'imp_query_h': np.int64(768), 'imp_query_disp_w': np.float64(0.4), 'imp_query_disp_h': np.float64(0.3), 'imp1': 'resources/images/impossible/imp_S5_1.jpg', 'imp1_w': np.int64(1024), 'imp1_h': np.int64(768), 'imp1_disp_w': np.float64(0.35), 'imp1_disp_h': np.float64(0.2625), 'imp2': 'resources/images/impossible/imp_S5_2.jpg', 'imp2_w': np.int64(764), 'imp2_h': np.int64(1024), 'imp2_disp_w': np.float64(0.261132813), 'imp2_disp_h': np.float64(0.35), 'imp3': 'resources/images/impossible/imp_S5_3.jpg', 'imp3_w': np.int64(350), 'imp3_h': np.int64(233), 'imp3_disp_w': np.float64(0.35), 'imp3_disp_h': np.float64(0.233), 'imp4': 'resources/images/impossible/imp_S5_4.jpg', 'imp4_w': np.int64(1024), 'imp4_h': np.int64(768), 'imp4_disp_w': np.float64(0.35), 'imp4_disp_h': np.float64(0.1875), 'imp5': 'resources/images/impossible/imp_S5_5.jpg', 'imp5_w': np.int64(350), 'imp5_h': np.int64(233), 'imp5_disp_w': np.float64(0.35), 'imp5_disp_h': np.float64(0.233), 'imp_targ': 'resources/images/impossible/imp_T5.jpg', 'imp_targ_w': np.int64(1024), 'imp_targ_h': np.int64(768), 'imp_targ_disp_w': np.float64(0.35), 'imp_targ_disp_h': np.float64(0.2625), 'thisN': 0, 'thisTrialN': 0, 'thisRepN': 0}>
22.0064 	EXP 	New trial (rep=0, index=1): <Trial 1 (1 in rep 0) data={'imp_query': 'resources/images/impossible/imp_Q3.jpg', 'imp_query_w': np.int64(3840), 'imp_query_h': np.int64(2160), 'imp_query_disp_w': np.float64(0.4), 'imp_query_disp_h': np.float64(0.225), 'imp1': 'resources/images/impossible/imp_S3_1.JPEG', 'imp1_w': np.int64(1920), 'imp1_h': np.int64(1080), 'imp1_disp_w': np.float64(0.35), 'imp1_disp_h': np.float64(0.196875), 'imp2': 'resources/images/impossible/imp_S3_2.jpg', 'imp2_w': np.int64(5344), 'imp2_h': np.int64(3006), 'imp2_disp_w': np.float64(0.35), 'imp2_disp_h': np.float64(0.196875), 'imp3': 'resources/images/impossible/imp_S3_3.JPEG', 'imp3_w': np.int64(3840), 'imp3_h': np.int64(2160), 'imp3_disp_w': np.float64(0.35), 'imp3_disp_h': np.float64(0.196875), 'imp4': 'resources/images/impossible/imp_S3_4.JPEG', 'imp4_w': np.int64(3840), 'imp4_h': np.int64(2160), 'imp4_disp_w': np.float64(0.35), 'imp4_disp_h': np.float64(0.140625), 'imp5': 'resources/images/impossible/imp_S3_5.JPEG', 'imp5_w': np.int64(3840), 'imp5_h': np.int64(2160), 'imp5_disp_w': np.float64(0.35), 'imp5_disp_h': np.float64(0.196875), 'imp_targ': 'resources/images/impossible/imp_T3.jpg', 'imp_targ_w': np.int64(2160), 'imp_targ_h': np.int64(3840), 'imp_targ_disp_w': np.float64(0.196875), 'imp_targ_disp_h': np.float64(0.35), 'thisN': 1, 'thisTrialN': 1, 'thisRepN': 0}>
22.0067 	EXP 	New trial (rep=0, index=2): <Trial 2 (2 in rep 0) data={'imp_query': 'resources/images/impossible/imp_Q1.jpg', 'imp_query_w': np.int64(2160), 'imp_query_h': np.int64(2160), 'imp_query_disp_w': np.float64(0.4), 'imp_query_disp_h': np.float64(0.4), 'imp1': 'resources/images/impossible/imp_S1_1.jpg', 'imp1_w': np.int64(768), 'imp1_h': np.int64(1024), 'imp1_disp_w': np.float64(0.2625), 'imp1_disp_h': np.float64(0.35), 'imp2': 'resources/images/impossible/imp_S1_2.jpg', 'imp2_w': np.int64(768), 'imp2_h': np.int64(1024), 'imp2_disp_w': np.float64(0.2625), 'imp2_disp_h': np.float64(0.35), 'imp3': 'resources/images/impossible/imp_S1_3.jpg', 'imp3_w': np.int64(1024), 'imp3_h': np.int64(768), 'imp3_disp_w': np.float64(0.35), 'imp3_disp_h': np.float64(0.2625), 'imp4': 'resources/images/impossible/imp_S1_4.JPEG', 'imp4_w': np.int64(3840), 'imp4_h': np.int64(2160), 'imp4_disp_w': np.float64(0.35), 'imp4_disp_h': np.float64(0.140625), 'imp5': 'resources/images/impossible/imp_S1_5.jpg', 'imp5_w': np.int64(768), 'imp5_h': np.int64(1024), 'imp5_disp_w': np.float64(0.2625), 'imp5_disp_h': np.float64(0.35), 'imp_targ': 'resources/images/impossible/imp_T1.jpg', 'imp_targ_w': np.int64(2160), 'imp_targ_h': np.int64(2160), 'imp_targ_disp_w': np.float64(0.35), 'imp_targ_disp_h': np.float64(0.35), 'thisN': 2, 'thisTrialN': 2, 'thisRepN': 0}>
22.0070 	EXP 	New trial (rep=0, index=3): <Trial 3 (3 in rep 0) data={'imp_query': 'resources/images/impossible/imp_Q2.jpg', 'imp_query_w': np.int64(3024), 'imp_query_h': np.int64(4032), 'imp_query_disp_w': np.float64(0.3), 'imp_query_disp_h': np.float64(0.4), 'imp1': 'resources/images/impossible/imp_S2_1.jpg', 'imp1_w': np.int64(350), 'imp1_h': np.int64(224), 'imp1_disp_w': np.float64(0.35), 'imp1_disp_h': np.float64(0.224), 'imp2': 'resources/images/impossible/imp_S2_2.JPEG', 'imp2_w': np.int64(3840), 'imp2_h': np.int64(2160), 'imp2_disp_w': np.float64(0.35), 'imp2_disp_h': np.float64(0.196875), 'imp3': 'resources/images/impossible/imp_S2_3.jpg', 'imp3_w': np.int64(768), 'imp3_h': np.int64(1024), 'imp3_disp_w': np.float64(0.2625), 'imp3_disp_h': np.float64(0.35), 'imp4': 'resources/images/impossible/imp_S2_4.jpg', 'imp4_w': np.int64(350), 'imp4_h': np.int64(233), 'imp4_disp_w': np.float64(0.35), 'imp4_disp_h': np.float64(0.166428571), 'imp5': 'resources/images/impossible/imp_S2_5.jpg', 'imp5_w': np.int64(768), 'imp5_h': np.int64(1024), 'imp5_disp_w': np.float64(0.2625), 'imp5_disp_h': np.float64(0.35), 'imp_targ': 'resources/images/impossible/imp_T2.jpg', 'imp_targ_w': np.int64(4032), 'imp_targ_h': np.int64(3024), 'imp_targ_disp_w': np.float64(0.35), 'imp_targ_disp_h': np.float64(0.2625), 'thisN': 3, 'thisTrialN': 3, 'thisRepN': 0}>
22.0073 	EXP 	New trial (rep=0, index=4): <Trial 4 (4 in rep 0) data={'imp_query': 'resources/images/impossible/imp_Q4.jpg', 'imp_query_w': np.int64(4032), 'imp_query_h': np.int64(3024), 'imp_query_disp_w': np.float64(0.4), 'imp_query_disp_h': np.float64(0.3), 'imp1': 'resources/images/impossible/imp_S4_1.jpg', 'imp1_w': np.int64(1024), 'imp1_h': np.int64(768), 'imp1_disp_w': np.float64(0.35), 'imp1_disp_h': np.float64(0.2625), 'imp2': 'resources/images/impossible/imp_S4_2.jpg', 'imp2_w': np.int64(768), 'imp2_h': np.int64(1024), 'imp2_disp_w': np.float64(0.2625), 'imp2_disp_h': np.float64(0.35), 'imp3': 'resources/images/impossible/imp_S4_3.jpg', 'imp3_w': np.int64(1024), 'imp3_h': np.int64(768), 'imp3_disp_w': np.float64(0.35), 'imp3_disp_h': np.float64(0.2625), 'imp4': 'resources/images/impossible/imp_S4_4.jpg', 'imp4_w': np.int64(1024), 'imp4_h': np.int64(768), 'imp4_disp_w': np.float64(0.35), 'imp4_disp_h': np.float64(0.1875), 'imp5': 'resources/images/impossible/imp_S4_5.jpg', 'imp5_w': np.int64(3024), 'imp5_h': np.int64(4032), 'imp5_disp_w': np.float64(0.2625), 'imp5_disp_h': np.float64(0.35), 'imp_targ': 'resources/images/impossible/imp_T4.jpg', 'imp_targ_w': np.int64(4032), 'imp_targ_h': np.int64(3024), 'imp_targ_disp_w': np.float64(0.35), 'imp_targ_disp_h': np.float64(0.2625), 'thisN': 4, 'thisTrialN': 4, 'thisRepN': 0}>
22.0118 	EXP 	text: autoDraw = False
22.0118 	EXP 	text: autoDraw = False
22.0118 	EXP 	end_message: autoDraw = True
24.9092 	EXP 	Device response: <KeyPress from None: t=24.901395790991955, value=escape, duration=None>
24.9340 	DATA 	Keypress: escape
24.9649 	EXP 	Device response: <KeyPress from None: t=24.901395790991955, value=escape, duration=0.05515995899622794>
24.9650 	EXP 	pilot_study: status = STOPPED
24.9674 	EXP 	end_message: autoDraw = False
24.9674 	EXP 	pilot_study: status = STOPPED
24.9720 	INFO 	saved data to '/Users/marcogiven/Desktop/projects/S25_SURE/colorStudyPilot/data/_pilot_study_2025-06-27_15h02.50.545.csv'
24.9734 	INFO 	saved data to /Users/marcogiven/Desktop/projects/S25_SURE/colorStudyPilot/data/_pilot_study_2025-06-27_15h02.50.545.psydat
25.1071 	WARNING 	Stopping key buffers but this could be dangerous ifother keyboards rely on the same.
25.1072 	WARNING 	Stopping key buffers but this could be dangerous ifother keyboards rely on the same.
25.1072 	WARNING 	Stopping key buffers but this could be dangerous ifother keyboards rely on the same.
