17.3116 	WARNING 	Font Manager failed to load file /System/Library/PrivateFrameworks/FontServices.framework/Resources/Reserved/PingFangUI.ttc
17.5568 	WARNING 	Font Manager failed to load file /System/Library/PrivateFrameworks/FontServices.framework/Resources/Reserved/PingFangUI.ttc
20.0870 	INFO 	Loaded monitor calibration from ['2025_06_12 14:42']
20.2236 	INFO 	Using renderer 'Apple M1 Pro' for graphics
20.2236 	INFO 	OpenGL version supported by driver is 2..
20.2559 	EXP 	Created window1 = Window(allowGUI=True, allowStencil=False, autoLog=True, backendConf=UNKNOWN, backgroundFit=<method-wrapper '__getattribute__' of attributeSetter object at 0x15ac5e020>, backgroundImage=<method-wrapper '__getattribute__' of attributeSetter object at 0x15ac5e080>, bitsMode=UNKNOWN, blendMode='avg', bpc=(8, 8, 8), color=array([0, 0, 0]), colorSpace='rgb', depthBits=8, fullscr=False, gamma=None, gammaErrorPolicy='raise', infoMsg=UNKNOWN, lms=UNKNOWN, monitor=<psychopy.monitors.calibTools.Monitor object at 0x15a98d1e0>, multiSample=False, name='window1', numSamples=2, pos=[np.float64(260.0), np.float64(224.5)], screen=0, size=array([2560, 1440]), stencilBits=0, stereo=False, title='PsychoPy', units='height', useFBO=True, useRetina=True, viewOri=0.0, viewPos=None, viewScale=None, waitBlanking=True, winType='pyglet')
20.2559 	EXP 	window1: backgroundImage = ''
20.2559 	EXP 	window1: backgroundFit = 'none'
20.8325 	INFO 	keyboard.Keyboard is using ptb backend.
21.0104 	INFO 	keyboard.Keyboard is using ptb backend.
21.1022 	INFO 	keyboard.Keyboard is using ptb backend.
21.1022 	EXP 	pilot_study: status = STARTED
21.1506 	EXP 	Created welcome_message = TextStim(__class__=<class 'psychopy.visual.text.TextStim'>, alignHoriz=method-wrapper(...), alignText='center', alignVert=method-wrapper(...), anchorHoriz='center', anchorVert='center', antialias=True, autoDraw=False, autoLog=True, bold=False, color=array([1., 1., 1.]), colorSpace='rgb', contrast=1.0, depth=0.0, draggable=False, flipHoriz=False, flipVert=False, font='Arial', fontFiles=[], height=np.float64(0.05), italic=False, languageStyle='LTR', name='welcome_message', opacity=1, ori=0.0, pos=array([0., 0.]), rgb=UNKNOWN, text=str(...), units='height', win=Window(...), wrapWidth=1)
21.1695 	EXP 	Created M_query = ImageStim(__class__=<class 'psychopy.visual.image.ImageStim'>, anchor=('center', 'center'), autoLog=True, color=array([1., 1., 1.]), colorSpace='rgb', contrast=1.0, depth=0.0, draggable=False, flipHoriz=np.False_, flipVert=np.False_, image='default.png', interpolate=True, mask=None, maskParams=None, name='M_query', opacity=1, ori=0.0, pos=array([-0.45,  0.  ]), size=array([1., 1.]), texRes=128.0, units='height', win=Window(...))
21.1729 	EXP 	Created img1 = ImageStim(__class__=<class 'psychopy.visual.image.ImageStim'>, anchor=('center', 'center'), autoLog=True, color=array([1., 1., 1.]), colorSpace='rgb', contrast=1.0, depth=-1.0, draggable=False, flipHoriz=np.False_, flipVert=np.False_, image='default.png', interpolate=True, mask=None, maskParams=None, name='img1', opacity=1, ori=0.0, pos=array([0.  , 0.35]), size=array([1., 1.]), texRes=128.0, units='height', win=Window(...))
21.1763 	EXP 	Created img2 = ImageStim(__class__=<class 'psychopy.visual.image.ImageStim'>, anchor=('center', 'center'), autoLog=True, color=array([1., 1., 1.]), colorSpace='rgb', contrast=1.0, depth=-2.0, draggable=False, flipHoriz=np.False_, flipVert=np.False_, image='default.png', interpolate=True, mask=None, maskParams=None, name='img2', opacity=1, ori=0.0, pos=array([0.45, 0.35]), size=array([1., 1.]), texRes=128.0, units='height', win=Window(...))
21.1794 	EXP 	Created img3 = ImageStim(__class__=<class 'psychopy.visual.image.ImageStim'>, anchor=('center', 'center'), autoLog=True, color=array([1., 1., 1.]), colorSpace='rgb', contrast=1.0, depth=-3.0, draggable=True, flipHoriz=np.False_, flipVert=np.False_, image='default.png', interpolate=True, mask=None, maskParams=None, name='img3', opacity=1, ori=0.0, pos=array([0., 0.]), size=array([1., 1.]), texRes=128.0, units='height', win=Window(...))
21.1829 	EXP 	Created img4 = ImageStim(__class__=<class 'psychopy.visual.image.ImageStim'>, anchor=('center', 'center'), autoLog=True, color=array([1., 1., 1.]), colorSpace='rgb', contrast=1.0, depth=-4.0, draggable=False, flipHoriz=np.False_, flipVert=np.False_, image='default.png', interpolate=True, mask=None, maskParams=None, name='img4', opacity=1, ori=0.0, pos=array([0.45, 0.  ]), size=array([1., 1.]), texRes=128.0, units='height', win=Window(...))
21.1861 	EXP 	Created img5 = ImageStim(__class__=<class 'psychopy.visual.image.ImageStim'>, anchor=('center', 'center'), autoLog=True, color=array([1., 1., 1.]), colorSpace='rgb', contrast=1.0, depth=-5.0, draggable=False, flipHoriz=np.False_, flipVert=np.False_, image='default.png', interpolate=True, mask=None, maskParams=None, name='img5', opacity=1, ori=0.0, pos=array([ 0.  , -0.35]), size=array([1., 1.]), texRes=128.0, units='height', win=Window(...))
21.1896 	EXP 	Created img6 = ImageStim(__class__=<class 'psychopy.visual.image.ImageStim'>, anchor=('center', 'center'), autoLog=True, color=array([1., 1., 1.]), colorSpace='rgb', contrast=1.0, depth=-6.0, draggable=False, flipHoriz=np.False_, flipVert=np.False_, image='default.png', interpolate=True, mask=None, maskParams=None, name='img6', opacity=1, ori=0.0, pos=array([0., 0.]), size=array([1., 1.]), texRes=128.0, units='height', win=Window(...))
21.1940 	EXP 	Created end_message = TextStim(__class__=<class 'psychopy.visual.text.TextStim'>, alignHoriz=method-wrapper(...), alignText='center', alignVert=method-wrapper(...), anchorHoriz='center', anchorVert='center', antialias=True, autoDraw=False, autoLog=True, bold=False, color=array([1., 1., 1.]), colorSpace='rgb', contrast=1.0, depth=0.0, draggable=False, flipHoriz=False, flipVert=False, font='Arial', fontFiles=[], height=np.float64(0.05), italic=False, languageStyle='LTR', name='end_message', opacity=1, ori=0.0, pos=array([0., 0.]), rgb=UNKNOWN, text=str(...), units='height', win=Window(...), wrapWidth=1)
0.0597 	EXP 	welcome_message: autoDraw = True
0.8119 	DATA 	Mouse: Left button down, pos=(853,316)
0.8854 	DATA 	Mouse:  Left button up, pos=(853,316)
1.3038 	EXP 	Device response: <KeyPress from None: t=1.1223779990104958, value=space, duration=None>
1.3040 	EXP 	Device response: <KeyPress from None: t=1.1223779990104958, value=space, duration=0.11217545799445361>
1.3105 	EXP 	Imported resources/midLoop.csv as conditions, 5 conditions, 35 params
1.3111 	EXP 	New trial (rep=0, index=0): <Trial 0 (0 in rep 0) data={'img_query': 'resources/images/medium/med_Q2.jpg', 'img_query_w': np.int64(1024), 'img_query_h': np.int64(768), 'img_query_disp_w': np.float64(0.35), 'img_query_disp_h': np.float64(0.2625), 'sam_1': 'resources/images/medium/med_S2_1.jpg', 'sam_1_w': np.int64(768), 'sam_1_h': np.int64(1024), 'sam_1_disp_w': np.float64(0.2625), 'sam_1_disp_h': np.float64(0.35), 'sam_2': 'resources/images/medium/med_S2_2.jpg', 'sam_2_w': np.int64(350), 'sam_2_h': np.int64(233), 'sam_2_disp_w': np.float64(0.35), 'sam_2_disp_h': np.float64(0.233), 'sam_3': 'resources/images/medium/med_S2_3.jpg', 'sam_3_w': np.int64(1024), 'sam_3_h': np.int64(768), 'sam_3_disp_w': np.float64(0.35), 'sam_3_disp_h': np.float64(0.2625), 'sam_4': 'resources/images/medium/med_S2_4.jpg', 'sam_4_w': np.int64(350), 'sam_4_h': np.int64(234), 'sam_4_disp_w': np.float64(0.35), 'sam_4_disp_h': np.float64(0.234), 'sam_5': 'resources/images/medium/med_S2_5.jpg', 'sam_5_w': np.int64(1024), 'sam_5_h': np.int64(768), 'sam_5_disp_w': np.float64(0.35), 'sam_5_disp_h': np.float64(0.2625), 'img_targ': 'resources/images/medium/med_T2.jpg', 'targ_w': np.int64(4032), 'targ_h': np.int64(2268), 'targ_disp_w': np.float64(0.35), 'targ_disp_h': np.float64(0.196875), 'thisN': 0, 'thisTrialN': 0, 'thisRepN': 0}>
1.4898 	DATA 	Keypress: space
1.4943 	INFO 	Keyboard events cleared
1.4942 	EXP 	welcome_message: autoDraw = False
1.4942 	EXP 	M_query: image = 'resources/images/medium/med_Q2.jpg'
1.4942 	EXP 	img1: image = 'resources/images/medium/med_S2_1.jpg'
1.4942 	EXP 	img2: image = 'resources/images/medium/med_S2_2.jpg'
1.4942 	EXP 	img3: image = 'resources/images/medium/med_S2_3.jpg'
1.4942 	EXP 	img4: image = 'resources/images/medium/med_S2_4.jpg'
1.4942 	EXP 	img5: image = 'resources/images/medium/med_S2_5.jpg'
1.4942 	EXP 	img6: image = 'resources/images/medium/med_T2.jpg'
1.4942 	EXP 	M_query: autoDraw = True
1.4942 	EXP 	img1: autoDraw = True
1.4942 	EXP 	img2: autoDraw = True
1.4942 	EXP 	img3: autoDraw = True
1.4942 	EXP 	img4: autoDraw = True
1.4942 	EXP 	img5: autoDraw = True
1.4942 	EXP 	img6: autoDraw = True
6.8357 	DATA 	Mouse: Left button down, pos=(645,585)
7.1009 	DATA 	Mouse:  Left button up, pos=(645,585)
39.2026 	DATA 	Mouse: Left button down, pos=(810,492)
39.3033 	DATA 	Mouse:  Left button up, pos=(810,492)
39.5226 	EXP 	Device response: <KeyPress from None: t=39.51683562400285, value=space, duration=None>
39.5231 	EXP 	New trial (rep=0, index=1): <Trial 1 (1 in rep 0) data={'img_query': 'resources/images/medium/med_Q5.jpg', 'img_query_w': np.int64(1024), 'img_query_h': np.int64(768), 'img_query_disp_w': np.float64(0.35), 'img_query_disp_h': np.float64(0.2625), 'sam_1': 'resources/images/medium/med_S5_1.jpg', 'sam_1_w': np.int64(768), 'sam_1_h': np.int64(1024), 'sam_1_disp_w': np.float64(0.2625), 'sam_1_disp_h': np.float64(0.35), 'sam_2': 'resources/images/medium/med_S5_2.jpg', 'sam_2_w': np.int64(350), 'sam_2_h': np.int64(233), 'sam_2_disp_w': np.float64(0.35), 'sam_2_disp_h': np.float64(0.233), 'sam_3': 'resources/images/medium/med_S5_3.jpg', 'sam_3_w': np.int64(2592), 'sam_3_h': np.int64(4608), 'sam_3_disp_w': np.float64(0.196875), 'sam_3_disp_h': np.float64(0.35), 'sam_4': 'resources/images/medium/med_S5_4.jpg', 'sam_4_w': np.int64(350), 'sam_4_h': np.int64(208), 'sam_4_disp_w': np.float64(0.35), 'sam_4_disp_h': np.float64(0.208), 'sam_5': 'resources/images/medium/med_S5_5.jpg', 'sam_5_w': np.int64(350), 'sam_5_h': np.int64(233), 'sam_5_disp_w': np.float64(0.35), 'sam_5_disp_h': np.float64(0.233), 'img_targ': 'resources/images/medium/med_T5.jpg', 'targ_w': np.int64(768), 'targ_h': np.int64(1024), 'targ_disp_w': np.float64(0.2625), 'targ_disp_h': np.float64(0.35), 'thisN': 1, 'thisTrialN': 1, 'thisRepN': 0}>
39.7405 	EXP 	Device response: <KeyPress from None: t=39.51683562400285, value=space, duration=0.14828666699759196>
39.7480 	DATA 	Keypress: space
39.7515 	INFO 	Keyboard events cleared
39.7514 	EXP 	M_query: autoDraw = False
39.7514 	EXP 	img1: autoDraw = False
39.7514 	EXP 	img2: autoDraw = False
39.7514 	EXP 	img3: autoDraw = False
39.7514 	EXP 	img4: autoDraw = False
39.7514 	EXP 	img5: autoDraw = False
39.7514 	EXP 	img6: autoDraw = False
39.7514 	EXP 	M_query: image = 'resources/images/medium/med_Q5.jpg'
39.7514 	EXP 	img1: image = 'resources/images/medium/med_S5_1.jpg'
39.7514 	EXP 	img2: image = 'resources/images/medium/med_S5_2.jpg'
39.7514 	EXP 	img3: image = 'resources/images/medium/med_S5_3.jpg'
39.7514 	EXP 	img4: image = 'resources/images/medium/med_S5_4.jpg'
39.7514 	EXP 	img5: image = 'resources/images/medium/med_S5_5.jpg'
39.7514 	EXP 	img6: image = 'resources/images/medium/med_T5.jpg'
39.7514 	EXP 	M_query: autoDraw = True
39.7514 	EXP 	img1: autoDraw = True
39.7514 	EXP 	img2: autoDraw = True
39.7514 	EXP 	img3: autoDraw = True
39.7514 	EXP 	img4: autoDraw = True
39.7514 	EXP 	img5: autoDraw = True
39.7514 	EXP 	img6: autoDraw = True
44.7186 	EXP 	Device response: <KeyPress from None: t=44.713168374000816, value=space, duration=None>
44.7190 	EXP 	New trial (rep=0, index=2): <Trial 2 (2 in rep 0) data={'img_query': 'resources/images/medium/med_Q1.jpg', 'img_query_w': np.int64(4032), 'img_query_h': np.int64(3024), 'img_query_disp_w': np.float64(0.35), 'img_query_disp_h': np.float64(0.2625), 'sam_1': 'resources/images/medium/med_S1_1.jpg', 'sam_1_w': np.int64(768), 'sam_1_h': np.int64(1024), 'sam_1_disp_w': np.float64(0.2625), 'sam_1_disp_h': np.float64(0.35), 'sam_2': 'resources/images/medium/med_S1_2.jpg', 'sam_2_w': np.int64(4032), 'sam_2_h': np.int64(3024), 'sam_2_disp_w': np.float64(0.35), 'sam_2_disp_h': np.float64(0.2625), 'sam_3': 'resources/images/medium/med_S1_3.jpg', 'sam_3_w': np.int64(4160), 'sam_3_h': np.int64(2340), 'sam_3_disp_w': np.float64(0.35), 'sam_3_disp_h': np.float64(0.196875), 'sam_4': 'resources/images/medium/med_S1_4.jpg', 'sam_4_w': np.int64(1024), 'sam_4_h': np.int64(768), 'sam_4_disp_w': np.float64(0.35), 'sam_4_disp_h': np.float64(0.2625), 'sam_5': 'resources/images/medium/med_S1_5.jpg', 'sam_5_w': np.int64(1024), 'sam_5_h': np.int64(768), 'sam_5_disp_w': np.float64(0.35), 'sam_5_disp_h': np.float64(0.2625), 'img_targ': 'resources/images/medium/med_T1.jpg', 'targ_w': np.int64(1024), 'targ_h': np.int64(768), 'targ_disp_w': np.float64(0.35), 'targ_disp_h': np.float64(0.2625), 'thisN': 2, 'thisTrialN': 2, 'thisRepN': 0}>
45.1489 	EXP 	Device response: <KeyPress from None: t=44.713168374000816, value=space, duration=0.176135208006599>
45.1509 	DATA 	Keypress: space
45.1550 	INFO 	Keyboard events cleared
45.1550 	EXP 	M_query: autoDraw = False
45.1550 	EXP 	img1: autoDraw = False
45.1550 	EXP 	img2: autoDraw = False
45.1550 	EXP 	img3: autoDraw = False
45.1550 	EXP 	img4: autoDraw = False
45.1550 	EXP 	img5: autoDraw = False
45.1550 	EXP 	img6: autoDraw = False
45.1550 	EXP 	M_query: image = 'resources/images/medium/med_Q1.jpg'
45.1550 	EXP 	img1: image = 'resources/images/medium/med_S1_1.jpg'
45.1550 	EXP 	img2: image = 'resources/images/medium/med_S1_2.jpg'
45.1550 	EXP 	img3: image = 'resources/images/medium/med_S1_3.jpg'
45.1550 	EXP 	img4: image = 'resources/images/medium/med_S1_4.jpg'
45.1550 	EXP 	img5: image = 'resources/images/medium/med_S1_5.jpg'
45.1550 	EXP 	img6: image = 'resources/images/medium/med_T1.jpg'
45.1550 	EXP 	M_query: autoDraw = True
45.1550 	EXP 	img1: autoDraw = True
45.1550 	EXP 	img2: autoDraw = True
45.1550 	EXP 	img3: autoDraw = True
45.1550 	EXP 	img4: autoDraw = True
45.1550 	EXP 	img5: autoDraw = True
45.1550 	EXP 	img6: autoDraw = True
46.1683 	EXP 	Device response: <KeyPress from None: t=46.15415383200161, value=space, duration=None>
46.1691 	EXP 	New trial (rep=0, index=3): <Trial 3 (3 in rep 0) data={'img_query': 'resources/images/medium/med_Q4.jpg', 'img_query_w': np.int64(768), 'img_query_h': np.int64(1024), 'img_query_disp_w': np.float64(0.2625), 'img_query_disp_h': np.float64(0.35), 'sam_1': 'resources/images/medium/med_S4_1/jpg', 'sam_1_w': np.int64(768), 'sam_1_h': np.int64(1024), 'sam_1_disp_w': np.float64(0.2625), 'sam_1_disp_h': np.float64(0.35), 'sam_2': 'resources/images/medium/med_S4_2.jpg', 'sam_2_w': np.int64(350), 'sam_2_h': np.int64(233), 'sam_2_disp_w': np.float64(0.35), 'sam_2_disp_h': np.float64(0.233), 'sam_3': 'resources/images/medium/med_S4_3.jpg', 'sam_3_w': np.int64(350), 'sam_3_h': np.int64(197), 'sam_3_disp_w': np.float64(0.35), 'sam_3_disp_h': np.float64(0.197), 'sam_4': 'resources/images/medium/med_S4_4.jpg', 'sam_4_w': np.int64(768), 'sam_4_h': np.int64(1024), 'sam_4_disp_w': np.float64(0.2625), 'sam_4_disp_h': np.float64(0.35), 'sam_5': 'resources/images/medium/med_S4_5.jpg', 'sam_5_w': np.int64(768), 'sam_5_h': np.int64(1024), 'sam_5_disp_w': np.float64(0.2625), 'sam_5_disp_h': np.float64(0.35), 'img_targ': 'resources/images/medium/med_T4.jpg', 'targ_w': np.int64(768), 'targ_h': np.int64(1024), 'targ_disp_w': np.float64(0.2625), 'targ_disp_h': np.float64(0.35), 'thisN': 3, 'thisTrialN': 3, 'thisRepN': 0}>
46.2093 	ERROR 	Couldn't find image resources/images/medium/med_S4_1/jpg; check path? (tried: /Users/marcogiven/Desktop/projects/S25_SURE/colorStudyPilot/resources/images/medium/med_S4_1/jpg)
46.2313 	INFO 	saved data to /Users/marcogiven/Desktop/projects/S25_SURE/colorStudyPilot/data/_pilot_study_2025-06-27_11h01.25.402.psydat
46.2321 	INFO 	saved data to '/Users/marcogiven/Desktop/projects/S25_SURE/colorStudyPilot/data/_pilot_study_2025-06-27_11h01.25.402.csv'
46.2338 	WARNING 	Stopping key buffers but this could be dangerous ifother keyboards rely on the same.
46.2339 	WARNING 	Stopping key buffers but this could be dangerous ifother keyboards rely on the same.
46.2339 	WARNING 	Stopping key buffers but this could be dangerous ifother keyboards rely on the same.
