19.0240 	WARNING 	Font Manager failed to load file /System/Library/PrivateFrameworks/FontServices.framework/Resources/Reserved/PingFangUI.ttc
19.2913 	WARNING 	Font Manager failed to load file /System/Library/PrivateFrameworks/FontServices.framework/Resources/Reserved/PingFangUI.ttc
32.8475 	INFO 	Loaded monitor calibration from ['2025_06_12 14:42']
33.0179 	INFO 	Using renderer 'Apple M1 Pro' for graphics
33.0180 	INFO 	OpenGL version supported by driver is 2..
33.0670 	EXP 	Created window1 = Window(allowGUI=True, allowStencil=False, autoLog=True, backendConf=UNKNOWN, backgroundFit=<method-wrapper '__getattribute__' of attributeSetter object at 0x15a35a500>, backgroundImage=<method-wrapper '__getattribute__' of attributeSetter object at 0x15a35a4a0>, bitsMode=UNKNOWN, blendMode='avg', bpc=(8, 8, 8), color=array([0, 0, 0]), colorSpace='rgb', depthBits=8, fullscr=False, gamma=None, gammaErrorPolicy='raise', infoMsg=UNKNOWN, lms=UNKNOWN, monitor=<psychopy.monitors.calibTools.Monitor object at 0x15a39afb0>, multiSample=False, name='window1', numSamples=2, pos=[np.float64(500.0), np.float64(284.5)], screen=0, size=array([1600, 1200]), stencilBits=0, stereo=False, title='PsychoPy', units='height', useFBO=True, useRetina=True, viewOri=0.0, viewPos=None, viewScale=None, waitBlanking=True, winType='pyglet')
33.0670 	EXP 	window1: backgroundImage = ''
33.0671 	EXP 	window1: backgroundFit = 'none'
33.0937 	DEBUG 	TextBox2 loaded 1 chars with 0 blanks and 1 valid
33.1064 	DEBUG 	TextBox2 loaded 1 chars with 0 blanks and 1 valid
33.1191 	DEBUG 	TextBox2 loaded 1 chars with 0 blanks and 1 valid
33.1320 	DEBUG 	TextBox2 loaded 1 chars with 0 blanks and 1 valid
33.1448 	DEBUG 	TextBox2 loaded 1 chars with 0 blanks and 1 valid
33.1576 	DEBUG 	TextBox2 loaded 1 chars with 0 blanks and 1 valid
33.1704 	DEBUG 	TextBox2 loaded 1 chars with 0 blanks and 1 valid
33.1827 	DEBUG 	TextBox2 loaded 1 chars with 0 blanks and 1 valid
33.1958 	DEBUG 	TextBox2 loaded 1 chars with 0 blanks and 1 valid
33.2084 	DEBUG 	TextBox2 loaded 1 chars with 0 blanks and 1 valid
33.2216 	DEBUG 	TextBox2 loaded 1 chars with 0 blanks and 1 valid
33.2346 	DEBUG 	TextBox2 loaded 1 chars with 0 blanks and 1 valid
33.2470 	DEBUG 	TextBox2 loaded 1 chars with 0 blanks and 1 valid
33.2596 	DEBUG 	TextBox2 loaded 1 chars with 0 blanks and 1 valid
33.2721 	DEBUG 	TextBox2 loaded 1 chars with 0 blanks and 1 valid
33.2849 	DEBUG 	TextBox2 loaded 1 chars with 0 blanks and 1 valid
33.2975 	DEBUG 	TextBox2 loaded 1 chars with 0 blanks and 1 valid
33.3100 	DEBUG 	TextBox2 loaded 1 chars with 0 blanks and 1 valid
33.3225 	DEBUG 	TextBox2 loaded 1 chars with 0 blanks and 1 valid
33.3352 	DEBUG 	TextBox2 loaded 1 chars with 0 blanks and 1 valid
33.3480 	DEBUG 	TextBox2 loaded 1 chars with 0 blanks and 1 valid
33.3608 	DEBUG 	TextBox2 loaded 1 chars with 0 blanks and 1 valid
33.3734 	DEBUG 	TextBox2 loaded 1 chars with 0 blanks and 1 valid
33.3862 	DEBUG 	TextBox2 loaded 1 chars with 0 blanks and 1 valid
33.3989 	DEBUG 	TextBox2 loaded 1 chars with 0 blanks and 1 valid
33.4118 	DEBUG 	TextBox2 loaded 1 chars with 0 blanks and 1 valid
33.4250 	DEBUG 	TextBox2 loaded 1 chars with 0 blanks and 1 valid
33.4375 	DEBUG 	TextBox2 loaded 1 chars with 0 blanks and 1 valid
33.4394 	DEBUG 	Uploading Texture Font fontname to graphics card
33.4440 	DEBUG 	Upload of Texture Font fontname complete
33.4627 	DEBUG 	TextBox2 loaded 1 chars with 0 blanks and 1 valid
33.4758 	DEBUG 	TextBox2 loaded 1 chars with 0 blanks and 1 valid
33.4760 	DEBUG 	Uploading Texture Font fontname to graphics card
33.4783 	DEBUG 	Upload of Texture Font fontname complete
34.3964 	INFO 	keyboard.Keyboard is using ptb backend.
34.5707 	INFO 	keyboard.Keyboard is using ptb backend.
34.5708 	EXP 	pilot_study: status = STARTED
34.6198 	EXP 	Created welcome_message = TextStim(__class__=<class 'psychopy.visual.text.TextStim'>, alignHoriz=method-wrapper(...), alignText='center', alignVert=method-wrapper(...), anchorHoriz='center', anchorVert='center', antialias=True, autoDraw=False, autoLog=True, bold=False, color=array([1., 1., 1.]), colorSpace='rgb', contrast=1.0, depth=0.0, draggable=False, flipHoriz=False, flipVert=False, font='Arial', fontFiles=[], height=np.float64(0.05), italic=False, languageStyle='LTR', name='welcome_message', opacity=1, ori=0.0, pos=array([0., 0.]), rgb=UNKNOWN, text=str(...), units='height', win=Window(...), wrapWidth=1)
34.6295 	DEBUG 	Saving data for pilot_study ExperimentHandler
34.6302 	INFO 	saved data to /Users/marcogiven/Desktop/projects/S25_SURE/colorStudyPilot/data/pilot_pilot_study_2025-06-26_13h54.24.134.psydat
34.6304 	INFO 	saved data to '/Users/marcogiven/Desktop/projects/S25_SURE/colorStudyPilot/data/pilot_pilot_study_2025-06-26_13h54.24.134.csv'
34.6340 	WARNING 	Stopping key buffers but this could be dangerous ifother keyboards rely on the same.
34.6340 	WARNING 	Stopping key buffers but this could be dangerous ifother keyboards rely on the same.
