17.5088 	WARNING 	Font Manager failed to load file /System/Library/PrivateFrameworks/FontServices.framework/Resources/Reserved/PingFangUI.ttc
17.7483 	WARNING 	Font Manager failed to load file /System/Library/PrivateFrameworks/FontServices.framework/Resources/Reserved/PingFangUI.ttc
28.4971 	INFO 	Loaded monitor calibration from ['2025_06_12 14:42']
28.6340 	INFO 	Using renderer 'Apple M1 Pro' for graphics
28.6340 	INFO 	OpenGL version supported by driver is 2..
28.6672 	EXP 	Created window1 = Window(allowGUI=True, allowStencil=False, autoLog=True, backendConf=UNKNOWN, backgroundFit=<method-wrapper '__getattribute__' of attributeSetter object at 0x15a79a500>, backgroundImage=<method-wrapper '__getattribute__' of attributeSetter object at 0x15a79a4a0>, bitsMode=UNKNOWN, blendMode='avg', bpc=(8, 8, 8), color=array([0, 0, 0]), colorSpace='rgb', depthBits=8, fullscr=False, gamma=None, gammaErrorPolicy='raise', infoMsg=UNKNOWN, lms=UNKNOWN, monitor=<psychopy.monitors.calibTools.Monitor object at 0x15a7d2fb0>, multiSample=False, name='window1', numSamples=2, pos=[np.float64(500.0), np.float64(284.5)], screen=0, size=array([1600, 1200]), stencilBits=0, stereo=False, title='PsychoPy', units='height', useFBO=True, useRetina=True, viewOri=0.0, viewPos=None, viewScale=None, waitBlanking=True, winType='pyglet')
28.6672 	EXP 	window1: backgroundImage = ''
28.6672 	EXP 	window1: backgroundFit = 'none'
28.6890 	DEBUG 	TextBox2 loaded 1 chars with 0 blanks and 1 valid
28.7016 	DEBUG 	TextBox2 loaded 1 chars with 0 blanks and 1 valid
28.7142 	DEBUG 	TextBox2 loaded 1 chars with 0 blanks and 1 valid
28.7270 	DEBUG 	TextBox2 loaded 1 chars with 0 blanks and 1 valid
28.7397 	DEBUG 	TextBox2 loaded 1 chars with 0 blanks and 1 valid
28.7524 	DEBUG 	TextBox2 loaded 1 chars with 0 blanks and 1 valid
28.7651 	DEBUG 	TextBox2 loaded 1 chars with 0 blanks and 1 valid
28.7774 	DEBUG 	TextBox2 loaded 1 chars with 0 blanks and 1 valid
28.7895 	DEBUG 	TextBox2 loaded 1 chars with 0 blanks and 1 valid
28.8025 	DEBUG 	TextBox2 loaded 1 chars with 0 blanks and 1 valid
28.8153 	DEBUG 	TextBox2 loaded 1 chars with 0 blanks and 1 valid
28.8280 	DEBUG 	TextBox2 loaded 1 chars with 0 blanks and 1 valid
28.8403 	DEBUG 	TextBox2 loaded 1 chars with 0 blanks and 1 valid
28.8527 	DEBUG 	TextBox2 loaded 1 chars with 0 blanks and 1 valid
28.8651 	DEBUG 	TextBox2 loaded 1 chars with 0 blanks and 1 valid
28.8778 	DEBUG 	TextBox2 loaded 1 chars with 0 blanks and 1 valid
28.8904 	DEBUG 	TextBox2 loaded 1 chars with 0 blanks and 1 valid
28.9030 	DEBUG 	TextBox2 loaded 1 chars with 0 blanks and 1 valid
28.9160 	DEBUG 	TextBox2 loaded 1 chars with 0 blanks and 1 valid
28.9288 	DEBUG 	TextBox2 loaded 1 chars with 0 blanks and 1 valid
28.9419 	DEBUG 	TextBox2 loaded 1 chars with 0 blanks and 1 valid
28.9551 	DEBUG 	TextBox2 loaded 1 chars with 0 blanks and 1 valid
28.9682 	DEBUG 	TextBox2 loaded 1 chars with 0 blanks and 1 valid
28.9814 	DEBUG 	TextBox2 loaded 1 chars with 0 blanks and 1 valid
28.9943 	DEBUG 	TextBox2 loaded 1 chars with 0 blanks and 1 valid
29.0071 	DEBUG 	TextBox2 loaded 1 chars with 0 blanks and 1 valid
29.0202 	DEBUG 	TextBox2 loaded 1 chars with 0 blanks and 1 valid
29.0325 	DEBUG 	TextBox2 loaded 1 chars with 0 blanks and 1 valid
29.0329 	DEBUG 	Uploading Texture Font fontname to graphics card
29.0370 	DEBUG 	Upload of Texture Font fontname complete
29.0549 	DEBUG 	TextBox2 loaded 1 chars with 0 blanks and 1 valid
29.0677 	DEBUG 	TextBox2 loaded 1 chars with 0 blanks and 1 valid
29.0678 	DEBUG 	Uploading Texture Font fontname to graphics card
29.0699 	DEBUG 	Upload of Texture Font fontname complete
29.8201 	INFO 	keyboard.Keyboard is using ptb backend.
29.9872 	INFO 	keyboard.Keyboard is using ptb backend.
29.9873 	EXP 	pilot_study: status = STARTED
30.0306 	EXP 	Created welcome_message = TextStim(__class__=<class 'psychopy.visual.text.TextStim'>, alignHoriz=method-wrapper(...), alignText='center', alignVert=method-wrapper(...), anchorHoriz='center', anchorVert='center', antialias=True, autoDraw=False, autoLog=True, bold=False, color=array([1., 1., 1.]), colorSpace='rgb', contrast=1.0, depth=0.0, draggable=False, flipHoriz=False, flipVert=False, font='Arial', fontFiles=[], height=np.float64(0.05), italic=False, languageStyle='LTR', name='welcome_message', opacity=1, ori=0.0, pos=array([0., 0.]), rgb=UNKNOWN, text=str(...), units='height', win=Window(...), wrapWidth=1)
30.0390 	DEBUG 	Saving data for pilot_study ExperimentHandler
30.0393 	INFO 	saved data to /Users/marcogiven/Desktop/projects/S25_SURE/colorStudyPilot/data/pilot_pilot_study_2025-06-26_14h01.11.827.psydat
30.0394 	INFO 	saved data to '/Users/marcogiven/Desktop/projects/S25_SURE/colorStudyPilot/data/pilot_pilot_study_2025-06-26_14h01.11.827.csv'
30.0415 	WARNING 	Stopping key buffers but this could be dangerous ifother keyboards rely on the same.
30.0416 	WARNING 	Stopping key buffers but this could be dangerous ifother keyboards rely on the same.
