17.2531 	WARNING 	Font Manager failed to load file /System/Library/PrivateFrameworks/FontServices.framework/Resources/Reserved/PingFangUI.ttc
17.3671 	WARNING 	Font Manager failed to load file /System/Library/PrivateFrameworks/FontServices.framework/Resources/Reserved/PingFangUI.ttc
19.2205 	INFO 	Loaded monitor calibration from ['2025_06_12 14:42']
19.3627 	INFO 	Using renderer 'Apple M1 Pro' for graphics
19.3627 	INFO 	OpenGL version supported by driver is 2..
19.3966 	EXP 	Created window1 = Window(allowGUI=True, allowStencil=False, autoLog=True, backendConf=UNKNOWN, backgroundFit=<method-wrapper '__getattribute__' of attributeSetter object at 0x15b7768f0>, backgroundImage=<method-wrapper '__getattribute__' of attributeSetter object at 0x15b776950>, bitsMode=UNKNOWN, blendMode='avg', bpc=(8, 8, 8), color=array([0, 0, 0]), colorSpace='rgb', depthBits=8, fullscr=False, gamma=None, gammaErrorPolicy='raise', infoMsg=UNKNOWN, lms=UNKNOWN, monitor=<psychopy.monitors.calibTools.Monitor object at 0x159e49de0>, multiSample=False, name='window1', numSamples=2, pos=[np.float64(500.0), np.float64(284.5)], screen=0, size=array([1600, 1200]), stencilBits=0, stereo=False, title='PsychoPy', units='height', useFBO=True, useRetina=True, viewOri=0.0, viewPos=None, viewScale=None, waitBlanking=True, winType='pyglet')
19.3966 	EXP 	window1: backgroundImage = ''
19.3966 	EXP 	window1: backgroundFit = 'none'
19.4187 	DEBUG 	TextBox2 loaded 1 chars with 0 blanks and 1 valid
19.4314 	DEBUG 	TextBox2 loaded 1 chars with 0 blanks and 1 valid
19.4440 	DEBUG 	TextBox2 loaded 1 chars with 0 blanks and 1 valid
19.4568 	DEBUG 	TextBox2 loaded 1 chars with 0 blanks and 1 valid
19.4695 	DEBUG 	TextBox2 loaded 1 chars with 0 blanks and 1 valid
19.4823 	DEBUG 	TextBox2 loaded 1 chars with 0 blanks and 1 valid
19.4950 	DEBUG 	TextBox2 loaded 1 chars with 0 blanks and 1 valid
19.5073 	DEBUG 	TextBox2 loaded 1 chars with 0 blanks and 1 valid
19.5193 	DEBUG 	TextBox2 loaded 1 chars with 0 blanks and 1 valid
19.5314 	DEBUG 	TextBox2 loaded 1 chars with 0 blanks and 1 valid
19.5441 	DEBUG 	TextBox2 loaded 1 chars with 0 blanks and 1 valid
19.5567 	DEBUG 	TextBox2 loaded 1 chars with 0 blanks and 1 valid
19.5689 	DEBUG 	TextBox2 loaded 1 chars with 0 blanks and 1 valid
19.5814 	DEBUG 	TextBox2 loaded 1 chars with 0 blanks and 1 valid
19.5938 	DEBUG 	TextBox2 loaded 1 chars with 0 blanks and 1 valid
19.6065 	DEBUG 	TextBox2 loaded 1 chars with 0 blanks and 1 valid
19.6190 	DEBUG 	TextBox2 loaded 1 chars with 0 blanks and 1 valid
19.6314 	DEBUG 	TextBox2 loaded 1 chars with 0 blanks and 1 valid
19.6438 	DEBUG 	TextBox2 loaded 1 chars with 0 blanks and 1 valid
19.6563 	DEBUG 	TextBox2 loaded 1 chars with 0 blanks and 1 valid
19.6690 	DEBUG 	TextBox2 loaded 1 chars with 0 blanks and 1 valid
19.6816 	DEBUG 	TextBox2 loaded 1 chars with 0 blanks and 1 valid
19.6941 	DEBUG 	TextBox2 loaded 1 chars with 0 blanks and 1 valid
19.7068 	DEBUG 	TextBox2 loaded 1 chars with 0 blanks and 1 valid
19.7193 	DEBUG 	TextBox2 loaded 1 chars with 0 blanks and 1 valid
19.7318 	DEBUG 	TextBox2 loaded 1 chars with 0 blanks and 1 valid
19.7445 	DEBUG 	TextBox2 loaded 1 chars with 0 blanks and 1 valid
19.7567 	DEBUG 	TextBox2 loaded 1 chars with 0 blanks and 1 valid
19.7570 	DEBUG 	Uploading Texture Font fontname to graphics card
19.7614 	DEBUG 	Upload of Texture Font fontname complete
19.7792 	DEBUG 	TextBox2 loaded 1 chars with 0 blanks and 1 valid
19.7924 	DEBUG 	TextBox2 loaded 1 chars with 0 blanks and 1 valid
19.7925 	DEBUG 	Uploading Texture Font fontname to graphics card
19.7950 	DEBUG 	Upload of Texture Font fontname complete
20.4732 	INFO 	keyboard.Keyboard is using ptb backend.
20.4732 	EXP 	pilot_study: status = STARTED
20.4802 	EXP 	Created fixation_4afc = ShapeStim(__class__=<class 'psychopy.visual.shape.ShapeStim'>, anchor=('center', 'center'), autoDraw=False, autoLog=True, closeShape=True, color=method-wrapper(...), colorSpace='rgb', contrast=None, depth=0.0, draggable=False, fillColor=array([1, 1, 1]), fillColorSpace='rgb', fillRGB=array([1, 1, 1]), interpolate=True, lineColor=array([1., 1., 1.]), lineColorSpace='rgb', lineRGB=array([1, 1, 1]), lineWidth=1.0, name='fixation_4afc', opacity=1, ori=0.0, pos=array([0., 0.]), size=array([0.05, 0.05]), units='height', vertices=ndarray(...), win=Window(...), windingRule=None)
20.5077 	EXP 	Created top_left_img = ImageStim(__class__=<class 'psychopy.visual.image.ImageStim'>, anchor=('center', 'center'), autoLog=True, color=array([1., 1., 1.]), colorSpace='rgb', contrast=1.0, depth=-1.0, draggable=False, flipHoriz=np.False_, flipVert=np.False_, image='default.png', interpolate=True, mask=None, maskParams=None, name='top_left_img', opacity=1, ori=0.0, pos=array([-0.3 ,  0.25]), size=array([0.42666667, 0.42666667]), texRes=128.0, units='height', win=Window(...))
20.5162 	DEBUG 	Saving data for pilot_study ExperimentHandler
20.5165 	INFO 	saved data to /Users/marcogiven/Desktop/projects/S25_SURE/colorStudyPilot/data/pilot_pilot_study_2025-06-24_14h48.36.637.psydat
20.5167 	INFO 	saved data to '/Users/marcogiven/Desktop/projects/S25_SURE/colorStudyPilot/data/pilot_pilot_study_2025-06-24_14h48.36.637.csv'
20.5189 	WARNING 	Stopping key buffers but this could be dangerous ifother keyboards rely on the same.
